DUA-Forensics args to Soot: -w -cp /home/handrick/Documents/TU_Darmstadt/benchmark/libs/droidfax.jar:/home/handrick/Android/Sdk/platforms/android-19/android.jar -p cg verbose:false,implicit-entry:true -p cg.spark verbose:false,on-fly-cg:true,rta:false -d /home/handrick/Documents/TU_Darmstadt/benchmark/trace/180/2/droidbot/benign-app-6102-86CCA8CE709BEA710324CF8854CB19E7478B664837EA1CFC1965C9DB305F4852.apk.logcat -process-dir /home/handrick/Documents/TU_Darmstadt/benchmark/data/input/benign-app-6102-86CCA8CE709BEA710324CF8854CB19E7478B664837EA1CFC1965C9DB305F4852.apk 
Soot started on Sun Apr 23 02:42:53 CEST 2023
Warning: com.ironsource.mobilcore.BaseFlowBasedAdUnit is a phantom class!
Warning: java.lang.invoke.LambdaMetafactory is a phantom class!
Warning: java.lang.ref.Finalizer is a phantom class!
Warning: com.google.ads.AdRequest is a phantom class!
Warning: com.google.ads.AdSize is a phantom class!
Warning: com.google.ads.AdView is a phantom class!
Warning: com.google.api.client.escape.PercentEscaper is a phantom class!
[Call Graph] For information on where the call graph may be incomplete, use the verbose option to the cg phase.
[Spark] Pointer Assignment Graph in 0.1 seconds.
[Spark] Type masks in 0.0 seconds.
[Spark] Pointer Graph simplified in 0.0 seconds.
[Spark] Propagation in 0.0 seconds.
[Spark] Solution found in 0.0 seconds.
hcai's internal transform
Running static analysis for method/class coverage characterization
0 ICC links found and 0 cg edges added due to ICC links
dynamic conflated call graph: 113 methods; 113 nodes; 128 edges.
feature-vector-key = benign-app-6102-86CCA8CE709BEA710324CF8854CB19E7478B664837EA1CFC1965C9DB305F4852.apk
Result for benign-app-6102-86CCA8CE709BEA710324CF8854CB19E7478B664837EA1CFC1965C9DB305F4852.apkcom.easyGame.Rockbymsr