DUA-Forensics args to Soot: -w -cp /home/handrick/Documents/TU_Darmstadt/benchmark/libs/droidfax.jar:/home/handrick/Android/Sdk/platforms/android-19/android.jar -p cg verbose:false,implicit-entry:true -p cg.spark verbose:false,on-fly-cg:true,rta:false -d /home/handrick/Documents/TU_Darmstadt/benchmark/trace/180/2/droidbot/malicious-app-6221-A871E0151673094EBA17822B8E90A84D11B23EF891DF86C55401E55E0473947D.apk.logcat -process-dir /home/handrick/Documents/TU_Darmstadt/benchmark/data/input/malicious-app-6221-A871E0151673094EBA17822B8E90A84D11B23EF891DF86C55401E55E0473947D.apk 
Soot started on Tue Apr 25 20:12:38 CEST 2023
Warning: com.ironsource.mobilcore.BaseFlowBasedAdUnit is a phantom class!
Warning: java.lang.invoke.LambdaMetafactory is a phantom class!
Warning: java.lang.ref.Finalizer is a phantom class!
Warning: com.google.ads.Ad is a phantom class!
Warning: com.google.ads.AdRequest$ErrorCode is a phantom class!
Warning: com.google.ads.InterstitialAd is a phantom class!
[Call Graph] For information on where the call graph may be incomplete, use the verbose option to the cg phase.
[Spark] Pointer Assignment Graph in 0.0 seconds.
[Spark] Type masks in 0.0 seconds.
[Spark] Pointer Graph simplified in 0.0 seconds.
[Spark] Propagation in 0.0 seconds.
[Spark] Solution found in 0.0 seconds.
hcai's internal transform
Running static analysis for method/class coverage characterization
0 ICC links found and 0 cg edges added due to ICC links
dynamic conflated call graph: 219 methods; 219 nodes; 315 edges.
feature-vector-key = malicious-app-6221-A871E0151673094EBA17822B8E90A84D11B23EF891DF86C55401E55E0473947D.apk
Result for malicious-app-6221-A871E0151673094EBA17822B8E90A84D11B23EF891DF86C55401E55E0473947D.apkcom.tuhao.Zombiesmedd