DUA-Forensics args to Soot: -w -cp /home/handrick/Documents/TU_Darmstadt/benchmark/libs/droidfax.jar:/home/handrick/Android/Sdk/platforms/android-19/android.jar -p cg verbose:false,implicit-entry:true -p cg.spark verbose:false,on-fly-cg:true,rta:false -d /home/handrick/Documents/TU_Darmstadt/benchmark/trace/180/2/droidbot/malicious-app-6087-B1064F7DB80649227E46AEA1B4290075F425DA3BD39258C895375788021C6C9F.apk.logcat -process-dir /home/handrick/Documents/TU_Darmstadt/benchmark/data/input/malicious-app-6087-B1064F7DB80649227E46AEA1B4290075F425DA3BD39258C895375788021C6C9F.apk 
Soot started on Sat Apr 22 17:02:22 CEST 2023
Warning: com.ironsource.mobilcore.BaseFlowBasedAdUnit is a phantom class!
Warning: java.lang.invoke.LambdaMetafactory is a phantom class!
Warning: java.lang.ref.Finalizer is a phantom class!
[Call Graph] For information on where the call graph may be incomplete, use the verbose option to the cg phase.
[Spark] Pointer Assignment Graph in 0.1 seconds.
[Spark] Type masks in 0.0 seconds.
[Spark] Pointer Graph simplified in 0.0 seconds.
[Spark] Propagation in 0.0 seconds.
[Spark] Solution found in 0.0 seconds.
hcai's internal transform
Running static analysis for security-relevant feature characterization
[GatorHierarchy] [32mVERBOSE[0m [HIER] All classes: 1752
[GatorHierarchy] [32mVERBOSE[0m [App: 734, Lib : 1015, Phantom: 3]
[GatorHierarchy] [32mVERBOSE[0m [HIER] Activities: 12, lib activities: 1
[GatorHierarchy] [32mVERBOSE[0m [HIER] App views: 5, Lib views: 15
[GatorHierarchy] [32mVERBOSE[0m [HIER] App Dialogs: 0, Lib Dialogs: 2
[TIMECOST] [32mVERBOSE[0m buildApplicationCodeMap parsing starting at 1682175744358
[TIMECOST] [32mVERBOSE[0m buildApplicationCodeMap parsing finished at 1682175756249
[Instantiated app classes] [32mVERBOSE[0m total number: 546
[WARNING] [32mVERBOSE[0m Callback method :onWindowFocusChanged in Class org.andengine.ui.activity.BaseGameActivity added
[WARNING] [32mVERBOSE[0m Callback method :onPause in Class org.andengine.ui.activity.BaseGameActivity added
[WARNING] [32mVERBOSE[0m Callback method :onCreate in Class org.andengine.ui.activity.BaseGameActivity added
[WARNING] [32mVERBOSE[0m Callback method :onDestroy in Class org.andengine.ui.activity.BaseGameActivity added
[WARNING] [32mVERBOSE[0m Callback method :onResume in Class org.andengine.ui.activity.BaseGameActivity added
[WARNING] [32mVERBOSE[0m Callback method :onBind in Class com.umeng.common.net.DownloadingService added
[WARNING] [32mVERBOSE[0m Callback method :onDestroy in Class com.umeng.common.net.DownloadingService added
[WARNING] [32mVERBOSE[0m Callback method :onCreate in Class com.umeng.common.net.DownloadingService added
[WARNING] [32mVERBOSE[0m Callback method :onStart in Class com.umeng.common.net.DownloadingService added
[WARNING] [32mVERBOSE[0m Callback method :onWindowFocusChanged in Class org.andengine.ui.activity.BaseGameActivity added
[WARNING] [32mVERBOSE[0m Callback method :onPause in Class org.andengine.ui.activity.BaseGameActivity added
[WARNING] [32mVERBOSE[0m Callback method :onCreate in Class org.andengine.ui.activity.BaseGameActivity added
[WARNING] [32mVERBOSE[0m Callback method :onDestroy in Class org.andengine.ui.activity.BaseGameActivity added
[WARNING] [32mVERBOSE[0m Callback method :onResume in Class org.andengine.ui.activity.BaseGameActivity added
[WARNING] [32mVERBOSE[0m Callback method :onKeyDown in Class com.axl.runsantarun.v1.MainActivity added
[WARNING] [32mVERBOSE[0m Callback method :onWindowFocusChanged in Class com.axl.runsantarun.v1.MainActivity added
[WARNING] [32mVERBOSE[0m Callback method :onPause in Class com.axl.runsantarun.v1.MainActivity added
[WARNING] [32mVERBOSE[0m Callback method :onStop in Class com.axl.runsantarun.v1.MainActivity added
[WARNING] [32mVERBOSE[0m Callback method :onCreate in Class com.axl.runsantarun.v1.MainActivity added
[WARNING] [32mVERBOSE[0m Callback method :onDestroy in Class com.axl.runsantarun.v1.MainActivity added
[WARNING] [32mVERBOSE[0m Callback method :onStart in Class com.axl.runsantarun.v1.MainActivity added
[WARNING] [32mVERBOSE[0m Callback method :onResume in Class com.axl.runsantarun.v1.MainActivity added
[WARNING] [32mVERBOSE[0m Callback method :onCreate in Class com.ccx.xm.AdActivity added
[WARNING] [32mVERBOSE[0m Callback method :onKeyDown in Class android.support.v4.app.FragmentActivity added
[WARNING] [32mVERBOSE[0m Callback method :onPanelClosed in Class android.support.v4.app.FragmentActivity added
[WARNING] [32mVERBOSE[0m Callback method :onConfigurationChanged in Class android.support.v4.app.FragmentActivity added
[WARNING] [32mVERBOSE[0m Callback method :onMenuItemSelected in Class android.support.v4.app.FragmentActivity added
[WARNING] [32mVERBOSE[0m Callback method :onBackPressed in Class android.support.v4.app.FragmentActivity added
[WARNING] [32mVERBOSE[0m Callback method :onRetainNonConfigurationInstance in Class android.support.v4.app.FragmentActivity added
[WARNING] [32mVERBOSE[0m Callback method :onPause in Class android.support.v4.app.FragmentActivity added
[WARNING] [32mVERBOSE[0m Callback method :onStop in Class android.support.v4.app.FragmentActivity added
[WARNING] [32mVERBOSE[0m Callback method :onCreatePanelMenu in Class android.support.v4.app.FragmentActivity added
[WARNING] [32mVERBOSE[0m Callback method :dump in Class android.support.v4.app.FragmentActivity added
[WARNING] [32mVERBOSE[0m Callback method :onCreate in Class android.support.v4.app.FragmentActivity added
[WARNING] [32mVERBOSE[0m Callback method :onCreateView in Class android.support.v4.app.FragmentActivity added
[WARNING] [32mVERBOSE[0m Callback method :onPreparePanel in Class android.support.v4.app.FragmentActivity added
[WARNING] [32mVERBOSE[0m Callback method :onDestroy in Class android.support.v4.app.FragmentActivity added
[WARNING] [32mVERBOSE[0m Callback method :onStart in Class android.support.v4.app.FragmentActivity added
[WARNING] [32mVERBOSE[0m Callback method :onSaveInstanceState in Class android.support.v4.app.FragmentActivity added
[WARNING] [32mVERBOSE[0m Callback method :startActivityForResult in Class android.support.v4.app.FragmentActivity added
[WARNING] [32mVERBOSE[0m Callback method :onActivityResult in Class android.support.v4.app.FragmentActivity added
[WARNING] [32mVERBOSE[0m Callback method :onPostResume in Class android.support.v4.app.FragmentActivity added
[WARNING] [32mVERBOSE[0m Callback method :onResume in Class android.support.v4.app.FragmentActivity added
[WARNING] [32mVERBOSE[0m Callback method :onLowMemory in Class android.support.v4.app.FragmentActivity added
[WARNING] [32mVERBOSE[0m Callback method :onMeasure in Class android.support.v4.view.PagerTitleStrip added
[WARNING] [32mVERBOSE[0m Callback method :requestLayout in Class android.support.v4.view.PagerTitleStrip added
[WARNING] [32mVERBOSE[0m Callback method :onLayout in Class android.support.v4.view.PagerTitleStrip added
[WARNING] [32mVERBOSE[0m Callback method :setBackgroundColor in Class android.support.v4.view.PagerTabStrip added
[WARNING] [32mVERBOSE[0m Callback method :onTouchEvent in Class android.support.v4.view.PagerTabStrip added
[WARNING] [32mVERBOSE[0m Callback method :onDetachedFromWindow in Class android.support.v4.view.PagerTitleStrip added
[WARNING] [32mVERBOSE[0m Callback method :onAttachedToWindow in Class android.support.v4.view.PagerTitleStrip added
[WARNING] [32mVERBOSE[0m Callback method :setBackgroundResource in Class android.support.v4.view.PagerTabStrip added
[WARNING] [32mVERBOSE[0m Callback method :setPadding in Class android.support.v4.view.PagerTabStrip added
[WARNING] [32mVERBOSE[0m Callback method :onDraw in Class android.support.v4.view.PagerTabStrip added
[WARNING] [32mVERBOSE[0m Callback method :setBackgroundDrawable in Class android.support.v4.view.PagerTabStrip added
[WARNING] [32mVERBOSE[0m Callback method :onWindowFocusChanged in Class org.andengine.ui.activity.BaseGameActivity added
[WARNING] [32mVERBOSE[0m Callback method :onPause in Class org.andengine.ui.activity.BaseGameActivity added
[WARNING] [32mVERBOSE[0m Callback method :onCreate in Class org.andengine.ui.activity.BaseGameActivity added
[WARNING] [32mVERBOSE[0m Callback method :onDestroy in Class org.andengine.ui.activity.BaseGameActivity added
[WARNING] [32mVERBOSE[0m Callback method :onResume in Class org.andengine.ui.activity.BaseGameActivity added
[WARNING] [32mVERBOSE[0m Callback method :onWindowFocusChanged in Class org.andengine.ui.activity.BaseGameActivity added
[WARNING] [32mVERBOSE[0m Callback method :onPause in Class org.andengine.ui.activity.BaseGameActivity added
[WARNING] [32mVERBOSE[0m Callback method :onCreate in Class org.andengine.ui.activity.BaseGameActivity added
[WARNING] [32mVERBOSE[0m Callback method :onDestroy in Class org.andengine.ui.activity.BaseGameActivity added
[WARNING] [32mVERBOSE[0m Callback method :onResume in Class org.andengine.ui.activity.BaseGameActivity added
[WARNING] [32mVERBOSE[0m Callback method :onLowMemory in Class android.support.v4.app.Fragment added
[WARNING] [32mVERBOSE[0m Callback method :onCreateContextMenu in Class android.support.v4.app.Fragment added
[WARNING] [32mVERBOSE[0m Callback method :onConfigurationChanged in Class android.support.v4.app.Fragment added
[WARNING] [32mVERBOSE[0m Callback method :onWindowFocusChanged in Class org.andengine.ui.activity.BaseGameActivity added
[WARNING] [32mVERBOSE[0m Callback method :onPause in Class org.andengine.ui.activity.BaseGameActivity added
[WARNING] [32mVERBOSE[0m Callback method :onCreate in Class org.andengine.ui.activity.BaseGameActivity added
[WARNING] [32mVERBOSE[0m Callback method :onDestroy in Class org.andengine.ui.activity.BaseGameActivity added
[WARNING] [32mVERBOSE[0m Callback method :onResume in Class org.andengine.ui.activity.BaseGameActivity added
[WARNING] [32mVERBOSE[0m Callback method :onTransact in Class com.google.android.gms.analytics.internal.c added
[WARNING] [32mVERBOSE[0m Callback method :onReceive in Class com.google.analytics.tracking.android.CampaignTrackingReceiver added
[WARNING] [32mVERBOSE[0m Callback method :onLowMemory in Class android.support.v4.app.Fragment added
[WARNING] [32mVERBOSE[0m Callback method :onCreateContextMenu in Class android.support.v4.app.Fragment added
[WARNING] [32mVERBOSE[0m Callback method :onCancel in Class android.support.v4.app.DialogFragment added
[WARNING] [32mVERBOSE[0m Callback method :onDismiss in Class android.support.v4.app.DialogFragment added
[WARNING] [32mVERBOSE[0m Callback method :onConfigurationChanged in Class android.support.v4.app.Fragment added
[WARNING] [32mVERBOSE[0m Callback method :onReceive in Class com.games.AdReciver added
[WARNING] [32mVERBOSE[0m Callback method :onWindowFocusChanged in Class org.andengine.ui.activity.BaseGameActivity added
[WARNING] [32mVERBOSE[0m Callback method :onPause in Class org.andengine.ui.activity.BaseGameActivity added
[WARNING] [32mVERBOSE[0m Callback method :onCreate in Class org.andengine.ui.activity.BaseGameActivity added
[WARNING] [32mVERBOSE[0m Callback method :onDestroy in Class org.andengine.ui.activity.BaseGameActivity added
[WARNING] [32mVERBOSE[0m Callback method :onResume in Class org.andengine.ui.activity.BaseGameActivity added
[WARNING] [32mVERBOSE[0m Callback method :onWindowFocusChanged in Class org.andengine.ui.activity.BaseGameActivity added
[WARNING] [32mVERBOSE[0m Callback method :onPause in Class org.andengine.ui.activity.BaseGameActivity added
[WARNING] [32mVERBOSE[0m Callback method :onCreate in Class org.andengine.ui.activity.BaseGameActivity added
[WARNING] [32mVERBOSE[0m Callback method :onDestroy in Class org.andengine.ui.activity.BaseGameActivity added
[WARNING] [32mVERBOSE[0m Callback method :onResume in Class org.andengine.ui.activity.BaseGameActivity added
[WARNING] [32mVERBOSE[0m Callback method :generateLayoutParams in Class android.support.v4.view.ViewPager added
[WARNING] [32mVERBOSE[0m Callback method :draw in Class android.support.v4.view.ViewPager added
[WARNING] [32mVERBOSE[0m Callback method :onRestoreInstanceState in Class android.support.v4.view.ViewPager added
[WARNING] [32mVERBOSE[0m Callback method :onRequestFocusInDescendants in Class android.support.v4.view.ViewPager added
[WARNING] [32mVERBOSE[0m Callback method :generateDefaultLayoutParams in Class android.support.v4.view.ViewPager added
[WARNING] [32mVERBOSE[0m Callback method :onMeasure in Class android.support.v4.view.ViewPager added
[WARNING] [32mVERBOSE[0m Callback method :addView in Class android.support.v4.view.ViewPager added
[WARNING] [32mVERBOSE[0m Callback method :onSaveInstanceState in Class android.support.v4.view.ViewPager added
[WARNING] [32mVERBOSE[0m Callback method :onLayout in Class android.support.v4.view.ViewPager added
[WARNING] [32mVERBOSE[0m Callback method :onTouchEvent in Class android.support.v4.view.ViewPager added
[WARNING] [32mVERBOSE[0m Callback method :addTouchables in Class android.support.v4.view.ViewPager added
[WARNING] [32mVERBOSE[0m Callback method :computeScroll in Class android.support.v4.view.ViewPager added
[WARNING] [32mVERBOSE[0m Callback method :onAttachedToWindow in Class android.support.v4.view.ViewPager added
[WARNING] [32mVERBOSE[0m Callback method :onInterceptTouchEvent in Class android.support.v4.view.ViewPager added
[WARNING] [32mVERBOSE[0m Callback method :verifyDrawable in Class android.support.v4.view.ViewPager added
[WARNING] [32mVERBOSE[0m Callback method :dispatchPopulateAccessibilityEvent in Class android.support.v4.view.ViewPager added
[WARNING] [32mVERBOSE[0m Callback method :onSizeChanged in Class android.support.v4.view.ViewPager added
[WARNING] [32mVERBOSE[0m Callback method :dispatchKeyEvent in Class android.support.v4.view.ViewPager added
[WARNING] [32mVERBOSE[0m Callback method :addFocusables in Class android.support.v4.view.ViewPager added
[WARNING] [32mVERBOSE[0m Callback method :onDraw in Class android.support.v4.view.ViewPager added
[WARNING] [32mVERBOSE[0m Callback method :generateLayoutParams in Class android.support.v4.view.ViewPager added
[WARNING] [32mVERBOSE[0m Callback method :drawableStateChanged in Class android.support.v4.view.ViewPager added
[WARNING] [32mVERBOSE[0m Callback method :checkLayoutParams in Class android.support.v4.view.ViewPager added
[WARNING] [32mVERBOSE[0m Callback method :onWindowFocusChanged in Class org.andengine.ui.activity.BaseGameActivity added
[WARNING] [32mVERBOSE[0m Callback method :onPause in Class org.andengine.ui.activity.BaseGameActivity added
[WARNING] [32mVERBOSE[0m Callback method :onCreate in Class org.andengine.ui.activity.BaseGameActivity added
[WARNING] [32mVERBOSE[0m Callback method :onDestroy in Class org.andengine.ui.activity.BaseGameActivity added
[WARNING] [32mVERBOSE[0m Callback method :onResume in Class org.andengine.ui.activity.BaseGameActivity added
[WARNING] [32mVERBOSE[0m Callback method :onHandleIntent in Class com.google.analytics.tracking.android.CampaignTrackingService added
[WARNING] [32mVERBOSE[0m Callback method :onLowMemory in Class android.support.v4.app.Fragment added
[WARNING] [32mVERBOSE[0m Callback method :onCreateContextMenu in Class android.support.v4.app.Fragment added
[WARNING] [32mVERBOSE[0m Callback method :onConfigurationChanged in Class android.support.v4.app.Fragment added
[WARNING] [32mVERBOSE[0m Callback method :onMeasure in Class android.support.v4.view.PagerTitleStrip added
[WARNING] [32mVERBOSE[0m Callback method :requestLayout in Class android.support.v4.view.PagerTitleStrip added
[WARNING] [32mVERBOSE[0m Callback method :onLayout in Class android.support.v4.view.PagerTitleStrip added
[WARNING] [32mVERBOSE[0m Callback method :onDetachedFromWindow in Class android.support.v4.view.PagerTitleStrip added
[WARNING] [32mVERBOSE[0m Callback method :onAttachedToWindow in Class android.support.v4.view.PagerTitleStrip added
0 ICC links found and 0 cg edges added due to ICC links
dynamic conflated call graph: 1400 methods; 1400 nodes; 2158 edges.
maxpossibleFlows=1
maxpossibleFlows=1
maxpossibleFlows=16
16 taint flow paths FOUND from <android.content.ContextWrapper: android.content.res.AssetManager getAssets()> to <android.content.res.AssetManager: android.content.res.AssetFileDescriptor openFd(java.lang.String)>
maxpossibleFlows=5
1 taint flow paths FOUND from <android.content.ContextWrapper: android.content.SharedPreferences getSharedPreferences(java.lang.String,int)> to <android.widget.TextView: void setText(java.lang.CharSequence)>
maxpossibleFlows=1
1 taint flow paths FOUND from <android.view.ContextThemeWrapper: android.content.res.Resources getResources()> to <android.app.Activity: void setContentView(android.view.View)>
maxpossibleFlows=8
maxpossibleFlows=8
maxpossibleFlows=7
maxpossibleFlows=8
maxpossibleFlows=56
56 taint flow paths FOUND from <java.lang.StackTraceElement: java.lang.String getClassName()> to <java.lang.String: boolean startsWith(java.lang.String)>
maxpossibleFlows=13
maxpossibleFlows=85
85 taint flow paths FOUND from <java.util.ArrayList: java.lang.Object get(int)> to <java.util.AbstractList: java.lang.Object set(int,java.lang.Object)>
maxpossibleFlows=8
maxpossibleFlows=8
maxpossibleFlows=7
maxpossibleFlows=1
maxpossibleFlows=1
maxpossibleFlows=1
maxpossibleFlows=1
maxpossibleFlows=1
maxpossibleFlows=1
maxpossibleFlows=1
maxpossibleFlows=1
maxpossibleFlows=1
1 taint flow paths FOUND from <java.lang.String: byte[] getBytes()> to <java.io.OutputStream: void write(byte[])>
maxpossibleFlows=1
1 taint flow paths FOUND from <android.view.LayoutInflater: android.view.View inflate(int,android.view.ViewGroup,boolean)> to <android.app.Activity: void setContentView(android.view.View)>
maxpossibleFlows=4
4 taint flow paths FOUND from <android.view.View: int getId()> to <android.view.View: void setVisibility(int)>
maxpossibleFlows=1
maxpossibleFlows=1
maxpossibleFlows=1
maxpossibleFlows=2
2 taint flow paths FOUND from <android.content.ContextWrapper: java.io.File getDir(java.lang.String,int)> to <java.net.HttpURLConnection: void setRequestMethod(java.lang.String)>
maxpossibleFlows=8
maxpossibleFlows=16
maxpossibleFlows=7
maxpossibleFlows=1
maxpossibleFlows=1
maxpossibleFlows=1
maxpossibleFlows=8
maxpossibleFlows=8
maxpossibleFlows=7
maxpossibleFlows=1
maxpossibleFlows=2
maxpossibleFlows=1
maxpossibleFlows=1
maxpossibleFlows=4
maxpossibleFlows=2
maxpossibleFlows=8
maxpossibleFlows=8
maxpossibleFlows=7
maxpossibleFlows=13
maxpossibleFlows=13
maxpossibleFlows=13
maxpossibleFlows=13
maxpossibleFlows=13
maxpossibleFlows=4
maxpossibleFlows=4
maxpossibleFlows=4
maxpossibleFlows=5
maxpossibleFlows=17
maxpossibleFlows=4
maxpossibleFlows=1
maxpossibleFlows=1
maxpossibleFlows=1
maxpossibleFlows=1
maxpossibleFlows=10
2 taint flow paths FOUND from <java.lang.StringBuilder: java.lang.String toString()> to <android.widget.TextView: void setText(java.lang.CharSequence)>
maxpossibleFlows=1
maxpossibleFlows=5
maxpossibleFlows=1
maxpossibleFlows=1
maxpossibleFlows=4
maxpossibleFlows=5
maxpossibleFlows=13
maxpossibleFlows=13
maxpossibleFlows=13
maxpossibleFlows=13
maxpossibleFlows=13
maxpossibleFlows=1
1 taint flow paths FOUND from <android.hardware.SensorManager: android.hardware.Sensor getDefaultSensor(int)> to <android.app.Activity: void setContentView(android.view.View)>
maxpossibleFlows=10
2 taint flow paths FOUND from <java.lang.Long: long longValue()> to <android.widget.TextView: void setText(java.lang.CharSequence)>
maxpossibleFlows=5
maxpossibleFlows=4
maxpossibleFlows=4
maxpossibleFlows=1
maxpossibleFlows=1
maxpossibleFlows=1
maxpossibleFlows=1
maxpossibleFlows=4
4 taint flow paths FOUND from <android.content.ContextWrapper: android.content.Context getApplicationContext()> to <java.util.TreeSet: boolean add(java.lang.Object)>
maxpossibleFlows=8
maxpossibleFlows=8
maxpossibleFlows=7
maxpossibleFlows=4
maxpossibleFlows=4
maxpossibleFlows=4
maxpossibleFlows=8
maxpossibleFlows=8
1 taint flow paths FOUND from <java.lang.Throwable: java.lang.StackTraceElement[] getStackTrace()> to <java.lang.String: boolean startsWith(java.lang.String)>
maxpossibleFlows=4
maxpossibleFlows=4
4 taint flow paths FOUND from <android.content.ContextWrapper: android.content.pm.PackageManager getPackageManager()> to <java.lang.String: boolean startsWith(java.lang.String)>
maxpossibleFlows=1
maxpossibleFlows=1
maxpossibleFlows=1
maxpossibleFlows=1
maxpossibleFlows=1
maxpossibleFlows=2
2 taint flow paths FOUND from <java.io.File: java.io.File[] listFiles()> to <java.net.HttpURLConnection: void setRequestMethod(java.lang.String)>
maxpossibleFlows=8
maxpossibleFlows=8
maxpossibleFlows=1
1 taint flow paths FOUND from <android.content.res.Resources: android.util.DisplayMetrics getDisplayMetrics()> to <android.app.Activity: void setContentView(android.view.View)>
maxpossibleFlows=2
2 taint flow paths FOUND from <java.lang.StringBuffer: java.lang.String toString()> to <java.net.HttpURLConnection: void setRequestMethod(java.lang.String)>
maxpossibleFlows=4
maxpossibleFlows=4
maxpossibleFlows=4
maxpossibleFlows=8
maxpossibleFlows=8
maxpossibleFlows=7
maxpossibleFlows=8
maxpossibleFlows=8
maxpossibleFlows=4
maxpossibleFlows=4
maxpossibleFlows=4
maxpossibleFlows=4
maxpossibleFlows=2
2 taint flow paths FOUND from <java.io.File: java.lang.String getAbsolutePath()> to <java.net.HttpURLConnection: void setRequestMethod(java.lang.String)>
maxpossibleFlows=2
maxpossibleFlows=2
maxpossibleFlows=8
maxpossibleFlows=8
maxpossibleFlows=7
maxpossibleFlows=8
maxpossibleFlows=8
maxpossibleFlows=7
maxpossibleFlows=1
1 taint flow paths FOUND from <android.app.Activity: java.lang.Object getSystemService(java.lang.String)> to <android.app.Activity: void setContentView(android.view.View)>
maxpossibleFlows=1
maxpossibleFlows=1
maxpossibleFlows=1
maxpossibleFlows=1
maxpossibleFlows=1
maxpossibleFlows=13
maxpossibleFlows=13
maxpossibleFlows=13
maxpossibleFlows=13
maxpossibleFlows=13
maxpossibleFlows=1
1 taint flow paths FOUND from <android.graphics.Bitmap: android.graphics.Bitmap createBitmap(int,int,android.graphics.Bitmap$Config)> to <android.graphics.Paint: void setStyle(android.graphics.Paint$Style)>
maxpossibleFlows=1
maxpossibleFlows=1
maxpossibleFlows=1
maxpossibleFlows=1
maxpossibleFlows=2
maxpossibleFlows=2
maxpossibleFlows=1
maxpossibleFlows=4
maxpossibleFlows=56
56 taint flow paths FOUND from <java.util.TreeSet: java.util.Iterator iterator()> to <java.lang.String: boolean startsWith(java.lang.String)>
maxpossibleFlows=4
maxpossibleFlows=4
maxpossibleFlows=4
maxpossibleFlows=4
maxpossibleFlows=4
4 taint flow paths FOUND from <java.util.HashSet: java.util.Iterator iterator()> to <java.lang.String: boolean startsWith(java.lang.String)>
maxpossibleFlows=5
maxpossibleFlows=5
1 taint flow paths FOUND from <android.content.ContextWrapper: java.lang.String getPackageName()> to <android.widget.TextView: void setText(java.lang.CharSequence)>
maxpossibleFlows=8
maxpossibleFlows=14
maxpossibleFlows=4
maxpossibleFlows=1
maxpossibleFlows=1
maxpossibleFlows=1
maxpossibleFlows=1
maxpossibleFlows=5
maxpossibleFlows=5
1 taint flow paths FOUND from <android.content.ContextWrapper: android.content.SharedPreferences getSharedPreferences(java.lang.String,int)> to <android.widget.TextView: void setText(java.lang.CharSequence)>
maxpossibleFlows=8
maxpossibleFlows=8
maxpossibleFlows=8
maxpossibleFlows=8
maxpossibleFlows=8
maxpossibleFlows=8
maxpossibleFlows=4
maxpossibleFlows=5
maxpossibleFlows=8
maxpossibleFlows=5
maxpossibleFlows=4
4 taint flow paths FOUND from <android.content.ContextWrapper: android.content.Context getApplicationContext()> to <java.util.TreeSet: boolean add(java.lang.Object)>
maxpossibleFlows=1
maxpossibleFlows=13
maxpossibleFlows=1
maxpossibleFlows=1
maxpossibleFlows=1
maxpossibleFlows=13
maxpossibleFlows=1
maxpossibleFlows=1
maxpossibleFlows=1
maxpossibleFlows=13
maxpossibleFlows=1
maxpossibleFlows=13
maxpossibleFlows=1
1 taint flow paths FOUND from <android.graphics.Bitmap: android.graphics.Bitmap createBitmap(int,int,android.graphics.Bitmap$Config)> to <android.graphics.Paint: void setStyle(android.graphics.Paint$Style)>
maxpossibleFlows=1
maxpossibleFlows=1
maxpossibleFlows=1
maxpossibleFlows=1
maxpossibleFlows=1
maxpossibleFlows=1
1 taint flow paths FOUND from <android.content.ContextWrapper: java.lang.String getPackageName()> to <android.content.ContextWrapper: boolean bindService(android.content.Intent,android.content.ServiceConnection,int)>
maxpossibleFlows=8
maxpossibleFlows=56
56 taint flow paths FOUND from <java.lang.StackTraceElement: java.lang.String getClassName()> to <java.lang.String: boolean startsWith(java.lang.String)>
maxpossibleFlows=1
maxpossibleFlows=1
maxpossibleFlows=1
maxpossibleFlows=1
maxpossibleFlows=1
maxpossibleFlows=1
1 taint flow paths FOUND from <android.content.ContextWrapper: java.lang.String getPackageName()> to <android.content.Intent: android.content.Intent putExtra(java.lang.String,java.lang.String)>
maxpossibleFlows=1
maxpossibleFlows=1
maxpossibleFlows=1
maxpossibleFlows=1
maxpossibleFlows=1
maxpossibleFlows=1
maxpossibleFlows=1
maxpossibleFlows=1
1 taint flow paths FOUND from <java.lang.String: byte[] getBytes()> to <java.io.OutputStream: void write(byte[])>
maxpossibleFlows=85
85 taint flow paths FOUND from <java.util.ArrayList: java.lang.Object get(int)> to <java.util.AbstractList: java.lang.Object set(int,java.lang.Object)>
maxpossibleFlows=1
maxpossibleFlows=2
maxpossibleFlows=2
maxpossibleFlows=1
maxpossibleFlows=1
maxpossibleFlows=5
maxpossibleFlows=1
maxpossibleFlows=2
maxpossibleFlows=1
maxpossibleFlows=2
maxpossibleFlows=1
maxpossibleFlows=13
maxpossibleFlows=1
maxpossibleFlows=1
maxpossibleFlows=1
maxpossibleFlows=13
maxpossibleFlows=1
maxpossibleFlows=13
maxpossibleFlows=13
maxpossibleFlows=1
1 taint flow paths FOUND from <android.graphics.Bitmap: android.graphics.Bitmap createBitmap(int,int,android.graphics.Bitmap$Config)> to <android.graphics.Paint: void setStrokeCap(android.graphics.Paint$Cap)>
maxpossibleFlows=5
5 taint flow paths FOUND from <android.content.ContextWrapper: android.content.SharedPreferences getSharedPreferences(java.lang.String,int)> to <android.app.Dialog: void setTitle(java.lang.CharSequence)>
maxpossibleFlows=1
1 taint flow paths FOUND from <android.view.ContextThemeWrapper: android.content.res.Resources getResources()> to <android.app.Activity: void setContentView(android.view.View)>
maxpossibleFlows=5
5 taint flow paths FOUND from <android.content.ContextWrapper: android.content.SharedPreferences getSharedPreferences(java.lang.String,int)> to <android.widget.TextView: void setPadding(int,int,int,int)>
maxpossibleFlows=5
5 taint flow paths FOUND from <android.content.ContextWrapper: android.content.SharedPreferences getSharedPreferences(java.lang.String,int)> to <android.app.Dialog: void setContentView(android.view.View)>
maxpossibleFlows=13
maxpossibleFlows=1
maxpossibleFlows=1
maxpossibleFlows=1
maxpossibleFlows=13
maxpossibleFlows=1
maxpossibleFlows=13
maxpossibleFlows=13
maxpossibleFlows=1
1 taint flow paths FOUND from <android.graphics.Bitmap: android.graphics.Bitmap createBitmap(int,int,android.graphics.Bitmap$Config)> to <android.graphics.Paint: void setStrokeJoin(android.graphics.Paint$Join)>
maxpossibleFlows=4
maxpossibleFlows=4
4 taint flow paths FOUND from <android.view.View: int getId()> to <android.view.View: void setVisibility(int)>
maxpossibleFlows=2
2 taint flow paths FOUND from <android.content.ContextWrapper: java.io.File getDir(java.lang.String,int)> to <java.net.HttpURLConnection: void setRequestMethod(java.lang.String)>
maxpossibleFlows=2
2 taint flow paths FOUND from <android.content.ContextWrapper: java.io.File getDir(java.lang.String,int)> to <java.net.URL: void <init>(java.lang.String)>
maxpossibleFlows=2
2 taint flow paths FOUND from <android.content.ContextWrapper: java.io.File getDir(java.lang.String,int)> to <java.net.URL: java.net.URLConnection openConnection()>
maxpossibleFlows=16
16 taint flow paths FOUND from <android.content.ContextWrapper: android.content.res.AssetManager getAssets()> to <android.content.res.AssetManager: android.content.res.AssetFileDescriptor openFd(java.lang.String)>
maxpossibleFlows=1
maxpossibleFlows=2
maxpossibleFlows=2
maxpossibleFlows=1
maxpossibleFlows=3
2 taint flow paths FOUND from <java.lang.StringBuilder: java.lang.String toString()> to <android.content.res.AssetManager: java.io.InputStream open(java.lang.String)>
maxpossibleFlows=7
maxpossibleFlows=7
maxpossibleFlows=7
maxpossibleFlows=2
1 taint flow paths FOUND from <android.content.ContextWrapper: java.io.File getDir(java.lang.String,int)> to <android.util.Log: int w(java.lang.String,java.lang.String)>
maxpossibleFlows=13
maxpossibleFlows=1
maxpossibleFlows=1
maxpossibleFlows=13
maxpossibleFlows=1
maxpossibleFlows=13
maxpossibleFlows=1
maxpossibleFlows=1
maxpossibleFlows=13
maxpossibleFlows=1
[WARNING] [32mVERBOSE[0m Callback method :<init> in Class android.support.v4.app.Fragment
[WARNING] [32mVERBOSE[0m Callback method :onConfigurationChanged in Class android.support.v4.app.Fragment
[WARNING] [32mVERBOSE[0m Callback method :onCreateContextMenu in Class android.support.v4.app.Fragment
[WARNING] [32mVERBOSE[0m Callback method :onLowMemory in Class android.support.v4.app.Fragment
[WARNING] [32mVERBOSE[0m Callback method :<init> in Class android.support.v4.app.DialogFragment
[WARNING] [32mVERBOSE[0m Callback method :onCancel in Class android.support.v4.app.DialogFragment
[WARNING] [32mVERBOSE[0m Callback method :onDismiss in Class android.support.v4.app.DialogFragment
Result for malicious-app-6087-B1064F7DB80649227E46AEA1B4290075F425DA3BD39258C895375788021C6C9F.apkcom.zrtc.runsantarun.vwb