DUA-Forensics args to Soot: -w -cp /home/handrick/Documents/TU_Darmstadt/benchmark/libs/droidfax.jar:/home/handrick/Android/Sdk/platforms/android-19/android.jar -p cg verbose:false,implicit-entry:true -p cg.spark verbose:false,on-fly-cg:true,rta:false -d /home/handrick/Documents/TU_Darmstadt/benchmark/trace/180/1/droidbot/benign-app-6118-6809A54BFD8255E4FC4CA145B06B2BC3AD4DEA22E7B5BCFCA37565FB78C5A80C.apk.logcat -process-dir /home/handrick/Documents/TU_Darmstadt/benchmark/data/input/benign-app-6118-6809A54BFD8255E4FC4CA145B06B2BC3AD4DEA22E7B5BCFCA37565FB78C5A80C.apk 
Soot started on Sat Apr 22 23:24:19 CEST 2023
Warning: com.ironsource.mobilcore.BaseFlowBasedAdUnit is a phantom class!
Warning: java.lang.invoke.LambdaMetafactory is a phantom class!
Warning: java.lang.ref.Finalizer is a phantom class!
[Call Graph] For information on where the call graph may be incomplete, use the verbose option to the cg phase.
[Spark] Pointer Assignment Graph in 0.1 seconds.
[Spark] Type masks in 0.0 seconds.
[Spark] Pointer Graph simplified in 0.0 seconds.
[Spark] Propagation in 0.0 seconds.
[Spark] Solution found in 0.0 seconds.
hcai's internal transform
Running static analysis for security-relevant feature characterization
[GatorHierarchy] [32mVERBOSE[0m [HIER] All classes: 714
[GatorHierarchy] [32mVERBOSE[0m [App: 70, Lib : 641, Phantom: 3]
[GatorHierarchy] [32mVERBOSE[0m [HIER] Activities: 6, lib activities: 1
[GatorHierarchy] [32mVERBOSE[0m [HIER] App views: 1, Lib views: 9
[GatorHierarchy] [32mVERBOSE[0m [HIER] App Dialogs: 0, Lib Dialogs: 3
[TIMECOST] [32mVERBOSE[0m buildApplicationCodeMap parsing starting at 1682198660974
array element type: (filled narr)int
array element type: (filled narr)int
[TIMECOST] [32mVERBOSE[0m buildApplicationCodeMap parsing finished at 1682198669019
[Instantiated app classes] [32mVERBOSE[0m total number: 54
[WARNING] [32mVERBOSE[0m Callback method :onSurfaceChanged in Class net.osaris.turbofly.glsurface.Renderer added
[WARNING] [32mVERBOSE[0m Callback method :onDrawFrame in Class net.osaris.turbofly.glsurface.Renderer added
[WARNING] [32mVERBOSE[0m Callback method :onSurfaceCreated in Class net.osaris.turbofly.glsurface.Renderer added
[WARNING] [32mVERBOSE[0m Callback method :onSurfaceChanged in Class net.osaris.turbofly.glsurface.Renderer added
[WARNING] [32mVERBOSE[0m Callback method :onDrawFrame in Class net.osaris.turbofly.glsurface.Renderer added
[WARNING] [32mVERBOSE[0m Callback method :onSurfaceCreated in Class net.osaris.turbofly.glsurface.Renderer added
[WARNING] [32mVERBOSE[0m Callback method :onReceive in Class com.games.AdReciver added
[WARNING] [32mVERBOSE[0m Callback method :onKeyDown in Class net.osaris.turbofly.JumpyBall added
[WARNING] [32mVERBOSE[0m Callback method :onTouchEvent in Class net.osaris.turbofly.JumpyBall added
[WARNING] [32mVERBOSE[0m Callback method :finish in Class net.osaris.turbofly.JumpyBall added
[WARNING] [32mVERBOSE[0m Callback method :onPause in Class net.osaris.turbofly.JumpyBall added
[WARNING] [32mVERBOSE[0m Callback method :onCreate in Class net.osaris.turboflydemo_kr.JumpyBall added
[WARNING] [32mVERBOSE[0m Callback method :onKeyUp in Class net.osaris.turbofly.JumpyBall added
[WARNING] [32mVERBOSE[0m Callback method :onDestroy in Class net.osaris.turbofly.JumpyBall added
[WARNING] [32mVERBOSE[0m Callback method :onSaveInstanceState in Class net.osaris.turbofly.JumpyBall added
[WARNING] [32mVERBOSE[0m Callback method :onResume in Class net.osaris.turbofly.JumpyBall added
[WARNING] [32mVERBOSE[0m Callback method :onKeyDown in Class net.osaris.turbofly.JumpyBall added
[WARNING] [32mVERBOSE[0m Callback method :onTouchEvent in Class net.osaris.turbofly.JumpyBall added
[WARNING] [32mVERBOSE[0m Callback method :finish in Class net.osaris.turbofly.JumpyBall added
[WARNING] [32mVERBOSE[0m Callback method :onPause in Class net.osaris.turbofly.JumpyBall added
[WARNING] [32mVERBOSE[0m Callback method :onCreate in Class net.osaris.turbofly.JumpyBall added
[WARNING] [32mVERBOSE[0m Callback method :onKeyUp in Class net.osaris.turbofly.JumpyBall added
[WARNING] [32mVERBOSE[0m Callback method :onDestroy in Class net.osaris.turbofly.JumpyBall added
[WARNING] [32mVERBOSE[0m Callback method :onSaveInstanceState in Class net.osaris.turbofly.JumpyBall added
[WARNING] [32mVERBOSE[0m Callback method :onResume in Class net.osaris.turbofly.JumpyBall added
[WARNING] [32mVERBOSE[0m Callback method :onKeyDown in Class net.osaris.turbofly.JumpyBall added
[WARNING] [32mVERBOSE[0m Callback method :onTouchEvent in Class net.osaris.turbofly.JumpyBall added
[WARNING] [32mVERBOSE[0m Callback method :finish in Class net.osaris.turbofly.JumpyBall added
[WARNING] [32mVERBOSE[0m Callback method :onPause in Class net.osaris.turbofly.JumpyBall added
[WARNING] [32mVERBOSE[0m Callback method :onCreate in Class net.osaris.turbofly_sa.JumpyBall added
[WARNING] [32mVERBOSE[0m Callback method :onKeyUp in Class net.osaris.turbofly.JumpyBall added
[WARNING] [32mVERBOSE[0m Callback method :onDestroy in Class net.osaris.turbofly.JumpyBall added
[WARNING] [32mVERBOSE[0m Callback method :onSaveInstanceState in Class net.osaris.turbofly.JumpyBall added
[WARNING] [32mVERBOSE[0m Callback method :onResume in Class net.osaris.turbofly.JumpyBall added
[WARNING] [32mVERBOSE[0m Callback method :onCreate in Class com.mode.sdk.AdActivity added
[WARNING] [32mVERBOSE[0m Callback method :onKeyDown in Class net.osaris.turbofly.JumpyBall added
[WARNING] [32mVERBOSE[0m Callback method :onTouchEvent in Class net.osaris.turbofly.JumpyBall added
[WARNING] [32mVERBOSE[0m Callback method :finish in Class net.osaris.turbofly.JumpyBall added
[WARNING] [32mVERBOSE[0m Callback method :onPause in Class net.osaris.turbofly.JumpyBall added
[WARNING] [32mVERBOSE[0m Callback method :onCreate in Class net.osaris.turbofly_kr.JumpyBall added
[WARNING] [32mVERBOSE[0m Callback method :onKeyUp in Class net.osaris.turbofly.JumpyBall added
[WARNING] [32mVERBOSE[0m Callback method :onDestroy in Class net.osaris.turbofly.JumpyBall added
[WARNING] [32mVERBOSE[0m Callback method :onSaveInstanceState in Class net.osaris.turbofly.JumpyBall added
[WARNING] [32mVERBOSE[0m Callback method :onResume in Class net.osaris.turbofly.JumpyBall added
[WARNING] [32mVERBOSE[0m Callback method :onKeyDown in Class net.osaris.turbofly.JumpyBall added
[WARNING] [32mVERBOSE[0m Callback method :onTouchEvent in Class net.osaris.turbofly.JumpyBall added
[WARNING] [32mVERBOSE[0m Callback method :finish in Class net.osaris.turbofly.JumpyBall added
[WARNING] [32mVERBOSE[0m Callback method :onPause in Class net.osaris.turbofly.JumpyBall added
[WARNING] [32mVERBOSE[0m Callback method :onCreate in Class net.osaris.turboflydemo.JumpyBall added
[WARNING] [32mVERBOSE[0m Callback method :onKeyUp in Class net.osaris.turbofly.JumpyBall added
[WARNING] [32mVERBOSE[0m Callback method :onDestroy in Class net.osaris.turbofly.JumpyBall added
[WARNING] [32mVERBOSE[0m Callback method :onSaveInstanceState in Class net.osaris.turbofly.JumpyBall added
[WARNING] [32mVERBOSE[0m Callback method :onResume in Class net.osaris.turbofly.JumpyBall added
0 ICC links found and 0 cg edges added due to ICC links
dynamic conflated call graph: 544 methods; 544 nodes; 826 edges.
maxpossibleFlows=1
maxpossibleFlows=1
maxpossibleFlows=1
maxpossibleFlows=1
maxpossibleFlows=1
maxpossibleFlows=1
maxpossibleFlows=1
maxpossibleFlows=1
maxpossibleFlows=1
maxpossibleFlows=1
maxpossibleFlows=1
maxpossibleFlows=1
maxpossibleFlows=1
maxpossibleFlows=1
maxpossibleFlows=1
maxpossibleFlows=1
maxpossibleFlows=1
maxpossibleFlows=1
maxpossibleFlows=1
maxpossibleFlows=1
maxpossibleFlows=1
maxpossibleFlows=1
maxpossibleFlows=1
maxpossibleFlows=1
maxpossibleFlows=376
95 taint flow paths FOUND from <android.content.ContextWrapper: android.content.res.AssetManager getAssets()> to <android.content.res.AssetManager: java.io.InputStream open(java.lang.String)>
maxpossibleFlows=1
maxpossibleFlows=1
maxpossibleFlows=1
maxpossibleFlows=1
maxpossibleFlows=1
maxpossibleFlows=1
maxpossibleFlows=1
maxpossibleFlows=1
maxpossibleFlows=1
maxpossibleFlows=1
maxpossibleFlows=1
maxpossibleFlows=1
maxpossibleFlows=1
maxpossibleFlows=1
maxpossibleFlows=1
maxpossibleFlows=1
1 taint flow paths FOUND from <android.view.ContextThemeWrapper: android.content.res.Resources getResources()> to <android.content.ContextWrapper: boolean bindService(android.content.Intent,android.content.ServiceConnection,int)>
maxpossibleFlows=5
maxpossibleFlows=3
maxpossibleFlows=5
maxpossibleFlows=3
maxpossibleFlows=1
maxpossibleFlows=1
maxpossibleFlows=1
maxpossibleFlows=1
maxpossibleFlows=1
maxpossibleFlows=1
maxpossibleFlows=1
maxpossibleFlows=1
maxpossibleFlows=1
maxpossibleFlows=1
maxpossibleFlows=1
maxpossibleFlows=1
1 taint flow paths FOUND from <android.view.Display: int getRotation()> to <android.app.Activity: void setContentView(android.view.View)>
maxpossibleFlows=1
maxpossibleFlows=1
maxpossibleFlows=1
maxpossibleFlows=1
maxpossibleFlows=1
maxpossibleFlows=1
maxpossibleFlows=1
maxpossibleFlows=1
maxpossibleFlows=1
maxpossibleFlows=1
maxpossibleFlows=1
maxpossibleFlows=1
maxpossibleFlows=1
maxpossibleFlows=1
maxpossibleFlows=1
maxpossibleFlows=1
maxpossibleFlows=1
maxpossibleFlows=1
1 taint flow paths FOUND from <android.app.Activity: android.view.WindowManager getWindowManager()> to <android.util.Log: int e(java.lang.String,java.lang.String)>
maxpossibleFlows=1
maxpossibleFlows=1
1 taint flow paths FOUND from <android.view.View: android.content.Context getContext()> to <android.util.Log: int e(java.lang.String,java.lang.String)>
maxpossibleFlows=4
maxpossibleFlows=14
maxpossibleFlows=74
maxpossibleFlows=141
maxpossibleFlows=4
maxpossibleFlows=4
maxpossibleFlows=115
maxpossibleFlows=74
maxpossibleFlows=1
1 taint flow paths FOUND from <android.content.ContextWrapper: android.content.pm.ApplicationInfo getApplicationInfo()> to <android.content.ContextWrapper: boolean bindService(android.content.Intent,android.content.ServiceConnection,int)>
maxpossibleFlows=4
maxpossibleFlows=3
maxpossibleFlows=4
maxpossibleFlows=3
maxpossibleFlows=1
maxpossibleFlows=1
maxpossibleFlows=1
maxpossibleFlows=1
maxpossibleFlows=1
maxpossibleFlows=1
maxpossibleFlows=1
maxpossibleFlows=1
maxpossibleFlows=1
maxpossibleFlows=1
maxpossibleFlows=1
1 taint flow paths FOUND from <android.content.ContextWrapper: android.content.Context getBaseContext()> to <android.app.Activity: void setContentView(android.view.View)>
maxpossibleFlows=3
maxpossibleFlows=3
maxpossibleFlows=3
maxpossibleFlows=3
maxpossibleFlows=1
1 taint flow paths FOUND from <java.lang.StringBuilder: java.lang.String toString()> to <android.util.Log: int e(java.lang.String,java.lang.String)>
maxpossibleFlows=1
maxpossibleFlows=1
maxpossibleFlows=1
maxpossibleFlows=1
maxpossibleFlows=1
maxpossibleFlows=1
maxpossibleFlows=1
maxpossibleFlows=1
maxpossibleFlows=1
maxpossibleFlows=1
maxpossibleFlows=1
maxpossibleFlows=1
maxpossibleFlows=1
maxpossibleFlows=1
maxpossibleFlows=1
maxpossibleFlows=1
maxpossibleFlows=1
1 taint flow paths FOUND from <android.content.ContextWrapper: android.content.Context getApplicationContext()> to <android.app.Activity: void setContentView(android.view.View)>
maxpossibleFlows=1
maxpossibleFlows=1
maxpossibleFlows=1
1 taint flow paths FOUND from <android.content.ContextWrapper: android.content.pm.PackageManager getPackageManager()> to <android.view.View: void setBackgroundResource(int)>
maxpossibleFlows=1
maxpossibleFlows=1
maxpossibleFlows=1
maxpossibleFlows=1
maxpossibleFlows=1
maxpossibleFlows=1
maxpossibleFlows=1
maxpossibleFlows=1
maxpossibleFlows=1
maxpossibleFlows=1
maxpossibleFlows=1
maxpossibleFlows=1
maxpossibleFlows=1
maxpossibleFlows=1
maxpossibleFlows=1
maxpossibleFlows=1
maxpossibleFlows=1
maxpossibleFlows=1
maxpossibleFlows=7
maxpossibleFlows=4
maxpossibleFlows=6
maxpossibleFlows=4
maxpossibleFlows=1
maxpossibleFlows=1
maxpossibleFlows=1
maxpossibleFlows=1
maxpossibleFlows=1
maxpossibleFlows=1
1 taint flow paths FOUND from <android.app.Activity: java.lang.Object getSystemService(java.lang.String)> to <android.app.Activity: void setContentView(android.view.View)>
maxpossibleFlows=6
maxpossibleFlows=4
maxpossibleFlows=6
maxpossibleFlows=4
maxpossibleFlows=4
maxpossibleFlows=14
maxpossibleFlows=74
maxpossibleFlows=141
maxpossibleFlows=1
maxpossibleFlows=1
maxpossibleFlows=1
maxpossibleFlows=3
maxpossibleFlows=3
maxpossibleFlows=3
maxpossibleFlows=3
maxpossibleFlows=1
1 taint flow paths FOUND from <android.content.res.Resources: android.content.res.Configuration getConfiguration()> to <android.content.ContextWrapper: boolean bindService(android.content.Intent,android.content.ServiceConnection,int)>
maxpossibleFlows=4
maxpossibleFlows=14
maxpossibleFlows=115
maxpossibleFlows=20
maxpossibleFlows=1
maxpossibleFlows=1
maxpossibleFlows=1
1 taint flow paths FOUND from <android.app.Activity: android.view.Window getWindow()> to <android.content.ContextWrapper: boolean bindService(android.content.Intent,android.content.ServiceConnection,int)>
maxpossibleFlows=1
maxpossibleFlows=1
maxpossibleFlows=1
1 taint flow paths FOUND from <android.view.SurfaceView: android.view.SurfaceHolder getHolder()> to <android.app.Activity: void setContentView(android.view.View)>
maxpossibleFlows=1
maxpossibleFlows=1
maxpossibleFlows=1
maxpossibleFlows=1
maxpossibleFlows=1
maxpossibleFlows=1
1 taint flow paths FOUND from <android.content.ContextWrapper: java.lang.String getPackageName()> to <android.view.View: void setBackgroundResource(int)>
maxpossibleFlows=3
maxpossibleFlows=3
maxpossibleFlows=3
maxpossibleFlows=3
maxpossibleFlows=1
maxpossibleFlows=1
maxpossibleFlows=1
maxpossibleFlows=1
maxpossibleFlows=1
maxpossibleFlows=1
maxpossibleFlows=1
maxpossibleFlows=1
maxpossibleFlows=1
maxpossibleFlows=1
maxpossibleFlows=1
1 taint flow paths FOUND from <android.app.Activity: android.view.WindowManager getWindowManager()> to <android.util.Log: int e(java.lang.String,java.lang.String)>
maxpossibleFlows=376
95 taint flow paths FOUND from <android.content.ContextWrapper: android.content.res.AssetManager getAssets()> to <android.content.res.AssetManager: java.io.InputStream open(java.lang.String)>
maxpossibleFlows=14
14 taint flow paths FOUND from <android.content.ContextWrapper: android.content.res.AssetManager getAssets()> to <android.content.res.AssetManager: android.content.res.AssetFileDescriptor openFd(java.lang.String)>
maxpossibleFlows=1
maxpossibleFlows=1
maxpossibleFlows=1
maxpossibleFlows=1
maxpossibleFlows=1
maxpossibleFlows=1
maxpossibleFlows=1
maxpossibleFlows=1
maxpossibleFlows=1
maxpossibleFlows=1
maxpossibleFlows=1
maxpossibleFlows=1
maxpossibleFlows=1
maxpossibleFlows=1
maxpossibleFlows=1
maxpossibleFlows=1
maxpossibleFlows=1
maxpossibleFlows=1
maxpossibleFlows=1
1 taint flow paths FOUND from <android.view.ContextThemeWrapper: android.content.res.Resources getResources()> to <android.content.ContextWrapper: boolean bindService(android.content.Intent,android.content.ServiceConnection,int)>
maxpossibleFlows=1
maxpossibleFlows=1
maxpossibleFlows=1
maxpossibleFlows=1
maxpossibleFlows=1
maxpossibleFlows=1
maxpossibleFlows=1
maxpossibleFlows=1
maxpossibleFlows=1
maxpossibleFlows=1
maxpossibleFlows=1
maxpossibleFlows=1
maxpossibleFlows=1
maxpossibleFlows=1
maxpossibleFlows=1
maxpossibleFlows=1
maxpossibleFlows=1
maxpossibleFlows=1
maxpossibleFlows=1
maxpossibleFlows=1
maxpossibleFlows=1
maxpossibleFlows=1
maxpossibleFlows=1
maxpossibleFlows=1
maxpossibleFlows=1
maxpossibleFlows=371
maxpossibleFlows=5
maxpossibleFlows=74
maxpossibleFlows=115
maxpossibleFlows=4
maxpossibleFlows=3
maxpossibleFlows=370
70 taint flow paths FOUND from <java.lang.StringBuilder: java.lang.String toString()> to <android.graphics.BitmapFactory: android.graphics.Bitmap decodeStream(java.io.InputStream,android.graphics.Rect,android.graphics.BitmapFactory$Options)>
maxpossibleFlows=1
maxpossibleFlows=1
maxpossibleFlows=1
maxpossibleFlows=1
maxpossibleFlows=1
maxpossibleFlows=1
maxpossibleFlows=1
maxpossibleFlows=1
maxpossibleFlows=1
maxpossibleFlows=1
maxpossibleFlows=1
maxpossibleFlows=1
maxpossibleFlows=1
maxpossibleFlows=1
maxpossibleFlows=1
maxpossibleFlows=1
maxpossibleFlows=1
maxpossibleFlows=1
maxpossibleFlows=1
1 taint flow paths FOUND from <android.app.Activity: android.view.Window getWindow()> to <android.view.Window: void setFlags(int,int)>
maxpossibleFlows=1
1 taint flow paths FOUND from <android.content.ContextWrapper: android.content.pm.PackageManager getPackageManager()> to <android.view.View: void setBackgroundResource(int)>
maxpossibleFlows=14
maxpossibleFlows=3
maxpossibleFlows=141
maxpossibleFlows=74
maxpossibleFlows=3
maxpossibleFlows=3
maxpossibleFlows=68
maxpossibleFlows=1
maxpossibleFlows=4
maxpossibleFlows=4
maxpossibleFlows=141
maxpossibleFlows=3
maxpossibleFlows=20
maxpossibleFlows=3
maxpossibleFlows=1
maxpossibleFlows=1
maxpossibleFlows=1
maxpossibleFlows=1
maxpossibleFlows=1
maxpossibleFlows=1
maxpossibleFlows=1
maxpossibleFlows=1
maxpossibleFlows=1
1 taint flow paths FOUND from <android.view.Display: int getRotation()> to <android.app.Activity: void setContentView(android.view.View)>
maxpossibleFlows=1
1 taint flow paths FOUND from <android.content.ContextWrapper: android.content.pm.PackageManager getPackageManager()> to <android.widget.ProgressBar: void setVisibility(int)>
maxpossibleFlows=1
1 taint flow paths FOUND from <android.content.ContextWrapper: android.content.pm.PackageManager getPackageManager()> to <android.app.Activity: void startActivity(android.content.Intent)>
maxpossibleFlows=1
maxpossibleFlows=1
maxpossibleFlows=1
maxpossibleFlows=1
maxpossibleFlows=1
maxpossibleFlows=1
maxpossibleFlows=1
maxpossibleFlows=1
maxpossibleFlows=1
maxpossibleFlows=1
maxpossibleFlows=1
maxpossibleFlows=1
maxpossibleFlows=1
maxpossibleFlows=1
maxpossibleFlows=1
maxpossibleFlows=1
maxpossibleFlows=1
1 taint flow paths FOUND from <android.content.ContextWrapper: android.content.pm.ApplicationInfo getApplicationInfo()> to <android.app.Activity: void setVolumeControlStream(int)>
maxpossibleFlows=1
1 taint flow paths FOUND from <android.content.ContextWrapper: android.content.pm.PackageManager getPackageManager()> to <android.view.View: void setVisibility(int)>
maxpossibleFlows=1
maxpossibleFlows=1
maxpossibleFlows=1
maxpossibleFlows=1
maxpossibleFlows=1
maxpossibleFlows=1
maxpossibleFlows=1
maxpossibleFlows=1
maxpossibleFlows=1
maxpossibleFlows=1
maxpossibleFlows=1
maxpossibleFlows=1
maxpossibleFlows=1
maxpossibleFlows=1
maxpossibleFlows=1
maxpossibleFlows=1
maxpossibleFlows=1
maxpossibleFlows=1
maxpossibleFlows=1
maxpossibleFlows=1
maxpossibleFlows=1
maxpossibleFlows=1
maxpossibleFlows=1
maxpossibleFlows=1
maxpossibleFlows=1
maxpossibleFlows=1
maxpossibleFlows=1
maxpossibleFlows=1
maxpossibleFlows=1
maxpossibleFlows=1
maxpossibleFlows=1
maxpossibleFlows=1
maxpossibleFlows=1
maxpossibleFlows=1
Result for benign-app-6118-6809A54BFD8255E4FC4CA145B06B2BC3AD4DEA22E7B5BCFCA37565FB78C5A80C.apknet.ChaoYinSuFeiXing.likeoxe