DUA-Forensics args to Soot: -w -cp /home/handrick/Documents/TU_Darmstadt/benchmark/libs/droidfax.jar:/home/handrick/Android/Sdk/platforms/android-19/android.jar -p cg verbose:false,implicit-entry:true -p cg.spark verbose:false,on-fly-cg:true,rta:false -d /home/handrick/Documents/TU_Darmstadt/benchmark/trace/180/2/droidbot/benign-app-6233-B8E15BB6E24E986EED5D59ACA003C63A4C5626AD1743DD9F98A2FBBD098C541F.apk.logcat -process-dir /home/handrick/Documents/TU_Darmstadt/benchmark/data/input/benign-app-6233-B8E15BB6E24E986EED5D59ACA003C63A4C5626AD1743DD9F98A2FBBD098C541F.apk 
Soot started on Tue Apr 25 20:15:44 CEST 2023
Warning: com.ironsource.mobilcore.BaseFlowBasedAdUnit is a phantom class!
Warning: java.lang.invoke.LambdaMetafactory is a phantom class!
Warning: java.lang.ref.Finalizer is a phantom class!
get type from 'Z'
get type from 'Z'
[Call Graph] For information on where the call graph may be incomplete, use the verbose option to the cg phase.
[Spark] Pointer Assignment Graph in 0.0 seconds.
[Spark] Type masks in 0.0 seconds.
[Spark] Pointer Graph simplified in 0.0 seconds.
[Spark] Propagation in 0.0 seconds.
[Spark] Solution found in 0.0 seconds.
hcai's internal transform
Running static analysis for security-relevant feature characterization
[GatorHierarchy] [32mVERBOSE[0m [HIER] All classes: 1247
[GatorHierarchy] [32mVERBOSE[0m [App: 332, Lib : 912, Phantom: 3]
[GatorHierarchy] [32mVERBOSE[0m [HIER] Activities: 6, lib activities: 1
[GatorHierarchy] [32mVERBOSE[0m [HIER] App views: 2, Lib views: 14
[GatorHierarchy] [32mVERBOSE[0m [HIER] App Dialogs: 1, Lib Dialogs: 4
[TIMECOST] [32mVERBOSE[0m buildApplicationCodeMap parsing starting at 1682446545441
[TIMECOST] [32mVERBOSE[0m buildApplicationCodeMap parsing finished at 1682446547868
[Instantiated app classes] [32mVERBOSE[0m total number: 307
[WARNING] [32mVERBOSE[0m Callback method :onTransact in Class com.sec.android.iap.IAPServiceCallback$Stub added
[WARNING] [32mVERBOSE[0m Callback method :asBinder in Class com.sec.android.iap.IAPServiceCallback$Stub added
[WARNING] [32mVERBOSE[0m Callback method :onReceive in Class com.games.AdReciver added
[WARNING] [32mVERBOSE[0m Callback method :onTransact in Class com.nhn.android.appstore.iap.service.NIAPService$Stub added
[WARNING] [32mVERBOSE[0m Callback method :asBinder in Class com.nhn.android.appstore.iap.service.NIAPService$Stub added
[WARNING] [32mVERBOSE[0m Callback method :onTransact in Class com.sec.android.iap.IAPConnector$Stub added
[WARNING] [32mVERBOSE[0m Callback method :asBinder in Class com.sec.android.iap.IAPConnector$Stub added
[WARNING] [32mVERBOSE[0m Callback method :onDestroy in Class com.magmon.Almostxwere.GoogleBilling added
[WARNING] [32mVERBOSE[0m Callback method :onActivityResult in Class com.magmon.Almostxwere.GoogleBilling added
[WARNING] [32mVERBOSE[0m Callback method :onPause in Class org.cocos2dx.lib.Cocos2dxActivity added
[WARNING] [32mVERBOSE[0m Callback method :onCreate in Class com.magmon.Almostxwere.AlmostLegendary added
[WARNING] [32mVERBOSE[0m Callback method :onActivityResult in Class com.magmon.Almostxwere.AlmostLegendary added
[WARNING] [32mVERBOSE[0m Callback method :onResume in Class org.cocos2dx.lib.Cocos2dxActivity added
[WARNING] [32mVERBOSE[0m Callback method :onCreate in Class com.nhn.android.appstore.iap.payment.NIAPActivity added
[WARNING] [32mVERBOSE[0m Callback method :onDestroy in Class com.nhn.android.appstore.iap.payment.NIAPActivity added
[WARNING] [32mVERBOSE[0m Callback method :onActivityResult in Class com.nhn.android.appstore.iap.payment.NIAPActivity added
[WARNING] [32mVERBOSE[0m Callback method :onResume in Class com.nhn.android.appstore.iap.payment.NIAPActivity added
[WARNING] [32mVERBOSE[0m Callback method :onTransact in Class com.nhn.android.appstore.iap.service.NIAPServiceCallback$Stub added
[WARNING] [32mVERBOSE[0m Callback method :asBinder in Class com.nhn.android.appstore.iap.service.NIAPServiceCallback$Stub added
[WARNING] [32mVERBOSE[0m Callback method :onTransact in Class com.tmoney.aidl.ITMoneyBillingService$Stub added
[WARNING] [32mVERBOSE[0m Callback method :asBinder in Class com.tmoney.aidl.ITMoneyBillingService$Stub added
[WARNING] [32mVERBOSE[0m Callback method :onTransact in Class com.android.vending.billing.IInAppBillingService$Stub added
[WARNING] [32mVERBOSE[0m Callback method :asBinder in Class com.android.vending.billing.IInAppBillingService$Stub added
[WARNING] [32mVERBOSE[0m Callback method :onTransact in Class com.tmoney.aidl.ITMoneyBillingServiceCallback$Stub added
[WARNING] [32mVERBOSE[0m Callback method :asBinder in Class com.tmoney.aidl.ITMoneyBillingServiceCallback$Stub added
[WARNING] [32mVERBOSE[0m Callback method :onCreate in Class com.ccx.xm.AdActivity added
[WARNING] [32mVERBOSE[0m Callback method :onReceiveResult in Class com.skplanet.internal.dodo.dodo019$dodo013 is not concrete
[WARNING] [32mVERBOSE[0m Callback method :onPause in Class org.cocos2dx.lib.Cocos2dxActivity added
[WARNING] [32mVERBOSE[0m Callback method :onCreate in Class org.cocos2dx.lib.Cocos2dxActivity added
[WARNING] [32mVERBOSE[0m Callback method :onResume in Class org.cocos2dx.lib.Cocos2dxActivity added
[WARNING] [32mVERBOSE[0m Callback method :onKeyDown in Class com.skplanet.dodo.IapWeb added
[WARNING] [32mVERBOSE[0m Callback method :onConfigurationChanged in Class com.skplanet.dodo.IapWeb added
[WARNING] [32mVERBOSE[0m Callback method :onRestoreInstanceState in Class com.skplanet.dodo.IapWeb added
[WARNING] [32mVERBOSE[0m Callback method :onPause in Class com.skplanet.dodo.IapWeb added
[WARNING] [32mVERBOSE[0m Callback method :onStop in Class com.skplanet.dodo.IapWeb added
[WARNING] [32mVERBOSE[0m Callback method :onCreate in Class com.skplanet.dodo.IapWeb added
[WARNING] [32mVERBOSE[0m Callback method :onDestroy in Class com.skplanet.dodo.IapWeb added
[WARNING] [32mVERBOSE[0m Callback method :onStart in Class com.skplanet.dodo.IapWeb added
[WARNING] [32mVERBOSE[0m Callback method :onSaveInstanceState in Class com.skplanet.dodo.IapWeb added
[WARNING] [32mVERBOSE[0m Callback method :onActivityResult in Class com.skplanet.dodo.IapWeb is not concrete
[WARNING] [32mVERBOSE[0m Callback method :onResume in Class com.skplanet.dodo.IapWeb added
0 ICC links found and 0 cg edges added due to ICC links
dynamic conflated call graph: 227 methods; 227 nodes; 238 edges.
maxpossibleFlows=1
maxpossibleFlows=1
maxpossibleFlows=1
maxpossibleFlows=2
2 taint flow paths FOUND from <android.content.ContextWrapper: android.content.res.AssetManager getAssets()> to <android.content.res.AssetManager: java.io.InputStream open(java.lang.String)>
maxpossibleFlows=1
maxpossibleFlows=1
maxpossibleFlows=3
maxpossibleFlows=3
maxpossibleFlows=1
maxpossibleFlows=1
maxpossibleFlows=1
1 taint flow paths FOUND from <java.lang.StringBuilder: java.lang.String toString()> to <android.content.res.AssetManager: java.io.InputStream open(java.lang.String)>
maxpossibleFlows=1
maxpossibleFlows=1
maxpossibleFlows=1
maxpossibleFlows=1
1 taint flow paths FOUND from <android.content.ContextWrapper: android.content.Context getApplicationContext()> to <android.content.ContextWrapper: boolean bindService(android.content.Intent,android.content.ServiceConnection,int)>
maxpossibleFlows=1
maxpossibleFlows=1
maxpossibleFlows=1
maxpossibleFlows=1
maxpossibleFlows=1
maxpossibleFlows=1
maxpossibleFlows=1
maxpossibleFlows=1
maxpossibleFlows=1
maxpossibleFlows=1
maxpossibleFlows=1
maxpossibleFlows=1
maxpossibleFlows=1
maxpossibleFlows=1
maxpossibleFlows=1
maxpossibleFlows=1
maxpossibleFlows=3
maxpossibleFlows=3
maxpossibleFlows=1
1 taint flow paths FOUND from <android.content.ContextWrapper: android.content.pm.ApplicationInfo getApplicationInfo()> to <android.content.res.AssetManager: java.io.InputStream open(java.lang.String)>
maxpossibleFlows=3
maxpossibleFlows=3
maxpossibleFlows=1
maxpossibleFlows=1
maxpossibleFlows=2
2 taint flow paths FOUND from <android.content.ContextWrapper: android.content.res.AssetManager getAssets()> to <android.content.res.AssetManager: java.io.InputStream open(java.lang.String)>
maxpossibleFlows=1
1 taint flow paths FOUND from <android.content.ContextWrapper: android.content.res.AssetManager getAssets()> to <android.content.res.AssetManager: android.content.res.AssetFileDescriptor openFd(java.lang.String)>
maxpossibleFlows=1
1 taint flow paths FOUND from <android.content.ContextWrapper: android.content.Context getApplicationContext()> to <android.content.ContextWrapper: boolean bindService(android.content.Intent,android.content.ServiceConnection,int)>
maxpossibleFlows=1
maxpossibleFlows=3
maxpossibleFlows=1
maxpossibleFlows=3
maxpossibleFlows=3
maxpossibleFlows=1
maxpossibleFlows=1
1 taint flow paths FOUND from <android.content.ContextWrapper: android.content.res.AssetManager getAssets()> to <android.content.ContextWrapper: java.io.FileOutputStream openFileOutput(java.lang.String,int)>
maxpossibleFlows=1
maxpossibleFlows=1
1 taint flow paths FOUND from <android.content.ContextWrapper: android.content.res.AssetManager getAssets()> to <java.io.OutputStream: void write(byte[])>
maxpossibleFlows=1
maxpossibleFlows=1
maxpossibleFlows=1
maxpossibleFlows=1
maxpossibleFlows=1
maxpossibleFlows=1
maxpossibleFlows=1
maxpossibleFlows=1
maxpossibleFlows=1
maxpossibleFlows=1
Result for benign-app-6233-B8E15BB6E24E986EED5D59ACA003C63A4C5626AD1743DD9F98A2FBBD098C541F.apkcom.magmon.Almostxwere