DUA-Forensics args to Soot: -w -cp /home/handrick/Documents/TU_Darmstadt/benchmark/libs/droidfax.jar:/home/handrick/Android/Sdk/platforms/android-19/android.jar -p cg verbose:false,implicit-entry:true -p cg.spark verbose:false,on-fly-cg:true,rta:false -d /home/handrick/Documents/TU_Darmstadt/benchmark/trace/180/1/droidbot/benign-app-6044-1CC75F7691E141101E07FED6D3CE862E02BA8B10629CE5008B1FF68D5D3E970C.apk.logcat -process-dir /home/handrick/Documents/TU_Darmstadt/benchmark/data/input/benign-app-6044-1CC75F7691E141101E07FED6D3CE862E02BA8B10629CE5008B1FF68D5D3E970C.apk 
Soot started on Fri Apr 21 14:47:27 CEST 2023
Warning: com.ironsource.mobilcore.BaseFlowBasedAdUnit is a phantom class!
Warning: java.lang.invoke.LambdaMetafactory is a phantom class!
Warning: java.lang.ref.Finalizer is a phantom class!
Warning: com.wiyun.game.WiGame is a phantom class!
[Call Graph] For information on where the call graph may be incomplete, use the verbose option to the cg phase.
[Spark] Pointer Assignment Graph in 0.1 seconds.
[Spark] Type masks in 0.0 seconds.
[Spark] Pointer Graph simplified in 0.0 seconds.
[Spark] Propagation in 0.0 seconds.
[Spark] Solution found in 0.0 seconds.
hcai's internal transform
Running static analysis for security-relevant feature characterization
[GatorHierarchy] [32mVERBOSE[0m [HIER] All classes: 645
[GatorHierarchy] [32mVERBOSE[0m [App: 43, Lib : 598, Phantom: 4]
[GatorHierarchy] [32mVERBOSE[0m [HIER] Activities: 6, lib activities: 1
[GatorHierarchy] [32mVERBOSE[0m [HIER] App views: 2, Lib views: 5
[GatorHierarchy] [32mVERBOSE[0m [HIER] App Dialogs: 0, Lib Dialogs: 2
[TIMECOST] [32mVERBOSE[0m buildApplicationCodeMap parsing starting at 1682081248328
[TIMECOST] [32mVERBOSE[0m buildApplicationCodeMap parsing finished at 1682081248959
[Instantiated app classes] [32mVERBOSE[0m total number: 31
[WARNING] [32mVERBOSE[0m Callback method :onCreate in Class com.mode.sdk.AdActivity added
[WARNING] [32mVERBOSE[0m Callback method :onStop in Class org.nwhy.WhackAMolesysgr.Splash added
[WARNING] [32mVERBOSE[0m Callback method :onCreate in Class org.nwhy.WhackAMolesysgr.Splash added
[WARNING] [32mVERBOSE[0m Callback method :onCreate in Class org.nwhy.WhackAMolesysgr.VSGame added
[WARNING] [32mVERBOSE[0m Callback method :onCreateOptionsMenu in Class org.nwhy.WhackAMolesysgr.VSGame added
[WARNING] [32mVERBOSE[0m Callback method :onOptionsItemSelected in Class org.nwhy.WhackAMolesysgr.VSGame added
[WARNING] [32mVERBOSE[0m Callback method :onCreate in Class org.nwhy.WhackAMolesysgr.About added
[WARNING] [32mVERBOSE[0m Callback method :onReceive in Class com.games.AdReciver added
[WARNING] [32mVERBOSE[0m Callback method :onCreate in Class org.nwhy.WhackAMolesysgr.Game added
[WARNING] [32mVERBOSE[0m Callback method :onCreateOptionsMenu in Class org.nwhy.WhackAMolesysgr.Game added
[WARNING] [32mVERBOSE[0m Callback method :onOptionsItemSelected in Class org.nwhy.WhackAMolesysgr.Game added
[WARNING] [32mVERBOSE[0m Callback method :onCreate in Class org.nwhy.WhackAMolesysgr.WhackAMole added
[WARNING] [32mVERBOSE[0m Callback method :onDestroy in Class org.nwhy.WhackAMolesysgr.WhackAMole added
0 ICC links found and 0 cg edges added due to ICC links
dynamic conflated call graph: 145 methods; 145 nodes; 188 edges.
maxpossibleFlows=1
maxpossibleFlows=1
maxpossibleFlows=1
maxpossibleFlows=2
2 taint flow paths FOUND from <android.view.MotionEvent: int getPointerCount()> to <android.util.Log: int e(java.lang.String,java.lang.String)>
maxpossibleFlows=2
maxpossibleFlows=1
maxpossibleFlows=1
maxpossibleFlows=89
maxpossibleFlows=1
maxpossibleFlows=1
maxpossibleFlows=2
2 taint flow paths FOUND from <java.lang.StringBuilder: java.lang.String toString()> to <android.util.Log: int e(java.lang.String,java.lang.String)>
maxpossibleFlows=2
2 taint flow paths FOUND from <android.view.MotionEvent: float getY(int)> to <android.util.Log: int e(java.lang.String,java.lang.String)>
maxpossibleFlows=89
89 taint flow paths FOUND from <android.graphics.Bitmap: android.graphics.Bitmap createBitmap(int,int,android.graphics.Bitmap$Config)> to <android.graphics.drawable.Drawable: void setBounds(int,int,int,int)>
maxpossibleFlows=2
maxpossibleFlows=2
2 taint flow paths FOUND from <android.view.MotionEvent: float getX(int)> to <android.util.Log: int e(java.lang.String,java.lang.String)>
maxpossibleFlows=1
maxpossibleFlows=2
maxpossibleFlows=7
7 taint flow paths FOUND from <android.app.Activity: android.view.Window getWindow()> to <android.view.Window: void setFlags(int,int)>
maxpossibleFlows=89
89 taint flow paths FOUND from <android.content.res.Resources: android.graphics.drawable.Drawable getDrawable(int)> to <android.graphics.drawable.Drawable: void setBounds(int,int,int,int)>
maxpossibleFlows=1
maxpossibleFlows=2
maxpossibleFlows=89
maxpossibleFlows=89
89 taint flow paths FOUND from <android.graphics.Bitmap: android.graphics.Bitmap createBitmap(int,int,android.graphics.Bitmap$Config)> to <android.graphics.drawable.Drawable: void setBounds(int,int,int,int)>
maxpossibleFlows=1
maxpossibleFlows=1
maxpossibleFlows=1
maxpossibleFlows=1
maxpossibleFlows=2
maxpossibleFlows=1
maxpossibleFlows=1
maxpossibleFlows=1
maxpossibleFlows=1
maxpossibleFlows=1
maxpossibleFlows=7
7 taint flow paths FOUND from <android.app.Activity: android.view.Window getWindow()> to <android.view.Window: void setFlags(int,int)>
maxpossibleFlows=2
2 taint flow paths FOUND from <android.view.MotionEvent: int getPointerCount()> to <android.util.Log: int e(java.lang.String,java.lang.String)>
Result for benign-app-6044-1CC75F7691E141101E07FED6D3CE862E02BA8B10629CE5008B1FF68D5D3E970C.apkorg.nwhy.WhackAMolesysgr