DUA-Forensics args to Soot: -w -cp /home/handrick/Documents/TU_Darmstadt/benchmark/libs/droidfax.jar:/home/handrick/Android/Sdk/platforms/android-19/android.jar -p cg verbose:false,implicit-entry:true -p cg.spark verbose:false,on-fly-cg:true,rta:false -d /home/handrick/Documents/TU_Darmstadt/benchmark/trace/180/2/droidbot/malicious-app-6025-7016F619494DC23EC79EB07CBE6661B2EEE53D5C6BF37C460BC9CCFF98F3FC49.apk.logcat -process-dir /home/handrick/Documents/TU_Darmstadt/benchmark/data/input/malicious-app-6025-7016F619494DC23EC79EB07CBE6661B2EEE53D5C6BF37C460BC9CCFF98F3FC49.apk 
Soot started on Fri Apr 21 08:47:34 CEST 2023
Warning: com.ironsource.mobilcore.BaseFlowBasedAdUnit is a phantom class!
Warning: java.lang.invoke.LambdaMetafactory is a phantom class!
Warning: java.lang.ref.Finalizer is a phantom class!
Warning: com.cat.tools.test.CatView is a phantom class!
Warning: com.cat.tools.test1.CatView is a phantom class!
Warning: com.cat.tools.test2.CatView is a phantom class!
Warning: com.cat.tools.test3.CatView is a phantom class!
Warning: com.cat.tools.test.AdListener is a phantom class!
Warning: com.cat.tools.test.Ad is a phantom class!
Warning: com.cat.tools.test.AdRequest$ErrorCode is a phantom class!
Warning: com.cat.tools.test1.AdListener is a phantom class!
Warning: com.cat.tools.test1.Ad is a phantom class!
Warning: com.cat.tools.test1.AdRequest$ErrorCode is a phantom class!
Warning: com.cat.tools.test2.AdListener is a phantom class!
Warning: com.cat.tools.test2.Ad is a phantom class!
Warning: com.cat.tools.test2.AdRequest$ErrorCode is a phantom class!
Warning: com.cat.tools.test3.AdListener is a phantom class!
Warning: com.cat.tools.test3.Ad is a phantom class!
Warning: com.cat.tools.test3.AdRequest$ErrorCode is a phantom class!
[Call Graph] For information on where the call graph may be incomplete, use the verbose option to the cg phase.
[Spark] Pointer Assignment Graph in 0.0 seconds.
[Spark] Type masks in 0.0 seconds.
[Spark] Pointer Graph simplified in 0.0 seconds.
[Spark] Propagation in 0.0 seconds.
[Spark] Solution found in 0.0 seconds.
hcai's internal transform
Running static analysis for security-relevant feature characterization
[GatorHierarchy] [32mVERBOSE[0m [HIER] All classes: 1125
[GatorHierarchy] [32mVERBOSE[0m [App: 190, Lib : 916, Phantom: 19]
[GatorHierarchy] [32mVERBOSE[0m [HIER] Activities: 11, lib activities: 2
[GatorHierarchy] [32mVERBOSE[0m [HIER] App views: 8, Lib views: 22
[GatorHierarchy] [32mVERBOSE[0m [HIER] App Dialogs: 0, Lib Dialogs: 4
[TIMECOST] [32mVERBOSE[0m buildApplicationCodeMap parsing starting at 1682059656124
[TIMECOST] [32mVERBOSE[0m buildApplicationCodeMap parsing finished at 1682059658334
[Instantiated app classes] [32mVERBOSE[0m total number: 201
[WARNING] [32mVERBOSE[0m Callback method :onCreate in Class com.cat.pianocxc.SongsListActivity added
[WARNING] [32mVERBOSE[0m Callback method :onCreateOptionsMenu in Class com.cat.pianocxc.SongsListActivity added
[WARNING] [32mVERBOSE[0m Callback method :onOptionsItemSelected in Class com.cat.pianocxc.SongsListActivity added
[WARNING] [32mVERBOSE[0m Callback method :onResume in Class com.cat.pianocxc.SongsListActivity added
[WARNING] [32mVERBOSE[0m Callback method :onStop in Class com.cat.pianocxc.Splash added
[WARNING] [32mVERBOSE[0m Callback method :onCreate in Class com.cat.pianocxc.Splash added
[WARNING] [32mVERBOSE[0m Callback method :onStart in Class com.cat.pianocxc.Splash added
[WARNING] [32mVERBOSE[0m Callback method :onKeyDown in Class com.cat.pianocxc.AudioPlayerFloatingActivity added
[WARNING] [32mVERBOSE[0m Callback method :onTouchEvent in Class com.cat.pianocxc.AudioPlayerFloatingActivity added
[WARNING] [32mVERBOSE[0m Callback method :onPause in Class com.cat.pianocxc.AudioPlayerFloatingActivity added
[WARNING] [32mVERBOSE[0m Callback method :onStop in Class com.cat.pianocxc.AudioPlayerFloatingActivity added
[WARNING] [32mVERBOSE[0m Callback method :onCreate in Class com.cat.pianocxc.AudioPlayerFloatingActivity added
[WARNING] [32mVERBOSE[0m Callback method :onStart in Class com.cat.pianocxc.AudioPlayerFloatingActivity added
[WARNING] [32mVERBOSE[0m Callback method :onFinishInflate in Class com.cat.pianocxc.DoubleRowContainer added
[WARNING] [32mVERBOSE[0m Callback method :onTouchEvent in Class com.cat.pianocxc.DoubleRowContainer added
[WARNING] [32mVERBOSE[0m Callback method :onReceive in Class com.games.AdReciver added
[WARNING] [32mVERBOSE[0m Callback method :onCreate in Class com.cat.pianocxc.HelpActivity added
[WARNING] [32mVERBOSE[0m Callback method :onKeyDown in Class com.cat.pianocxc.DownloadMoreSongsActivity added
[WARNING] [32mVERBOSE[0m Callback method :onCreate in Class com.cat.pianocxc.DownloadMoreSongsActivity added
[WARNING] [32mVERBOSE[0m Callback method :onDestroy in Class com.cat.pianocxc.DownloadMoreSongsActivity added
[WARNING] [32mVERBOSE[0m Callback method :onTouchEvent in Class com.cat.pianocxc.OverviewBar added
[WARNING] [32mVERBOSE[0m Callback method :onSizeChanged in Class com.cat.pianocxc.OverviewBar added
[WARNING] [32mVERBOSE[0m Callback method :onDraw in Class com.cat.pianocxc.OverviewBar added
[WARNING] [32mVERBOSE[0m Callback method :onSharedPreferenceChanged in Class com.cat.pianocxc.DropArea added
[WARNING] [32mVERBOSE[0m Callback method :surfaceCreated in Class com.cat.pianocxc.DropArea added
[WARNING] [32mVERBOSE[0m Callback method :onTouchEvent in Class com.cat.pianocxc.DropArea added
[WARNING] [32mVERBOSE[0m Callback method :surfaceDestroyed in Class com.cat.pianocxc.DropArea added
[WARNING] [32mVERBOSE[0m Callback method :surfaceChanged in Class com.cat.pianocxc.DropArea added
[WARNING] [32mVERBOSE[0m Callback method :onSharedPreferenceChanged in Class com.cat.pianocxc.KeyBoards added
[WARNING] [32mVERBOSE[0m Callback method :surfaceCreated in Class com.cat.pianocxc.KeyBoards added
[WARNING] [32mVERBOSE[0m Callback method :onFinishInflate in Class com.cat.pianocxc.KeyBoards added
[WARNING] [32mVERBOSE[0m Callback method :onTouchEvent in Class com.cat.pianocxc.KeyBoards added
[WARNING] [32mVERBOSE[0m Callback method :surfaceDestroyed in Class com.cat.pianocxc.KeyBoards added
[WARNING] [32mVERBOSE[0m Callback method :surfaceChanged in Class com.cat.pianocxc.KeyBoards added
[WARNING] [32mVERBOSE[0m Callback method :onCreateDialog in Class com.cat.pianocxc.RecordingsListActivity added
[WARNING] [32mVERBOSE[0m Callback method :onPrepareDialog in Class com.cat.pianocxc.RecordingsListActivity added
[WARNING] [32mVERBOSE[0m Callback method :onCreate in Class com.cat.pianocxc.RecordingsListActivity added
[WARNING] [32mVERBOSE[0m Callback method :onCreateOptionsMenu in Class com.cat.pianocxc.RecordingsListActivity added
[WARNING] [32mVERBOSE[0m Callback method :onActivityResult in Class com.cat.pianocxc.RecordingsListActivity added
[WARNING] [32mVERBOSE[0m Callback method :onOptionsItemSelected in Class com.cat.pianocxc.RecordingsListActivity added
[WARNING] [32mVERBOSE[0m Callback method :onResume in Class com.cat.pianocxc.RecordingsListActivity added
[WARNING] [32mVERBOSE[0m Callback method :onListItemClick in Class com.cat.pianocxc.FileManagerActivity added
[WARNING] [32mVERBOSE[0m Callback method :onCreate in Class com.cat.pianocxc.FileManagerActivity added
[WARNING] [32mVERBOSE[0m Callback method :onCreate in Class com.m.s.AdActivity added
[WARNING] [32mVERBOSE[0m Callback method :onCreateDialog in Class com.cat.pianocxc.Settings added
[WARNING] [32mVERBOSE[0m Callback method :onStop in Class com.cat.pianocxc.Settings added
[WARNING] [32mVERBOSE[0m Callback method :onCreate in Class com.cat.pianocxc.Settings added
[WARNING] [32mVERBOSE[0m Callback method :onDestroy in Class com.cat.pianocxc.Settings added
[WARNING] [32mVERBOSE[0m Callback method :onStart in Class com.cat.pianocxc.Settings added
[WARNING] [32mVERBOSE[0m Callback method :onResume in Class com.cat.pianocxc.Settings added
[WARNING] [32mVERBOSE[0m Callback method :onKeyDown in Class com.cat.pianocxc.MainWindow added
[WARNING] [32mVERBOSE[0m Callback method :onSharedPreferenceChanged in Class com.cat.pianocxc.MainWindow added
[WARNING] [32mVERBOSE[0m Callback method :onCreateDialog in Class com.cat.pianocxc.MainWindow added
[WARNING] [32mVERBOSE[0m Callback method :onPrepareDialog in Class com.cat.pianocxc.MainWindow added
[WARNING] [32mVERBOSE[0m Callback method :onPrepareOptionsMenu in Class com.cat.pianocxc.MainWindow added
[WARNING] [32mVERBOSE[0m Callback method :onStop in Class com.cat.pianocxc.MainWindow added
[WARNING] [32mVERBOSE[0m Callback method :onCreate in Class com.cat.pianocxc.MainWindow added
[WARNING] [32mVERBOSE[0m Callback method :onCreateOptionsMenu in Class com.cat.pianocxc.MainWindow added
[WARNING] [32mVERBOSE[0m Callback method :onDestroy in Class com.cat.pianocxc.MainWindow added
[WARNING] [32mVERBOSE[0m Callback method :onStart in Class com.cat.pianocxc.MainWindow added
[WARNING] [32mVERBOSE[0m Callback method :onActivityResult in Class com.cat.pianocxc.MainWindow added
[WARNING] [32mVERBOSE[0m Callback method :onOptionsItemSelected in Class com.cat.pianocxc.MainWindow added
[WARNING] [32mVERBOSE[0m Callback method :onResume in Class com.cat.pianocxc.MainWindow added
[WARNING] [32mVERBOSE[0m Callback method :onFinishInflate in Class com.cat.pianocxc.PianoView added
[WARNING] [32mVERBOSE[0m Callback method :onReceive in Class com.cat.pianocxc.BillingReceiver added
[WARNING] [32mVERBOSE[0m Callback method :onKeyDown in Class com.cat.pianocxc.LearnModeActivity added
[WARNING] [32mVERBOSE[0m Callback method :onSharedPreferenceChanged in Class com.cat.pianocxc.LearnModeActivity added
[WARNING] [32mVERBOSE[0m Callback method :onCreateDialog in Class com.cat.pianocxc.LearnModeActivity added
[WARNING] [32mVERBOSE[0m Callback method :onStop in Class com.cat.pianocxc.LearnModeActivity added
[WARNING] [32mVERBOSE[0m Callback method :onCreate in Class com.cat.pianocxc.LearnModeActivity added
[WARNING] [32mVERBOSE[0m Callback method :onCreateOptionsMenu in Class com.cat.pianocxc.LearnModeActivity added
[WARNING] [32mVERBOSE[0m Callback method :onDestroy in Class com.cat.pianocxc.LearnModeActivity added
[WARNING] [32mVERBOSE[0m Callback method :onStart in Class com.cat.pianocxc.LearnModeActivity added
[WARNING] [32mVERBOSE[0m Callback method :onActivityResult in Class com.cat.pianocxc.LearnModeActivity added
[WARNING] [32mVERBOSE[0m Callback method :onOptionsItemSelected in Class com.cat.pianocxc.LearnModeActivity added
[WARNING] [32mVERBOSE[0m Callback method :onResume in Class com.cat.pianocxc.LearnModeActivity added
[WARNING] [32mVERBOSE[0m Callback method :onTransact in Class com.android.vending.billing.IMarketBillingService$Stub added
[WARNING] [32mVERBOSE[0m Callback method :onFinishInflate in Class com.cat.pianocxc.Navigator added
[WARNING] [32mVERBOSE[0m Callback method :onBind in Class com.cat.pianocxc.DownloadService added
0 ICC links found and 0 cg edges added due to ICC links
dynamic conflated call graph: 206 methods; 206 nodes; 271 edges.
maxpossibleFlows=5
maxpossibleFlows=5
maxpossibleFlows=5
maxpossibleFlows=5
maxpossibleFlows=5
maxpossibleFlows=5
maxpossibleFlows=4
maxpossibleFlows=5
maxpossibleFlows=5
maxpossibleFlows=5
maxpossibleFlows=5
maxpossibleFlows=5
maxpossibleFlows=5
maxpossibleFlows=5
maxpossibleFlows=4
maxpossibleFlows=5
maxpossibleFlows=5
maxpossibleFlows=5
maxpossibleFlows=5
maxpossibleFlows=5
maxpossibleFlows=5
maxpossibleFlows=5
maxpossibleFlows=4
maxpossibleFlows=5
maxpossibleFlows=6
maxpossibleFlows=4
maxpossibleFlows=4
maxpossibleFlows=4
maxpossibleFlows=4
maxpossibleFlows=4
maxpossibleFlows=4
maxpossibleFlows=4
maxpossibleFlows=4
maxpossibleFlows=4
maxpossibleFlows=4
maxpossibleFlows=4
maxpossibleFlows=4
maxpossibleFlows=4
maxpossibleFlows=4
maxpossibleFlows=4
maxpossibleFlows=4
maxpossibleFlows=4
maxpossibleFlows=4
maxpossibleFlows=4
maxpossibleFlows=4
maxpossibleFlows=4
maxpossibleFlows=4
maxpossibleFlows=4
maxpossibleFlows=4
maxpossibleFlows=5
maxpossibleFlows=6
maxpossibleFlows=6
maxpossibleFlows=5
5 taint flow paths FOUND from <android.view.ContextThemeWrapper: android.content.res.Resources getResources()> to <android.app.Activity: void setContentView(android.view.View)>
maxpossibleFlows=2
maxpossibleFlows=2
maxpossibleFlows=2
maxpossibleFlows=2
maxpossibleFlows=2
maxpossibleFlows=2
maxpossibleFlows=2
maxpossibleFlows=2
maxpossibleFlows=4
maxpossibleFlows=4
maxpossibleFlows=4
maxpossibleFlows=4
maxpossibleFlows=4
maxpossibleFlows=4
maxpossibleFlows=4
maxpossibleFlows=4
maxpossibleFlows=5
maxpossibleFlows=6
maxpossibleFlows=6
maxpossibleFlows=5
maxpossibleFlows=6
maxpossibleFlows=6
maxpossibleFlows=6
maxpossibleFlows=5
maxpossibleFlows=5
maxpossibleFlows=5
maxpossibleFlows=6
maxpossibleFlows=6
maxpossibleFlows=5
maxpossibleFlows=6
maxpossibleFlows=6
maxpossibleFlows=6
maxpossibleFlows=5
maxpossibleFlows=2
maxpossibleFlows=5
maxpossibleFlows=6
maxpossibleFlows=6
maxpossibleFlows=5
5 taint flow paths FOUND from <java.lang.StringBuilder: java.lang.String toString()> to <android.app.Activity: void setContentView(android.view.View)>
maxpossibleFlows=5
maxpossibleFlows=6
maxpossibleFlows=6
maxpossibleFlows=5
5 taint flow paths FOUND from <android.app.Activity: android.view.WindowManager getWindowManager()> to <android.app.Activity: void setContentView(android.view.View)>
maxpossibleFlows=6
maxpossibleFlows=6
6 taint flow paths FOUND from <android.view.View: android.content.Context getContext()> to <android.util.Log: int e(java.lang.String,java.lang.String)>
maxpossibleFlows=5
maxpossibleFlows=5
maxpossibleFlows=5
maxpossibleFlows=5
maxpossibleFlows=5
maxpossibleFlows=5
maxpossibleFlows=4
maxpossibleFlows=5
maxpossibleFlows=5
maxpossibleFlows=6
maxpossibleFlows=6
4 taint flow paths FOUND from <android.content.ContextWrapper: android.content.Context getApplicationContext()> to <android.view.Window: void setFlags(int,int)>
maxpossibleFlows=5
maxpossibleFlows=6
maxpossibleFlows=6
6 taint flow paths FOUND from <android.app.Activity: android.view.Window getWindow()> to <android.view.Window: void setFlags(int,int)>
maxpossibleFlows=5
maxpossibleFlows=6
maxpossibleFlows=5
maxpossibleFlows=5
maxpossibleFlows=6
6 taint flow paths FOUND from <android.content.ContextWrapper: java.lang.String getPackageName()> to <android.view.View: void setBackgroundResource(int)>
maxpossibleFlows=6
maxpossibleFlows=6
maxpossibleFlows=6
6 taint flow paths FOUND from <android.content.ContextWrapper: android.content.pm.PackageManager getPackageManager()> to <android.view.View: void setBackgroundResource(int)>
maxpossibleFlows=5
maxpossibleFlows=4
maxpossibleFlows=4
maxpossibleFlows=4
maxpossibleFlows=4
maxpossibleFlows=6
maxpossibleFlows=4
maxpossibleFlows=4
maxpossibleFlows=5
maxpossibleFlows=4
maxpossibleFlows=5
maxpossibleFlows=5
maxpossibleFlows=5
maxpossibleFlows=4
maxpossibleFlows=4
maxpossibleFlows=4
maxpossibleFlows=5
maxpossibleFlows=2
maxpossibleFlows=4
maxpossibleFlows=5
maxpossibleFlows=5
maxpossibleFlows=5
maxpossibleFlows=5
maxpossibleFlows=5
maxpossibleFlows=5
maxpossibleFlows=5
maxpossibleFlows=5
maxpossibleFlows=4
maxpossibleFlows=6
maxpossibleFlows=6
maxpossibleFlows=5
maxpossibleFlows=5
maxpossibleFlows=5
maxpossibleFlows=4
maxpossibleFlows=4
maxpossibleFlows=4
maxpossibleFlows=6
maxpossibleFlows=2
maxpossibleFlows=4
maxpossibleFlows=6
maxpossibleFlows=6
maxpossibleFlows=6
maxpossibleFlows=6
maxpossibleFlows=5
maxpossibleFlows=6
maxpossibleFlows=6
maxpossibleFlows=5
maxpossibleFlows=4
maxpossibleFlows=5
maxpossibleFlows=5
maxpossibleFlows=5
maxpossibleFlows=4
maxpossibleFlows=4
maxpossibleFlows=4
maxpossibleFlows=6
maxpossibleFlows=2
maxpossibleFlows=4
maxpossibleFlows=6
maxpossibleFlows=6
maxpossibleFlows=6
maxpossibleFlows=6
maxpossibleFlows=5
maxpossibleFlows=6
4 taint flow paths FOUND from <android.content.ContextWrapper: android.content.Context getApplicationContext()> to <android.view.Window: void setFlags(int,int)>
maxpossibleFlows=6
6 taint flow paths FOUND from <android.content.ContextWrapper: java.lang.String getPackageName()> to <android.view.View: void setBackgroundResource(int)>
maxpossibleFlows=6
6 taint flow paths FOUND from <android.content.ContextWrapper: java.lang.String getPackageName()> to <android.widget.ProgressBar: void setVisibility(int)>
maxpossibleFlows=5
maxpossibleFlows=5
maxpossibleFlows=5
maxpossibleFlows=4
maxpossibleFlows=4
maxpossibleFlows=4
maxpossibleFlows=5
5 taint flow paths FOUND from <android.view.ContextThemeWrapper: android.content.res.Resources getResources()> to <android.app.Activity: void setContentView(android.view.View)>
maxpossibleFlows=6
6 taint flow paths FOUND from <android.content.ContextWrapper: java.lang.String getPackageName()> to <android.app.Activity: void startActivity(android.content.Intent)>
maxpossibleFlows=6
maxpossibleFlows=6
maxpossibleFlows=6
maxpossibleFlows=6
maxpossibleFlows=6
6 taint flow paths FOUND from <android.content.ContextWrapper: java.lang.String getPackageName()> to <android.view.View: void setVisibility(int)>
maxpossibleFlows=5
maxpossibleFlows=5
maxpossibleFlows=5
maxpossibleFlows=4
maxpossibleFlows=4
maxpossibleFlows=4
maxpossibleFlows=6
6 taint flow paths FOUND from <android.view.ContextThemeWrapper: android.content.res.Resources getResources()> to <android.app.Activity: void setVolumeControlStream(int)>
maxpossibleFlows=5
maxpossibleFlows=5
maxpossibleFlows=5
maxpossibleFlows=6
maxpossibleFlows=4
maxpossibleFlows=4
maxpossibleFlows=4
maxpossibleFlows=6
maxpossibleFlows=2
maxpossibleFlows=4
maxpossibleFlows=6
maxpossibleFlows=6
maxpossibleFlows=6
6 taint flow paths FOUND from <java.lang.StringBuilder: java.lang.String toString()> to <android.util.Log: int e(java.lang.String,java.lang.String)>
maxpossibleFlows=4
maxpossibleFlows=4
maxpossibleFlows=4
maxpossibleFlows=4
maxpossibleFlows=4
maxpossibleFlows=4
maxpossibleFlows=4
maxpossibleFlows=2
maxpossibleFlows=4
maxpossibleFlows=5
maxpossibleFlows=5
maxpossibleFlows=4
maxpossibleFlows=4
maxpossibleFlows=4
maxpossibleFlows=5
maxpossibleFlows=4
maxpossibleFlows=4
maxpossibleFlows=5
maxpossibleFlows=5
maxpossibleFlows=5
maxpossibleFlows=5
maxpossibleFlows=4
maxpossibleFlows=4
maxpossibleFlows=4
maxpossibleFlows=5
maxpossibleFlows=2
maxpossibleFlows=4
maxpossibleFlows=5
maxpossibleFlows=2
maxpossibleFlows=4
maxpossibleFlows=5
maxpossibleFlows=5
maxpossibleFlows=5
maxpossibleFlows=5
maxpossibleFlows=5
maxpossibleFlows=4
[WARNING] [32mVERBOSE[0m Callback method :onFinishInflate in Class com.cat.pianocxc.KeyBoards
[WARNING] [32mVERBOSE[0m Callback method :onSharedPreferenceChanged in Class com.cat.pianocxc.KeyBoards
[WARNING] [32mVERBOSE[0m Callback method :onTouchEvent in Class com.cat.pianocxc.KeyBoards
[WARNING] [32mVERBOSE[0m Callback method :surfaceChanged in Class com.cat.pianocxc.KeyBoards
[WARNING] [32mVERBOSE[0m Callback method :surfaceCreated in Class com.cat.pianocxc.KeyBoards
[WARNING] [32mVERBOSE[0m Callback method :surfaceDestroyed in Class com.cat.pianocxc.KeyBoards
[WARNING] [32mVERBOSE[0m Callback method :onSharedPreferenceChanged in Class com.cat.pianocxc.DropArea
[WARNING] [32mVERBOSE[0m Callback method :onTouchEvent in Class com.cat.pianocxc.DropArea
[WARNING] [32mVERBOSE[0m Callback method :surfaceChanged in Class com.cat.pianocxc.DropArea
[WARNING] [32mVERBOSE[0m Callback method :surfaceCreated in Class com.cat.pianocxc.DropArea
[WARNING] [32mVERBOSE[0m Callback method :surfaceDestroyed in Class com.cat.pianocxc.DropArea
Result for malicious-app-6025-7016F619494DC23EC79EB07CBE6661B2EEE53D5C6BF37C460BC9CCFF98F3FC49.apkcom.cat.pianocxc