DUA-Forensics args to Soot: -w -cp /home/handrick/Documents/TU_Darmstadt/benchmark/libs/droidfax.jar:/home/handrick/Android/Sdk/platforms/android-19/android.jar -p cg verbose:false,implicit-entry:true -p cg.spark verbose:false,on-fly-cg:true,rta:false -d /home/handrick/Documents/TU_Darmstadt/benchmark/trace/180/2/droidbot/malicious-app-6040-1F22B982A7A73F66413100550DD2C8E1F5AD295716ED4DF43E92F40BB09973E3.apk.logcat -process-dir /home/handrick/Documents/TU_Darmstadt/benchmark/data/input/malicious-app-6040-1F22B982A7A73F66413100550DD2C8E1F5AD295716ED4DF43E92F40BB09973E3.apk 
Soot started on Fri Apr 21 17:32:02 CEST 2023
Warning: com.ironsource.mobilcore.BaseFlowBasedAdUnit is a phantom class!
Warning: java.lang.invoke.LambdaMetafactory is a phantom class!
Warning: java.lang.ref.Finalizer is a phantom class!
Warning: com.google.ads.AdRequest is a phantom class!
Warning: com.google.ads.AdSize is a phantom class!
Warning: com.google.ads.AdView is a phantom class!
Warning: com.google.api.client.escape.PercentEscaper is a phantom class!
[Call Graph] For information on where the call graph may be incomplete, use the verbose option to the cg phase.
[Spark] Pointer Assignment Graph in 0.0 seconds.
[Spark] Type masks in 0.0 seconds.
[Spark] Pointer Graph simplified in 0.0 seconds.
[Spark] Propagation in 0.0 seconds.
[Spark] Solution found in 0.0 seconds.
hcai's internal transform
Running static analysis for method/class coverage characterization
0 ICC links found and 0 cg edges added due to ICC links
dynamic conflated call graph: 2 methods; 2 nodes; 1 edges.
feature-vector-key = malicious-app-6040-1F22B982A7A73F66413100550DD2C8E1F5AD295716ED4DF43E92F40BB09973E3.apk
Result for malicious-app-6040-1F22B982A7A73F66413100550DD2C8E1F5AD295716ED4DF43E92F40BB09973E3.apkcom.easyGame.Rockbymsr