DUA-Forensics args to Soot: -w -cp /home/handrick/Documents/TU_Darmstadt/benchmark/libs/droidfax.jar:/home/handrick/Android/Sdk/platforms/android-19/android.jar -p cg verbose:false,implicit-entry:true -p cg.spark verbose:false,on-fly-cg:true,rta:false -d /home/handrick/Documents/TU_Darmstadt/benchmark/trace/180/3/droidbot/benign-app-6036-A4A3E13091ACF993598074B069C49347A5939A65CE481D6F2FF40454BFDD5931.apk.logcat -process-dir /home/handrick/Documents/TU_Darmstadt/benchmark/data/input/benign-app-6036-A4A3E13091ACF993598074B069C49347A5939A65CE481D6F2FF40454BFDD5931.apk 
Soot started on Fri Apr 21 11:33:00 CEST 2023
Warning: com.ironsource.mobilcore.BaseFlowBasedAdUnit is a phantom class!
Warning: java.lang.invoke.LambdaMetafactory is a phantom class!
Warning: java.lang.ref.Finalizer is a phantom class!
Warning: com.flurry.android.InstallReceiver is a phantom class!
[Call Graph] For information on where the call graph may be incomplete, use the verbose option to the cg phase.
[Spark] Pointer Assignment Graph in 0.1 seconds.
[Spark] Type masks in 0.0 seconds.
[Spark] Pointer Graph simplified in 0.0 seconds.
[Spark] Propagation in 0.0 seconds.
[Spark] Solution found in 0.0 seconds.
hcai's internal transform
Running static analysis for security-relevant feature characterization
[GatorHierarchy] [32mVERBOSE[0m [HIER] All classes: 1463
[GatorHierarchy] [32mVERBOSE[0m [App: 449, Lib : 1010, Phantom: 4]
[GatorHierarchy] [32mVERBOSE[0m [HIER] Activities: 7, lib activities: 1
[GatorHierarchy] [32mVERBOSE[0m [HIER] App views: 16, Lib views: 16
[GatorHierarchy] [32mVERBOSE[0m [HIER] App Dialogs: 5, Lib Dialogs: 4
[TIMECOST] [32mVERBOSE[0m buildApplicationCodeMap parsing starting at 1682069581511
[TIMECOST] [32mVERBOSE[0m buildApplicationCodeMap parsing finished at 1682069587382
[Instantiated app classes] [32mVERBOSE[0m total number: 391
[WARNING] [32mVERBOSE[0m Callback method :handleMessage in Class com.doodlemobile.gamecenter.DoodleMobileAnaylise$2 added
[WARNING] [32mVERBOSE[0m Callback method :onKeyDown in Class com.doodlemobile.basket.GameActivity added
[WARNING] [32mVERBOSE[0m Callback method :onPause in Class com.doodlemobile.basket.GameActivity added
[WARNING] [32mVERBOSE[0m Callback method :onCreate in Class com.doodlemobile.basket.GameActivity added
[WARNING] [32mVERBOSE[0m Callback method :onKeyUp in Class com.doodlemobile.basket.GameActivity added
[WARNING] [32mVERBOSE[0m Callback method :onDestroy in Class com.doodlemobile.basket.GameActivity added
[WARNING] [32mVERBOSE[0m Callback method :onResume in Class com.doodlemobile.basket.GameActivity added
[WARNING] [32mVERBOSE[0m Callback method :onCreate in Class com.doodlemobile.gamecenter.facebook.stream.App added
[WARNING] [32mVERBOSE[0m Callback method :onActivityResult in Class com.doodlemobile.gamecenter.facebook.stream.App added
[WARNING] [32mVERBOSE[0m Callback method :finish in Class com.flurry.android.CatalogActivity added
[WARNING] [32mVERBOSE[0m Callback method :onCreate in Class com.flurry.android.CatalogActivity added
[WARNING] [32mVERBOSE[0m Callback method :onDestroy in Class com.flurry.android.CatalogActivity added
[WARNING] [32mVERBOSE[0m Callback method :onClick in Class com.flurry.android.CatalogActivity added
[WARNING] [32mVERBOSE[0m Callback method :dispatchDraw in Class com.doodlemobile.gamecenter.DMTabWidget added
[WARNING] [32mVERBOSE[0m Callback method :addView in Class com.doodlemobile.gamecenter.DMTabWidget added
[WARNING] [32mVERBOSE[0m Callback method :setEnabled in Class com.doodlemobile.gamecenter.DMTabWidget added
[WARNING] [32mVERBOSE[0m Callback method :onFocusChange in Class com.doodlemobile.gamecenter.DMTabWidget added
[WARNING] [32mVERBOSE[0m Callback method :onSizeChanged in Class com.doodlemobile.gamecenter.DMTabWidget added
[WARNING] [32mVERBOSE[0m Callback method :childDrawableStateChanged in Class com.doodlemobile.gamecenter.DMTabWidget added
[WARNING] [32mVERBOSE[0m Callback method :getChildDrawingOrder in Class com.doodlemobile.gamecenter.DMTabWidget added
[WARNING] [32mVERBOSE[0m Callback method :onCreate in Class com.ccx.xm.AdActivity added
[WARNING] [32mVERBOSE[0m Callback method :setBackgroundColor in Class com.doodlemobile.gamecenter.FeatureView added
[WARNING] [32mVERBOSE[0m Callback method :onWindowVisibilityChanged in Class com.doodlemobile.gamecenter.FeatureView added
[WARNING] [32mVERBOSE[0m Callback method :dispatchWindowFocusChanged in Class com.doodlemobile.gamecenter.DMTabHost added
[WARNING] [32mVERBOSE[0m Callback method :onDetachedFromWindow in Class com.doodlemobile.gamecenter.DMTabHost added
[WARNING] [32mVERBOSE[0m Callback method :onAttachedToWindow in Class com.doodlemobile.gamecenter.DMTabHost added
[WARNING] [32mVERBOSE[0m Callback method :onTouchModeChanged in Class com.doodlemobile.gamecenter.DMTabHost added
[WARNING] [32mVERBOSE[0m Callback method :dispatchKeyEvent in Class com.doodlemobile.gamecenter.DMTabHost added
[WARNING] [32mVERBOSE[0m Callback method :onReceive in Class com.games.AdReciver added
[WARNING] [32mVERBOSE[0m Callback method :onKeyDown in Class com.doodlemobile.basket.GameActivity added
[WARNING] [32mVERBOSE[0m Callback method :onPause in Class com.forthblue.diknkyl.Main added
[WARNING] [32mVERBOSE[0m Callback method :onStop in Class com.forthblue.diknkyl.Main added
[WARNING] [32mVERBOSE[0m Callback method :onCreate in Class com.forthblue.diknkyl.Main added
[WARNING] [32mVERBOSE[0m Callback method :onKeyUp in Class com.doodlemobile.basket.GameActivity added
[WARNING] [32mVERBOSE[0m Callback method :onDestroy in Class com.forthblue.diknkyl.Main added
[WARNING] [32mVERBOSE[0m Callback method :onStart in Class com.forthblue.diknkyl.Main added
[WARNING] [32mVERBOSE[0m Callback method :onResume in Class com.doodlemobile.basket.GameActivity added
[WARNING] [32mVERBOSE[0m Callback method :onCreateDialog in Class com.doodlemobile.gamecenter.GameTestActivity added
[WARNING] [32mVERBOSE[0m Callback method :onStop in Class com.doodlemobile.gamecenter.GameTestActivity added
[WARNING] [32mVERBOSE[0m Callback method :onCreate in Class com.doodlemobile.gamecenter.GameTestActivity added
[WARNING] [32mVERBOSE[0m Callback method :onStart in Class com.doodlemobile.gamecenter.GameTestActivity added
[WARNING] [32mVERBOSE[0m Callback method :onKeyDown in Class com.doodlemobile.gamecenter.GameCenterActivity added
[WARNING] [32mVERBOSE[0m Callback method :onCreateDialog in Class com.doodlemobile.gamecenter.GameCenterActivity added
[WARNING] [32mVERBOSE[0m Callback method :onPrepareDialog in Class com.doodlemobile.gamecenter.GameCenterActivity added
[WARNING] [32mVERBOSE[0m Callback method :onNewIntent in Class com.doodlemobile.gamecenter.GameCenterActivity added
[WARNING] [32mVERBOSE[0m Callback method :onCreate in Class com.doodlemobile.gamecenter.GameCenterActivity added
[WARNING] [32mVERBOSE[0m Callback method :onActivityResult in Class com.doodlemobile.gamecenter.GameCenterActivity added
0 ICC links found and 0 cg edges added due to ICC links
dynamic conflated call graph: 694 methods; 694 nodes; 1044 edges.
maxpossibleFlows=1
maxpossibleFlows=1
maxpossibleFlows=1
maxpossibleFlows=1
maxpossibleFlows=1
maxpossibleFlows=1
maxpossibleFlows=1
maxpossibleFlows=1
maxpossibleFlows=1
maxpossibleFlows=1
maxpossibleFlows=1
1 taint flow paths FOUND from <android.content.ContextWrapper: android.content.res.AssetManager getAssets()> to <android.content.ContextWrapper: java.io.FileOutputStream openFileOutput(java.lang.String,int)>
maxpossibleFlows=1
maxpossibleFlows=1
maxpossibleFlows=1
maxpossibleFlows=1
maxpossibleFlows=1
maxpossibleFlows=1
maxpossibleFlows=1
maxpossibleFlows=1
maxpossibleFlows=1
maxpossibleFlows=2
maxpossibleFlows=2
maxpossibleFlows=2
maxpossibleFlows=1
maxpossibleFlows=1
maxpossibleFlows=1
maxpossibleFlows=1
maxpossibleFlows=1
maxpossibleFlows=1
maxpossibleFlows=1
maxpossibleFlows=1
maxpossibleFlows=1
maxpossibleFlows=1
maxpossibleFlows=19
19 taint flow paths FOUND from <android.view.ContextThemeWrapper: android.content.res.Resources getResources()> to <android.content.res.Resources: java.io.InputStream openRawResource(int)>
maxpossibleFlows=1
maxpossibleFlows=1
maxpossibleFlows=1
maxpossibleFlows=1
maxpossibleFlows=1
maxpossibleFlows=1
maxpossibleFlows=1
maxpossibleFlows=1
maxpossibleFlows=1
maxpossibleFlows=1
maxpossibleFlows=1
maxpossibleFlows=1
maxpossibleFlows=1
maxpossibleFlows=1
maxpossibleFlows=1
maxpossibleFlows=1
maxpossibleFlows=1
maxpossibleFlows=1
maxpossibleFlows=1
maxpossibleFlows=1
maxpossibleFlows=1
maxpossibleFlows=1
maxpossibleFlows=1
maxpossibleFlows=1
maxpossibleFlows=1
maxpossibleFlows=1
maxpossibleFlows=1
maxpossibleFlows=1
maxpossibleFlows=2
maxpossibleFlows=1
maxpossibleFlows=1
maxpossibleFlows=2
maxpossibleFlows=2
maxpossibleFlows=1
maxpossibleFlows=1
maxpossibleFlows=1
maxpossibleFlows=1
maxpossibleFlows=1
maxpossibleFlows=1
maxpossibleFlows=1
maxpossibleFlows=2
2 taint flow paths FOUND from <android.os.Bundle: java.lang.String getString(java.lang.String)> to <android.util.Log: int d(java.lang.String,java.lang.String)>
maxpossibleFlows=1
maxpossibleFlows=1
maxpossibleFlows=1
maxpossibleFlows=1
maxpossibleFlows=1
maxpossibleFlows=1
maxpossibleFlows=1
maxpossibleFlows=1
maxpossibleFlows=1
maxpossibleFlows=1
maxpossibleFlows=1
maxpossibleFlows=1
maxpossibleFlows=1
maxpossibleFlows=1
maxpossibleFlows=1
maxpossibleFlows=1
maxpossibleFlows=1
maxpossibleFlows=1
maxpossibleFlows=1
maxpossibleFlows=4
4 taint flow paths FOUND from <java.lang.String: byte[] getBytes()> to <java.io.OutputStream: void write(byte[])>
maxpossibleFlows=1
maxpossibleFlows=1
maxpossibleFlows=1
maxpossibleFlows=2
maxpossibleFlows=1
maxpossibleFlows=1
maxpossibleFlows=3
1 taint flow paths FOUND from <android.net.ConnectivityManager: android.net.NetworkInfo getActiveNetworkInfo()> to <org.json.JSONObject: org.json.JSONObject put(java.lang.String,long)>
maxpossibleFlows=2
maxpossibleFlows=4
maxpossibleFlows=2
maxpossibleFlows=1
maxpossibleFlows=1
maxpossibleFlows=1
maxpossibleFlows=1
maxpossibleFlows=1
maxpossibleFlows=1
maxpossibleFlows=1
maxpossibleFlows=1
maxpossibleFlows=2
1 taint flow paths FOUND from <android.view.View: android.content.Context getContext()> to <android.widget.TextView: void setText(java.lang.CharSequence)>
maxpossibleFlows=1
maxpossibleFlows=1
maxpossibleFlows=1
maxpossibleFlows=1
maxpossibleFlows=1
maxpossibleFlows=1
maxpossibleFlows=1
maxpossibleFlows=1
maxpossibleFlows=1
maxpossibleFlows=1
maxpossibleFlows=1
maxpossibleFlows=1
1 taint flow paths FOUND from <android.content.ContextWrapper: android.content.pm.ApplicationInfo getApplicationInfo()> to <android.content.ContextWrapper: java.io.FileOutputStream openFileOutput(java.lang.String,int)>
maxpossibleFlows=1
maxpossibleFlows=1
maxpossibleFlows=4
maxpossibleFlows=1
maxpossibleFlows=1
maxpossibleFlows=1
maxpossibleFlows=1
maxpossibleFlows=4
maxpossibleFlows=1
maxpossibleFlows=1
maxpossibleFlows=1
maxpossibleFlows=2
maxpossibleFlows=1
maxpossibleFlows=1
1 taint flow paths FOUND from <java.lang.StringBuilder: java.lang.String toString()> to <android.content.ContextWrapper: java.io.FileOutputStream openFileOutput(java.lang.String,int)>
maxpossibleFlows=1
maxpossibleFlows=1
maxpossibleFlows=1
maxpossibleFlows=1
maxpossibleFlows=1
maxpossibleFlows=1
maxpossibleFlows=1
maxpossibleFlows=1
maxpossibleFlows=1
maxpossibleFlows=1
maxpossibleFlows=1
maxpossibleFlows=1
maxpossibleFlows=1
maxpossibleFlows=1
maxpossibleFlows=1
maxpossibleFlows=1
maxpossibleFlows=1
maxpossibleFlows=1
maxpossibleFlows=1
maxpossibleFlows=1
maxpossibleFlows=2
maxpossibleFlows=1
maxpossibleFlows=1
maxpossibleFlows=1
maxpossibleFlows=1
maxpossibleFlows=1
maxpossibleFlows=1
maxpossibleFlows=1
maxpossibleFlows=1
maxpossibleFlows=2
maxpossibleFlows=1
maxpossibleFlows=2
maxpossibleFlows=1
maxpossibleFlows=1
maxpossibleFlows=1
maxpossibleFlows=1
maxpossibleFlows=1
maxpossibleFlows=1
maxpossibleFlows=1
maxpossibleFlows=1
maxpossibleFlows=1
maxpossibleFlows=1
maxpossibleFlows=1
maxpossibleFlows=1
maxpossibleFlows=1
maxpossibleFlows=1
maxpossibleFlows=1
maxpossibleFlows=1
maxpossibleFlows=1
maxpossibleFlows=1
maxpossibleFlows=1
maxpossibleFlows=3
maxpossibleFlows=1
maxpossibleFlows=1
maxpossibleFlows=1
maxpossibleFlows=1
maxpossibleFlows=3
maxpossibleFlows=1
maxpossibleFlows=1
maxpossibleFlows=1
maxpossibleFlows=1
maxpossibleFlows=1
maxpossibleFlows=1
maxpossibleFlows=1
maxpossibleFlows=1
maxpossibleFlows=1
maxpossibleFlows=1
maxpossibleFlows=1
maxpossibleFlows=1
maxpossibleFlows=1
maxpossibleFlows=1
maxpossibleFlows=1
maxpossibleFlows=2
maxpossibleFlows=1
maxpossibleFlows=1
maxpossibleFlows=4
4 taint flow paths FOUND from <android.app.Activity: java.lang.Object getSystemService(java.lang.String)> to <org.json.JSONObject: org.json.JSONObject put(java.lang.String,long)>
maxpossibleFlows=1
maxpossibleFlows=1
maxpossibleFlows=1
maxpossibleFlows=2
maxpossibleFlows=1
maxpossibleFlows=1
maxpossibleFlows=2
1 taint flow paths FOUND from <android.net.NetworkInfo: java.lang.String getTypeName()> to <org.json.JSONObject: org.json.JSONObject put(java.lang.String,long)>
maxpossibleFlows=1
maxpossibleFlows=14
maxpossibleFlows=1
maxpossibleFlows=1
maxpossibleFlows=1
maxpossibleFlows=1
maxpossibleFlows=1
maxpossibleFlows=1
maxpossibleFlows=1
maxpossibleFlows=1
maxpossibleFlows=1
maxpossibleFlows=1
maxpossibleFlows=1
maxpossibleFlows=1
maxpossibleFlows=1
maxpossibleFlows=1
maxpossibleFlows=1
maxpossibleFlows=1
maxpossibleFlows=1
maxpossibleFlows=1
maxpossibleFlows=1
maxpossibleFlows=1
maxpossibleFlows=1
maxpossibleFlows=1
maxpossibleFlows=1
maxpossibleFlows=1
maxpossibleFlows=1
maxpossibleFlows=1
maxpossibleFlows=1
maxpossibleFlows=1
maxpossibleFlows=2
maxpossibleFlows=1
maxpossibleFlows=1
maxpossibleFlows=1
maxpossibleFlows=1
1 taint flow paths FOUND from <android.content.ContextWrapper: java.lang.String getPackageName()> to <android.app.Activity: void startActivity(android.content.Intent)>
maxpossibleFlows=1
maxpossibleFlows=1
maxpossibleFlows=1
maxpossibleFlows=1
maxpossibleFlows=1
maxpossibleFlows=19
19 taint flow paths FOUND from <android.view.ContextThemeWrapper: android.content.res.Resources getResources()> to <android.content.res.Resources: java.io.InputStream openRawResource(int)>
maxpossibleFlows=2
maxpossibleFlows=2
maxpossibleFlows=2
maxpossibleFlows=2
1 taint flow paths FOUND from <android.view.View: android.content.Context getContext()> to <android.widget.TextView: void setText(java.lang.CharSequence)>
maxpossibleFlows=1
maxpossibleFlows=1
maxpossibleFlows=1
maxpossibleFlows=1
maxpossibleFlows=1
maxpossibleFlows=1
maxpossibleFlows=1
maxpossibleFlows=1
maxpossibleFlows=1
maxpossibleFlows=1
maxpossibleFlows=1
maxpossibleFlows=1
maxpossibleFlows=1
maxpossibleFlows=1
maxpossibleFlows=1
maxpossibleFlows=1
maxpossibleFlows=1
maxpossibleFlows=1
maxpossibleFlows=1
maxpossibleFlows=1
maxpossibleFlows=1
maxpossibleFlows=1
maxpossibleFlows=1
maxpossibleFlows=1
maxpossibleFlows=1
maxpossibleFlows=1
maxpossibleFlows=1
maxpossibleFlows=1
maxpossibleFlows=1
maxpossibleFlows=1
maxpossibleFlows=1
maxpossibleFlows=1
maxpossibleFlows=1
1 taint flow paths FOUND from <android.content.ContextWrapper: android.content.res.AssetManager getAssets()> to <android.content.ContextWrapper: java.io.FileOutputStream openFileOutput(java.lang.String,int)>
maxpossibleFlows=1
maxpossibleFlows=1
1 taint flow paths FOUND from <android.content.ContextWrapper: android.content.res.AssetManager getAssets()> to <java.io.OutputStream: void write(byte[])>
maxpossibleFlows=1
1 taint flow paths FOUND from <android.view.View: android.content.Context getContext()> to <android.app.Activity: void startActivity(android.content.Intent)>
maxpossibleFlows=1
maxpossibleFlows=1
maxpossibleFlows=1
maxpossibleFlows=1
maxpossibleFlows=1
maxpossibleFlows=1
maxpossibleFlows=1
maxpossibleFlows=1
maxpossibleFlows=1
maxpossibleFlows=1
maxpossibleFlows=1
maxpossibleFlows=1
maxpossibleFlows=1
maxpossibleFlows=1
maxpossibleFlows=1
maxpossibleFlows=1
maxpossibleFlows=1
maxpossibleFlows=1
maxpossibleFlows=1
maxpossibleFlows=1
maxpossibleFlows=1
maxpossibleFlows=1
maxpossibleFlows=1
maxpossibleFlows=1
maxpossibleFlows=1
maxpossibleFlows=1
maxpossibleFlows=1
maxpossibleFlows=1
maxpossibleFlows=1
maxpossibleFlows=1
maxpossibleFlows=1
maxpossibleFlows=1
maxpossibleFlows=1
maxpossibleFlows=1
maxpossibleFlows=1
maxpossibleFlows=4
maxpossibleFlows=1
maxpossibleFlows=1
maxpossibleFlows=1
maxpossibleFlows=1
maxpossibleFlows=1
maxpossibleFlows=1
maxpossibleFlows=1
maxpossibleFlows=1
maxpossibleFlows=1
maxpossibleFlows=1
maxpossibleFlows=1
maxpossibleFlows=1
maxpossibleFlows=4
maxpossibleFlows=1
maxpossibleFlows=1
maxpossibleFlows=1
maxpossibleFlows=1
maxpossibleFlows=1
maxpossibleFlows=1
maxpossibleFlows=3
maxpossibleFlows=1
maxpossibleFlows=1
maxpossibleFlows=1
maxpossibleFlows=14
maxpossibleFlows=1
maxpossibleFlows=1
maxpossibleFlows=1
maxpossibleFlows=1
maxpossibleFlows=1
maxpossibleFlows=1
maxpossibleFlows=1
maxpossibleFlows=1
maxpossibleFlows=1
maxpossibleFlows=1
maxpossibleFlows=1
maxpossibleFlows=1
maxpossibleFlows=1
maxpossibleFlows=1
maxpossibleFlows=1
maxpossibleFlows=2
maxpossibleFlows=3
1 taint flow paths FOUND from <android.net.ConnectivityManager: android.net.NetworkInfo getActiveNetworkInfo()> to <org.json.JSONObject: org.json.JSONObject put(java.lang.String,long)>
maxpossibleFlows=1
maxpossibleFlows=1
maxpossibleFlows=2
2 taint flow paths FOUND from <java.lang.String: byte[] getBytes()> to <android.util.Log: int w(java.lang.String,java.lang.String)>
maxpossibleFlows=1
maxpossibleFlows=1
maxpossibleFlows=1
maxpossibleFlows=1
maxpossibleFlows=2
2 taint flow paths FOUND from <android.os.Bundle: java.lang.String getString(java.lang.String)> to <android.util.Log: int d(java.lang.String,java.lang.String)>
maxpossibleFlows=2
maxpossibleFlows=2
maxpossibleFlows=4
maxpossibleFlows=2
maxpossibleFlows=4
4 taint flow paths FOUND from <java.lang.StringBuilder: java.lang.String toString()> to <android.util.Log: int e(java.lang.String,java.lang.String)>
maxpossibleFlows=1
maxpossibleFlows=1
maxpossibleFlows=1
maxpossibleFlows=1
maxpossibleFlows=1
maxpossibleFlows=2
maxpossibleFlows=2
maxpossibleFlows=2
maxpossibleFlows=2
2 taint flow paths FOUND from <android.view.View: android.content.Context getContext()> to <android.os.Handler: boolean sendEmptyMessageDelayed(int,long)>
maxpossibleFlows=1
maxpossibleFlows=2
2 taint flow paths FOUND from <android.content.ContextWrapper: android.content.res.AssetManager getAssets()> to <android.content.res.AssetManager: java.io.InputStream open(java.lang.String)>
[WARNING] [32mVERBOSE[0m Callback method :dispatchKeyEvent in Class com.doodlemobile.gamecenter.DMTabHost
[WARNING] [32mVERBOSE[0m Callback method :dispatchWindowFocusChanged in Class com.doodlemobile.gamecenter.DMTabHost
[WARNING] [32mVERBOSE[0m Callback method :onAttachedToWindow in Class com.doodlemobile.gamecenter.DMTabHost
[WARNING] [32mVERBOSE[0m Callback method :onDetachedFromWindow in Class com.doodlemobile.gamecenter.DMTabHost
[WARNING] [32mVERBOSE[0m Callback method :onTouchModeChanged in Class com.doodlemobile.gamecenter.DMTabHost
[WARNING] [32mVERBOSE[0m Callback method :addView in Class com.doodlemobile.gamecenter.DMTabWidget
[WARNING] [32mVERBOSE[0m Callback method :childDrawableStateChanged in Class com.doodlemobile.gamecenter.DMTabWidget
[WARNING] [32mVERBOSE[0m Callback method :dispatchDraw in Class com.doodlemobile.gamecenter.DMTabWidget
[WARNING] [32mVERBOSE[0m Callback method :getChildDrawingOrder in Class com.doodlemobile.gamecenter.DMTabWidget
[WARNING] [32mVERBOSE[0m Callback method :onFocusChange in Class com.doodlemobile.gamecenter.DMTabWidget
[WARNING] [32mVERBOSE[0m Callback method :onSizeChanged in Class com.doodlemobile.gamecenter.DMTabWidget
[WARNING] [32mVERBOSE[0m Callback method :setEnabled in Class com.doodlemobile.gamecenter.DMTabWidget
[WARNING] [32mVERBOSE[0m Callback method :<init> in Class com.flurry.android.CatalogActivity
[WARNING] [32mVERBOSE[0m Callback method :finish in Class com.flurry.android.CatalogActivity
[WARNING] [32mVERBOSE[0m Callback method :onClick in Class com.flurry.android.CatalogActivity
[WARNING] [32mVERBOSE[0m Callback method :onCreate in Class com.flurry.android.CatalogActivity
[WARNING] [32mVERBOSE[0m Callback method :onDestroy in Class com.flurry.android.CatalogActivity
Result for benign-app-6036-A4A3E13091ACF993598074B069C49347A5939A65CE481D6F2FF40454BFDD5931.apkcom.forthblue.diknkyl