DUA-Forensics args to Soot: -w -cp /home/handrick/Documents/TU_Darmstadt/benchmark/libs/droidfax.jar:/home/handrick/Android/Sdk/platforms/android-19/android.jar -p cg verbose:false,implicit-entry:true -p cg.spark verbose:false,on-fly-cg:true,rta:false -d /home/handrick/Documents/TU_Darmstadt/benchmark/trace/180/3/droidbot/malicious-app-6221-A871E0151673094EBA17822B8E90A84D11B23EF891DF86C55401E55E0473947D.apk.logcat -process-dir /home/handrick/Documents/TU_Darmstadt/benchmark/data/input/malicious-app-6221-A871E0151673094EBA17822B8E90A84D11B23EF891DF86C55401E55E0473947D.apk 
Soot started on Wed Apr 26 00:29:24 CEST 2023
Warning: com.ironsource.mobilcore.BaseFlowBasedAdUnit is a phantom class!
Warning: java.lang.invoke.LambdaMetafactory is a phantom class!
Warning: java.lang.ref.Finalizer is a phantom class!
Warning: com.google.ads.Ad is a phantom class!
Warning: com.google.ads.AdRequest$ErrorCode is a phantom class!
Warning: com.google.ads.InterstitialAd is a phantom class!
[Call Graph] For information on where the call graph may be incomplete, use the verbose option to the cg phase.
[Spark] Pointer Assignment Graph in 0.1 seconds.
[Spark] Type masks in 0.0 seconds.
[Spark] Pointer Graph simplified in 0.0 seconds.
[Spark] Propagation in 0.0 seconds.
[Spark] Solution found in 0.0 seconds.
hcai's internal transform
Running static analysis for security-relevant feature characterization
[GatorHierarchy] [32mVERBOSE[0m [HIER] All classes: 1045
[GatorHierarchy] [32mVERBOSE[0m [App: 136, Lib : 903, Phantom: 6]
[GatorHierarchy] [32mVERBOSE[0m [HIER] Activities: 4, lib activities: 1
[GatorHierarchy] [32mVERBOSE[0m [HIER] App views: 1, Lib views: 14
[GatorHierarchy] [32mVERBOSE[0m [HIER] App Dialogs: 0, Lib Dialogs: 3
[TIMECOST] [32mVERBOSE[0m buildApplicationCodeMap parsing starting at 1682461765923
[TIMECOST] [32mVERBOSE[0m buildApplicationCodeMap parsing finished at 1682461773271
[Instantiated app classes] [32mVERBOSE[0m total number: 138
[WARNING] [32mVERBOSE[0m Callback method :onKeyDown in Class com.tuhao.Zombiesmedd.ZombocalypseActivity added
[WARNING] [32mVERBOSE[0m Callback method :onCreate in Class com.tuhao.Zombiesmedd.ZombocalypseActivity added
[WARNING] [32mVERBOSE[0m Callback method :onCreate in Class com.ccx.xm.AdActivity added
[WARNING] [32mVERBOSE[0m Callback method :onCreate in Class com.tuhao.Zombiesmedd.MainActivity added
[WARNING] [32mVERBOSE[0m Callback method :onCreateOptionsMenu in Class com.tuhao.Zombiesmedd.MainActivity added
[WARNING] [32mVERBOSE[0m Callback method :onReceive in Class com.games.AdReciver added
[WARNING] [32mVERBOSE[0m Callback method :onBind in Class com.umeng.common.net.DownloadingService added
[WARNING] [32mVERBOSE[0m Callback method :onDestroy in Class com.umeng.common.net.DownloadingService added
[WARNING] [32mVERBOSE[0m Callback method :onCreate in Class com.umeng.common.net.DownloadingService added
[WARNING] [32mVERBOSE[0m Callback method :onStart in Class com.umeng.common.net.DownloadingService added
[WARNING] [32mVERBOSE[0m Callback method :onKeyDown in Class com.tuhao.Zombiesmedd.FirstActivity added
[WARNING] [32mVERBOSE[0m Callback method :onPause in Class com.tuhao.Zombiesmedd.FirstActivity added
[WARNING] [32mVERBOSE[0m Callback method :onCreate in Class com.tuhao.Zombiesmedd.FirstActivity added
[WARNING] [32mVERBOSE[0m Callback method :onResume in Class com.tuhao.Zombiesmedd.FirstActivity added
0 ICC links found and 0 cg edges added due to ICC links
dynamic conflated call graph: 383 methods; 383 nodes; 611 edges.
maxpossibleFlows=2
maxpossibleFlows=2
maxpossibleFlows=1
maxpossibleFlows=1
maxpossibleFlows=1
maxpossibleFlows=1
maxpossibleFlows=1
maxpossibleFlows=1
maxpossibleFlows=1
maxpossibleFlows=1
maxpossibleFlows=2
maxpossibleFlows=3
maxpossibleFlows=3
3 taint flow paths FOUND from <java.lang.String: byte[] getBytes()> to <java.io.OutputStream: void write(byte[])>
maxpossibleFlows=2
maxpossibleFlows=2
maxpossibleFlows=2
maxpossibleFlows=4
1 taint flow paths FOUND from <android.graphics.Bitmap: android.graphics.Bitmap createScaledBitmap(android.graphics.Bitmap,int,int,boolean)> to <android.graphics.Paint: void setStyle(android.graphics.Paint$Style)>
maxpossibleFlows=2
maxpossibleFlows=3
maxpossibleFlows=3
maxpossibleFlows=2
maxpossibleFlows=3
maxpossibleFlows=3
maxpossibleFlows=4
1 taint flow paths FOUND from <android.content.ContextWrapper: android.content.res.Resources getResources()> to <android.graphics.Paint: void setStyle(android.graphics.Paint$Style)>
maxpossibleFlows=2
maxpossibleFlows=2
maxpossibleFlows=3
maxpossibleFlows=3
maxpossibleFlows=1
maxpossibleFlows=2
2 taint flow paths FOUND from <android.app.Activity: android.view.Window getWindow()> to <android.app.Activity: void setContentView(int)>
maxpossibleFlows=2
maxpossibleFlows=3
maxpossibleFlows=3
maxpossibleFlows=2
maxpossibleFlows=2
maxpossibleFlows=2
maxpossibleFlows=2
maxpossibleFlows=2
maxpossibleFlows=2
maxpossibleFlows=2
maxpossibleFlows=4
1 taint flow paths FOUND from <android.graphics.Bitmap: android.graphics.Bitmap createScaledBitmap(android.graphics.Bitmap,int,int,boolean)> to <android.graphics.Paint: void setStyle(android.graphics.Paint$Style)>
maxpossibleFlows=1
maxpossibleFlows=1
maxpossibleFlows=2
maxpossibleFlows=2
maxpossibleFlows=2
maxpossibleFlows=2
maxpossibleFlows=2
maxpossibleFlows=2
maxpossibleFlows=2
maxpossibleFlows=1
maxpossibleFlows=1
maxpossibleFlows=3
maxpossibleFlows=3
maxpossibleFlows=3
maxpossibleFlows=3
maxpossibleFlows=3
maxpossibleFlows=2
maxpossibleFlows=2
maxpossibleFlows=1
maxpossibleFlows=1
maxpossibleFlows=3
3 taint flow paths FOUND from <java.lang.String: byte[] getBytes()> to <java.io.OutputStream: void write(byte[])>
maxpossibleFlows=2
maxpossibleFlows=2
maxpossibleFlows=2
2 taint flow paths FOUND from <android.app.Activity: android.view.Window getWindow()> to <android.app.Activity: void setContentView(int)>
maxpossibleFlows=2
maxpossibleFlows=2
maxpossibleFlows=4
4 taint flow paths FOUND from <android.app.Activity: android.view.Window getWindow()> to <android.view.Window: void setFlags(int,int)>
maxpossibleFlows=1
maxpossibleFlows=1
maxpossibleFlows=1
Result for malicious-app-6221-A871E0151673094EBA17822B8E90A84D11B23EF891DF86C55401E55E0473947D.apkcom.tuhao.Zombiesmedd