DUA-Forensics args to Soot: -w -cp /home/handrick/Documents/TU_Darmstadt/benchmark/libs/droidfax.jar:/home/handrick/Android/Sdk/platforms/android-19/android.jar -p cg verbose:false,implicit-entry:true -p cg.spark verbose:false,on-fly-cg:true,rta:false -d /home/handrick/Documents/TU_Darmstadt/benchmark/trace/180/1/droidbot/malicious-app-6156-0A27ADFB82305A15ABFE4898F508EC517DAC027202B84A3C99C05359C09D7177.apk.logcat -process-dir /home/handrick/Documents/TU_Darmstadt/benchmark/data/input/malicious-app-6156-0A27ADFB82305A15ABFE4898F508EC517DAC027202B84A3C99C05359C09D7177.apk 
Soot started on Mon Apr 24 03:33:38 CEST 2023
Warning: com.ironsource.mobilcore.BaseFlowBasedAdUnit is a phantom class!
Warning: java.lang.invoke.LambdaMetafactory is a phantom class!
Warning: java.lang.ref.Finalizer is a phantom class!
Warning: cn.domob.android.ads.DomobAdManager$ErrorCode is a phantom class!
Warning: cn.domob.android.ads.DomobInterstitialAd is a phantom class!
Warning: cn.domob.android.ads.DomobInterstitialAdListener is a phantom class!
No main class given. Inferred 'com.sina.weibo.sdk.utils.MD5' as main class.
[Call Graph] For information on where the call graph may be incomplete, use the verbose option to the cg phase.
[Spark] Pointer Assignment Graph in 0.1 seconds.
[Spark] Type masks in 0.0 seconds.
[Spark] Pointer Graph simplified in 0.0 seconds.
[Spark] Propagation in 0.0 seconds.
[Spark] Solution found in 0.0 seconds.
hcai's internal transform
Running static analysis for method/class coverage characterization
0 ICC links found and 0 cg edges added due to ICC links
dynamic conflated call graph: 205 methods; 205 nodes; 242 edges.
feature-vector-key = malicious-app-6156-0A27ADFB82305A15ABFE4898F508EC517DAC027202B84A3C99C05359C09D7177.apk
Result for malicious-app-6156-0A27ADFB82305A15ABFE4898F508EC517DAC027202B84A3C99C05359C09D7177.apkcom.coboqo.fishn