DUA-Forensics args to Soot: -w -cp /home/handrick/Documents/TU_Darmstadt/benchmark/libs/droidfax.jar:/home/handrick/Android/Sdk/platforms/android-19/android.jar -p cg verbose:false,implicit-entry:true -p cg.spark verbose:false,on-fly-cg:true,rta:false -d /home/handrick/Documents/TU_Darmstadt/benchmark/trace/180/3/droidbot/malicious-app-6010-0326981AC092F886C68E1481D47841C3733EC6399E599818FC3B61F8F7C42E42.apk.logcat -process-dir /home/handrick/Documents/TU_Darmstadt/benchmark/data/input/malicious-app-6010-0326981AC092F886C68E1481D47841C3733EC6399E599818FC3B61F8F7C42E42.apk 
Soot started on Thu Apr 20 20:18:03 CEST 2023
Warning: com.ironsource.mobilcore.BaseFlowBasedAdUnit is a phantom class!
Warning: java.lang.invoke.LambdaMetafactory is a phantom class!
Warning: java.lang.ref.Finalizer is a phantom class!
Warning: com.google.ads.AdView is a phantom class!
Warning: com.ideaworks3d.marmalade.LoaderActivity is a phantom class!
Warning: net.robotmedia.billing.helper.AbstractBillingObserver is a phantom class!
Warning: net.robotmedia.billing.BillingController$IConfiguration is a phantom class!
Warning: net.robotmedia.billing.model.Transaction$PurchaseState is a phantom class!
Warning: net.robotmedia.billing.request.ResponseCode is a phantom class!
Warning: com.unity3d.player.UnityPlayer is a phantom class!
Warning: net.robotmedia.billing.BillingController$BillingStatus is a phantom class!
Warning: net.robotmedia.billing.BillingController is a phantom class!
Warning: net.robotmedia.billing.IBillingObserver is a phantom class!
[Call Graph] For information on where the call graph may be incomplete, use the verbose option to the cg phase.
[Spark] Pointer Assignment Graph in 0.0 seconds.
[Spark] Type masks in 0.0 seconds.
[Spark] Pointer Graph simplified in 0.0 seconds.
[Spark] Propagation in 0.0 seconds.
[Spark] Solution found in 0.0 seconds.
hcai's internal transform
Running static analysis for method/class coverage characterization
0 ICC links found and 0 cg edges added due to ICC links
dynamic conflated call graph: 572 methods; 572 nodes; 643 edges.
feature-vector-key = malicious-app-6010-0326981AC092F886C68E1481D47841C3733EC6399E599818FC3B61F8F7C42E42.apk
Result for malicious-app-6010-0326981AC092F886C68E1481D47841C3733EC6399E599818FC3B61F8F7C42E42.apkcom.tgb.bg.jevcyx