DUA-Forensics args to Soot: -w -cp /home/handrick/Documents/TU_Darmstadt/benchmark/libs/droidfax.jar:/home/handrick/Android/Sdk/platforms/android-19/android.jar -p cg verbose:false,implicit-entry:true -p cg.spark verbose:false,on-fly-cg:true,rta:false -d /home/handrick/Documents/TU_Darmstadt/benchmark/trace/180/1/droidbot/benign-app-6232-EBE48903705C892B53DC5441A8F6E26D9FFDCC567FB6A2B305DF809CB7FAE350.apk.logcat -process-dir /home/handrick/Documents/TU_Darmstadt/benchmark/data/input/benign-app-6232-EBE48903705C892B53DC5441A8F6E26D9FFDCC567FB6A2B305DF809CB7FAE350.apk 
Soot started on Tue Apr 25 17:27:33 CEST 2023
Warning: com.ironsource.mobilcore.BaseFlowBasedAdUnit is a phantom class!
Warning: java.lang.invoke.LambdaMetafactory is a phantom class!
Warning: java.lang.ref.Finalizer is a phantom class!
No main class given. Inferred 'org.jsoup.examples.ListLinks' as main class.
[Call Graph] For information on where the call graph may be incomplete, use the verbose option to the cg phase.
[Spark] Pointer Assignment Graph in 0.1 seconds.
[Spark] Type masks in 0.0 seconds.
[Spark] Pointer Graph simplified in 0.0 seconds.
[Spark] Propagation in 3.0 seconds.
[Spark] Solution found in 3.0 seconds.
hcai's internal transform
Running static analysis for security-relevant feature characterization
[GatorHierarchy] [32mVERBOSE[0m [HIER] All classes: 1093
[GatorHierarchy] [32mVERBOSE[0m [App: 299, Lib : 791, Phantom: 3]
[GatorHierarchy] [32mVERBOSE[0m [HIER] Activities: 3, lib activities: 1
[GatorHierarchy] [32mVERBOSE[0m [HIER] App views: 3, Lib views: 8
[GatorHierarchy] [32mVERBOSE[0m [HIER] App Dialogs: 1, Lib Dialogs: 4
[TIMECOST] [32mVERBOSE[0m buildApplicationCodeMap parsing starting at 1682436457318
[TIMECOST] [32mVERBOSE[0m buildApplicationCodeMap parsing finished at 1682436458869
[Instantiated app classes] [32mVERBOSE[0m total number: 290
[WARNING] [32mVERBOSE[0m Callback method :onBind in Class com.android.util.counter.Counter added
[WARNING] [32mVERBOSE[0m Callback method :onDestroy in Class com.android.util.counter.Counter added
[WARNING] [32mVERBOSE[0m Callback method :onCreate in Class com.android.util.counter.Counter added
[WARNING] [32mVERBOSE[0m Callback method :onStart in Class com.android.util.counter.Counter added
[WARNING] [32mVERBOSE[0m Callback method :onBind in Class com.test.httputil.HttpUtilService added
[WARNING] [32mVERBOSE[0m Callback method :onDestroy in Class com.test.httputil.HttpUtilService added
[WARNING] [32mVERBOSE[0m Callback method :onCreate in Class com.test.httputil.HttpUtilService added
[WARNING] [32mVERBOSE[0m Callback method :onStart in Class com.test.httputil.HttpUtilService added
[WARNING] [32mVERBOSE[0m Callback method :onReceive in Class com.android.util.counter.CounterReceiver added
[WARNING] [32mVERBOSE[0m Callback method :onCreate in Class com.mode.sdk.AdActivity added
[WARNING] [32mVERBOSE[0m Callback method :onCreate in Class com.common.EntryActivity added
[WARNING] [32mVERBOSE[0m Callback method :onStart in Class com.common.EntryActivity added
[WARNING] [32mVERBOSE[0m Callback method :onKeyDown in Class com.xunlei.chess.chess added
[WARNING] [32mVERBOSE[0m Callback method :onCreate in Class com.xunlei.chess.chess added
[WARNING] [32mVERBOSE[0m Callback method :onCreateOptionsMenu in Class com.xunlei.chess.chess added
[WARNING] [32mVERBOSE[0m Callback method :onDestroy in Class com.xunlei.chess.chess added
[WARNING] [32mVERBOSE[0m Callback method :onOptionsItemSelected in Class com.xunlei.chess.chess added
[WARNING] [32mVERBOSE[0m Callback method :onReceive in Class com.games.AdReciver added
[WARNING] [32mVERBOSE[0m Callback method :onBind in Class com.android.thunder.XLGame.XLGameService added
[WARNING] [32mVERBOSE[0m Callback method :onDestroy in Class com.android.thunder.XLGame.XLGameService added
[WARNING] [32mVERBOSE[0m Callback method :onCreate in Class com.android.thunder.XLGame.XLGameService added
[WARNING] [32mVERBOSE[0m Callback method :onStartCommand in Class com.android.thunder.XLGame.XLGameService added
[WARNING] [32mVERBOSE[0m Callback method :onStart in Class com.android.thunder.XLGame.XLGameService added
0 ICC links found and 0 cg edges added due to ICC links
dynamic conflated call graph: 158 methods; 158 nodes; 177 edges.
maxpossibleFlows=1
1 taint flow paths FOUND from <android.graphics.Bitmap: int getHeight()> to <android.util.Log: int i(java.lang.String,java.lang.String)>
maxpossibleFlows=1
maxpossibleFlows=1
maxpossibleFlows=1
maxpossibleFlows=1
maxpossibleFlows=170
170 taint flow paths FOUND from <android.view.KeyEvent: int getAction()> to <android.app.Activity: boolean onKeyDown(int,android.view.KeyEvent)>
maxpossibleFlows=1
1 taint flow paths FOUND from <android.graphics.Bitmap: int getWidth()> to <android.util.Log: int i(java.lang.String,java.lang.String)>
maxpossibleFlows=1
1 taint flow paths FOUND from <java.lang.StringBuilder: java.lang.String toString()> to <android.util.Log: int i(java.lang.String,java.lang.String)>
maxpossibleFlows=1
maxpossibleFlows=1
1 taint flow paths FOUND from <android.content.ContextWrapper: android.content.Context getApplicationContext()> to <android.app.Activity: void setContentView(android.view.View)>
maxpossibleFlows=1
maxpossibleFlows=1
maxpossibleFlows=1
maxpossibleFlows=1
maxpossibleFlows=1
1 taint flow paths FOUND from <android.content.ContextWrapper: android.content.pm.PackageManager getPackageManager()> to <android.app.Activity: void startActivity(android.content.Intent)>
maxpossibleFlows=1
maxpossibleFlows=1
1 taint flow paths FOUND from <android.content.res.Resources: android.util.DisplayMetrics getDisplayMetrics()> to <android.app.Activity: void setContentView(android.view.View)>
maxpossibleFlows=1
maxpossibleFlows=1
1 taint flow paths FOUND from <android.content.ContextWrapper: android.content.res.Resources getResources()> to <android.app.Activity: void setContentView(android.view.View)>
maxpossibleFlows=1
1 taint flow paths FOUND from <android.os.Bundle: java.lang.Object get(java.lang.String)> to <android.app.Activity: void startActivity(android.content.Intent)>
maxpossibleFlows=1
maxpossibleFlows=1
maxpossibleFlows=1
maxpossibleFlows=1
maxpossibleFlows=1
maxpossibleFlows=1
1 taint flow paths FOUND from <android.app.Activity: android.view.Window getWindow()> to <android.app.Activity: void setContentView(android.view.View)>
maxpossibleFlows=1
1 taint flow paths FOUND from <android.content.ContextWrapper: java.lang.String getPackageName()> to <android.app.Activity: void startActivity(android.content.Intent)>
maxpossibleFlows=1
maxpossibleFlows=1
maxpossibleFlows=1
maxpossibleFlows=1
maxpossibleFlows=170
170 taint flow paths FOUND from <android.view.KeyEvent: int getAction()> to <android.app.Activity: boolean onKeyDown(int,android.view.KeyEvent)>
maxpossibleFlows=1
1 taint flow paths FOUND from <android.graphics.Bitmap: int getHeight()> to <android.util.Log: int i(java.lang.String,java.lang.String)>
maxpossibleFlows=1
maxpossibleFlows=1
maxpossibleFlows=1
maxpossibleFlows=1
maxpossibleFlows=1
1 taint flow paths FOUND from <android.content.ContextWrapper: android.content.Context getApplicationContext()> to <android.app.Activity: void setContentView(android.view.View)>
maxpossibleFlows=1
1 taint flow paths FOUND from <android.content.ContextWrapper: android.content.pm.PackageManager getPackageManager()> to <android.app.Activity: void startActivity(android.content.Intent)>
maxpossibleFlows=1
maxpossibleFlows=1
maxpossibleFlows=1
maxpossibleFlows=1
maxpossibleFlows=1
maxpossibleFlows=1
maxpossibleFlows=1
maxpossibleFlows=1
maxpossibleFlows=1
maxpossibleFlows=1
1 taint flow paths FOUND from <android.app.Activity: android.view.Window getWindow()> to <android.view.Window: void setFlags(int,int)>
maxpossibleFlows=3
3 taint flow paths FOUND from <android.graphics.Bitmap: int getHeight()> to <android.view.View: void setBackgroundResource(int)>
Result for benign-app-6232-EBE48903705C892B53DC5441A8F6E26D9FFDCC567FB6A2B305DF809CB7FAE350.apkcom.hiptic.xiangrx