DUA-Forensics args to Soot: -w -cp /home/handrick/Documents/TU_Darmstadt/benchmark/libs/droidfax.jar:/home/handrick/Android/Sdk/platforms/android-19/android.jar -p cg verbose:false,implicit-entry:true -p cg.spark verbose:false,on-fly-cg:true,rta:false -d /home/handrick/Documents/TU_Darmstadt/benchmark/trace/180/2/droidbot/malicious-app-6026-281FF9AB3FA7205A0941EDB3871ABA403C342BDA776949436C17EC2156DC3B4E.apk.logcat -process-dir /home/handrick/Documents/TU_Darmstadt/benchmark/data/input/malicious-app-6026-281FF9AB3FA7205A0941EDB3871ABA403C342BDA776949436C17EC2156DC3B4E.apk 
Soot started on Fri Apr 21 08:46:19 CEST 2023
Warning: com.ironsource.mobilcore.BaseFlowBasedAdUnit is a phantom class!
Warning: java.lang.invoke.LambdaMetafactory is a phantom class!
Warning: java.lang.ref.Finalizer is a phantom class!
Warning: com.google.ads.AdView is a phantom class!
Warning: com.google.ads.Ad is a phantom class!
Warning: com.google.ads.AdRequest$ErrorCode is a phantom class!
[Call Graph] For information on where the call graph may be incomplete, use the verbose option to the cg phase.
[Spark] Pointer Assignment Graph in 0.1 seconds.
[Spark] Type masks in 0.0 seconds.
[Spark] Pointer Graph simplified in 0.0 seconds.
[Spark] Propagation in 0.0 seconds.
[Spark] Solution found in 0.0 seconds.
hcai's internal transform
Running static analysis for method/class coverage characterization
0 ICC links found and 0 cg edges added due to ICC links
dynamic conflated call graph: 95 methods; 95 nodes; 87 edges.
feature-vector-key = malicious-app-6026-281FF9AB3FA7205A0941EDB3871ABA403C342BDA776949436C17EC2156DC3B4E.apk
Result for malicious-app-6026-281FF9AB3FA7205A0941EDB3871ABA403C342BDA776949436C17EC2156DC3B4E.apkcom.donutgames.cavec