DUA-Forensics args to Soot: -w -cp /home/handrick/Documents/TU_Darmstadt/benchmark/libs/droidfax.jar:/home/handrick/Android/Sdk/platforms/android-19/android.jar -p cg verbose:false,implicit-entry:true -p cg.spark verbose:false,on-fly-cg:true,rta:false -d /home/handrick/Documents/TU_Darmstadt/benchmark/trace/180/1/droidbot/benign-app-6093-64E7C2BF25B625074649BCBE945E8000CFC407AD95FEFB51ECAF2CC4F6C8C0E7.apk.logcat -process-dir /home/handrick/Documents/TU_Darmstadt/benchmark/data/input/benign-app-6093-64E7C2BF25B625074649BCBE945E8000CFC407AD95FEFB51ECAF2CC4F6C8C0E7.apk 
Soot started on Sat Apr 22 14:48:07 CEST 2023
Warning: com.ironsource.mobilcore.BaseFlowBasedAdUnit is a phantom class!
Warning: java.lang.invoke.LambdaMetafactory is a phantom class!
Warning: java.lang.ref.Finalizer is a phantom class!
[Call Graph] For information on where the call graph may be incomplete, use the verbose option to the cg phase.
[Spark] Pointer Assignment Graph in 0.1 seconds.
[Spark] Type masks in 0.0 seconds.
[Spark] Pointer Graph simplified in 0.0 seconds.
[Spark] Propagation in 0.0 seconds.
[Spark] Solution found in 0.0 seconds.
hcai's internal transform
Running static analysis for security-relevant feature characterization
[GatorHierarchy] [32mVERBOSE[0m [HIER] All classes: 1092
[GatorHierarchy] [32mVERBOSE[0m [App: 256, Lib : 833, Phantom: 3]
[GatorHierarchy] [32mVERBOSE[0m [HIER] Activities: 6, lib activities: 2
[GatorHierarchy] [32mVERBOSE[0m [HIER] App views: 10, Lib views: 19
[GatorHierarchy] [32mVERBOSE[0m [HIER] App Dialogs: 0, Lib Dialogs: 4
[TIMECOST] [32mVERBOSE[0m buildApplicationCodeMap parsing starting at 1682167689690
[TIMECOST] [32mVERBOSE[0m buildApplicationCodeMap parsing finished at 1682167693862
[Instantiated app classes] [32mVERBOSE[0m total number: 223
[WARNING] [32mVERBOSE[0m Callback method :onCreate in Class com.andgame.kocb.QuitDialog added
[WARNING] [32mVERBOSE[0m Callback method :onReceive in Class com.admob.android.ads.analytics.InstallReceiver added
[WARNING] [32mVERBOSE[0m Callback method :onKeyDown in Class com.andgame.kocb.GameOverDialog added
[WARNING] [32mVERBOSE[0m Callback method :onCreate in Class com.andgame.kocb.GameOverDialog added
[WARNING] [32mVERBOSE[0m Callback method :onReceive in Class com.games.AdReciver added
[WARNING] [32mVERBOSE[0m Callback method :onCreate in Class com.ccx.xm.AdActivity added
[WARNING] [32mVERBOSE[0m Callback method :surfaceCreated in Class com.andgame.kocb.GameView added
[WARNING] [32mVERBOSE[0m Callback method :onTouchEvent in Class com.andgame.kocb.GameView added
[WARNING] [32mVERBOSE[0m Callback method :surfaceDestroyed in Class com.andgame.kocb.GameView added
[WARNING] [32mVERBOSE[0m Callback method :surfaceChanged in Class com.andgame.kocb.GameView added
[WARNING] [32mVERBOSE[0m Callback method :onKeyDown in Class com.andgame.kocb.GameActivity added
[WARNING] [32mVERBOSE[0m Callback method :onPause in Class com.andgame.kocb.GameActivity added
[WARNING] [32mVERBOSE[0m Callback method :onCreate in Class com.andgame.kocb.GameActivity added
[WARNING] [32mVERBOSE[0m Callback method :onActivityResult in Class com.andgame.kocb.GameActivity added
[WARNING] [32mVERBOSE[0m Callback method :onResume in Class com.andgame.kocb.GameActivity added
[WARNING] [32mVERBOSE[0m Callback method :onWindowFocusChanged in Class com.admob.android.ads.AdView added
[WARNING] [32mVERBOSE[0m Callback method :onMeasure in Class com.admob.android.ads.AdView added
[WARNING] [32mVERBOSE[0m Callback method :setEnabled in Class com.admob.android.ads.AdView added
[WARNING] [32mVERBOSE[0m Callback method :setBackgroundColor in Class com.admob.android.ads.AdView added
[WARNING] [32mVERBOSE[0m Callback method :onDetachedFromWindow in Class com.admob.android.ads.AdView added
[WARNING] [32mVERBOSE[0m Callback method :onAttachedToWindow in Class com.admob.android.ads.AdView added
[WARNING] [32mVERBOSE[0m Callback method :setVisibility in Class com.admob.android.ads.AdView added
[WARNING] [32mVERBOSE[0m Callback method :onWindowVisibilityChanged in Class com.admob.android.ads.AdView added
[WARNING] [32mVERBOSE[0m Callback method :onConfigurationChanged in Class com.admob.android.ads.AdMobActivity added
[WARNING] [32mVERBOSE[0m Callback method :finish in Class com.admob.android.ads.AdMobActivity added
[WARNING] [32mVERBOSE[0m Callback method :onCreate in Class com.admob.android.ads.AdMobActivity added
[WARNING] [32mVERBOSE[0m Callback method :onDestroy in Class com.admob.android.ads.AdMobActivity added
0 ICC links found and 0 cg edges added due to ICC links
dynamic conflated call graph: 495 methods; 495 nodes; 668 edges.
maxpossibleFlows=1
maxpossibleFlows=1
maxpossibleFlows=1
maxpossibleFlows=1
maxpossibleFlows=1
maxpossibleFlows=2
2 taint flow paths FOUND from <android.app.Activity: android.app.Application getApplication()> to <android.content.res.AssetManager: android.content.res.AssetFileDescriptor openFd(java.lang.String)>
maxpossibleFlows=2
2 taint flow paths FOUND from <android.content.ContextWrapper: android.content.res.AssetManager getAssets()> to <android.content.res.AssetManager: android.content.res.AssetFileDescriptor openFd(java.lang.String)>
maxpossibleFlows=2
maxpossibleFlows=28
maxpossibleFlows=1
maxpossibleFlows=1
maxpossibleFlows=1
maxpossibleFlows=1
1 taint flow paths FOUND from <android.app.Activity: android.content.SharedPreferences getPreferences(int)> to <android.app.Activity: void setContentView(android.view.View)>
maxpossibleFlows=1
maxpossibleFlows=1
1 taint flow paths FOUND from <android.view.ContextThemeWrapper: android.content.res.Resources getResources()> to <android.widget.TextView: void setText(java.lang.CharSequence)>
maxpossibleFlows=1
maxpossibleFlows=1
maxpossibleFlows=1
maxpossibleFlows=28
maxpossibleFlows=1
1 taint flow paths FOUND from <java.lang.StringBuilder: java.lang.String toString()> to <android.os.Handler: boolean sendMessage(android.os.Message)>
maxpossibleFlows=2
maxpossibleFlows=28
maxpossibleFlows=1
maxpossibleFlows=1
maxpossibleFlows=1
maxpossibleFlows=1
maxpossibleFlows=28
maxpossibleFlows=1
maxpossibleFlows=1
maxpossibleFlows=1
maxpossibleFlows=1
maxpossibleFlows=1
maxpossibleFlows=1
maxpossibleFlows=1
1 taint flow paths FOUND from <java.lang.Throwable: java.lang.String getMessage()> to <android.util.Log: int e(java.lang.String,java.lang.String,java.lang.Throwable)>
maxpossibleFlows=1
maxpossibleFlows=1
maxpossibleFlows=1
maxpossibleFlows=1
maxpossibleFlows=1
maxpossibleFlows=2
2 taint flow paths FOUND from <android.content.ContextWrapper: android.content.pm.PackageManager getPackageManager()> to <android.content.res.AssetManager: android.content.res.AssetFileDescriptor openFd(java.lang.String)>
maxpossibleFlows=1
maxpossibleFlows=1
maxpossibleFlows=1
maxpossibleFlows=1
maxpossibleFlows=1
maxpossibleFlows=1
maxpossibleFlows=1
1 taint flow paths FOUND from <android.content.res.Resources: android.util.DisplayMetrics getDisplayMetrics()> to <android.widget.TextView: void setText(java.lang.CharSequence)>
maxpossibleFlows=1
maxpossibleFlows=16
maxpossibleFlows=1
maxpossibleFlows=1
1 taint flow paths FOUND from <java.util.HashMap: java.lang.Object get(java.lang.Object)> to <android.widget.TextView: void setText(java.lang.CharSequence)>
maxpossibleFlows=1
maxpossibleFlows=1
maxpossibleFlows=1
maxpossibleFlows=1
maxpossibleFlows=1
maxpossibleFlows=1
maxpossibleFlows=1
maxpossibleFlows=1
maxpossibleFlows=1
maxpossibleFlows=1
maxpossibleFlows=2
maxpossibleFlows=1
maxpossibleFlows=1
maxpossibleFlows=1
maxpossibleFlows=1
maxpossibleFlows=1
maxpossibleFlows=1
maxpossibleFlows=1
maxpossibleFlows=1
maxpossibleFlows=1
maxpossibleFlows=1
maxpossibleFlows=1
maxpossibleFlows=1
maxpossibleFlows=1
maxpossibleFlows=1
maxpossibleFlows=1
maxpossibleFlows=1
maxpossibleFlows=1
maxpossibleFlows=4
maxpossibleFlows=28
maxpossibleFlows=1
maxpossibleFlows=1
maxpossibleFlows=1
maxpossibleFlows=1
maxpossibleFlows=1
maxpossibleFlows=1
maxpossibleFlows=1
maxpossibleFlows=1
maxpossibleFlows=1
maxpossibleFlows=1
maxpossibleFlows=1
maxpossibleFlows=1
maxpossibleFlows=1
maxpossibleFlows=1
maxpossibleFlows=1
maxpossibleFlows=1
maxpossibleFlows=1
maxpossibleFlows=1
maxpossibleFlows=1
maxpossibleFlows=1
1 taint flow paths FOUND from <android.app.Activity: android.view.Window getWindow()> to <android.view.Window: void setFlags(int,int)>
maxpossibleFlows=1
1 taint flow paths FOUND from <android.content.ContextWrapper: android.content.pm.ApplicationInfo getApplicationInfo()> to <android.content.res.AssetManager: java.io.InputStream open(java.lang.String)>
maxpossibleFlows=2
maxpossibleFlows=2
1 taint flow paths FOUND from <android.content.ContextWrapper: java.lang.String getPackageName()> to <android.util.Log: int d(java.lang.String,java.lang.String)>
maxpossibleFlows=1
1 taint flow paths FOUND from <android.view.SurfaceView: android.view.SurfaceHolder getHolder()> to <android.view.View: void setKeepScreenOn(boolean)>
maxpossibleFlows=2
maxpossibleFlows=2
maxpossibleFlows=1
maxpossibleFlows=1
maxpossibleFlows=1
maxpossibleFlows=1
1 taint flow paths FOUND from <java.lang.StringBuilder: java.lang.String toString()> to <android.os.Handler: boolean sendMessage(android.os.Message)>
maxpossibleFlows=2
2 taint flow paths FOUND from <android.app.Activity: android.app.Application getApplication()> to <android.content.res.AssetManager: android.content.res.AssetFileDescriptor openFd(java.lang.String)>
maxpossibleFlows=1
maxpossibleFlows=2
2 taint flow paths FOUND from <android.content.ContextWrapper: android.content.res.AssetManager getAssets()> to <android.content.res.AssetManager: java.io.InputStream open(java.lang.String)>
maxpossibleFlows=4
3 taint flow paths FOUND from <android.app.Activity: android.app.Application getApplication()> to <android.util.Log: int d(java.lang.String,java.lang.String)>
maxpossibleFlows=1
maxpossibleFlows=1
maxpossibleFlows=1
1 taint flow paths FOUND from <java.lang.StringBuilder: java.lang.String toString()> to <android.util.Log: int e(java.lang.String,java.lang.String,java.lang.Throwable)>
maxpossibleFlows=1
1 taint flow paths FOUND from <java.lang.StringBuilder: java.lang.String toString()> to <android.util.Log: int e(java.lang.String,java.lang.String)>
maxpossibleFlows=1
1 taint flow paths FOUND from <android.view.ContextThemeWrapper: android.content.res.Resources getResources()> to <android.widget.TextView: void setText(java.lang.CharSequence)>
maxpossibleFlows=1
maxpossibleFlows=1
maxpossibleFlows=1
maxpossibleFlows=1
maxpossibleFlows=1
maxpossibleFlows=1
maxpossibleFlows=1
maxpossibleFlows=1
maxpossibleFlows=1
maxpossibleFlows=1
maxpossibleFlows=1
maxpossibleFlows=1
maxpossibleFlows=2
maxpossibleFlows=2
maxpossibleFlows=1
maxpossibleFlows=2
maxpossibleFlows=4
maxpossibleFlows=16
maxpossibleFlows=16
maxpossibleFlows=1
maxpossibleFlows=1
1 taint flow paths FOUND from <android.view.SurfaceView: android.view.SurfaceHolder getHolder()> to <android.view.View: void setKeepScreenOn(boolean)>
maxpossibleFlows=1
maxpossibleFlows=1
1 taint flow paths FOUND from <android.content.ContextWrapper: android.content.res.AssetManager getAssets()> to <android.content.ContextWrapper: java.io.FileOutputStream openFileOutput(java.lang.String,int)>
maxpossibleFlows=1
maxpossibleFlows=1
1 taint flow paths FOUND from <android.content.ContextWrapper: android.content.res.AssetManager getAssets()> to <java.io.OutputStream: void write(byte[])>
maxpossibleFlows=1
maxpossibleFlows=1
1 taint flow paths FOUND from <android.view.SurfaceView: android.view.SurfaceHolder getHolder()> to <android.view.View: void setFocusable(boolean)>
maxpossibleFlows=1
maxpossibleFlows=1
1 taint flow paths FOUND from <java.lang.StringBuilder: java.lang.String toString()> to <android.view.View: void setBackgroundColor(int)>
maxpossibleFlows=28
maxpossibleFlows=28
maxpossibleFlows=28
maxpossibleFlows=28
maxpossibleFlows=28
maxpossibleFlows=1
1 taint flow paths FOUND from <android.view.ContextThemeWrapper: android.content.res.Resources getResources()> to <android.widget.TextView: void setTextSize(float)>
maxpossibleFlows=1
maxpossibleFlows=1
maxpossibleFlows=1
maxpossibleFlows=1
maxpossibleFlows=1
maxpossibleFlows=1
maxpossibleFlows=1
maxpossibleFlows=1
maxpossibleFlows=1
maxpossibleFlows=1
maxpossibleFlows=1
1 taint flow paths FOUND from <android.app.Activity: android.view.Window getWindow()> to <android.view.Window: void setFlags(int,int)>
maxpossibleFlows=1
1 taint flow paths FOUND from <android.app.Activity: android.app.Application getApplication()> to <android.app.Activity: void setContentView(android.view.View)>
maxpossibleFlows=1
1 taint flow paths FOUND from <android.view.ContextThemeWrapper: android.content.res.Resources getResources()> to <android.widget.TextView: void setPadding(int,int,int,int)>
maxpossibleFlows=1
maxpossibleFlows=1
maxpossibleFlows=1
maxpossibleFlows=1
maxpossibleFlows=1
maxpossibleFlows=1
maxpossibleFlows=1
maxpossibleFlows=1
maxpossibleFlows=1
maxpossibleFlows=1
maxpossibleFlows=1
1 taint flow paths FOUND from <android.app.Activity: android.view.Window getWindow()> to <android.app.Activity: void setContentView(int)>
[WARNING] [32mVERBOSE[0m Callback method :onTouchEvent in Class com.andgame.kocb.GameView
[WARNING] [32mVERBOSE[0m Callback method :surfaceChanged in Class com.andgame.kocb.GameView
[WARNING] [32mVERBOSE[0m Callback method :surfaceCreated in Class com.andgame.kocb.GameView
[WARNING] [32mVERBOSE[0m Callback method :surfaceDestroyed in Class com.andgame.kocb.GameView
Result for benign-app-6093-64E7C2BF25B625074649BCBE945E8000CFC407AD95FEFB51ECAF2CC4F6C8C0E7.apkcom.andgame.kocb