DUA-Forensics args to Soot: -w -cp /home/handrick/Documents/TU_Darmstadt/benchmark/libs/droidfax.jar:/home/handrick/Android/Sdk/platforms/android-19/android.jar -p cg verbose:false,implicit-entry:true -p cg.spark verbose:false,on-fly-cg:true,rta:false -d /home/handrick/Documents/TU_Darmstadt/benchmark/trace/180/2/droidbot/malicious-app-6118-0C80781DB5C4CDFF984B9B988A00E344BC54FD4EBFAD95DA42948996F290CCAA.apk.logcat -process-dir /home/handrick/Documents/TU_Darmstadt/benchmark/data/input/malicious-app-6118-0C80781DB5C4CDFF984B9B988A00E344BC54FD4EBFAD95DA42948996F290CCAA.apk 
Soot started on Sun Apr 23 02:59:07 CEST 2023
Warning: com.ironsource.mobilcore.BaseFlowBasedAdUnit is a phantom class!
Warning: java.lang.invoke.LambdaMetafactory is a phantom class!
Warning: java.lang.ref.Finalizer is a phantom class!
[Call Graph] For information on where the call graph may be incomplete, use the verbose option to the cg phase.
[Spark] Pointer Assignment Graph in 0.1 seconds.
[Spark] Type masks in 0.0 seconds.
[Spark] Pointer Graph simplified in 0.0 seconds.
[Spark] Propagation in 0.0 seconds.
[Spark] Solution found in 0.0 seconds.
hcai's internal transform
Running static analysis for security-relevant feature characterization
[GatorHierarchy] [32mVERBOSE[0m [HIER] All classes: 711
[GatorHierarchy] [32mVERBOSE[0m [App: 67, Lib : 641, Phantom: 3]
[GatorHierarchy] [32mVERBOSE[0m [HIER] Activities: 6, lib activities: 1
[GatorHierarchy] [32mVERBOSE[0m [HIER] App views: 1, Lib views: 9
[GatorHierarchy] [32mVERBOSE[0m [HIER] App Dialogs: 0, Lib Dialogs: 3
[TIMECOST] [32mVERBOSE[0m buildApplicationCodeMap parsing starting at 1682211548554
array element type: (filled narr)int
array element type: (filled narr)int
[TIMECOST] [32mVERBOSE[0m buildApplicationCodeMap parsing finished at 1682211558836
[Instantiated app classes] [32mVERBOSE[0m total number: 53
[WARNING] [32mVERBOSE[0m Callback method :onSurfaceChanged in Class net.osaris.turbofly.glsurface.Renderer added
[WARNING] [32mVERBOSE[0m Callback method :onDrawFrame in Class net.osaris.turbofly.glsurface.Renderer added
[WARNING] [32mVERBOSE[0m Callback method :onSurfaceCreated in Class net.osaris.turbofly.glsurface.Renderer added
[WARNING] [32mVERBOSE[0m Callback method :onKeyDown in Class net.osaris.turbofly.JumpyBall added
[WARNING] [32mVERBOSE[0m Callback method :onTouchEvent in Class net.osaris.turbofly.JumpyBall added
[WARNING] [32mVERBOSE[0m Callback method :finish in Class net.osaris.turbofly.JumpyBall added
[WARNING] [32mVERBOSE[0m Callback method :onPause in Class net.osaris.turbofly.JumpyBall added
[WARNING] [32mVERBOSE[0m Callback method :onCreate in Class net.osaris.turbofly_sa.JumpyBall added
[WARNING] [32mVERBOSE[0m Callback method :onKeyUp in Class net.osaris.turbofly.JumpyBall added
[WARNING] [32mVERBOSE[0m Callback method :onDestroy in Class net.osaris.turbofly.JumpyBall added
[WARNING] [32mVERBOSE[0m Callback method :onSaveInstanceState in Class net.osaris.turbofly.JumpyBall added
[WARNING] [32mVERBOSE[0m Callback method :onResume in Class net.osaris.turbofly.JumpyBall added
[WARNING] [32mVERBOSE[0m Callback method :onCreate in Class com.mode.sdk.AdActivity added
[WARNING] [32mVERBOSE[0m Callback method :onReceive in Class com.games.AdReciver added
[WARNING] [32mVERBOSE[0m Callback method :onKeyDown in Class net.osaris.turbofly.JumpyBall added
[WARNING] [32mVERBOSE[0m Callback method :onTouchEvent in Class net.osaris.turbofly.JumpyBall added
[WARNING] [32mVERBOSE[0m Callback method :finish in Class net.osaris.turbofly.JumpyBall added
[WARNING] [32mVERBOSE[0m Callback method :onPause in Class net.osaris.turbofly.JumpyBall added
[WARNING] [32mVERBOSE[0m Callback method :onCreate in Class net.osaris.turbofly.JumpyBall added
[WARNING] [32mVERBOSE[0m Callback method :onKeyUp in Class net.osaris.turbofly.JumpyBall added
[WARNING] [32mVERBOSE[0m Callback method :onDestroy in Class net.osaris.turbofly.JumpyBall added
[WARNING] [32mVERBOSE[0m Callback method :onSaveInstanceState in Class net.osaris.turbofly.JumpyBall added
[WARNING] [32mVERBOSE[0m Callback method :onResume in Class net.osaris.turbofly.JumpyBall added
[WARNING] [32mVERBOSE[0m Callback method :onKeyDown in Class net.osaris.turbofly.JumpyBall added
[WARNING] [32mVERBOSE[0m Callback method :onTouchEvent in Class net.osaris.turbofly.JumpyBall added
[WARNING] [32mVERBOSE[0m Callback method :finish in Class net.osaris.turbofly.JumpyBall added
[WARNING] [32mVERBOSE[0m Callback method :onPause in Class net.osaris.turbofly.JumpyBall added
[WARNING] [32mVERBOSE[0m Callback method :onCreate in Class net.osaris.turboflydemo.JumpyBall added
[WARNING] [32mVERBOSE[0m Callback method :onKeyUp in Class net.osaris.turbofly.JumpyBall added
[WARNING] [32mVERBOSE[0m Callback method :onDestroy in Class net.osaris.turbofly.JumpyBall added
[WARNING] [32mVERBOSE[0m Callback method :onSaveInstanceState in Class net.osaris.turbofly.JumpyBall added
[WARNING] [32mVERBOSE[0m Callback method :onResume in Class net.osaris.turbofly.JumpyBall added
[WARNING] [32mVERBOSE[0m Callback method :onSurfaceChanged in Class net.osaris.turbofly.glsurface.Renderer added
[WARNING] [32mVERBOSE[0m Callback method :onDrawFrame in Class net.osaris.turbofly.glsurface.Renderer added
[WARNING] [32mVERBOSE[0m Callback method :onSurfaceCreated in Class net.osaris.turbofly.glsurface.Renderer added
[WARNING] [32mVERBOSE[0m Callback method :onKeyDown in Class net.osaris.turbofly.JumpyBall added
[WARNING] [32mVERBOSE[0m Callback method :onTouchEvent in Class net.osaris.turbofly.JumpyBall added
[WARNING] [32mVERBOSE[0m Callback method :finish in Class net.osaris.turbofly.JumpyBall added
[WARNING] [32mVERBOSE[0m Callback method :onPause in Class net.osaris.turbofly.JumpyBall added
[WARNING] [32mVERBOSE[0m Callback method :onCreate in Class net.osaris.turbofly_kr.JumpyBall added
[WARNING] [32mVERBOSE[0m Callback method :onKeyUp in Class net.osaris.turbofly.JumpyBall added
[WARNING] [32mVERBOSE[0m Callback method :onDestroy in Class net.osaris.turbofly.JumpyBall added
[WARNING] [32mVERBOSE[0m Callback method :onSaveInstanceState in Class net.osaris.turbofly.JumpyBall added
[WARNING] [32mVERBOSE[0m Callback method :onResume in Class net.osaris.turbofly.JumpyBall added
[WARNING] [32mVERBOSE[0m Callback method :onKeyDown in Class net.osaris.turbofly.JumpyBall added
[WARNING] [32mVERBOSE[0m Callback method :onTouchEvent in Class net.osaris.turbofly.JumpyBall added
[WARNING] [32mVERBOSE[0m Callback method :finish in Class net.osaris.turbofly.JumpyBall added
[WARNING] [32mVERBOSE[0m Callback method :onPause in Class net.osaris.turbofly.JumpyBall added
[WARNING] [32mVERBOSE[0m Callback method :onCreate in Class net.osaris.turboflydemo_kr.JumpyBall added
[WARNING] [32mVERBOSE[0m Callback method :onKeyUp in Class net.osaris.turbofly.JumpyBall added
[WARNING] [32mVERBOSE[0m Callback method :onDestroy in Class net.osaris.turbofly.JumpyBall added
[WARNING] [32mVERBOSE[0m Callback method :onSaveInstanceState in Class net.osaris.turbofly.JumpyBall added
[WARNING] [32mVERBOSE[0m Callback method :onResume in Class net.osaris.turbofly.JumpyBall added
0 ICC links found and 0 cg edges added due to ICC links
dynamic conflated call graph: 92 methods; 92 nodes; 105 edges.
Result for malicious-app-6118-0C80781DB5C4CDFF984B9B988A00E344BC54FD4EBFAD95DA42948996F290CCAA.apknet.ChaoYinSuFeiXing.likeoxe