DUA-Forensics args to Soot: -w -cp /home/handrick/Documents/TU_Darmstadt/benchmark/libs/droidfax.jar:/home/handrick/Android/Sdk/platforms/android-19/android.jar -p cg verbose:false,implicit-entry:true -p cg.spark verbose:false,on-fly-cg:true,rta:false -d /home/handrick/Documents/TU_Darmstadt/benchmark/trace/180/2/droidbot/benign-app-6210-EAADE1D931C1D1783AC5B2B4CF87CB4F86E9E76816A421C7B3B95B0FB4A3271E.apk.logcat -process-dir /home/handrick/Documents/TU_Darmstadt/benchmark/data/input/benign-app-6210-EAADE1D931C1D1783AC5B2B4CF87CB4F86E9E76816A421C7B3B95B0FB4A3271E.apk 
Soot started on Tue Apr 25 05:15:41 CEST 2023
Warning: com.ironsource.mobilcore.BaseFlowBasedAdUnit is a phantom class!
Warning: java.lang.invoke.LambdaMetafactory is a phantom class!
Warning: java.lang.ref.Finalizer is a phantom class!
[Call Graph] For information on where the call graph may be incomplete, use the verbose option to the cg phase.
[Spark] Pointer Assignment Graph in 0.1 seconds.
[Spark] Type masks in 0.0 seconds.
[Spark] Pointer Graph simplified in 0.0 seconds.
[Spark] Propagation in 0.0 seconds.
[Spark] Solution found in 0.0 seconds.
hcai's internal transform
Running static analysis for security-relevant feature characterization
[GatorHierarchy] [32mVERBOSE[0m [HIER] All classes: 640
[GatorHierarchy] [32mVERBOSE[0m [App: 36, Lib : 601, Phantom: 3]
[GatorHierarchy] [32mVERBOSE[0m [HIER] Activities: 3, lib activities: 1
[GatorHierarchy] [32mVERBOSE[0m [HIER] App views: 1, Lib views: 4
[GatorHierarchy] [32mVERBOSE[0m [HIER] App Dialogs: 0, Lib Dialogs: 2
[TIMECOST] [32mVERBOSE[0m buildApplicationCodeMap parsing starting at 1682392542362
[TIMECOST] [32mVERBOSE[0m buildApplicationCodeMap parsing finished at 1682392542927
[Instantiated app classes] [32mVERBOSE[0m total number: 39
[WARNING] [32mVERBOSE[0m Callback method :onReceive in Class com.games.AdReciver added
[WARNING] [32mVERBOSE[0m Callback method :onPause in Class org.haxe.lime.GameActivity added
[WARNING] [32mVERBOSE[0m Callback method :onStop in Class org.haxe.lime.GameActivity added
[WARNING] [32mVERBOSE[0m Callback method :onCreate in Class org.haxe.lime.GameActivity added
[WARNING] [32mVERBOSE[0m Callback method :onSensorChanged in Class org.haxe.lime.GameActivity added
[WARNING] [32mVERBOSE[0m Callback method :onDestroy in Class org.haxe.lime.GameActivity added
[WARNING] [32mVERBOSE[0m Callback method :onStart in Class org.haxe.lime.GameActivity added
[WARNING] [32mVERBOSE[0m Callback method :onAccuracyChanged in Class org.haxe.lime.GameActivity added
[WARNING] [32mVERBOSE[0m Callback method :onRestart in Class org.haxe.lime.GameActivity added
[WARNING] [32mVERBOSE[0m Callback method :onActivityResult in Class org.haxe.lime.GameActivity added
[WARNING] [32mVERBOSE[0m Callback method :onResume in Class org.haxe.lime.GameActivity added
[WARNING] [32mVERBOSE[0m Callback method :onCreate in Class com.ccx.xm.AdActivity added
[WARNING] [32mVERBOSE[0m Callback method :onPause in Class org.haxe.lime.GameActivity added
[WARNING] [32mVERBOSE[0m Callback method :onStop in Class org.haxe.lime.GameActivity added
[WARNING] [32mVERBOSE[0m Callback method :onCreate in Class org.haxe.lime.GameActivity added
[WARNING] [32mVERBOSE[0m Callback method :onSensorChanged in Class org.haxe.lime.GameActivity added
[WARNING] [32mVERBOSE[0m Callback method :onDestroy in Class org.haxe.lime.GameActivity added
[WARNING] [32mVERBOSE[0m Callback method :onStart in Class org.haxe.lime.GameActivity added
[WARNING] [32mVERBOSE[0m Callback method :onAccuracyChanged in Class org.haxe.lime.GameActivity added
[WARNING] [32mVERBOSE[0m Callback method :onRestart in Class org.haxe.lime.GameActivity added
[WARNING] [32mVERBOSE[0m Callback method :onActivityResult in Class org.haxe.lime.GameActivity added
[WARNING] [32mVERBOSE[0m Callback method :onResume in Class org.haxe.lime.GameActivity added
0 ICC links found and 0 cg edges added due to ICC links
dynamic conflated call graph: 162 methods; 162 nodes; 179 edges.
maxpossibleFlows=1
maxpossibleFlows=1
maxpossibleFlows=1
maxpossibleFlows=1
maxpossibleFlows=1
maxpossibleFlows=1
maxpossibleFlows=1
maxpossibleFlows=2
2 taint flow paths FOUND from <android.content.ContextWrapper: android.content.res.AssetManager getAssets()> to <android.content.res.AssetManager: java.io.InputStream open(java.lang.String)>
maxpossibleFlows=1
maxpossibleFlows=1
1 taint flow paths FOUND from <android.app.Activity: android.app.Application getApplication()> to <android.util.Log: int d(java.lang.String,java.lang.String)>
maxpossibleFlows=1
1 taint flow paths FOUND from <java.lang.StringBuilder: java.lang.String toString()> to <android.content.res.AssetManager: java.io.InputStream open(java.lang.String)>
maxpossibleFlows=1
maxpossibleFlows=1
maxpossibleFlows=1
maxpossibleFlows=1
maxpossibleFlows=1
maxpossibleFlows=1
maxpossibleFlows=1
maxpossibleFlows=1
maxpossibleFlows=1
maxpossibleFlows=1
maxpossibleFlows=1
maxpossibleFlows=1
maxpossibleFlows=1
maxpossibleFlows=1
maxpossibleFlows=1
maxpossibleFlows=1
maxpossibleFlows=1
maxpossibleFlows=1
maxpossibleFlows=1
maxpossibleFlows=1
maxpossibleFlows=1
maxpossibleFlows=1
maxpossibleFlows=1
maxpossibleFlows=1
maxpossibleFlows=1
maxpossibleFlows=1
maxpossibleFlows=1
maxpossibleFlows=1
maxpossibleFlows=1
maxpossibleFlows=1
maxpossibleFlows=1
maxpossibleFlows=1
maxpossibleFlows=1
maxpossibleFlows=1
maxpossibleFlows=1
maxpossibleFlows=1
maxpossibleFlows=1
1 taint flow paths FOUND from <android.app.Activity: android.view.WindowManager getWindowManager()> to <android.util.Log: int d(java.lang.String,java.lang.String)>
maxpossibleFlows=1
maxpossibleFlows=1
maxpossibleFlows=1
maxpossibleFlows=1
maxpossibleFlows=1
maxpossibleFlows=1
maxpossibleFlows=1
maxpossibleFlows=1
maxpossibleFlows=1
maxpossibleFlows=1
maxpossibleFlows=1
maxpossibleFlows=1
maxpossibleFlows=1
maxpossibleFlows=1
maxpossibleFlows=1
maxpossibleFlows=1
maxpossibleFlows=1
maxpossibleFlows=1
maxpossibleFlows=1
maxpossibleFlows=1
1 taint flow paths FOUND from <javax.microedition.khronos.egl.EGLContext: javax.microedition.khronos.egl.EGL getEGL()> to <android.view.View: void setFocusable(boolean)>
maxpossibleFlows=1
1 taint flow paths FOUND from <android.content.ContextWrapper: android.content.pm.ApplicationInfo getApplicationInfo()> to <android.content.res.AssetManager: java.io.InputStream open(java.lang.String)>
maxpossibleFlows=1
maxpossibleFlows=2
2 taint flow paths FOUND from <android.content.ContextWrapper: android.content.res.AssetManager getAssets()> to <android.content.res.AssetManager: java.io.InputStream open(java.lang.String)>
maxpossibleFlows=1
maxpossibleFlows=1
1 taint flow paths FOUND from <android.content.ContextWrapper: android.content.res.AssetManager getAssets()> to <android.util.Log: int d(java.lang.String,java.lang.String)>
maxpossibleFlows=1
maxpossibleFlows=1
1 taint flow paths FOUND from <android.content.ContextWrapper: android.content.res.AssetManager getAssets()> to <android.app.Activity: void setContentView(android.view.View)>
maxpossibleFlows=1
maxpossibleFlows=1
1 taint flow paths FOUND from <android.content.ContextWrapper: android.content.res.AssetManager getAssets()> to <android.content.ContextWrapper: java.io.FileOutputStream openFileOutput(java.lang.String,int)>
maxpossibleFlows=1
maxpossibleFlows=1
1 taint flow paths FOUND from <android.content.ContextWrapper: android.content.res.AssetManager getAssets()> to <java.io.OutputStream: void write(byte[])>
maxpossibleFlows=1
maxpossibleFlows=1
maxpossibleFlows=1
maxpossibleFlows=1
maxpossibleFlows=1
maxpossibleFlows=1
maxpossibleFlows=1
maxpossibleFlows=1
maxpossibleFlows=1
maxpossibleFlows=1
maxpossibleFlows=1
maxpossibleFlows=1
maxpossibleFlows=1
1 taint flow paths FOUND from <javax.microedition.khronos.egl.EGLContext: javax.microedition.khronos.egl.EGL getEGL()> to <android.view.View: void setFocusable(boolean)>
maxpossibleFlows=1
maxpossibleFlows=1
maxpossibleFlows=1
maxpossibleFlows=1
maxpossibleFlows=1
maxpossibleFlows=1
maxpossibleFlows=1
maxpossibleFlows=1
maxpossibleFlows=1
maxpossibleFlows=1
maxpossibleFlows=1
maxpossibleFlows=1
maxpossibleFlows=1
1 taint flow paths FOUND from <javax.microedition.khronos.egl.EGLContext: javax.microedition.khronos.egl.EGL getEGL()> to <android.view.View: void setFocusableInTouchMode(boolean)>
[WARNING] [32mVERBOSE[0m Callback method :<init> in Class org.haxe.lime.GameActivity
[WARNING] [32mVERBOSE[0m Callback method :onAccuracyChanged in Class org.haxe.lime.GameActivity
[WARNING] [32mVERBOSE[0m Callback method :onActivityResult in Class org.haxe.lime.GameActivity
[WARNING] [32mVERBOSE[0m Callback method :onCreate in Class org.haxe.lime.GameActivity
[WARNING] [32mVERBOSE[0m Callback method :onDestroy in Class org.haxe.lime.GameActivity
[WARNING] [32mVERBOSE[0m Callback method :onPause in Class org.haxe.lime.GameActivity
[WARNING] [32mVERBOSE[0m Callback method :onRestart in Class org.haxe.lime.GameActivity
[WARNING] [32mVERBOSE[0m Callback method :onResume in Class org.haxe.lime.GameActivity
[WARNING] [32mVERBOSE[0m Callback method :onSensorChanged in Class org.haxe.lime.GameActivity
[WARNING] [32mVERBOSE[0m Callback method :onStart in Class org.haxe.lime.GameActivity
[WARNING] [32mVERBOSE[0m Callback method :onStop in Class org.haxe.lime.GameActivity
Result for benign-app-6210-EAADE1D931C1D1783AC5B2B4CF87CB4F86E9E76816A421C7B3B95B0FB4A3271E.apkcom.steverichey.don