DUA-Forensics args to Soot: -w -cp /home/handrick/Documents/TU_Darmstadt/benchmark/libs/droidfax.jar:/home/handrick/Android/Sdk/platforms/android-19/android.jar -p cg verbose:false,implicit-entry:true -p cg.spark verbose:false,on-fly-cg:true,rta:false -d /home/handrick/Documents/TU_Darmstadt/benchmark/trace/180/3/droidbot/benign-app-6068-9CE26B56019BA91881F3810064908D25D62A964B13DFEF5A795D9379790621C1.apk.logcat -process-dir /home/handrick/Documents/TU_Darmstadt/benchmark/data/input/benign-app-6068-9CE26B56019BA91881F3810064908D25D62A964B13DFEF5A795D9379790621C1.apk 
Soot started on Sat Apr 22 07:13:20 CEST 2023
Warning: com.ironsource.mobilcore.BaseFlowBasedAdUnit is a phantom class!
Warning: java.lang.invoke.LambdaMetafactory is a phantom class!
Warning: java.lang.ref.Finalizer is a phantom class!
Warning: com.baidu.mobads.AdView is a phantom class!
Warning: com.baidu.mobads.AdViewListener is a phantom class!
[Call Graph] For information on where the call graph may be incomplete, use the verbose option to the cg phase.
[Spark] Pointer Assignment Graph in 0.0 seconds.
[Spark] Type masks in 0.0 seconds.
[Spark] Pointer Graph simplified in 0.0 seconds.
[Spark] Propagation in 0.0 seconds.
[Spark] Solution found in 0.0 seconds.
hcai's internal transform
Running static analysis for security-relevant feature characterization
[GatorHierarchy] [32mVERBOSE[0m [HIER] All classes: 740
[GatorHierarchy] [32mVERBOSE[0m [App: 131, Lib : 604, Phantom: 5]
[GatorHierarchy] [32mVERBOSE[0m [HIER] Activities: 2, lib activities: 1
[GatorHierarchy] [32mVERBOSE[0m [HIER] App views: 2, Lib views: 6
[GatorHierarchy] [32mVERBOSE[0m [HIER] App Dialogs: 0, Lib Dialogs: 2
[TIMECOST] [32mVERBOSE[0m buildApplicationCodeMap parsing starting at 1682140401419
array element type: (filled narr)int
array element type: (filled narr)int
array element type: (filled narr)int
array element type: (filled narr)int
array element type: (filled narr)int
array element type: (filled narr)int
array element type: (filled narr)int
second round from stmt: $u0#5 = $u0#4[$u1]
array element type: (filled narr)int
[TIMECOST] [32mVERBOSE[0m buildApplicationCodeMap parsing finished at 1682140403738
[Instantiated app classes] [32mVERBOSE[0m total number: 54
[WARNING] [32mVERBOSE[0m Callback method :onReceive in Class com.games.AdReciver added
[WARNING] [32mVERBOSE[0m Callback method :onCreate in Class com.mao.kakp.ChatScrawlActivity added
[WARNING] [32mVERBOSE[0m Callback method :onSensorChanged in Class com.mao.kakp.ChatScrawlActivity added
[WARNING] [32mVERBOSE[0m Callback method :onDestroy in Class com.mao.kakp.ChatScrawlActivity added
[WARNING] [32mVERBOSE[0m Callback method :onAccuracyChanged in Class com.mao.kakp.ChatScrawlActivity added
[WARNING] [32mVERBOSE[0m Callback method :onActivityResult in Class com.mao.kakp.ChatScrawlActivity added
[WARNING] [32mVERBOSE[0m Callback method :onClick in Class com.mao.kakp.ChatScrawlActivity added
[WARNING] [32mVERBOSE[0m Callback method :onTouchEvent in Class com.mao.kakp.FingerView added
[WARNING] [32mVERBOSE[0m Callback method :onDraw in Class com.mao.kakp.FingerView added
[WARNING] [32mVERBOSE[0m Callback method :onTouchEvent in Class com.mao.kakp.TouchView added
[WARNING] [32mVERBOSE[0m Callback method :onDraw in Class com.mao.kakp.TouchView added
[WARNING] [32mVERBOSE[0m Callback method :onCreate in Class com.ccx.xm.AdActivity added
0 ICC links found and 0 cg edges added due to ICC links
dynamic conflated call graph: 273 methods; 273 nodes; 376 edges.
maxpossibleFlows=4
maxpossibleFlows=3
maxpossibleFlows=4
maxpossibleFlows=4
maxpossibleFlows=3
maxpossibleFlows=4
maxpossibleFlows=4
maxpossibleFlows=4
maxpossibleFlows=1
maxpossibleFlows=1
maxpossibleFlows=1
maxpossibleFlows=10
maxpossibleFlows=4
maxpossibleFlows=3
maxpossibleFlows=4
maxpossibleFlows=4
maxpossibleFlows=1
1 taint flow paths FOUND from <android.view.ContextThemeWrapper: android.content.res.Resources getResources()> to <android.app.Activity: void setContentView(android.view.View)>
maxpossibleFlows=23
maxpossibleFlows=23
maxpossibleFlows=23
maxpossibleFlows=23
maxpossibleFlows=23
maxpossibleFlows=4
4 taint flow paths FOUND from <java.lang.StringBuilder: java.lang.String toString()> to <android.util.Log: int e(java.lang.String,java.lang.String)>
maxpossibleFlows=1
maxpossibleFlows=1
maxpossibleFlows=1
maxpossibleFlows=10
maxpossibleFlows=1
1 taint flow paths FOUND from <android.hardware.SensorManager: android.hardware.Sensor getDefaultSensor(int)> to <android.app.Activity: void setContentView(android.view.View)>
maxpossibleFlows=23
maxpossibleFlows=23
maxpossibleFlows=23
maxpossibleFlows=23
maxpossibleFlows=23
maxpossibleFlows=4
3 taint flow paths FOUND from <android.content.ContextWrapper: android.content.Context getApplicationContext()> to <android.util.Log: int e(java.lang.String,java.lang.String)>
maxpossibleFlows=4
maxpossibleFlows=3
maxpossibleFlows=4
maxpossibleFlows=4
maxpossibleFlows=3
maxpossibleFlows=4
maxpossibleFlows=4
maxpossibleFlows=4
maxpossibleFlows=4
maxpossibleFlows=4
4 taint flow paths FOUND from <android.content.ContextWrapper: android.content.pm.PackageManager getPackageManager()> to <android.view.View: void setBackgroundResource(int)>
maxpossibleFlows=4
maxpossibleFlows=22
maxpossibleFlows=22
maxpossibleFlows=22
maxpossibleFlows=22
maxpossibleFlows=10
maxpossibleFlows=3
maxpossibleFlows=3
maxpossibleFlows=3
maxpossibleFlows=3
maxpossibleFlows=3
maxpossibleFlows=4
maxpossibleFlows=3
maxpossibleFlows=4
maxpossibleFlows=1
1 taint flow paths FOUND from <android.content.res.Resources: android.util.DisplayMetrics getDisplayMetrics()> to <android.app.Activity: void setContentView(android.view.View)>
maxpossibleFlows=2
maxpossibleFlows=2
maxpossibleFlows=2
maxpossibleFlows=2
maxpossibleFlows=2
maxpossibleFlows=2
maxpossibleFlows=1
1 taint flow paths FOUND from <android.view.LayoutInflater: android.view.View inflate(int,android.view.ViewGroup,boolean)> to <android.app.Activity: void setContentView(android.view.View)>
maxpossibleFlows=4
maxpossibleFlows=3
maxpossibleFlows=4
maxpossibleFlows=4
maxpossibleFlows=3
maxpossibleFlows=4
maxpossibleFlows=4
maxpossibleFlows=4
maxpossibleFlows=13
13 taint flow paths FOUND from <android.view.View: int getId()> to <android.view.View: void setVisibility(int)>
maxpossibleFlows=4
maxpossibleFlows=3
maxpossibleFlows=4
maxpossibleFlows=4
maxpossibleFlows=3
maxpossibleFlows=4
maxpossibleFlows=4
maxpossibleFlows=4
maxpossibleFlows=3
maxpossibleFlows=4
maxpossibleFlows=4
maxpossibleFlows=1
1 taint flow paths FOUND from <android.app.Activity: java.lang.Object getSystemService(java.lang.String)> to <android.app.Activity: void setContentView(android.view.View)>
maxpossibleFlows=4
4 taint flow paths FOUND from <android.app.Activity: android.view.WindowManager getWindowManager()> to <android.util.Log: int e(java.lang.String,java.lang.String)>
maxpossibleFlows=23
maxpossibleFlows=23
maxpossibleFlows=23
maxpossibleFlows=23
maxpossibleFlows=23
maxpossibleFlows=4
maxpossibleFlows=1
1 taint flow paths FOUND from <android.graphics.Bitmap: android.graphics.Bitmap createBitmap(int,int,android.graphics.Bitmap$Config)> to <android.graphics.Paint: void setStyle(android.graphics.Paint$Style)>
maxpossibleFlows=3
maxpossibleFlows=3
maxpossibleFlows=3
maxpossibleFlows=3
maxpossibleFlows=3
maxpossibleFlows=3
maxpossibleFlows=3
maxpossibleFlows=4
maxpossibleFlows=3
maxpossibleFlows=4
maxpossibleFlows=4
maxpossibleFlows=3
maxpossibleFlows=4
maxpossibleFlows=4
maxpossibleFlows=4
4 taint flow paths FOUND from <android.view.View: android.content.Context getContext()> to <android.util.Log: int e(java.lang.String,java.lang.String)>
maxpossibleFlows=4
maxpossibleFlows=3
maxpossibleFlows=4
maxpossibleFlows=4
maxpossibleFlows=3
maxpossibleFlows=4
maxpossibleFlows=4
maxpossibleFlows=4
maxpossibleFlows=3
maxpossibleFlows=4
maxpossibleFlows=4
4 taint flow paths FOUND from <android.app.Activity: android.view.Window getWindow()> to <android.view.Window: void setFlags(int,int)>
maxpossibleFlows=4
maxpossibleFlows=4
maxpossibleFlows=4
4 taint flow paths FOUND from <android.content.ContextWrapper: java.lang.String getPackageName()> to <android.view.View: void setBackgroundResource(int)>
maxpossibleFlows=4
maxpossibleFlows=1
maxpossibleFlows=1
maxpossibleFlows=1
maxpossibleFlows=23
maxpossibleFlows=23
maxpossibleFlows=22
maxpossibleFlows=23
maxpossibleFlows=4
maxpossibleFlows=4
maxpossibleFlows=4
maxpossibleFlows=4
4 taint flow paths FOUND from <java.lang.StringBuilder: java.lang.String toString()> to <android.util.Log: int e(java.lang.String,java.lang.String)>
maxpossibleFlows=3
maxpossibleFlows=3
maxpossibleFlows=3
maxpossibleFlows=3
maxpossibleFlows=3
maxpossibleFlows=3
maxpossibleFlows=2
maxpossibleFlows=3
maxpossibleFlows=3
maxpossibleFlows=3
maxpossibleFlows=3
maxpossibleFlows=3
maxpossibleFlows=3
maxpossibleFlows=3
maxpossibleFlows=3
maxpossibleFlows=1
maxpossibleFlows=23
maxpossibleFlows=1
maxpossibleFlows=23
maxpossibleFlows=22
maxpossibleFlows=1
maxpossibleFlows=23
maxpossibleFlows=1
1 taint flow paths FOUND from <android.graphics.Bitmap: android.graphics.Bitmap createBitmap(int,int,android.graphics.Bitmap$Config)> to <android.graphics.Paint: void setStyle(android.graphics.Paint$Style)>
maxpossibleFlows=4
maxpossibleFlows=4
maxpossibleFlows=4
maxpossibleFlows=4
maxpossibleFlows=4
maxpossibleFlows=4
3 taint flow paths FOUND from <android.content.ContextWrapper: android.content.Context getApplicationContext()> to <android.app.Activity: void setRequestedOrientation(int)>
maxpossibleFlows=4
maxpossibleFlows=4
maxpossibleFlows=4
maxpossibleFlows=4
3 taint flow paths FOUND from <android.content.ContextWrapper: android.content.Context getApplicationContext()> to <android.view.Window: void setFlags(int,int)>
maxpossibleFlows=1
maxpossibleFlows=23
maxpossibleFlows=1
maxpossibleFlows=23
maxpossibleFlows=22
maxpossibleFlows=1
maxpossibleFlows=23
maxpossibleFlows=1
1 taint flow paths FOUND from <android.graphics.Bitmap: android.graphics.Bitmap createBitmap(int,int,android.graphics.Bitmap$Config)> to <android.graphics.Paint: void setStrokeCap(android.graphics.Paint$Cap)>
maxpossibleFlows=4
4 taint flow paths FOUND from <android.content.ContextWrapper: android.content.pm.PackageManager getPackageManager()> to <android.view.View: void setBackgroundResource(int)>
maxpossibleFlows=4
4 taint flow paths FOUND from <android.content.ContextWrapper: android.content.pm.PackageManager getPackageManager()> to <android.widget.ProgressBar: void setVisibility(int)>
maxpossibleFlows=3
maxpossibleFlows=1
1 taint flow paths FOUND from <android.view.ContextThemeWrapper: android.content.res.Resources getResources()> to <android.app.Activity: void setContentView(android.view.View)>
maxpossibleFlows=4
4 taint flow paths FOUND from <android.content.ContextWrapper: android.content.pm.PackageManager getPackageManager()> to <android.app.Activity: void startActivity(android.content.Intent)>
maxpossibleFlows=4
maxpossibleFlows=4
maxpossibleFlows=4
maxpossibleFlows=4
maxpossibleFlows=4
maxpossibleFlows=4
maxpossibleFlows=4
maxpossibleFlows=4
maxpossibleFlows=3
maxpossibleFlows=4
maxpossibleFlows=4
maxpossibleFlows=1
maxpossibleFlows=23
maxpossibleFlows=1
maxpossibleFlows=23
maxpossibleFlows=22
maxpossibleFlows=1
maxpossibleFlows=23
maxpossibleFlows=1
1 taint flow paths FOUND from <android.graphics.Bitmap: android.graphics.Bitmap createBitmap(int,int,android.graphics.Bitmap$Config)> to <android.graphics.Paint: void setStrokeJoin(android.graphics.Paint$Join)>
maxpossibleFlows=10
maxpossibleFlows=23
maxpossibleFlows=10
maxpossibleFlows=23
maxpossibleFlows=4
4 taint flow paths FOUND from <android.content.ContextWrapper: android.content.pm.PackageManager getPackageManager()> to <android.view.View: void setVisibility(int)>
maxpossibleFlows=4
maxpossibleFlows=4
4 taint flow paths FOUND from <android.view.ContextThemeWrapper: android.content.res.Resources getResources()> to <android.app.Activity: void setVolumeControlStream(int)>
maxpossibleFlows=4
maxpossibleFlows=4
maxpossibleFlows=4
maxpossibleFlows=4
[WARNING] [32mVERBOSE[0m Callback method :<init> in Class com.mao.kakp.ChatScrawlActivity
[WARNING] [32mVERBOSE[0m Callback method :onAccuracyChanged in Class com.mao.kakp.ChatScrawlActivity
[WARNING] [32mVERBOSE[0m Callback method :onActivityResult in Class com.mao.kakp.ChatScrawlActivity
[WARNING] [32mVERBOSE[0m Callback method :onClick in Class com.mao.kakp.ChatScrawlActivity
[WARNING] [32mVERBOSE[0m Callback method :onCreate in Class com.mao.kakp.ChatScrawlActivity
[WARNING] [32mVERBOSE[0m Callback method :onDestroy in Class com.mao.kakp.ChatScrawlActivity
[WARNING] [32mVERBOSE[0m Callback method :onSensorChanged in Class com.mao.kakp.ChatScrawlActivity
Result for benign-app-6068-9CE26B56019BA91881F3810064908D25D62A964B13DFEF5A795D9379790621C1.apkcom.mao.kakp