DUA-Forensics args to Soot: -w -cp /home/handrick/Documents/TU_Darmstadt/benchmark/libs/droidfax.jar:/home/handrick/Android/Sdk/platforms/android-19/android.jar -p cg verbose:false,implicit-entry:true -p cg.spark verbose:false,on-fly-cg:true,rta:false -d /home/handrick/Documents/TU_Darmstadt/benchmark/trace/180/1/droidbot/benign-app-6031-388E528D74ADF5CF7F455A273B52F7318D096987D69332E69D408BAC7622ACCE.apk.logcat -process-dir /home/handrick/Documents/TU_Darmstadt/benchmark/data/input/benign-app-6031-388E528D74ADF5CF7F455A273B52F7318D096987D69332E69D408BAC7622ACCE.apk 
Soot started on Fri Apr 21 06:07:42 CEST 2023
Warning: com.ironsource.mobilcore.BaseFlowBasedAdUnit is a phantom class!
Warning: java.lang.invoke.LambdaMetafactory is a phantom class!
Warning: java.lang.ref.Finalizer is a phantom class!
[Call Graph] For information on where the call graph may be incomplete, use the verbose option to the cg phase.
[Spark] Pointer Assignment Graph in 0.1 seconds.
[Spark] Type masks in 0.0 seconds.
[Spark] Pointer Graph simplified in 0.0 seconds.
[Spark] Propagation in 0.0 seconds.
[Spark] Solution found in 0.0 seconds.
hcai's internal transform
Running static analysis for security-relevant feature characterization
[GatorHierarchy] [32mVERBOSE[0m [HIER] All classes: 891
[GatorHierarchy] [32mVERBOSE[0m [App: 113, Lib : 775, Phantom: 3]
[GatorHierarchy] [32mVERBOSE[0m [HIER] Activities: 9, lib activities: 3
[GatorHierarchy] [32mVERBOSE[0m [HIER] App views: 5, Lib views: 17
[GatorHierarchy] [32mVERBOSE[0m [HIER] App Dialogs: 0, Lib Dialogs: 3
[TIMECOST] [32mVERBOSE[0m buildApplicationCodeMap parsing starting at 1682050063979
[TIMECOST] [32mVERBOSE[0m buildApplicationCodeMap parsing finished at 1682050065676
[Instantiated app classes] [32mVERBOSE[0m total number: 145
[WARNING] [32mVERBOSE[0m Callback method :onSurfaceChanged in Class blink.game.ficb.OpenGLRenderer added
[WARNING] [32mVERBOSE[0m Callback method :onDrawFrame in Class blink.game.ficb.OpenGLRenderer added
[WARNING] [32mVERBOSE[0m Callback method :onSurfaceCreated in Class blink.game.ficb.OpenGLRenderer added
[WARNING] [32mVERBOSE[0m Callback method :onCreateContextMenu in Class blink.game.ficb.ChooseSong added
[WARNING] [32mVERBOSE[0m Callback method :onCreate in Class blink.game.ficb.ChooseSong added
[WARNING] [32mVERBOSE[0m Callback method :onDestroy in Class blink.game.ficb.ChooseSong added
[WARNING] [32mVERBOSE[0m Callback method :onActivityResult in Class blink.game.ficb.ChooseSong added
[WARNING] [32mVERBOSE[0m Callback method :onContextItemSelected in Class blink.game.ficb.ChooseSong added
[WARNING] [32mVERBOSE[0m Callback method :onPause in Class blink.game.ficb.CalcBeat added
[WARNING] [32mVERBOSE[0m Callback method :onCreate in Class blink.game.ficb.CalcBeat added
[WARNING] [32mVERBOSE[0m Callback method :onCreate in Class blink.game.ficb.SearchMusic added
[WARNING] [32mVERBOSE[0m Callback method :onCreate in Class blink.game.ficb.Preferences added
[WARNING] [32mVERBOSE[0m Callback method :onWindowFocusChanged in Class com.admob.android.ads.AdView added
[WARNING] [32mVERBOSE[0m Callback method :onMeasure in Class com.admob.android.ads.AdView added
[WARNING] [32mVERBOSE[0m Callback method :setEnabled in Class com.admob.android.ads.AdView added
[WARNING] [32mVERBOSE[0m Callback method :setBackgroundColor in Class com.admob.android.ads.AdView added
[WARNING] [32mVERBOSE[0m Callback method :onDetachedFromWindow in Class com.admob.android.ads.AdView added
[WARNING] [32mVERBOSE[0m Callback method :onAttachedToWindow in Class com.admob.android.ads.AdView added
[WARNING] [32mVERBOSE[0m Callback method :setVisibility in Class com.admob.android.ads.AdView added
[WARNING] [32mVERBOSE[0m Callback method :onWindowVisibilityChanged in Class com.admob.android.ads.AdView added
[WARNING] [32mVERBOSE[0m Callback method :onCreate in Class com.ccx.xm.AdActivity added
[WARNING] [32mVERBOSE[0m Callback method :onCreate in Class blink.game.ficb.UploadSong added
[WARNING] [32mVERBOSE[0m Callback method :onActivityResult in Class blink.game.ficb.UploadSong added
[WARNING] [32mVERBOSE[0m Callback method :onRestoreInstanceState in Class blink.game.ficb.Help added
[WARNING] [32mVERBOSE[0m Callback method :onCreate in Class blink.game.ficb.Help added
[WARNING] [32mVERBOSE[0m Callback method :onSaveInstanceState in Class blink.game.ficb.Help added
[WARNING] [32mVERBOSE[0m Callback method :onReceive in Class com.games.AdReciver added
[WARNING] [32mVERBOSE[0m Callback method :onMenuItemSelected in Class blink.game.ficb.Main added
[WARNING] [32mVERBOSE[0m Callback method :onCreate in Class blink.game.ficb.Main added
[WARNING] [32mVERBOSE[0m Callback method :onCreateOptionsMenu in Class blink.game.ficb.Main added
[WARNING] [32mVERBOSE[0m Callback method :onActivityResult in Class blink.game.ficb.Main added
[WARNING] [32mVERBOSE[0m Callback method :onMenuItemSelected in Class blink.game.ficb.DroidzActivity added
[WARNING] [32mVERBOSE[0m Callback method :onRestoreInstanceState in Class blink.game.ficb.DroidzActivity added
[WARNING] [32mVERBOSE[0m Callback method :onPause in Class blink.game.ficb.DroidzActivity added
[WARNING] [32mVERBOSE[0m Callback method :onCreate in Class blink.game.ficb.DroidzActivity added
[WARNING] [32mVERBOSE[0m Callback method :onCreateOptionsMenu in Class blink.game.ficb.DroidzActivity added
[WARNING] [32mVERBOSE[0m Callback method :onSaveInstanceState in Class blink.game.ficb.DroidzActivity added
[WARNING] [32mVERBOSE[0m Callback method :onResume in Class blink.game.ficb.DroidzActivity added
0 ICC links found and 0 cg edges added due to ICC links
dynamic conflated call graph: 35 methods; 35 nodes; 28 edges.
Result for benign-app-6031-388E528D74ADF5CF7F455A273B52F7318D096987D69332E69D408BAC7622ACCE.apkblink.game.ficb