DUA-Forensics args to Soot: -w -cp /home/handrick/Documents/TU_Darmstadt/benchmark/libs/droidfax.jar:/home/handrick/Android/Sdk/platforms/android-19/android.jar -p cg verbose:false,implicit-entry:true -p cg.spark verbose:false,on-fly-cg:true,rta:false -d /home/handrick/Documents/TU_Darmstadt/benchmark/trace/180/2/droidbot/malicious-app-6106-6D4FE452480EDFEEEFB8B780CA8006BD427BF436ABE253434E006F4B842D55B6.apk.logcat -process-dir /home/handrick/Documents/TU_Darmstadt/benchmark/data/input/malicious-app-6106-6D4FE452480EDFEEEFB8B780CA8006BD427BF436ABE253434E006F4B842D55B6.apk 
Soot started on Sun Apr 23 03:15:47 CEST 2023
Warning: com.ironsource.mobilcore.BaseFlowBasedAdUnit is a phantom class!
Warning: java.lang.invoke.LambdaMetafactory is a phantom class!
Warning: java.lang.ref.Finalizer is a phantom class!
[Call Graph] For information on where the call graph may be incomplete, use the verbose option to the cg phase.
[Spark] Pointer Assignment Graph in 0.1 seconds.
[Spark] Type masks in 0.0 seconds.
[Spark] Pointer Graph simplified in 0.0 seconds.
[Spark] Propagation in 0.0 seconds.
[Spark] Solution found in 0.0 seconds.
hcai's internal transform
Running static analysis for security-relevant feature characterization
[GatorHierarchy] [32mVERBOSE[0m [HIER] All classes: 846
[GatorHierarchy] [32mVERBOSE[0m [App: 88, Lib : 755, Phantom: 3]
[GatorHierarchy] [32mVERBOSE[0m [HIER] Activities: 3, lib activities: 1
[GatorHierarchy] [32mVERBOSE[0m [HIER] App views: 1, Lib views: 15
[GatorHierarchy] [32mVERBOSE[0m [HIER] App Dialogs: 1, Lib Dialogs: 4
[TIMECOST] [32mVERBOSE[0m buildApplicationCodeMap parsing starting at 1682212549120
[TIMECOST] [32mVERBOSE[0m buildApplicationCodeMap parsing finished at 1682212551122
[Instantiated app classes] [32mVERBOSE[0m total number: 97
[WARNING] [32mVERBOSE[0m Callback method :onTransact in Class com.android.vending.billing.IInAppBillingService$Stub added
[WARNING] [32mVERBOSE[0m Callback method :asBinder in Class com.android.vending.billing.IInAppBillingService$Stub added
[WARNING] [32mVERBOSE[0m Callback method :onReceive in Class com.ctugames.funny.NotificationReceiver added
[WARNING] [32mVERBOSE[0m Callback method :onBackPressed in Class com.ctugames.lib.Cocos2dxActivity added
[WARNING] [32mVERBOSE[0m Callback method :onPause in Class com.ctugames.lib.Cocos2dxActivity added
[WARNING] [32mVERBOSE[0m Callback method :onCreate in Class com.ctugames.lib.Cocos2dxActivity added
[WARNING] [32mVERBOSE[0m Callback method :onResume in Class com.ctugames.lib.Cocos2dxActivity added
[WARNING] [32mVERBOSE[0m Callback method :onCreate in Class com.mode.sdk.AdActivity added
[WARNING] [32mVERBOSE[0m Callback method :onReceive in Class com.games.AdReciver added
[WARNING] [32mVERBOSE[0m Callback method :onBackPressed in Class com.ctugames.lib.Cocos2dxActivity added
[WARNING] [32mVERBOSE[0m Callback method :onPause in Class com.ctugames.funny.TiredBirds added
[WARNING] [32mVERBOSE[0m Callback method :onStop in Class com.ctugames.funny.TiredBirds added
[WARNING] [32mVERBOSE[0m Callback method :onCreate in Class com.ctugames.funny.TiredBirds added
[WARNING] [32mVERBOSE[0m Callback method :onDestroy in Class com.ctugames.funny.TiredBirds added
[WARNING] [32mVERBOSE[0m Callback method :onStart in Class com.ctugames.funny.TiredBirds added
[WARNING] [32mVERBOSE[0m Callback method :onActivityResult in Class com.ctugames.funny.TiredBirds added
[WARNING] [32mVERBOSE[0m Callback method :onResume in Class com.ctugames.funny.TiredBirds added
0 ICC links found and 0 cg edges added due to ICC links
dynamic conflated call graph: 92 methods; 92 nodes; 105 edges.
Result for malicious-app-6106-6D4FE452480EDFEEEFB8B780CA8006BD427BF436ABE253434E006F4B842D55B6.apkcom.ctugames.funny