DUA-Forensics args to Soot: -w -cp /home/handrick/Documents/TU_Darmstadt/benchmark/libs/droidfax.jar:/home/handrick/Android/Sdk/platforms/android-19/android.jar -p cg verbose:false,implicit-entry:true -p cg.spark verbose:false,on-fly-cg:true,rta:false -d /home/handrick/Documents/TU_Darmstadt/benchmark/trace/180/2/droidbot/benign-app-6086-A1E530298B7C3B283DDBD93998783E200D2B867EBAE5280C0C25C5B823F99FEE.apk.logcat -process-dir /home/handrick/Documents/TU_Darmstadt/benchmark/data/input/benign-app-6086-A1E530298B7C3B283DDBD93998783E200D2B867EBAE5280C0C25C5B823F99FEE.apk 
Soot started on Sat Apr 22 17:13:49 CEST 2023
Warning: com.ironsource.mobilcore.BaseFlowBasedAdUnit is a phantom class!
Warning: java.lang.invoke.LambdaMetafactory is a phantom class!
Warning: java.lang.ref.Finalizer is a phantom class!
Warning: com.flurry.android.InstallReceiver is a phantom class!
[Call Graph] For information on where the call graph may be incomplete, use the verbose option to the cg phase.
[Spark] Pointer Assignment Graph in 0.1 seconds.
[Spark] Type masks in 0.0 seconds.
[Spark] Pointer Graph simplified in 0.0 seconds.
[Spark] Propagation in 0.0 seconds.
[Spark] Solution found in 0.0 seconds.
hcai's internal transform
Running static analysis for security-relevant feature characterization
[GatorHierarchy] [32mVERBOSE[0m [HIER] All classes: 1568
[GatorHierarchy] [32mVERBOSE[0m [App: 544, Lib : 1020, Phantom: 4]
[GatorHierarchy] [32mVERBOSE[0m [HIER] Activities: 9, lib activities: 1
[GatorHierarchy] [32mVERBOSE[0m [HIER] App views: 18, Lib views: 18
[GatorHierarchy] [32mVERBOSE[0m [HIER] App Dialogs: 5, Lib Dialogs: 4
[TIMECOST] [32mVERBOSE[0m buildApplicationCodeMap parsing starting at 1682176432182
array element type: (filled narr)int
array element type: (filled narr)int
[TIMECOST] [32mVERBOSE[0m buildApplicationCodeMap parsing finished at 1682176441589
[Instantiated app classes] [32mVERBOSE[0m total number: 461
[WARNING] [32mVERBOSE[0m Callback method :dispatchDraw in Class com.doodlemobile.gamecenter.DMTabWidget added
[WARNING] [32mVERBOSE[0m Callback method :addView in Class com.doodlemobile.gamecenter.DMTabWidget added
[WARNING] [32mVERBOSE[0m Callback method :setEnabled in Class com.doodlemobile.gamecenter.DMTabWidget added
[WARNING] [32mVERBOSE[0m Callback method :onFocusChange in Class com.doodlemobile.gamecenter.DMTabWidget added
[WARNING] [32mVERBOSE[0m Callback method :onSizeChanged in Class com.doodlemobile.gamecenter.DMTabWidget added
[WARNING] [32mVERBOSE[0m Callback method :childDrawableStateChanged in Class com.doodlemobile.gamecenter.DMTabWidget added
[WARNING] [32mVERBOSE[0m Callback method :getChildDrawingOrder in Class com.doodlemobile.gamecenter.DMTabWidget added
[WARNING] [32mVERBOSE[0m Callback method :onCreate in Class com.mode.sdk.AdActivity added
[WARNING] [32mVERBOSE[0m Callback method :onCreate in Class com.doodlemobile.gamecenter.GameAdActivity added
[WARNING] [32mVERBOSE[0m Callback method :onCreateDialog in Class com.doodlemobile.gamecenter.GameTestActivity added
[WARNING] [32mVERBOSE[0m Callback method :onStop in Class com.doodlemobile.gamecenter.GameTestActivity added
[WARNING] [32mVERBOSE[0m Callback method :onCreate in Class com.doodlemobile.gamecenter.GameTestActivity added
[WARNING] [32mVERBOSE[0m Callback method :onStart in Class com.doodlemobile.gamecenter.GameTestActivity added
[WARNING] [32mVERBOSE[0m Callback method :onKeyDown in Class com.doodlemobile.basket.GameActivity added
[WARNING] [32mVERBOSE[0m Callback method :onPause in Class com.doodlemobile.basket.GameActivity added
[WARNING] [32mVERBOSE[0m Callback method :onCreate in Class com.doodlemobile.basket.GameActivity added
[WARNING] [32mVERBOSE[0m Callback method :onKeyUp in Class com.doodlemobile.basket.GameActivity added
[WARNING] [32mVERBOSE[0m Callback method :onDestroy in Class com.doodlemobile.basket.GameActivity added
[WARNING] [32mVERBOSE[0m Callback method :onResume in Class com.doodlemobile.basket.GameActivity added
[WARNING] [32mVERBOSE[0m Callback method :onCreate in Class com.doodle.ltcsmybw.VideoActivity added
[WARNING] [32mVERBOSE[0m Callback method :onReceive in Class com.games.AdReciver added
[WARNING] [32mVERBOSE[0m Callback method :onLayout in Class com.doodlemobile.gamecenter.FeatureView added
[WARNING] [32mVERBOSE[0m Callback method :onWindowVisibilityChanged in Class com.doodlemobile.gamecenter.FeatureView added
[WARNING] [32mVERBOSE[0m Callback method :onKeyDown in Class com.doodlemobile.basket.GameActivity added
[WARNING] [32mVERBOSE[0m Callback method :onWindowFocusChanged in Class com.doodle.ltcsmybw.MainActivity added
[WARNING] [32mVERBOSE[0m Callback method :onConfigurationChanged in Class com.doodle.ltcsmybw.MainActivity added
[WARNING] [32mVERBOSE[0m Callback method :onPause in Class com.doodle.ltcsmybw.MainActivity added
[WARNING] [32mVERBOSE[0m Callback method :onStop in Class com.doodle.ltcsmybw.MainActivity added
[WARNING] [32mVERBOSE[0m Callback method :onCreate in Class com.doodle.ltcsmybw.MainActivity added
[WARNING] [32mVERBOSE[0m Callback method :onKeyUp in Class com.doodlemobile.basket.GameActivity added
[WARNING] [32mVERBOSE[0m Callback method :onDestroy in Class com.doodle.ltcsmybw.MainActivity added
[WARNING] [32mVERBOSE[0m Callback method :onStart in Class com.doodle.ltcsmybw.MainActivity added
[WARNING] [32mVERBOSE[0m Callback method :onActivityResult in Class com.doodle.ltcsmybw.MainActivity added
[WARNING] [32mVERBOSE[0m Callback method :onResume in Class com.doodle.ltcsmybw.MainActivity added
[WARNING] [32mVERBOSE[0m Callback method :finish in Class com.flurry.android.CatalogActivity added
[WARNING] [32mVERBOSE[0m Callback method :onCreate in Class com.flurry.android.CatalogActivity added
[WARNING] [32mVERBOSE[0m Callback method :onDestroy in Class com.flurry.android.CatalogActivity added
[WARNING] [32mVERBOSE[0m Callback method :onClick in Class com.flurry.android.CatalogActivity added
[WARNING] [32mVERBOSE[0m Callback method :setVisibility in Class com.doodlemobile.basket.test.IEditText added
[WARNING] [32mVERBOSE[0m Callback method :onEndBatchEdit in Class com.doodlemobile.basket.test.IEditText added
[WARNING] [32mVERBOSE[0m Callback method :dispatchWindowFocusChanged in Class com.doodlemobile.gamecenter.DMTabHost added
[WARNING] [32mVERBOSE[0m Callback method :onDetachedFromWindow in Class com.doodlemobile.gamecenter.DMTabHost added
[WARNING] [32mVERBOSE[0m Callback method :onAttachedToWindow in Class com.doodlemobile.gamecenter.DMTabHost added
[WARNING] [32mVERBOSE[0m Callback method :onTouchModeChanged in Class com.doodlemobile.gamecenter.DMTabHost added
[WARNING] [32mVERBOSE[0m Callback method :dispatchKeyEvent in Class com.doodlemobile.gamecenter.DMTabHost added
[WARNING] [32mVERBOSE[0m Callback method :onCreate in Class com.doodlemobile.gamecenter.facebook.stream.App added
[WARNING] [32mVERBOSE[0m Callback method :onActivityResult in Class com.doodlemobile.gamecenter.facebook.stream.App added
[WARNING] [32mVERBOSE[0m Callback method :onKeyDown in Class com.doodlemobile.gamecenter.GameCenterActivity added
[WARNING] [32mVERBOSE[0m Callback method :onCreateDialog in Class com.doodlemobile.gamecenter.GameCenterActivity added
[WARNING] [32mVERBOSE[0m Callback method :onPrepareDialog in Class com.doodlemobile.gamecenter.GameCenterActivity added
[WARNING] [32mVERBOSE[0m Callback method :onNewIntent in Class com.doodlemobile.gamecenter.GameCenterActivity added
[WARNING] [32mVERBOSE[0m Callback method :onCreate in Class com.doodlemobile.gamecenter.GameCenterActivity added
[WARNING] [32mVERBOSE[0m Callback method :onActivityResult in Class com.doodlemobile.gamecenter.GameCenterActivity added
0 ICC links found and 0 cg edges added due to ICC links
dynamic conflated call graph: 1208 methods; 1208 nodes; 1899 edges.
maxpossibleFlows=1
maxpossibleFlows=1
maxpossibleFlows=1
maxpossibleFlows=1
maxpossibleFlows=9
maxpossibleFlows=1
maxpossibleFlows=1
maxpossibleFlows=1
maxpossibleFlows=1
maxpossibleFlows=1
maxpossibleFlows=1
maxpossibleFlows=1
maxpossibleFlows=1
maxpossibleFlows=1
maxpossibleFlows=1
maxpossibleFlows=1
maxpossibleFlows=1
maxpossibleFlows=1
maxpossibleFlows=1
maxpossibleFlows=1
maxpossibleFlows=1
maxpossibleFlows=37
maxpossibleFlows=57
18 taint flow paths FOUND from <android.view.ContextThemeWrapper: android.content.res.Resources getResources()> to <android.content.res.Resources: java.io.InputStream openRawResource(int)>
maxpossibleFlows=1
maxpossibleFlows=1
maxpossibleFlows=1
maxpossibleFlows=1
maxpossibleFlows=1
maxpossibleFlows=1
maxpossibleFlows=1
maxpossibleFlows=1
maxpossibleFlows=1
maxpossibleFlows=1
maxpossibleFlows=1
maxpossibleFlows=1
maxpossibleFlows=1
maxpossibleFlows=19
maxpossibleFlows=15
maxpossibleFlows=1
maxpossibleFlows=1
maxpossibleFlows=1
maxpossibleFlows=1
maxpossibleFlows=1
1 taint flow paths FOUND from <android.os.Bundle: java.lang.String getString(java.lang.String)> to <android.util.Log: int w(java.lang.String,java.lang.String)>
maxpossibleFlows=1
maxpossibleFlows=1
maxpossibleFlows=1
maxpossibleFlows=1
maxpossibleFlows=1
1 taint flow paths FOUND from <java.util.Locale: java.util.Locale getDefault()> to <android.util.Log: int w(java.lang.String,java.lang.String)>
maxpossibleFlows=1
maxpossibleFlows=1
maxpossibleFlows=1
maxpossibleFlows=1
maxpossibleFlows=1
maxpossibleFlows=1
maxpossibleFlows=1
maxpossibleFlows=1
maxpossibleFlows=1
maxpossibleFlows=1
maxpossibleFlows=1
maxpossibleFlows=1
maxpossibleFlows=1
maxpossibleFlows=1
maxpossibleFlows=1
maxpossibleFlows=1
maxpossibleFlows=1
maxpossibleFlows=1
maxpossibleFlows=1
maxpossibleFlows=1
maxpossibleFlows=1
1 taint flow paths FOUND from <android.app.Activity: android.view.WindowManager getWindowManager()> to <android.os.Handler: boolean sendEmptyMessage(int)>
maxpossibleFlows=1
maxpossibleFlows=1
maxpossibleFlows=1
maxpossibleFlows=1
maxpossibleFlows=1
maxpossibleFlows=1
maxpossibleFlows=1
maxpossibleFlows=1
maxpossibleFlows=1
maxpossibleFlows=1
maxpossibleFlows=1
maxpossibleFlows=1
maxpossibleFlows=1
1 taint flow paths FOUND from <android.content.ContextWrapper: java.io.File getDir(java.lang.String,int)> to <android.util.Log: int w(java.lang.String,java.lang.String)>
maxpossibleFlows=1
maxpossibleFlows=1
maxpossibleFlows=1
maxpossibleFlows=1
maxpossibleFlows=2
2 taint flow paths FOUND from <android.view.Window: android.view.WindowManager$LayoutParams getAttributes()> to <android.view.Window: void setAttributes(android.view.WindowManager$LayoutParams)>
maxpossibleFlows=1
maxpossibleFlows=1
maxpossibleFlows=3
maxpossibleFlows=1
maxpossibleFlows=3
maxpossibleFlows=1
maxpossibleFlows=1
maxpossibleFlows=1
maxpossibleFlows=1
maxpossibleFlows=1
maxpossibleFlows=1
maxpossibleFlows=1
maxpossibleFlows=1
maxpossibleFlows=1
maxpossibleFlows=1
maxpossibleFlows=1
maxpossibleFlows=1
maxpossibleFlows=1
maxpossibleFlows=1
maxpossibleFlows=1
maxpossibleFlows=1
maxpossibleFlows=1
maxpossibleFlows=1
maxpossibleFlows=1
maxpossibleFlows=1
maxpossibleFlows=37
maxpossibleFlows=37
maxpossibleFlows=1
maxpossibleFlows=1
maxpossibleFlows=3
maxpossibleFlows=1
maxpossibleFlows=3
maxpossibleFlows=1
maxpossibleFlows=1
maxpossibleFlows=1
maxpossibleFlows=1
maxpossibleFlows=1
maxpossibleFlows=37
maxpossibleFlows=3
maxpossibleFlows=1
maxpossibleFlows=1
maxpossibleFlows=1
maxpossibleFlows=1
maxpossibleFlows=1
1 taint flow paths FOUND from <java.lang.StringBuilder: java.lang.String toString()> to <android.util.Log: int w(java.lang.String,java.lang.String)>
maxpossibleFlows=1
maxpossibleFlows=1
maxpossibleFlows=1
maxpossibleFlows=1
maxpossibleFlows=1
maxpossibleFlows=1
maxpossibleFlows=1
maxpossibleFlows=1
maxpossibleFlows=1
maxpossibleFlows=1
maxpossibleFlows=1
1 taint flow paths FOUND from <android.content.ContextWrapper: android.content.Context getApplicationContext()> to <android.util.Log: int w(java.lang.String,java.lang.String)>
maxpossibleFlows=1
maxpossibleFlows=1
maxpossibleFlows=1
maxpossibleFlows=1
maxpossibleFlows=1
1 taint flow paths FOUND from <java.util.Locale: java.lang.String getCountry()> to <android.util.Log: int w(java.lang.String,java.lang.String)>
maxpossibleFlows=1
maxpossibleFlows=1
maxpossibleFlows=1
1 taint flow paths FOUND from <android.content.ContextWrapper: android.content.pm.PackageManager getPackageManager()> to <android.location.Criteria: void setAccuracy(int)>
maxpossibleFlows=1
maxpossibleFlows=1
maxpossibleFlows=3
maxpossibleFlows=1
maxpossibleFlows=3
maxpossibleFlows=1
maxpossibleFlows=1
maxpossibleFlows=1
maxpossibleFlows=1
maxpossibleFlows=1
maxpossibleFlows=1
maxpossibleFlows=1
maxpossibleFlows=1
maxpossibleFlows=1
maxpossibleFlows=1
maxpossibleFlows=1
maxpossibleFlows=1
maxpossibleFlows=1
1 taint flow paths FOUND from <java.util.Locale: java.lang.String getLanguage()> to <android.util.Log: int w(java.lang.String,java.lang.String)>
maxpossibleFlows=1
maxpossibleFlows=1
maxpossibleFlows=1
1 taint flow paths FOUND from <android.content.ContextWrapper: android.content.res.Resources getResources()> to <android.content.res.Resources: java.io.InputStream openRawResource(int)>
maxpossibleFlows=1
maxpossibleFlows=2
maxpossibleFlows=2
maxpossibleFlows=1
maxpossibleFlows=1
maxpossibleFlows=1
maxpossibleFlows=37
maxpossibleFlows=1
maxpossibleFlows=1
maxpossibleFlows=1
maxpossibleFlows=1
maxpossibleFlows=1
1 taint flow paths FOUND from <java.io.File: java.lang.String getAbsolutePath()> to <android.util.Log: int w(java.lang.String,java.lang.String)>
maxpossibleFlows=1
1 taint flow paths FOUND from <android.view.LayoutInflater: android.view.View inflate(int,android.view.ViewGroup)> to <android.os.Handler: boolean sendEmptyMessage(int)>
maxpossibleFlows=1
maxpossibleFlows=2
maxpossibleFlows=2
maxpossibleFlows=1
1 taint flow paths FOUND from <android.app.Activity: java.lang.Object getSystemService(java.lang.String)> to <android.os.Handler: boolean sendEmptyMessage(int)>
maxpossibleFlows=19
maxpossibleFlows=15
maxpossibleFlows=1
maxpossibleFlows=1
maxpossibleFlows=1
maxpossibleFlows=1
maxpossibleFlows=1
maxpossibleFlows=1
maxpossibleFlows=1
maxpossibleFlows=1
maxpossibleFlows=1
maxpossibleFlows=1
maxpossibleFlows=1
1 taint flow paths FOUND from <javax.microedition.khronos.egl.EGLContext: javax.microedition.khronos.egl.EGL getEGL()> to <android.util.Log: int d(java.lang.String,java.lang.String)>
maxpossibleFlows=1
maxpossibleFlows=1
maxpossibleFlows=1
maxpossibleFlows=1
maxpossibleFlows=1
maxpossibleFlows=1
maxpossibleFlows=1
maxpossibleFlows=1
maxpossibleFlows=1
1 taint flow paths FOUND from <android.app.Activity: android.view.Window getWindow()> to <android.view.Window: void setFlags(int,int)>
maxpossibleFlows=1
maxpossibleFlows=1
1 taint flow paths FOUND from <android.view.SurfaceView: android.view.SurfaceHolder getHolder()> to <android.view.View: void setFocusable(boolean)>
maxpossibleFlows=1
maxpossibleFlows=1
maxpossibleFlows=2
maxpossibleFlows=2
maxpossibleFlows=1
maxpossibleFlows=1
1 taint flow paths FOUND from <android.content.ContextWrapper: java.lang.String getPackageName()> to <android.location.Criteria: void setAccuracy(int)>
maxpossibleFlows=1
maxpossibleFlows=1
maxpossibleFlows=1
maxpossibleFlows=1
maxpossibleFlows=1
maxpossibleFlows=1
maxpossibleFlows=1
maxpossibleFlows=1
maxpossibleFlows=1
maxpossibleFlows=1
maxpossibleFlows=1
maxpossibleFlows=1
maxpossibleFlows=1
maxpossibleFlows=1
1 taint flow paths FOUND from <android.app.Activity: android.view.WindowManager getWindowManager()> to <android.os.Handler: boolean sendEmptyMessage(int)>
maxpossibleFlows=1
maxpossibleFlows=1
maxpossibleFlows=1
maxpossibleFlows=1
maxpossibleFlows=1
maxpossibleFlows=1
maxpossibleFlows=1
maxpossibleFlows=1
maxpossibleFlows=1
maxpossibleFlows=1
maxpossibleFlows=1
maxpossibleFlows=1
maxpossibleFlows=1
maxpossibleFlows=1
maxpossibleFlows=1
maxpossibleFlows=1
maxpossibleFlows=1
maxpossibleFlows=1
maxpossibleFlows=1
maxpossibleFlows=1
maxpossibleFlows=1
maxpossibleFlows=1
maxpossibleFlows=1
maxpossibleFlows=1
maxpossibleFlows=1
maxpossibleFlows=1
maxpossibleFlows=1
maxpossibleFlows=1
maxpossibleFlows=1
maxpossibleFlows=1
maxpossibleFlows=1
maxpossibleFlows=1
maxpossibleFlows=1
maxpossibleFlows=1
maxpossibleFlows=1
maxpossibleFlows=1
maxpossibleFlows=1
maxpossibleFlows=1
maxpossibleFlows=1
maxpossibleFlows=1
maxpossibleFlows=1
maxpossibleFlows=1
1 taint flow paths FOUND from <android.view.SurfaceView: android.view.SurfaceHolder getHolder()> to <android.view.View: void setFocusable(boolean)>
maxpossibleFlows=1
maxpossibleFlows=37
maxpossibleFlows=1
maxpossibleFlows=19
maxpossibleFlows=37
maxpossibleFlows=37
maxpossibleFlows=2
maxpossibleFlows=37
maxpossibleFlows=2
maxpossibleFlows=19
maxpossibleFlows=2
maxpossibleFlows=1
maxpossibleFlows=1
maxpossibleFlows=1
maxpossibleFlows=1
maxpossibleFlows=1
maxpossibleFlows=1
maxpossibleFlows=1
maxpossibleFlows=1
maxpossibleFlows=1
maxpossibleFlows=1
1 taint flow paths FOUND from <android.app.Activity: android.view.Window getWindow()> to <android.view.Window: void setFlags(int,int)>
maxpossibleFlows=1
maxpossibleFlows=57
18 taint flow paths FOUND from <android.view.ContextThemeWrapper: android.content.res.Resources getResources()> to <android.content.res.Resources: java.io.InputStream openRawResource(int)>
maxpossibleFlows=2
2 taint flow paths FOUND from <android.view.Window: android.view.WindowManager$LayoutParams getAttributes()> to <android.view.Window: void setAttributes(android.view.WindowManager$LayoutParams)>
maxpossibleFlows=1
maxpossibleFlows=1
maxpossibleFlows=1
maxpossibleFlows=1
maxpossibleFlows=1
maxpossibleFlows=1
maxpossibleFlows=1
1 taint flow paths FOUND from <android.content.ContextWrapper: android.content.res.Resources getResources()> to <android.content.res.Resources: android.content.res.AssetFileDescriptor openRawResourceFd(int)>
maxpossibleFlows=1
maxpossibleFlows=1
maxpossibleFlows=1
maxpossibleFlows=1
maxpossibleFlows=1
maxpossibleFlows=1
maxpossibleFlows=1
maxpossibleFlows=1
maxpossibleFlows=1
maxpossibleFlows=1
maxpossibleFlows=1
maxpossibleFlows=1
1 taint flow paths FOUND from <android.app.Activity: android.view.WindowManager getWindowManager()> to <android.app.Activity: void setContentView(android.view.View)>
maxpossibleFlows=1
maxpossibleFlows=1
maxpossibleFlows=1
1 taint flow paths FOUND from <android.content.ContextWrapper: android.content.pm.PackageManager getPackageManager()> to <android.location.Criteria: void setAccuracy(int)>
maxpossibleFlows=1
maxpossibleFlows=1
maxpossibleFlows=1
maxpossibleFlows=1
maxpossibleFlows=1
maxpossibleFlows=1
maxpossibleFlows=1
maxpossibleFlows=1
maxpossibleFlows=1
maxpossibleFlows=1
maxpossibleFlows=1
maxpossibleFlows=1
maxpossibleFlows=1
maxpossibleFlows=1
maxpossibleFlows=1
maxpossibleFlows=1
maxpossibleFlows=1
maxpossibleFlows=1
maxpossibleFlows=1
maxpossibleFlows=1
maxpossibleFlows=1
maxpossibleFlows=1
maxpossibleFlows=1
maxpossibleFlows=1
maxpossibleFlows=1
maxpossibleFlows=1
maxpossibleFlows=1
maxpossibleFlows=1
maxpossibleFlows=1
maxpossibleFlows=1
maxpossibleFlows=1
maxpossibleFlows=1
maxpossibleFlows=1
maxpossibleFlows=1
maxpossibleFlows=1
maxpossibleFlows=1
maxpossibleFlows=1
maxpossibleFlows=1
maxpossibleFlows=1
maxpossibleFlows=1
maxpossibleFlows=1
1 taint flow paths FOUND from <android.app.Activity: java.lang.Object getSystemService(java.lang.String)> to <org.json.JSONObject: org.json.JSONObject put(java.lang.String,long)>
maxpossibleFlows=1
maxpossibleFlows=1
maxpossibleFlows=1
maxpossibleFlows=1
1 taint flow paths FOUND from <android.os.Bundle: java.lang.String getString(java.lang.String)> to <android.util.Log: int w(java.lang.String,java.lang.String)>
maxpossibleFlows=1
maxpossibleFlows=1
maxpossibleFlows=1
maxpossibleFlows=2
1 taint flow paths FOUND from <android.os.Bundle: java.lang.String getString(java.lang.String)> to <android.util.Log: int i(java.lang.String,java.lang.String)>
maxpossibleFlows=1
1 taint flow paths FOUND from <java.lang.StringBuilder: java.lang.String toString()> to <android.util.Log: int d(java.lang.String,java.lang.String)>
maxpossibleFlows=3
maxpossibleFlows=1
maxpossibleFlows=1
maxpossibleFlows=1
maxpossibleFlows=3
maxpossibleFlows=3
3 taint flow paths FOUND from <java.lang.StringBuilder: java.lang.String toString()> to <android.util.Log: int v(java.lang.String,java.lang.String)>
maxpossibleFlows=1
maxpossibleFlows=1
maxpossibleFlows=1
maxpossibleFlows=1
maxpossibleFlows=1
maxpossibleFlows=1
maxpossibleFlows=1
maxpossibleFlows=1
maxpossibleFlows=1
maxpossibleFlows=1
maxpossibleFlows=1
maxpossibleFlows=1
maxpossibleFlows=1
maxpossibleFlows=1
maxpossibleFlows=1
maxpossibleFlows=1
maxpossibleFlows=1
maxpossibleFlows=1
maxpossibleFlows=1
maxpossibleFlows=1
maxpossibleFlows=1
maxpossibleFlows=1
maxpossibleFlows=9
maxpossibleFlows=9
[WARNING] [32mVERBOSE[0m Callback method :dispatchKeyEvent in Class com.doodlemobile.gamecenter.DMTabHost
[WARNING] [32mVERBOSE[0m Callback method :dispatchWindowFocusChanged in Class com.doodlemobile.gamecenter.DMTabHost
[WARNING] [32mVERBOSE[0m Callback method :onAttachedToWindow in Class com.doodlemobile.gamecenter.DMTabHost
[WARNING] [32mVERBOSE[0m Callback method :onDetachedFromWindow in Class com.doodlemobile.gamecenter.DMTabHost
[WARNING] [32mVERBOSE[0m Callback method :onTouchModeChanged in Class com.doodlemobile.gamecenter.DMTabHost
[WARNING] [32mVERBOSE[0m Callback method :addView in Class com.doodlemobile.gamecenter.DMTabWidget
[WARNING] [32mVERBOSE[0m Callback method :childDrawableStateChanged in Class com.doodlemobile.gamecenter.DMTabWidget
[WARNING] [32mVERBOSE[0m Callback method :dispatchDraw in Class com.doodlemobile.gamecenter.DMTabWidget
[WARNING] [32mVERBOSE[0m Callback method :getChildDrawingOrder in Class com.doodlemobile.gamecenter.DMTabWidget
[WARNING] [32mVERBOSE[0m Callback method :onFocusChange in Class com.doodlemobile.gamecenter.DMTabWidget
[WARNING] [32mVERBOSE[0m Callback method :onSizeChanged in Class com.doodlemobile.gamecenter.DMTabWidget
[WARNING] [32mVERBOSE[0m Callback method :setEnabled in Class com.doodlemobile.gamecenter.DMTabWidget
[WARNING] [32mVERBOSE[0m Callback method :<init> in Class com.flurry.android.CatalogActivity
[WARNING] [32mVERBOSE[0m Callback method :finish in Class com.flurry.android.CatalogActivity
[WARNING] [32mVERBOSE[0m Callback method :onClick in Class com.flurry.android.CatalogActivity
[WARNING] [32mVERBOSE[0m Callback method :onCreate in Class com.flurry.android.CatalogActivity
[WARNING] [32mVERBOSE[0m Callback method :onDestroy in Class com.flurry.android.CatalogActivity
Result for benign-app-6086-A1E530298B7C3B283DDBD93998783E200D2B867EBAE5280C0C25C5B823F99FEE.apkcom.doodle.ltcsmybw