DUA-Forensics args to Soot: -w -cp /home/handrick/Documents/TU_Darmstadt/benchmark/libs/droidfax.jar:/home/handrick/Android/Sdk/platforms/android-19/android.jar -p cg verbose:false,implicit-entry:true -p cg.spark verbose:false,on-fly-cg:true,rta:false -d /home/handrick/Documents/TU_Darmstadt/benchmark/trace/180/1/droidbot/malicious-app-6169-03958C81E01FB736B4E4222E53CCB5F92CBAB4493923C97EFDFFEC82F2ECE926.apk.logcat -process-dir /home/handrick/Documents/TU_Darmstadt/benchmark/data/input/malicious-app-6169-03958C81E01FB736B4E4222E53CCB5F92CBAB4493923C97EFDFFEC82F2ECE926.apk 
Soot started on Mon Apr 24 18:09:01 CEST 2023
Warning: com.ironsource.mobilcore.BaseFlowBasedAdUnit is a phantom class!
Warning: java.lang.invoke.LambdaMetafactory is a phantom class!
Warning: java.lang.ref.Finalizer is a phantom class!
Warning: com.google.ads.AdView is a phantom class!
Warning: com.google.ads.InterstitialAd is a phantom class!
Warning: com.google.ads.AdListener is a phantom class!
Warning: com.google.ads.Ad is a phantom class!
Warning: com.google.ads.AdRequest$ErrorCode is a phantom class!
Warning: com.google.ads.AdRequest is a phantom class!
Warning: com.moreexchange.MoreExchange is a phantom class!
[Call Graph] For information on where the call graph may be incomplete, use the verbose option to the cg phase.
[Spark] Pointer Assignment Graph in 0.1 seconds.
[Spark] Type masks in 0.0 seconds.
[Spark] Pointer Graph simplified in 0.0 seconds.
[Spark] Propagation in 0.0 seconds.
[Spark] Solution found in 0.0 seconds.
hcai's internal transform
Running static analysis for method/class coverage characterization
1 ICC links found and 1 cg edges added due to ICC links
dynamic conflated call graph: 533 methods; 533 nodes; 750 edges.
feature-vector-key = malicious-app-6169-03958C81E01FB736B4E4222E53CCB5F92CBAB4493923C97EFDFFEC82F2ECE926.apk
Result for malicious-app-6169-03958C81E01FB736B4E4222E53CCB5F92CBAB4493923C97EFDFFEC82F2ECE926.apkcom.droidhen.irunned