DUA-Forensics args to Soot: -w -cp /home/handrick/Documents/TU_Darmstadt/benchmark/libs/droidfax.jar:/home/handrick/Android/Sdk/platforms/android-19/android.jar -p cg verbose:false,implicit-entry:true -p cg.spark verbose:false,on-fly-cg:true,rta:false -d /home/handrick/Documents/TU_Darmstadt/benchmark/trace/180/2/droidbot/malicious-app-6209-C86F34A93CFA0EFF4ECA86BFD1F52B2F8C4AE0E035C4E534C29ABE359B530F80.apk.logcat -process-dir /home/handrick/Documents/TU_Darmstadt/benchmark/data/input/malicious-app-6209-C86F34A93CFA0EFF4ECA86BFD1F52B2F8C4AE0E035C4E534C29ABE359B530F80.apk 
Soot started on Tue Apr 25 05:15:25 CEST 2023
Warning: com.ironsource.mobilcore.BaseFlowBasedAdUnit is a phantom class!
Warning: java.lang.invoke.LambdaMetafactory is a phantom class!
Warning: java.lang.ref.Finalizer is a phantom class!
Warning: com.google.ads.AdRequest is a phantom class!
Warning: com.google.ads.AdView is a phantom class!
Warning: dalvik.system.VMRuntime is a phantom class!
Warning: org.anddev.andengine.engine.handler.IUpdateHandler is a phantom class!
Warning: org.anddev.andengine.engine.handler.runnable.RunnableHandler is a phantom class!
Warning: org.anddev.andengine.entity.primitive.Line is a phantom class!
Warning: org.anddev.andengine.entity.shape.Shape is a phantom class!
Warning: org.anddev.andengine.util.pool.GenericPool is a phantom class!
Warning: org.anddev.andengine.util.MathUtils is a phantom class!
[Call Graph] For information on where the call graph may be incomplete, use the verbose option to the cg phase.
[Spark] Pointer Assignment Graph in 0.1 seconds.
[Spark] Type masks in 0.0 seconds.
[Spark] Pointer Graph simplified in 0.0 seconds.
[Spark] Propagation in 0.0 seconds.
[Spark] Solution found in 0.0 seconds.
hcai's internal transform
Running static analysis for security-relevant feature characterization
[GatorHierarchy] [32mVERBOSE[0m [HIER] All classes: 1141
[GatorHierarchy] [32mVERBOSE[0m [App: 421, Lib : 708, Phantom: 12]
[GatorHierarchy] [32mVERBOSE[0m [HIER] Activities: 5, lib activities: 1
[GatorHierarchy] [32mVERBOSE[0m [HIER] App views: 0, Lib views: 10
[GatorHierarchy] [32mVERBOSE[0m [HIER] App Dialogs: 0, Lib Dialogs: 2
[TIMECOST] [32mVERBOSE[0m buildApplicationCodeMap parsing starting at 1682392526403
[TIMECOST] [32mVERBOSE[0m buildApplicationCodeMap parsing finished at 1682392531102
[Instantiated app classes] [32mVERBOSE[0m total number: 351
[WARNING] [32mVERBOSE[0m Callback method :onCreate in Class elfEngine.module.more.MoreActivity added
[WARNING] [32mVERBOSE[0m Callback method :onReceive in Class com.games.AdReciver added
[WARNING] [32mVERBOSE[0m Callback method :onCreate in Class elfEngine.module.honor.HonorActivity added
[WARNING] [32mVERBOSE[0m Callback method :onCreate in Class com.ccx.xm.AdActivity added
[WARNING] [32mVERBOSE[0m Callback method :onKeyDown in Class elfEngine.basic.frame.ElfBasicGameActivity added
[WARNING] [32mVERBOSE[0m Callback method :onTouchEvent in Class elfEngine.basic.frame.ElfBasicGameActivity added
[WARNING] [32mVERBOSE[0m Callback method :onPause in Class elfEngine.basic.frame.ElfBasicGameActivity added
[WARNING] [32mVERBOSE[0m Callback method :onCreate in Class elfEngine.basic.frame.ElfBasicGameActivity added
[WARNING] [32mVERBOSE[0m Callback method :onDestroy in Class elfEngine.basic.frame.ElfBasicGameActivity added
[WARNING] [32mVERBOSE[0m Callback method :onResume in Class elfEngine.basic.frame.ElfBasicGameActivity added
[WARNING] [32mVERBOSE[0m Callback method :onKeyDown in Class elfEngine.basic.frame.ElfBasicGameActivity added
[WARNING] [32mVERBOSE[0m Callback method :onTouchEvent in Class elfEngine.basic.frame.ElfBasicGameActivity added
[WARNING] [32mVERBOSE[0m Callback method :onPause in Class com.ielfgame.bladegrxq.GameActivity added
[WARNING] [32mVERBOSE[0m Callback method :onCreate in Class com.ielfgame.bladegrxq.GameActivity added
[WARNING] [32mVERBOSE[0m Callback method :onDestroy in Class elfEngine.basic.frame.ElfBasicGameActivity added
[WARNING] [32mVERBOSE[0m Callback method :onResume in Class com.ielfgame.bladegrxq.GameActivity added
0 ICC links found and 0 cg edges added due to ICC links
dynamic conflated call graph: 594 methods; 594 nodes; 914 edges.
maxpossibleFlows=288
288 taint flow paths FOUND from <android.content.ContextWrapper: android.content.res.AssetManager getAssets()> to <android.content.res.AssetManager: java.io.InputStream open(java.lang.String)>
maxpossibleFlows=1
maxpossibleFlows=1
maxpossibleFlows=1
maxpossibleFlows=1
maxpossibleFlows=1
maxpossibleFlows=1
maxpossibleFlows=1
maxpossibleFlows=1
maxpossibleFlows=96
maxpossibleFlows=1
maxpossibleFlows=1
maxpossibleFlows=1
maxpossibleFlows=99
maxpossibleFlows=1
maxpossibleFlows=1
maxpossibleFlows=3
maxpossibleFlows=4
2 taint flow paths FOUND from <java.lang.StringBuilder: java.lang.String toString()> to <android.content.res.AssetManager: java.io.InputStream open(java.lang.String)>
maxpossibleFlows=3
3 taint flow paths FOUND from <android.content.res.Resources: android.content.res.AssetManager getAssets()> to <android.graphics.BitmapFactory: android.graphics.Bitmap decodeStream(java.io.InputStream,android.graphics.Rect,android.graphics.BitmapFactory$Options)>
maxpossibleFlows=1
maxpossibleFlows=1
maxpossibleFlows=1
maxpossibleFlows=1
maxpossibleFlows=1
maxpossibleFlows=1
maxpossibleFlows=1
maxpossibleFlows=1
maxpossibleFlows=3
maxpossibleFlows=3
maxpossibleFlows=1
maxpossibleFlows=1
maxpossibleFlows=1
maxpossibleFlows=1
maxpossibleFlows=100
maxpossibleFlows=1
maxpossibleFlows=1
maxpossibleFlows=1
maxpossibleFlows=1
maxpossibleFlows=1
maxpossibleFlows=1
maxpossibleFlows=1
maxpossibleFlows=1
maxpossibleFlows=1
maxpossibleFlows=1
maxpossibleFlows=3
maxpossibleFlows=3
3 taint flow paths FOUND from <android.content.res.Resources: android.content.res.AssetManager getAssets()> to <android.graphics.BitmapFactory: android.graphics.Bitmap decodeStream(java.io.InputStream,android.graphics.Rect,android.graphics.BitmapFactory$Options)>
maxpossibleFlows=288
288 taint flow paths FOUND from <android.content.ContextWrapper: android.content.res.AssetManager getAssets()> to <android.content.res.AssetManager: java.io.InputStream open(java.lang.String)>
maxpossibleFlows=2
2 taint flow paths FOUND from <android.content.ContextWrapper: android.content.res.AssetManager getAssets()> to <android.content.res.AssetManager: android.content.res.AssetFileDescriptor openFd(java.lang.String)>
Result for malicious-app-6209-C86F34A93CFA0EFF4ECA86BFD1F52B2F8C4AE0E035C4E534C29ABE359B530F80.apkcom.ielfgame.bladegrxq