DUA-Forensics args to Soot: -w -cp /home/handrick/Documents/TU_Darmstadt/benchmark/libs/droidfax.jar:/home/handrick/Android/Sdk/platforms/android-19/android.jar -p cg verbose:false,implicit-entry:true -p cg.spark verbose:false,on-fly-cg:true,rta:false -d /home/handrick/Documents/TU_Darmstadt/benchmark/trace/180/2/droidbot/benign-app-6195-D338235E681250036BA11BDBD6F8AC0402555D36F425C8E27EC02DC167E5035C.apk.logcat -process-dir /home/handrick/Documents/TU_Darmstadt/benchmark/data/input/benign-app-6195-D338235E681250036BA11BDBD6F8AC0402555D36F425C8E27EC02DC167E5035C.apk 
Soot started on Tue Apr 25 05:09:34 CEST 2023
Warning: com.ironsource.mobilcore.BaseFlowBasedAdUnit is a phantom class!
Warning: java.lang.invoke.LambdaMetafactory is a phantom class!
Warning: java.lang.ref.Finalizer is a phantom class!
Warning: com.adwhirl.AdWhirlLayout is a phantom class!
Warning: com.flurry.android.FlurryAgent is a phantom class!
Warning: com.google.ads.AdView is a phantom class!
Warning: com.google.android.gcm.GCMBaseIntentService is a phantom class!
Warning: com.google.android.gcm.GCMRegistrar is a phantom class!
Warning: com.heyzap.sdk.ads.InterstitialOverlay is a phantom class!
No main class given. Inferred 'com.shephertz.app42.paas.sdk.android.email.EmailResponseBuilder' as main class.
[Call Graph] For information on where the call graph may be incomplete, use the verbose option to the cg phase.
[Spark] Pointer Assignment Graph in 0.1 seconds.
[Spark] Type masks in 0.0 seconds.
[Spark] Pointer Graph simplified in 0.0 seconds.
[Spark] Propagation in 0.2 seconds.
[Spark] Solution found in 0.2 seconds.
hcai's internal transform
Running static analysis for method/class coverage characterization
0 ICC links found and 0 cg edges added due to ICC links
dynamic conflated call graph: 119 methods; 119 nodes; 150 edges.
feature-vector-key = benign-app-6195-D338235E681250036BA11BDBD6F8AC0402555D36F425C8E27EC02DC167E5035C.apk
Result for benign-app-6195-D338235E681250036BA11BDBD6F8AC0402555D36F425C8E27EC02DC167E5035C.apkcom.zrtc.Wslp