DUA-Forensics args to Soot: -w -cp /home/handrick/Documents/TU_Darmstadt/benchmark/libs/droidfax.jar:/home/handrick/Android/Sdk/platforms/android-19/android.jar -p cg verbose:false,implicit-entry:true -p cg.spark verbose:false,on-fly-cg:true,rta:false -d /home/handrick/Documents/TU_Darmstadt/benchmark/trace/180/2/droidbot/malicious-app-6237-2B5B56B85A00344723F1BA70002E7CAFA9347B960B24D40DFA1A14ED1347D852.apk.logcat -process-dir /home/handrick/Documents/TU_Darmstadt/benchmark/data/input/malicious-app-6237-2B5B56B85A00344723F1BA70002E7CAFA9347B960B24D40DFA1A14ED1347D852.apk 
Soot started on Tue Apr 25 20:09:36 CEST 2023
Warning: com.ironsource.mobilcore.BaseFlowBasedAdUnit is a phantom class!
Warning: java.lang.invoke.LambdaMetafactory is a phantom class!
Warning: java.lang.ref.Finalizer is a phantom class!
Warning: com.cat.tools.test.CatView is a phantom class!
Warning: com.cat.tools.test1.CatView is a phantom class!
Warning: com.cat.tools.test2.CatView is a phantom class!
Warning: com.cat.tools.test3.CatView is a phantom class!
Warning: com.cat.tools.test.AdListener is a phantom class!
Warning: com.cat.tools.test.Ad is a phantom class!
Warning: com.cat.tools.test.AdRequest$ErrorCode is a phantom class!
Warning: com.cat.tools.test1.AdListener is a phantom class!
Warning: com.cat.tools.test1.Ad is a phantom class!
Warning: com.cat.tools.test1.AdRequest$ErrorCode is a phantom class!
Warning: com.cat.tools.test2.AdListener is a phantom class!
Warning: com.cat.tools.test2.Ad is a phantom class!
Warning: com.cat.tools.test2.AdRequest$ErrorCode is a phantom class!
Warning: com.cat.tools.test3.AdListener is a phantom class!
Warning: com.cat.tools.test3.Ad is a phantom class!
Warning: com.cat.tools.test3.AdRequest$ErrorCode is a phantom class!
[Call Graph] For information on where the call graph may be incomplete, use the verbose option to the cg phase.
[Spark] Pointer Assignment Graph in 0.0 seconds.
[Spark] Type masks in 0.0 seconds.
[Spark] Pointer Graph simplified in 0.0 seconds.
[Spark] Propagation in 0.0 seconds.
[Spark] Solution found in 0.0 seconds.
hcai's internal transform
Running static analysis for security-relevant feature characterization
[GatorHierarchy] [32mVERBOSE[0m [HIER] All classes: 1125
[GatorHierarchy] [32mVERBOSE[0m [App: 190, Lib : 916, Phantom: 19]
[GatorHierarchy] [32mVERBOSE[0m [HIER] Activities: 11, lib activities: 2
[GatorHierarchy] [32mVERBOSE[0m [HIER] App views: 8, Lib views: 22
[GatorHierarchy] [32mVERBOSE[0m [HIER] App Dialogs: 0, Lib Dialogs: 4
[TIMECOST] [32mVERBOSE[0m buildApplicationCodeMap parsing starting at 1682446177328
[TIMECOST] [32mVERBOSE[0m buildApplicationCodeMap parsing finished at 1682446180298
[Instantiated app classes] [32mVERBOSE[0m total number: 201
[WARNING] [32mVERBOSE[0m Callback method :onCreateDialog in Class com.cat.pianocxch.Settings added
[WARNING] [32mVERBOSE[0m Callback method :onStop in Class com.cat.pianocxch.Settings added
[WARNING] [32mVERBOSE[0m Callback method :onCreate in Class com.cat.pianocxch.Settings added
[WARNING] [32mVERBOSE[0m Callback method :onDestroy in Class com.cat.pianocxch.Settings added
[WARNING] [32mVERBOSE[0m Callback method :onStart in Class com.cat.pianocxch.Settings added
[WARNING] [32mVERBOSE[0m Callback method :onResume in Class com.cat.pianocxch.Settings added
[WARNING] [32mVERBOSE[0m Callback method :onFinishInflate in Class com.cat.pianocxch.DoubleRowContainer added
[WARNING] [32mVERBOSE[0m Callback method :onTouchEvent in Class com.cat.pianocxch.DoubleRowContainer added
[WARNING] [32mVERBOSE[0m Callback method :onTouchEvent in Class com.cat.pianocxch.OverviewBar added
[WARNING] [32mVERBOSE[0m Callback method :onSizeChanged in Class com.cat.pianocxch.OverviewBar added
[WARNING] [32mVERBOSE[0m Callback method :onDraw in Class com.cat.pianocxch.OverviewBar added
[WARNING] [32mVERBOSE[0m Callback method :onTransact in Class com.android.vending.billing.IMarketBillingService$Stub added
[WARNING] [32mVERBOSE[0m Callback method :onReceive in Class com.games.AdReciver added
[WARNING] [32mVERBOSE[0m Callback method :onSharedPreferenceChanged in Class com.cat.pianocxch.DropArea added
[WARNING] [32mVERBOSE[0m Callback method :surfaceCreated in Class com.cat.pianocxch.DropArea added
[WARNING] [32mVERBOSE[0m Callback method :onTouchEvent in Class com.cat.pianocxch.DropArea added
[WARNING] [32mVERBOSE[0m Callback method :surfaceDestroyed in Class com.cat.pianocxch.DropArea added
[WARNING] [32mVERBOSE[0m Callback method :surfaceChanged in Class com.cat.pianocxch.DropArea added
[WARNING] [32mVERBOSE[0m Callback method :onStop in Class com.cat.pianocxch.Splash added
[WARNING] [32mVERBOSE[0m Callback method :onCreate in Class com.cat.pianocxch.Splash added
[WARNING] [32mVERBOSE[0m Callback method :onStart in Class com.cat.pianocxch.Splash added
[WARNING] [32mVERBOSE[0m Callback method :onListItemClick in Class com.cat.pianocxch.FileManagerActivity added
[WARNING] [32mVERBOSE[0m Callback method :onCreate in Class com.cat.pianocxch.FileManagerActivity added
[WARNING] [32mVERBOSE[0m Callback method :onFinishInflate in Class com.cat.pianocxch.PianoView added
[WARNING] [32mVERBOSE[0m Callback method :onCreateDialog in Class com.cat.pianocxch.RecordingsListActivity added
[WARNING] [32mVERBOSE[0m Callback method :onPrepareDialog in Class com.cat.pianocxch.RecordingsListActivity added
[WARNING] [32mVERBOSE[0m Callback method :onCreate in Class com.cat.pianocxch.RecordingsListActivity added
[WARNING] [32mVERBOSE[0m Callback method :onCreateOptionsMenu in Class com.cat.pianocxch.RecordingsListActivity added
[WARNING] [32mVERBOSE[0m Callback method :onActivityResult in Class com.cat.pianocxch.RecordingsListActivity added
[WARNING] [32mVERBOSE[0m Callback method :onOptionsItemSelected in Class com.cat.pianocxch.RecordingsListActivity added
[WARNING] [32mVERBOSE[0m Callback method :onResume in Class com.cat.pianocxch.RecordingsListActivity added
[WARNING] [32mVERBOSE[0m Callback method :onCreate in Class com.ccx.xm.AdActivity added
[WARNING] [32mVERBOSE[0m Callback method :onKeyDown in Class com.cat.pianocxch.DownloadMoreSongsActivity added
[WARNING] [32mVERBOSE[0m Callback method :onCreate in Class com.cat.pianocxch.DownloadMoreSongsActivity added
[WARNING] [32mVERBOSE[0m Callback method :onDestroy in Class com.cat.pianocxch.DownloadMoreSongsActivity added
[WARNING] [32mVERBOSE[0m Callback method :onReceive in Class com.cat.pianocxch.BillingReceiver added
[WARNING] [32mVERBOSE[0m Callback method :onSharedPreferenceChanged in Class com.cat.pianocxch.KeyBoards added
[WARNING] [32mVERBOSE[0m Callback method :surfaceCreated in Class com.cat.pianocxch.KeyBoards added
[WARNING] [32mVERBOSE[0m Callback method :onFinishInflate in Class com.cat.pianocxch.KeyBoards added
[WARNING] [32mVERBOSE[0m Callback method :onTouchEvent in Class com.cat.pianocxch.KeyBoards added
[WARNING] [32mVERBOSE[0m Callback method :surfaceDestroyed in Class com.cat.pianocxch.KeyBoards added
[WARNING] [32mVERBOSE[0m Callback method :surfaceChanged in Class com.cat.pianocxch.KeyBoards added
[WARNING] [32mVERBOSE[0m Callback method :onCreate in Class com.cat.pianocxch.HelpActivity added
[WARNING] [32mVERBOSE[0m Callback method :onBind in Class com.cat.pianocxch.DownloadService added
[WARNING] [32mVERBOSE[0m Callback method :onKeyDown in Class com.cat.pianocxch.MainWindow added
[WARNING] [32mVERBOSE[0m Callback method :onSharedPreferenceChanged in Class com.cat.pianocxch.MainWindow added
[WARNING] [32mVERBOSE[0m Callback method :onCreateDialog in Class com.cat.pianocxch.MainWindow added
[WARNING] [32mVERBOSE[0m Callback method :onPrepareDialog in Class com.cat.pianocxch.MainWindow added
[WARNING] [32mVERBOSE[0m Callback method :onPrepareOptionsMenu in Class com.cat.pianocxch.MainWindow added
[WARNING] [32mVERBOSE[0m Callback method :onStop in Class com.cat.pianocxch.MainWindow added
[WARNING] [32mVERBOSE[0m Callback method :onCreate in Class com.cat.pianocxch.MainWindow added
[WARNING] [32mVERBOSE[0m Callback method :onCreateOptionsMenu in Class com.cat.pianocxch.MainWindow added
[WARNING] [32mVERBOSE[0m Callback method :onDestroy in Class com.cat.pianocxch.MainWindow added
[WARNING] [32mVERBOSE[0m Callback method :onStart in Class com.cat.pianocxch.MainWindow added
[WARNING] [32mVERBOSE[0m Callback method :onActivityResult in Class com.cat.pianocxch.MainWindow added
[WARNING] [32mVERBOSE[0m Callback method :onOptionsItemSelected in Class com.cat.pianocxch.MainWindow added
[WARNING] [32mVERBOSE[0m Callback method :onResume in Class com.cat.pianocxch.MainWindow added
[WARNING] [32mVERBOSE[0m Callback method :onKeyDown in Class com.cat.pianocxch.AudioPlayerFloatingActivity added
[WARNING] [32mVERBOSE[0m Callback method :onTouchEvent in Class com.cat.pianocxch.AudioPlayerFloatingActivity added
[WARNING] [32mVERBOSE[0m Callback method :onPause in Class com.cat.pianocxch.AudioPlayerFloatingActivity added
[WARNING] [32mVERBOSE[0m Callback method :onStop in Class com.cat.pianocxch.AudioPlayerFloatingActivity added
[WARNING] [32mVERBOSE[0m Callback method :onCreate in Class com.cat.pianocxch.AudioPlayerFloatingActivity added
[WARNING] [32mVERBOSE[0m Callback method :onStart in Class com.cat.pianocxch.AudioPlayerFloatingActivity added
[WARNING] [32mVERBOSE[0m Callback method :onCreate in Class com.cat.pianocxch.SongsListActivity added
[WARNING] [32mVERBOSE[0m Callback method :onCreateOptionsMenu in Class com.cat.pianocxch.SongsListActivity added
[WARNING] [32mVERBOSE[0m Callback method :onOptionsItemSelected in Class com.cat.pianocxch.SongsListActivity added
[WARNING] [32mVERBOSE[0m Callback method :onResume in Class com.cat.pianocxch.SongsListActivity added
[WARNING] [32mVERBOSE[0m Callback method :onFinishInflate in Class com.cat.pianocxch.Navigator added
[WARNING] [32mVERBOSE[0m Callback method :onKeyDown in Class com.cat.pianocxch.LearnModeActivity added
[WARNING] [32mVERBOSE[0m Callback method :onSharedPreferenceChanged in Class com.cat.pianocxch.LearnModeActivity added
[WARNING] [32mVERBOSE[0m Callback method :onCreateDialog in Class com.cat.pianocxch.LearnModeActivity added
[WARNING] [32mVERBOSE[0m Callback method :onStop in Class com.cat.pianocxch.LearnModeActivity added
[WARNING] [32mVERBOSE[0m Callback method :onCreate in Class com.cat.pianocxch.LearnModeActivity added
[WARNING] [32mVERBOSE[0m Callback method :onCreateOptionsMenu in Class com.cat.pianocxch.LearnModeActivity added
[WARNING] [32mVERBOSE[0m Callback method :onDestroy in Class com.cat.pianocxch.LearnModeActivity added
[WARNING] [32mVERBOSE[0m Callback method :onStart in Class com.cat.pianocxch.LearnModeActivity added
[WARNING] [32mVERBOSE[0m Callback method :onActivityResult in Class com.cat.pianocxch.LearnModeActivity added
[WARNING] [32mVERBOSE[0m Callback method :onOptionsItemSelected in Class com.cat.pianocxch.LearnModeActivity added
[WARNING] [32mVERBOSE[0m Callback method :onResume in Class com.cat.pianocxch.LearnModeActivity added
0 ICC links found and 0 cg edges added due to ICC links
dynamic conflated call graph: 209 methods; 209 nodes; 280 edges.
maxpossibleFlows=1
maxpossibleFlows=1
maxpossibleFlows=1
maxpossibleFlows=1
maxpossibleFlows=1
maxpossibleFlows=1
maxpossibleFlows=1
maxpossibleFlows=1
maxpossibleFlows=1
maxpossibleFlows=1
maxpossibleFlows=1
maxpossibleFlows=1
maxpossibleFlows=1
maxpossibleFlows=1
maxpossibleFlows=1
maxpossibleFlows=1
maxpossibleFlows=1
maxpossibleFlows=1
maxpossibleFlows=1
maxpossibleFlows=1
maxpossibleFlows=1
maxpossibleFlows=1
maxpossibleFlows=1
maxpossibleFlows=1
maxpossibleFlows=1
maxpossibleFlows=1
maxpossibleFlows=1
maxpossibleFlows=1
maxpossibleFlows=1
maxpossibleFlows=1
maxpossibleFlows=1
maxpossibleFlows=1
maxpossibleFlows=1
maxpossibleFlows=1
maxpossibleFlows=1
maxpossibleFlows=1
maxpossibleFlows=1
maxpossibleFlows=1
maxpossibleFlows=1
maxpossibleFlows=1
maxpossibleFlows=1
maxpossibleFlows=1
maxpossibleFlows=1
maxpossibleFlows=1
maxpossibleFlows=1
maxpossibleFlows=1
maxpossibleFlows=1
maxpossibleFlows=1
maxpossibleFlows=1
maxpossibleFlows=1
maxpossibleFlows=1
maxpossibleFlows=1
maxpossibleFlows=1
1 taint flow paths FOUND from <android.view.ContextThemeWrapper: android.content.res.Resources getResources()> to <android.app.Activity: void setContentView(android.view.View)>
maxpossibleFlows=1
maxpossibleFlows=1
maxpossibleFlows=1
maxpossibleFlows=1
maxpossibleFlows=1
maxpossibleFlows=1
maxpossibleFlows=1
maxpossibleFlows=1
maxpossibleFlows=1
maxpossibleFlows=1
maxpossibleFlows=1
maxpossibleFlows=1
maxpossibleFlows=1
maxpossibleFlows=1
maxpossibleFlows=1
maxpossibleFlows=1
maxpossibleFlows=1
maxpossibleFlows=1
maxpossibleFlows=1
maxpossibleFlows=1
maxpossibleFlows=1
maxpossibleFlows=1
maxpossibleFlows=1
maxpossibleFlows=1
maxpossibleFlows=1
maxpossibleFlows=1
maxpossibleFlows=1
maxpossibleFlows=1
maxpossibleFlows=1
maxpossibleFlows=1
maxpossibleFlows=1
maxpossibleFlows=1
maxpossibleFlows=1
1 taint flow paths FOUND from <java.lang.StringBuilder: java.lang.String toString()> to <android.util.Log: int e(java.lang.String,java.lang.String)>
maxpossibleFlows=1
1 taint flow paths FOUND from <android.app.Activity: android.view.WindowManager getWindowManager()> to <android.util.Log: int e(java.lang.String,java.lang.String)>
maxpossibleFlows=1
maxpossibleFlows=1
1 taint flow paths FOUND from <android.view.View: android.content.Context getContext()> to <android.util.Log: int e(java.lang.String,java.lang.String)>
maxpossibleFlows=1
maxpossibleFlows=1
maxpossibleFlows=1
1 taint flow paths FOUND from <android.content.ContextWrapper: android.content.Context getApplicationContext()> to <android.app.Activity: void setContentView(android.view.View)>
maxpossibleFlows=1
maxpossibleFlows=1
maxpossibleFlows=1
1 taint flow paths FOUND from <android.app.Activity: android.view.Window getWindow()> to <android.app.Activity: void setContentView(android.view.View)>
maxpossibleFlows=1
maxpossibleFlows=1
maxpossibleFlows=1
maxpossibleFlows=1
maxpossibleFlows=1
1 taint flow paths FOUND from <android.content.ContextWrapper: java.lang.String getPackageName()> to <android.app.Activity: void startActivity(android.content.Intent)>
maxpossibleFlows=1
maxpossibleFlows=1
maxpossibleFlows=1
maxpossibleFlows=1
1 taint flow paths FOUND from <android.content.ContextWrapper: android.content.pm.PackageManager getPackageManager()> to <android.app.Activity: void startActivity(android.content.Intent)>
maxpossibleFlows=1
maxpossibleFlows=1
maxpossibleFlows=1
maxpossibleFlows=1
maxpossibleFlows=1
maxpossibleFlows=1
maxpossibleFlows=1
maxpossibleFlows=1
maxpossibleFlows=1
maxpossibleFlows=1
maxpossibleFlows=1
maxpossibleFlows=1
maxpossibleFlows=1
maxpossibleFlows=1
maxpossibleFlows=1
maxpossibleFlows=1
maxpossibleFlows=1
maxpossibleFlows=1
maxpossibleFlows=1
maxpossibleFlows=1
maxpossibleFlows=1
maxpossibleFlows=1
maxpossibleFlows=1
maxpossibleFlows=1
1 taint flow paths FOUND from <java.lang.StringBuilder: java.lang.String toString()> to <android.util.Log: int e(java.lang.String,java.lang.String)>
maxpossibleFlows=1
maxpossibleFlows=1
maxpossibleFlows=1
maxpossibleFlows=1
maxpossibleFlows=1
maxpossibleFlows=1
maxpossibleFlows=1
maxpossibleFlows=1
maxpossibleFlows=1
maxpossibleFlows=1
maxpossibleFlows=1
maxpossibleFlows=1
maxpossibleFlows=1
maxpossibleFlows=1
maxpossibleFlows=1
maxpossibleFlows=1
maxpossibleFlows=1
maxpossibleFlows=1
maxpossibleFlows=1
maxpossibleFlows=1
maxpossibleFlows=1
maxpossibleFlows=1
maxpossibleFlows=1
maxpossibleFlows=1
maxpossibleFlows=1
maxpossibleFlows=1
1 taint flow paths FOUND from <android.view.ContextThemeWrapper: android.content.res.Resources getResources()> to <android.app.Activity: void setContentView(android.view.View)>
maxpossibleFlows=1
maxpossibleFlows=1
maxpossibleFlows=1
1 taint flow paths FOUND from <android.content.ContextWrapper: java.lang.String getPackageName()> to <android.app.Activity: void startActivity(android.content.Intent)>
maxpossibleFlows=1
maxpossibleFlows=1
maxpossibleFlows=1
maxpossibleFlows=1
maxpossibleFlows=1
maxpossibleFlows=1
maxpossibleFlows=1
maxpossibleFlows=1
maxpossibleFlows=1
maxpossibleFlows=1
maxpossibleFlows=1
maxpossibleFlows=1
maxpossibleFlows=1
maxpossibleFlows=1
maxpossibleFlows=1
maxpossibleFlows=1
maxpossibleFlows=1
maxpossibleFlows=1
maxpossibleFlows=1
maxpossibleFlows=1
maxpossibleFlows=1
maxpossibleFlows=1
maxpossibleFlows=1
maxpossibleFlows=1
maxpossibleFlows=1
maxpossibleFlows=1
maxpossibleFlows=1
maxpossibleFlows=1
maxpossibleFlows=1
maxpossibleFlows=1
1 taint flow paths FOUND from <android.view.ContextThemeWrapper: android.content.res.Resources getResources()> to <android.app.Activity: void setVolumeControlStream(int)>
maxpossibleFlows=1
maxpossibleFlows=1
maxpossibleFlows=1
maxpossibleFlows=1
maxpossibleFlows=1
maxpossibleFlows=1
maxpossibleFlows=1
maxpossibleFlows=1
maxpossibleFlows=1
maxpossibleFlows=1
maxpossibleFlows=1
maxpossibleFlows=1
maxpossibleFlows=1
maxpossibleFlows=1
maxpossibleFlows=1
maxpossibleFlows=1
1 taint flow paths FOUND from <android.app.Activity: android.view.Window getWindow()> to <android.view.Window: void setFlags(int,int)>
maxpossibleFlows=1
maxpossibleFlows=1
maxpossibleFlows=1
maxpossibleFlows=1
maxpossibleFlows=1
maxpossibleFlows=1
maxpossibleFlows=1
maxpossibleFlows=1
maxpossibleFlows=1
maxpossibleFlows=1
maxpossibleFlows=1
maxpossibleFlows=1
maxpossibleFlows=1
maxpossibleFlows=1
maxpossibleFlows=1
maxpossibleFlows=1
maxpossibleFlows=1
maxpossibleFlows=1
maxpossibleFlows=1
maxpossibleFlows=1
maxpossibleFlows=1
[WARNING] [32mVERBOSE[0m Callback method :onFinishInflate in Class com.cat.pianocxch.KeyBoards
[WARNING] [32mVERBOSE[0m Callback method :onSharedPreferenceChanged in Class com.cat.pianocxch.KeyBoards
[WARNING] [32mVERBOSE[0m Callback method :onTouchEvent in Class com.cat.pianocxch.KeyBoards
[WARNING] [32mVERBOSE[0m Callback method :surfaceChanged in Class com.cat.pianocxch.KeyBoards
[WARNING] [32mVERBOSE[0m Callback method :surfaceCreated in Class com.cat.pianocxch.KeyBoards
[WARNING] [32mVERBOSE[0m Callback method :surfaceDestroyed in Class com.cat.pianocxch.KeyBoards
[WARNING] [32mVERBOSE[0m Callback method :onSharedPreferenceChanged in Class com.cat.pianocxch.DropArea
[WARNING] [32mVERBOSE[0m Callback method :onTouchEvent in Class com.cat.pianocxch.DropArea
[WARNING] [32mVERBOSE[0m Callback method :surfaceChanged in Class com.cat.pianocxch.DropArea
[WARNING] [32mVERBOSE[0m Callback method :surfaceCreated in Class com.cat.pianocxch.DropArea
[WARNING] [32mVERBOSE[0m Callback method :surfaceDestroyed in Class com.cat.pianocxch.DropArea
Result for malicious-app-6237-2B5B56B85A00344723F1BA70002E7CAFA9347B960B24D40DFA1A14ED1347D852.apkcom.cat.pianocxch