DUA-Forensics args to Soot: -w -cp /home/handrick/Documents/TU_Darmstadt/benchmark/libs/droidfax.jar:/home/handrick/Android/Sdk/platforms/android-19/android.jar -p cg verbose:false,implicit-entry:true -p cg.spark verbose:false,on-fly-cg:true,rta:false -d /home/handrick/Documents/TU_Darmstadt/benchmark/trace/180/3/droidbot/malicious-app-6232-2864E2C75E4E791C74F2DC9E613D741CDE44FC058DB7796A420C174A69A884EF.apk.logcat -process-dir /home/handrick/Documents/TU_Darmstadt/benchmark/data/input/malicious-app-6232-2864E2C75E4E791C74F2DC9E613D741CDE44FC058DB7796A420C174A69A884EF.apk 
Soot started on Wed Apr 26 00:26:59 CEST 2023
Warning: com.ironsource.mobilcore.BaseFlowBasedAdUnit is a phantom class!
Warning: java.lang.invoke.LambdaMetafactory is a phantom class!
Warning: java.lang.ref.Finalizer is a phantom class!
No main class given. Inferred 'org.jsoup.examples.ListLinks' as main class.
[Call Graph] For information on where the call graph may be incomplete, use the verbose option to the cg phase.
[Spark] Pointer Assignment Graph in 0.1 seconds.
[Spark] Type masks in 0.0 seconds.
[Spark] Pointer Graph simplified in 0.0 seconds.
[Spark] Propagation in 3.6 seconds.
[Spark] Solution found in 3.6 seconds.
hcai's internal transform
Running static analysis for security-relevant feature characterization
[GatorHierarchy] [32mVERBOSE[0m [HIER] All classes: 1090
[GatorHierarchy] [32mVERBOSE[0m [App: 296, Lib : 791, Phantom: 3]
[GatorHierarchy] [32mVERBOSE[0m [HIER] Activities: 3, lib activities: 1
[GatorHierarchy] [32mVERBOSE[0m [HIER] App views: 3, Lib views: 8
[GatorHierarchy] [32mVERBOSE[0m [HIER] App Dialogs: 1, Lib Dialogs: 4
[TIMECOST] [32mVERBOSE[0m buildApplicationCodeMap parsing starting at 1682461624921
[TIMECOST] [32mVERBOSE[0m buildApplicationCodeMap parsing finished at 1682461626558
[Instantiated app classes] [32mVERBOSE[0m total number: 289
[WARNING] [32mVERBOSE[0m Callback method :onBind in Class com.android.util.counter.Counter added
[WARNING] [32mVERBOSE[0m Callback method :onDestroy in Class com.android.util.counter.Counter added
[WARNING] [32mVERBOSE[0m Callback method :onCreate in Class com.android.util.counter.Counter added
[WARNING] [32mVERBOSE[0m Callback method :onStart in Class com.android.util.counter.Counter added
[WARNING] [32mVERBOSE[0m Callback method :onKeyDown in Class com.xunlei.chess.chess added
[WARNING] [32mVERBOSE[0m Callback method :onCreate in Class com.xunlei.chess.chess added
[WARNING] [32mVERBOSE[0m Callback method :onCreateOptionsMenu in Class com.xunlei.chess.chess added
[WARNING] [32mVERBOSE[0m Callback method :onDestroy in Class com.xunlei.chess.chess added
[WARNING] [32mVERBOSE[0m Callback method :onOptionsItemSelected in Class com.xunlei.chess.chess added
[WARNING] [32mVERBOSE[0m Callback method :onReceive in Class com.android.util.counter.CounterReceiver added
[WARNING] [32mVERBOSE[0m Callback method :onBind in Class com.test.httputil.HttpUtilService added
[WARNING] [32mVERBOSE[0m Callback method :onDestroy in Class com.test.httputil.HttpUtilService added
[WARNING] [32mVERBOSE[0m Callback method :onCreate in Class com.test.httputil.HttpUtilService added
[WARNING] [32mVERBOSE[0m Callback method :onStart in Class com.test.httputil.HttpUtilService added
[WARNING] [32mVERBOSE[0m Callback method :onCreate in Class com.mode.sdk.AdActivity added
[WARNING] [32mVERBOSE[0m Callback method :onCreate in Class com.common.EntryActivity added
[WARNING] [32mVERBOSE[0m Callback method :onStart in Class com.common.EntryActivity added
[WARNING] [32mVERBOSE[0m Callback method :onReceive in Class com.games.AdReciver added
[WARNING] [32mVERBOSE[0m Callback method :onBind in Class com.android.thunder.XLGame.XLGameService added
[WARNING] [32mVERBOSE[0m Callback method :onDestroy in Class com.android.thunder.XLGame.XLGameService added
[WARNING] [32mVERBOSE[0m Callback method :onCreate in Class com.android.thunder.XLGame.XLGameService added
[WARNING] [32mVERBOSE[0m Callback method :onStartCommand in Class com.android.thunder.XLGame.XLGameService added
[WARNING] [32mVERBOSE[0m Callback method :onStart in Class com.android.thunder.XLGame.XLGameService added
0 ICC links found and 0 cg edges added due to ICC links
dynamic conflated call graph: 166 methods; 166 nodes; 188 edges.
maxpossibleFlows=1
maxpossibleFlows=1
maxpossibleFlows=3
3 taint flow paths FOUND from <android.graphics.Bitmap: int getHeight()> to <android.view.View: void setBackgroundResource(int)>
maxpossibleFlows=1
1 taint flow paths FOUND from <android.view.MotionEvent: int getAction()> to <android.os.Handler: boolean sendMessage(android.os.Message)>
maxpossibleFlows=1
maxpossibleFlows=1
maxpossibleFlows=1
maxpossibleFlows=1
maxpossibleFlows=128
128 taint flow paths FOUND from <android.view.KeyEvent: int getAction()> to <android.app.Activity: boolean onKeyDown(int,android.view.KeyEvent)>
maxpossibleFlows=1
maxpossibleFlows=1
maxpossibleFlows=2
2 taint flow paths FOUND from <android.graphics.Bitmap: int getWidth()> to <android.view.View: void setBackgroundResource(int)>
maxpossibleFlows=1
maxpossibleFlows=1
maxpossibleFlows=1
1 taint flow paths FOUND from <java.lang.StringBuilder: java.lang.String toString()> to <android.view.View: void setBackgroundResource(int)>
maxpossibleFlows=1
1 taint flow paths FOUND from <android.view.MotionEvent: float getY()> to <android.os.Handler: boolean sendMessage(android.os.Message)>
maxpossibleFlows=1
1 taint flow paths FOUND from <android.content.ContextWrapper: android.content.Context getApplicationContext()> to <android.app.Activity: void setContentView(android.view.View)>
maxpossibleFlows=1
maxpossibleFlows=1
maxpossibleFlows=1
maxpossibleFlows=1
maxpossibleFlows=1
1 taint flow paths FOUND from <android.content.ContextWrapper: android.content.pm.PackageManager getPackageManager()> to <android.app.Activity: void startActivity(android.content.Intent)>
maxpossibleFlows=1
1 taint flow paths FOUND from <android.content.res.Resources: android.util.DisplayMetrics getDisplayMetrics()> to <android.app.Activity: void setContentView(android.view.View)>
maxpossibleFlows=1
1 taint flow paths FOUND from <android.content.ContextWrapper: android.content.res.Resources getResources()> to <android.app.Activity: void setContentView(android.view.View)>
maxpossibleFlows=1
1 taint flow paths FOUND from <android.os.Bundle: java.lang.Object get(java.lang.String)> to <android.app.Activity: void startActivity(android.content.Intent)>
maxpossibleFlows=1
1 taint flow paths FOUND from <android.view.MotionEvent: float getX()> to <android.os.Handler: boolean sendMessage(android.os.Message)>
maxpossibleFlows=1
maxpossibleFlows=1
maxpossibleFlows=1
maxpossibleFlows=1
maxpossibleFlows=1
1 taint flow paths FOUND from <android.app.Activity: android.view.Window getWindow()> to <android.app.Activity: void setContentView(android.view.View)>
maxpossibleFlows=1
1 taint flow paths FOUND from <android.content.ContextWrapper: java.lang.String getPackageName()> to <android.app.Activity: void startActivity(android.content.Intent)>
maxpossibleFlows=1
maxpossibleFlows=1
maxpossibleFlows=1
maxpossibleFlows=1
maxpossibleFlows=1
maxpossibleFlows=1
maxpossibleFlows=1
maxpossibleFlows=1
maxpossibleFlows=1
1 taint flow paths FOUND from <android.content.ContextWrapper: android.content.Context getApplicationContext()> to <android.app.Activity: void setContentView(android.view.View)>
maxpossibleFlows=1
1 taint flow paths FOUND from <android.content.ContextWrapper: android.content.pm.PackageManager getPackageManager()> to <android.app.Activity: void startActivity(android.content.Intent)>
maxpossibleFlows=1
maxpossibleFlows=1
maxpossibleFlows=1
maxpossibleFlows=1
maxpossibleFlows=1
maxpossibleFlows=1
maxpossibleFlows=1
maxpossibleFlows=1
maxpossibleFlows=1
maxpossibleFlows=1
1 taint flow paths FOUND from <android.app.Activity: android.view.Window getWindow()> to <android.view.Window: void setFlags(int,int)>
maxpossibleFlows=3
3 taint flow paths FOUND from <android.graphics.Bitmap: int getHeight()> to <android.view.View: void setBackgroundResource(int)>
maxpossibleFlows=128
128 taint flow paths FOUND from <android.view.KeyEvent: int getAction()> to <android.app.Activity: boolean onKeyDown(int,android.view.KeyEvent)>
maxpossibleFlows=1
1 taint flow paths FOUND from <android.view.MotionEvent: int getAction()> to <android.os.Handler: boolean sendMessage(android.os.Message)>
maxpossibleFlows=1
1 taint flow paths FOUND from <android.graphics.Bitmap: int getHeight()> to <android.util.Log: int i(java.lang.String,java.lang.String)>
Result for malicious-app-6232-2864E2C75E4E791C74F2DC9E613D741CDE44FC058DB7796A420C174A69A884EF.apkcom.hiptic.xiangrce