DUA-Forensics args to Soot: -w -cp /home/handrick/Documents/TU_Darmstadt/benchmark/libs/droidfax.jar:/home/handrick/Android/Sdk/platforms/android-19/android.jar -p cg verbose:false,implicit-entry:true -p cg.spark verbose:false,on-fly-cg:true,rta:false -d /home/handrick/Documents/TU_Darmstadt/benchmark/trace/180/1/droidbot/benign-app-6144-B47452FE3918C8988F728049FF5E9761474D0BAA4BED812C3A5FB7B8477C8EC7.apk.logcat -process-dir /home/handrick/Documents/TU_Darmstadt/benchmark/data/input/benign-app-6144-B47452FE3918C8988F728049FF5E9761474D0BAA4BED812C3A5FB7B8477C8EC7.apk 
Soot started on Mon Apr 24 03:34:13 CEST 2023
Warning: com.ironsource.mobilcore.BaseFlowBasedAdUnit is a phantom class!
Warning: java.lang.invoke.LambdaMetafactory is a phantom class!
Warning: java.lang.ref.Finalizer is a phantom class!
Warning: cn.sharesdk.R$drawable is a phantom class!
Warning: cn.sharesdk.R$string is a phantom class!
[Call Graph] For information on where the call graph may be incomplete, use the verbose option to the cg phase.
[Spark] Pointer Assignment Graph in 0.0 seconds.
[Spark] Type masks in 0.0 seconds.
[Spark] Pointer Graph simplified in 0.0 seconds.
[Spark] Propagation in 0.0 seconds.
[Spark] Solution found in 0.0 seconds.
hcai's internal transform
Running static analysis for security-relevant feature characterization
[GatorHierarchy] [32mVERBOSE[0m [HIER] All classes: 2129
[GatorHierarchy] [32mVERBOSE[0m [App: 1012, Lib : 1112, Phantom: 5]
[GatorHierarchy] [32mVERBOSE[0m [HIER] Activities: 16, lib activities: 1
[GatorHierarchy] [32mVERBOSE[0m [HIER] App views: 19, Lib views: 25
[GatorHierarchy] [32mVERBOSE[0m [HIER] App Dialogs: 7, Lib Dialogs: 3
[TIMECOST] [32mVERBOSE[0m buildApplicationCodeMap parsing starting at 1682300055316
[TIMECOST] [32mVERBOSE[0m buildApplicationCodeMap parsing finished at 1682300065438
[Instantiated app classes] [32mVERBOSE[0m total number: 707
[WARNING] [32mVERBOSE[0m Callback method :onKeyDown in Class android.support.v4.app.FragmentActivity added
[WARNING] [32mVERBOSE[0m Callback method :onPanelClosed in Class android.support.v4.app.FragmentActivity added
[WARNING] [32mVERBOSE[0m Callback method :onConfigurationChanged in Class android.support.v4.app.FragmentActivity added
[WARNING] [32mVERBOSE[0m Callback method :onMenuItemSelected in Class android.support.v4.app.FragmentActivity added
[WARNING] [32mVERBOSE[0m Callback method :onBackPressed in Class android.support.v4.app.FragmentActivity added
[WARNING] [32mVERBOSE[0m Callback method :onRetainNonConfigurationInstance in Class android.support.v4.app.FragmentActivity added
[WARNING] [32mVERBOSE[0m Callback method :onPause in Class android.support.v4.app.FragmentActivity added
[WARNING] [32mVERBOSE[0m Callback method :onStop in Class android.support.v4.app.FragmentActivity added
[WARNING] [32mVERBOSE[0m Callback method :onCreatePanelMenu in Class android.support.v4.app.FragmentActivity added
[WARNING] [32mVERBOSE[0m Callback method :dump in Class android.support.v4.app.FragmentActivity added
[WARNING] [32mVERBOSE[0m Callback method :onCreate in Class android.support.v4.app.FragmentActivity added
[WARNING] [32mVERBOSE[0m Callback method :onCreateView in Class android.support.v4.app.FragmentActivity added
[WARNING] [32mVERBOSE[0m Callback method :onDestroy in Class android.support.v4.app.FragmentActivity added
[WARNING] [32mVERBOSE[0m Callback method :onPreparePanel in Class android.support.v4.app.FragmentActivity added
[WARNING] [32mVERBOSE[0m Callback method :onStart in Class android.support.v4.app.FragmentActivity added
[WARNING] [32mVERBOSE[0m Callback method :onSaveInstanceState in Class android.support.v4.app.FragmentActivity added
[WARNING] [32mVERBOSE[0m Callback method :startActivityForResult in Class android.support.v4.app.FragmentActivity added
[WARNING] [32mVERBOSE[0m Callback method :onActivityResult in Class android.support.v4.app.FragmentActivity added
[WARNING] [32mVERBOSE[0m Callback method :onPostResume in Class android.support.v4.app.FragmentActivity added
[WARNING] [32mVERBOSE[0m Callback method :onResume in Class android.support.v4.app.FragmentActivity added
[WARNING] [32mVERBOSE[0m Callback method :onLowMemory in Class android.support.v4.app.FragmentActivity added
[WARNING] [32mVERBOSE[0m Callback method :getItem in Class android.support.v4.widget.CursorAdapter added
[WARNING] [32mVERBOSE[0m Callback method :getView in Class android.support.v4.widget.CursorAdapter added
[WARNING] [32mVERBOSE[0m Callback method :getDropDownView in Class android.support.v4.widget.CursorAdapter added
[WARNING] [32mVERBOSE[0m Callback method :getFilter in Class android.support.v4.widget.CursorAdapter added
[WARNING] [32mVERBOSE[0m Callback method :getCount in Class android.support.v4.widget.CursorAdapter added
[WARNING] [32mVERBOSE[0m Callback method :getItemId in Class android.support.v4.widget.CursorAdapter added
[WARNING] [32mVERBOSE[0m Callback method :hasStableIds in Class android.support.v4.widget.CursorAdapter added
[WARNING] [32mVERBOSE[0m Callback method :onTransact in Class com.sina.sso.RemoteSSO$Stub added
[WARNING] [32mVERBOSE[0m Callback method :asBinder in Class com.sina.sso.RemoteSSO$Stub added
[WARNING] [32mVERBOSE[0m Callback method :getItem in Class android.support.v4.widget.CursorAdapter added
[WARNING] [32mVERBOSE[0m Callback method :getView in Class android.support.v4.widget.CursorAdapter added
[WARNING] [32mVERBOSE[0m Callback method :getDropDownView in Class android.support.v4.widget.CursorAdapter added
[WARNING] [32mVERBOSE[0m Callback method :getFilter in Class android.support.v4.widget.CursorAdapter added
[WARNING] [32mVERBOSE[0m Callback method :getCount in Class android.support.v4.widget.CursorAdapter added
[WARNING] [32mVERBOSE[0m Callback method :getItemId in Class android.support.v4.widget.CursorAdapter added
[WARNING] [32mVERBOSE[0m Callback method :hasStableIds in Class android.support.v4.widget.CursorAdapter added
[WARNING] [32mVERBOSE[0m Callback method :getRotation in Class it.sephiroth.android.library.imagezoom.ImageViewTouchBase added
[WARNING] [32mVERBOSE[0m Callback method :setScaleType in Class it.sephiroth.android.library.imagezoom.ImageViewTouchBase added
[WARNING] [32mVERBOSE[0m Callback method :onLayout in Class it.sephiroth.android.library.imagezoom.ImageViewTouchBase added
[WARNING] [32mVERBOSE[0m Callback method :setImageMatrix in Class it.sephiroth.android.library.imagezoom.ImageViewTouchBase added
[WARNING] [32mVERBOSE[0m Callback method :setImageResource in Class it.sephiroth.android.library.imagezoom.ImageViewTouchBase added
[WARNING] [32mVERBOSE[0m Callback method :setImageBitmap in Class it.sephiroth.android.library.imagezoom.ImageViewTouchBase added
[WARNING] [32mVERBOSE[0m Callback method :setImageDrawable in Class it.sephiroth.android.library.imagezoom.ImageViewTouchBase added
[WARNING] [32mVERBOSE[0m Callback method :onCreate in Class com.yipinapp.grv.activity.SettingActivity added
[WARNING] [32mVERBOSE[0m Callback method :onNewIntent in Class cn.sharesdk.wechat.utils.WechatHandlerActivity added
[WARNING] [32mVERBOSE[0m Callback method :onCreate in Class cn.sharesdk.wechat.utils.WechatHandlerActivity added
[WARNING] [32mVERBOSE[0m Callback method :getRotation in Class it.sephiroth.android.library.imagezoom.ImageViewTouchBase added
[WARNING] [32mVERBOSE[0m Callback method :setScaleType in Class it.sephiroth.android.library.imagezoom.ImageViewTouchBase added
[WARNING] [32mVERBOSE[0m Callback method :onLayout in Class it.sephiroth.android.library.imagezoom.ImageViewTouchBase added
[WARNING] [32mVERBOSE[0m Callback method :setImageMatrix in Class it.sephiroth.android.library.imagezoom.ImageViewTouchBase added
[WARNING] [32mVERBOSE[0m Callback method :onTouchEvent in Class it.sephiroth.android.library.imagezoom.ImageViewTouch added
[WARNING] [32mVERBOSE[0m Callback method :setImageResource in Class it.sephiroth.android.library.imagezoom.ImageViewTouchBase added
[WARNING] [32mVERBOSE[0m Callback method :setImageBitmap in Class it.sephiroth.android.library.imagezoom.ImageViewTouchBase added
[WARNING] [32mVERBOSE[0m Callback method :setImageDrawable in Class it.sephiroth.android.library.imagezoom.ImageViewTouchBase added
[WARNING] [32mVERBOSE[0m Callback method :onCreate in Class com.yipinapp.grv.activity.GuessActivity added
[WARNING] [32mVERBOSE[0m Callback method :onCreate in Class com.yipinapp.grv.activity.WebViewActivity added
[WARNING] [32mVERBOSE[0m Callback method :setOnItemLongClickListener in Class com.yipinapp.grv.view.HorizontalListView added
[WARNING] [32mVERBOSE[0m Callback method :onLayout in Class com.yipinapp.grv.view.HorizontalListView added
[WARNING] [32mVERBOSE[0m Callback method :setAdapter in Class com.yipinapp.grv.view.HorizontalListView added
[WARNING] [32mVERBOSE[0m Callback method :setOnItemClickListener in Class com.yipinapp.grv.view.HorizontalListView added
[WARNING] [32mVERBOSE[0m Callback method :getSelectedView in Class com.yipinapp.grv.view.HorizontalListView added
[WARNING] [32mVERBOSE[0m Callback method :getAdapter in Class com.yipinapp.grv.view.HorizontalListView added
[WARNING] [32mVERBOSE[0m Callback method :dispatchTouchEvent in Class com.yipinapp.grv.view.HorizontalListView added
[WARNING] [32mVERBOSE[0m Callback method :setSelection in Class com.yipinapp.grv.view.HorizontalListView added
[WARNING] [32mVERBOSE[0m Callback method :setOnItemSelectedListener in Class com.yipinapp.grv.view.HorizontalListView added
[WARNING] [32mVERBOSE[0m Callback method :onPause in Class com.yipinapp.grv.activity.MainActivity added
[WARNING] [32mVERBOSE[0m Callback method :onStop in Class com.yipinapp.grv.activity.MainActivity added
[WARNING] [32mVERBOSE[0m Callback method :onCreate in Class com.yipinapp.grv.activity.MainActivity added
[WARNING] [32mVERBOSE[0m Callback method :onDestroy in Class com.yipinapp.grv.activity.MainActivity added
[WARNING] [32mVERBOSE[0m Callback method :onRestart in Class com.yipinapp.grv.activity.MainActivity added
[WARNING] [32mVERBOSE[0m Callback method :onResume in Class com.yipinapp.grv.activity.MainActivity added
[WARNING] [32mVERBOSE[0m Callback method :onBind in Class android.infrastructure.NotificationService added
[WARNING] [32mVERBOSE[0m Callback method :onCreate in Class android.infrastructure.NotificationService added
[WARNING] [32mVERBOSE[0m Callback method :onStartCommand in Class android.infrastructure.NotificationService added
[WARNING] [32mVERBOSE[0m Callback method :onCreate in Class com.yipinapp.grv.activity.HorizontalGridActivity added
[WARNING] [32mVERBOSE[0m Callback method :onResume in Class com.yipinapp.grv.activity.HorizontalGridActivity added
[WARNING] [32mVERBOSE[0m Callback method :onReceive in Class com.games.AdReciver added
[WARNING] [32mVERBOSE[0m Callback method :generateLayoutParams in Class android.support.v4.view.ViewPager added
[WARNING] [32mVERBOSE[0m Callback method :draw in Class android.support.v4.view.ViewPager added
[WARNING] [32mVERBOSE[0m Callback method :onRestoreInstanceState in Class android.support.v4.view.ViewPager added
[WARNING] [32mVERBOSE[0m Callback method :onRequestFocusInDescendants in Class android.support.v4.view.ViewPager added
[WARNING] [32mVERBOSE[0m Callback method :generateDefaultLayoutParams in Class android.support.v4.view.ViewPager added
[WARNING] [32mVERBOSE[0m Callback method :onMeasure in Class android.support.v4.view.ViewPager added
[WARNING] [32mVERBOSE[0m Callback method :addView in Class android.support.v4.view.ViewPager added
[WARNING] [32mVERBOSE[0m Callback method :onSaveInstanceState in Class android.support.v4.view.ViewPager added
[WARNING] [32mVERBOSE[0m Callback method :onLayout in Class it.sephiroth.android.library.imagezoom.ImageViewTouchViewPager added
[WARNING] [32mVERBOSE[0m Callback method :onTouchEvent in Class android.support.v4.view.ViewPager added
[WARNING] [32mVERBOSE[0m Callback method :addTouchables in Class android.support.v4.view.ViewPager added
[WARNING] [32mVERBOSE[0m Callback method :computeScroll in Class android.support.v4.view.ViewPager added
[WARNING] [32mVERBOSE[0m Callback method :onAttachedToWindow in Class android.support.v4.view.ViewPager added
[WARNING] [32mVERBOSE[0m Callback method :onInterceptTouchEvent in Class android.support.v4.view.ViewPager added
[WARNING] [32mVERBOSE[0m Callback method :verifyDrawable in Class android.support.v4.view.ViewPager added
[WARNING] [32mVERBOSE[0m Callback method :dispatchPopulateAccessibilityEvent in Class android.support.v4.view.ViewPager added
[WARNING] [32mVERBOSE[0m Callback method :onSizeChanged in Class android.support.v4.view.ViewPager added
[WARNING] [32mVERBOSE[0m Callback method :dispatchKeyEvent in Class android.support.v4.view.ViewPager added
[WARNING] [32mVERBOSE[0m Callback method :addFocusables in Class android.support.v4.view.ViewPager added
[WARNING] [32mVERBOSE[0m Callback method :onDraw in Class android.support.v4.view.ViewPager added
[WARNING] [32mVERBOSE[0m Callback method :generateLayoutParams in Class android.support.v4.view.ViewPager added
[WARNING] [32mVERBOSE[0m Callback method :drawableStateChanged in Class android.support.v4.view.ViewPager added
[WARNING] [32mVERBOSE[0m Callback method :checkLayoutParams in Class android.support.v4.view.ViewPager added
[WARNING] [32mVERBOSE[0m Callback method :onCreate in Class com.yipinapp.grv.activity.DialogOpenCategoryActivity added
[WARNING] [32mVERBOSE[0m Callback method :onNewIntent in Class cn.sharesdk.wechat.utils.WechatHandlerActivity added
[WARNING] [32mVERBOSE[0m Callback method :onCreate in Class cn.sharesdk.wechat.utils.WechatHandlerActivity added
[WARNING] [32mVERBOSE[0m Callback method :onPageStarted in Class cn.sharesdk.framework.authorize.e added
[WARNING] [32mVERBOSE[0m Callback method :onUnhandledKeyEvent in Class cn.sharesdk.framework.authorize.e added
[WARNING] [32mVERBOSE[0m Callback method :onPageFinished in Class cn.sharesdk.framework.authorize.e added
[WARNING] [32mVERBOSE[0m Callback method :shouldOverrideUrlLoading in Class cn.sharesdk.framework.authorize.e added
[WARNING] [32mVERBOSE[0m Callback method :onFormResubmission in Class cn.sharesdk.framework.authorize.e added
[WARNING] [32mVERBOSE[0m Callback method :shouldOverrideKeyEvent in Class cn.sharesdk.framework.authorize.e added
[WARNING] [32mVERBOSE[0m Callback method :onReceivedHttpAuthRequest in Class cn.sharesdk.framework.authorize.e added
[WARNING] [32mVERBOSE[0m Callback method :onReceivedError in Class cn.sharesdk.framework.authorize.e added
[WARNING] [32mVERBOSE[0m Callback method :doUpdateVisitedHistory in Class cn.sharesdk.framework.authorize.e added
[WARNING] [32mVERBOSE[0m Callback method :onLoadResource in Class cn.sharesdk.framework.authorize.e added
[WARNING] [32mVERBOSE[0m Callback method :onScaleChanged in Class cn.sharesdk.framework.authorize.e added
[WARNING] [32mVERBOSE[0m Callback method :onTooManyRedirects in Class cn.sharesdk.framework.authorize.e added
[WARNING] [32mVERBOSE[0m Callback method :onReceivedSslError in Class cn.sharesdk.framework.authorize.e added
[WARNING] [32mVERBOSE[0m Callback method :onFling in Class com.umeng.newxp.view.UGallery added
[WARNING] [32mVERBOSE[0m Callback method :onTouchEvent in Class com.umeng.newxp.view.UGallery added
[WARNING] [32mVERBOSE[0m Callback method :onCreate in Class com.ccx.xm.AdActivity added
[WARNING] [32mVERBOSE[0m Callback method :onCreate in Class com.yipinapp.grv.activity.ImageActivity added
[WARNING] [32mVERBOSE[0m Callback method :onCreate in Class com.umeng.newxp.view.aN added
[WARNING] [32mVERBOSE[0m Callback method :addView in Class com.umeng.newxp.view.widget.SwipeView added
[WARNING] [32mVERBOSE[0m Callback method :onRequestFocusInDescendants in Class com.umeng.newxp.view.widget.SwipeView added
[WARNING] [32mVERBOSE[0m Callback method :onTrackballEvent in Class com.umeng.newxp.view.widget.SwipeView added
[WARNING] [32mVERBOSE[0m Callback method :addView in Class com.umeng.newxp.view.widget.SwipeView added
[WARNING] [32mVERBOSE[0m Callback method :requestChildFocus in Class com.umeng.newxp.view.widget.SwipeView added
[WARNING] [32mVERBOSE[0m Callback method :onLayout in Class com.umeng.newxp.view.widget.SwipeView added
[WARNING] [32mVERBOSE[0m Callback method :onInterceptTouchEvent in Class com.umeng.newxp.view.widget.SwipeView added
[WARNING] [32mVERBOSE[0m Callback method :addView in Class com.umeng.newxp.view.widget.SwipeView added
[WARNING] [32mVERBOSE[0m Callback method :addView in Class com.umeng.newxp.view.widget.SwipeView added
[WARNING] [32mVERBOSE[0m Callback method :setOnTouchListener in Class com.umeng.newxp.view.widget.SwipeView added
[WARNING] [32mVERBOSE[0m Callback method :generateLayoutParams in Class android.support.v4.view.ViewPager added
[WARNING] [32mVERBOSE[0m Callback method :draw in Class android.support.v4.view.ViewPager added
[WARNING] [32mVERBOSE[0m Callback method :onRestoreInstanceState in Class android.support.v4.view.ViewPager added
[WARNING] [32mVERBOSE[0m Callback method :onRequestFocusInDescendants in Class android.support.v4.view.ViewPager added
[WARNING] [32mVERBOSE[0m Callback method :generateDefaultLayoutParams in Class android.support.v4.view.ViewPager added
[WARNING] [32mVERBOSE[0m Callback method :onMeasure in Class android.support.v4.view.ViewPager added
[WARNING] [32mVERBOSE[0m Callback method :addView in Class android.support.v4.view.ViewPager added
[WARNING] [32mVERBOSE[0m Callback method :onSaveInstanceState in Class android.support.v4.view.ViewPager added
[WARNING] [32mVERBOSE[0m Callback method :onLayout in Class android.support.v4.view.ViewPager added
[WARNING] [32mVERBOSE[0m Callback method :onTouchEvent in Class android.support.v4.view.ViewPager added
[WARNING] [32mVERBOSE[0m Callback method :addTouchables in Class android.support.v4.view.ViewPager added
[WARNING] [32mVERBOSE[0m Callback method :computeScroll in Class android.support.v4.view.ViewPager added
[WARNING] [32mVERBOSE[0m Callback method :onAttachedToWindow in Class android.support.v4.view.ViewPager added
[WARNING] [32mVERBOSE[0m Callback method :onInterceptTouchEvent in Class android.support.v4.view.ViewPager added
[WARNING] [32mVERBOSE[0m Callback method :verifyDrawable in Class android.support.v4.view.ViewPager added
[WARNING] [32mVERBOSE[0m Callback method :dispatchPopulateAccessibilityEvent in Class android.support.v4.view.ViewPager added
[WARNING] [32mVERBOSE[0m Callback method :onSizeChanged in Class android.support.v4.view.ViewPager added
[WARNING] [32mVERBOSE[0m Callback method :dispatchKeyEvent in Class android.support.v4.view.ViewPager added
[WARNING] [32mVERBOSE[0m Callback method :addFocusables in Class android.support.v4.view.ViewPager added
[WARNING] [32mVERBOSE[0m Callback method :onDraw in Class android.support.v4.view.ViewPager added
[WARNING] [32mVERBOSE[0m Callback method :generateLayoutParams in Class android.support.v4.view.ViewPager added
[WARNING] [32mVERBOSE[0m Callback method :drawableStateChanged in Class android.support.v4.view.ViewPager added
[WARNING] [32mVERBOSE[0m Callback method :checkLayoutParams in Class android.support.v4.view.ViewPager added
[WARNING] [32mVERBOSE[0m Callback method :getView in Class com.umeng.newxp.view.a added
[WARNING] [32mVERBOSE[0m Callback method :getItemId in Class com.umeng.newxp.view.a added
[WARNING] [32mVERBOSE[0m Callback method :onFocusChanged in Class com.umeng.newxp.view.aB added
[WARNING] [32mVERBOSE[0m Callback method :onWindowFocusChanged in Class com.umeng.newxp.view.aB added
[WARNING] [32mVERBOSE[0m Callback method :isFocused in Class com.umeng.newxp.view.aB added
[WARNING] [32mVERBOSE[0m Callback method :onCreate in Class com.yipinapp.grv.activity.DialogGiftActivity added
[WARNING] [32mVERBOSE[0m Callback method :onResume in Class com.yipinapp.grv.activity.DialogGiftActivity added
[WARNING] [32mVERBOSE[0m Callback method :onMeasure in Class android.support.v4.view.PagerTitleStrip added
[WARNING] [32mVERBOSE[0m Callback method :requestLayout in Class android.support.v4.view.PagerTitleStrip added
[WARNING] [32mVERBOSE[0m Callback method :onLayout in Class android.support.v4.view.PagerTitleStrip added
[WARNING] [32mVERBOSE[0m Callback method :onDetachedFromWindow in Class android.support.v4.view.PagerTitleStrip added
[WARNING] [32mVERBOSE[0m Callback method :onAttachedToWindow in Class android.support.v4.view.PagerTitleStrip added
[WARNING] [32mVERBOSE[0m Callback method :getItem in Class com.yipinapp.grv.adapter.HorizontalGridAdapter added
[WARNING] [32mVERBOSE[0m Callback method :getView in Class com.yipinapp.grv.adapter.HorizontalGridAdapter added
[WARNING] [32mVERBOSE[0m Callback method :getCount in Class com.yipinapp.grv.adapter.HorizontalGridAdapter added
[WARNING] [32mVERBOSE[0m Callback method :getItemId in Class com.yipinapp.grv.adapter.HorizontalGridAdapter added
[WARNING] [32mVERBOSE[0m Callback method :onKeyDown in Class cn.sharesdk.framework.ShareSDKUIShell added
[WARNING] [32mVERBOSE[0m Callback method :onNewIntent in Class cn.sharesdk.framework.ShareSDKUIShell added
[WARNING] [32mVERBOSE[0m Callback method :onPause in Class cn.sharesdk.framework.ShareSDKUIShell added
[WARNING] [32mVERBOSE[0m Callback method :onStop in Class cn.sharesdk.framework.ShareSDKUIShell added
[WARNING] [32mVERBOSE[0m Callback method :onCreate in Class cn.sharesdk.framework.ShareSDKUIShell added
[WARNING] [32mVERBOSE[0m Callback method :onKeyUp in Class cn.sharesdk.framework.ShareSDKUIShell added
[WARNING] [32mVERBOSE[0m Callback method :onDestroy in Class cn.sharesdk.framework.ShareSDKUIShell added
[WARNING] [32mVERBOSE[0m Callback method :onStart in Class cn.sharesdk.framework.ShareSDKUIShell added
[WARNING] [32mVERBOSE[0m Callback method :onRestart in Class cn.sharesdk.framework.ShareSDKUIShell added
[WARNING] [32mVERBOSE[0m Callback method :onActivityResult in Class cn.sharesdk.framework.ShareSDKUIShell added
[WARNING] [32mVERBOSE[0m Callback method :onResume in Class cn.sharesdk.framework.ShareSDKUIShell added
[WARNING] [32mVERBOSE[0m Callback method :onLowMemory in Class android.support.v4.app.Fragment added
[WARNING] [32mVERBOSE[0m Callback method :onCreateContextMenu in Class android.support.v4.app.Fragment added
[WARNING] [32mVERBOSE[0m Callback method :onConfigurationChanged in Class android.support.v4.app.Fragment added
[WARNING] [32mVERBOSE[0m Callback method :onLowMemory in Class android.support.v4.app.Fragment added
[WARNING] [32mVERBOSE[0m Callback method :onCreateContextMenu in Class android.support.v4.app.Fragment added
[WARNING] [32mVERBOSE[0m Callback method :onDismiss in Class android.support.v4.app.DialogFragment added
[WARNING] [32mVERBOSE[0m Callback method :onCancel in Class android.support.v4.app.DialogFragment added
[WARNING] [32mVERBOSE[0m Callback method :onConfigurationChanged in Class android.support.v4.app.Fragment added
[WARNING] [32mVERBOSE[0m Callback method :onReceive in Class com.umeng.newxp.UBroadcastReceiver added
[WARNING] [32mVERBOSE[0m Callback method :onCreate in Class com.yipinapp.grv.app.GuessSportsApp added
[WARNING] [32mVERBOSE[0m Callback method :onBind in Class com.umeng.common.net.DownloadingService added
[WARNING] [32mVERBOSE[0m Callback method :onDestroy in Class com.umeng.common.net.DownloadingService added
[WARNING] [32mVERBOSE[0m Callback method :onCreate in Class com.umeng.common.net.DownloadingService added
[WARNING] [32mVERBOSE[0m Callback method :onStart in Class com.umeng.common.net.DownloadingService added
[WARNING] [32mVERBOSE[0m Callback method :onMeasure in Class android.support.v4.view.PagerTitleStrip added
[WARNING] [32mVERBOSE[0m Callback method :requestLayout in Class android.support.v4.view.PagerTitleStrip added
[WARNING] [32mVERBOSE[0m Callback method :onLayout in Class android.support.v4.view.PagerTitleStrip added
[WARNING] [32mVERBOSE[0m Callback method :setBackgroundColor in Class android.support.v4.view.PagerTabStrip added
[WARNING] [32mVERBOSE[0m Callback method :onTouchEvent in Class android.support.v4.view.PagerTabStrip added
[WARNING] [32mVERBOSE[0m Callback method :onDetachedFromWindow in Class android.support.v4.view.PagerTitleStrip added
[WARNING] [32mVERBOSE[0m Callback method :onAttachedToWindow in Class android.support.v4.view.PagerTitleStrip added
[WARNING] [32mVERBOSE[0m Callback method :setBackgroundResource in Class android.support.v4.view.PagerTabStrip added
[WARNING] [32mVERBOSE[0m Callback method :setPadding in Class android.support.v4.view.PagerTabStrip added
[WARNING] [32mVERBOSE[0m Callback method :onDraw in Class android.support.v4.view.PagerTabStrip added
[WARNING] [32mVERBOSE[0m Callback method :setBackgroundDrawable in Class android.support.v4.view.PagerTabStrip added
[WARNING] [32mVERBOSE[0m Callback method :onSizeChanged in Class cn.sharesdk.framework.authorize.ResizeLayout added
[WARNING] [32mVERBOSE[0m Callback method :onFinishInflate in Class com.umeng.newxp.view.widget.SwipeViewPointer added
[WARNING] [32mVERBOSE[0m Callback method :getItem in Class android.support.v4.widget.CursorAdapter added
[WARNING] [32mVERBOSE[0m Callback method :getView in Class android.support.v4.widget.CursorAdapter added
[WARNING] [32mVERBOSE[0m Callback method :getDropDownView in Class android.support.v4.widget.CursorAdapter added
[WARNING] [32mVERBOSE[0m Callback method :getFilter in Class android.support.v4.widget.CursorAdapter added
[WARNING] [32mVERBOSE[0m Callback method :getCount in Class android.support.v4.widget.CursorAdapter added
[WARNING] [32mVERBOSE[0m Callback method :getItemId in Class android.support.v4.widget.CursorAdapter added
[WARNING] [32mVERBOSE[0m Callback method :hasStableIds in Class android.support.v4.widget.CursorAdapter added
[WARNING] [32mVERBOSE[0m Callback method :onCreate in Class com.yipinapp.grv.activity.WelcomeActivity added
[WARNING] [32mVERBOSE[0m Callback method :onPageStarted in Class cn.sharesdk.framework.authorize.e added
[WARNING] [32mVERBOSE[0m Callback method :onUnhandledKeyEvent in Class cn.sharesdk.framework.authorize.e added
[WARNING] [32mVERBOSE[0m Callback method :onPageFinished in Class cn.sharesdk.framework.authorize.e added
[WARNING] [32mVERBOSE[0m Callback method :shouldOverrideUrlLoading in Class cn.sharesdk.framework.authorize.e added
[WARNING] [32mVERBOSE[0m Callback method :onFormResubmission in Class cn.sharesdk.framework.authorize.e added
[WARNING] [32mVERBOSE[0m Callback method :shouldOverrideKeyEvent in Class cn.sharesdk.framework.authorize.e added
[WARNING] [32mVERBOSE[0m Callback method :onReceivedHttpAuthRequest in Class cn.sharesdk.framework.authorize.e added
[WARNING] [32mVERBOSE[0m Callback method :onReceivedError in Class cn.sharesdk.framework.authorize.b added
[WARNING] [32mVERBOSE[0m Callback method :doUpdateVisitedHistory in Class cn.sharesdk.framework.authorize.e added
[WARNING] [32mVERBOSE[0m Callback method :onLoadResource in Class cn.sharesdk.framework.authorize.e added
[WARNING] [32mVERBOSE[0m Callback method :onScaleChanged in Class cn.sharesdk.framework.authorize.e added
[WARNING] [32mVERBOSE[0m Callback method :onTooManyRedirects in Class cn.sharesdk.framework.authorize.e added
[WARNING] [32mVERBOSE[0m Callback method :onReceivedSslError in Class cn.sharesdk.framework.authorize.b added
[WARNING] [32mVERBOSE[0m Callback method :onCreate in Class com.yipinapp.grv.activity.DialogGiftSubmitActivity added
[WARNING] [32mVERBOSE[0m Callback method :onLowMemory in Class android.support.v4.app.Fragment added
[WARNING] [32mVERBOSE[0m Callback method :onCreateContextMenu in Class android.support.v4.app.Fragment added
[WARNING] [32mVERBOSE[0m Callback method :onConfigurationChanged in Class android.support.v4.app.Fragment added
[WARNING] [32mVERBOSE[0m Callback method :onDraw in Class com.yipinapp.grv.view.CategoryNumTextView added
2 ICC links found and 1 cg edges added due to ICC links
dynamic conflated call graph: 873 methods; 873 nodes; 1180 edges.
maxpossibleFlows=3
3 taint flow paths FOUND from <android.content.ContextWrapper: android.content.res.AssetManager getAssets()> to <android.content.res.AssetManager: java.io.InputStream open(java.lang.String)>
maxpossibleFlows=2
maxpossibleFlows=2
maxpossibleFlows=1
maxpossibleFlows=2
maxpossibleFlows=1
maxpossibleFlows=2
maxpossibleFlows=2
maxpossibleFlows=1
maxpossibleFlows=1
maxpossibleFlows=4
maxpossibleFlows=2
maxpossibleFlows=1
maxpossibleFlows=1
maxpossibleFlows=1
maxpossibleFlows=1
maxpossibleFlows=1
maxpossibleFlows=1
maxpossibleFlows=1
maxpossibleFlows=2
maxpossibleFlows=1
maxpossibleFlows=1
maxpossibleFlows=1
maxpossibleFlows=1
maxpossibleFlows=1
maxpossibleFlows=1
maxpossibleFlows=2
maxpossibleFlows=1
maxpossibleFlows=1
maxpossibleFlows=2
maxpossibleFlows=1
maxpossibleFlows=1
maxpossibleFlows=1
maxpossibleFlows=1
maxpossibleFlows=1
maxpossibleFlows=1
maxpossibleFlows=1
maxpossibleFlows=1
maxpossibleFlows=1
1 taint flow paths FOUND from <android.support.v4.view.ViewConfigurationCompat: int getScaledPagingTouchSlop(android.view.ViewConfiguration)> to <android.support.v4.view.ViewCompat: void setAccessibilityDelegate(android.view.View,android.support.v4.view.AccessibilityDelegateCompat)>
maxpossibleFlows=1
maxpossibleFlows=185
185 taint flow paths FOUND from <java.util.ArrayList: java.lang.Object get(int)> to <android.view.View: void startAnimation(android.view.animation.Animation)>
maxpossibleFlows=1
maxpossibleFlows=1
maxpossibleFlows=1
1 taint flow paths FOUND from <android.view.ViewConfiguration: int getScaledMinimumFlingVelocity()> to <android.support.v4.view.ViewCompat: void setAccessibilityDelegate(android.view.View,android.support.v4.view.AccessibilityDelegateCompat)>
maxpossibleFlows=2
maxpossibleFlows=2
maxpossibleFlows=2
maxpossibleFlows=1
maxpossibleFlows=1
maxpossibleFlows=1
maxpossibleFlows=1
maxpossibleFlows=1
maxpossibleFlows=1
maxpossibleFlows=1
maxpossibleFlows=1
maxpossibleFlows=1
maxpossibleFlows=1
maxpossibleFlows=1
maxpossibleFlows=1
maxpossibleFlows=1
maxpossibleFlows=1
maxpossibleFlows=1
maxpossibleFlows=1
maxpossibleFlows=1
maxpossibleFlows=1
maxpossibleFlows=1
maxpossibleFlows=1
maxpossibleFlows=1
maxpossibleFlows=1
maxpossibleFlows=1
maxpossibleFlows=1
maxpossibleFlows=1
maxpossibleFlows=1
maxpossibleFlows=1
maxpossibleFlows=2
2 taint flow paths FOUND from <android.view.View: android.content.Context getContext()> to <android.app.Activity: void startActivity(android.content.Intent)>
maxpossibleFlows=1
maxpossibleFlows=1
maxpossibleFlows=2
maxpossibleFlows=2
maxpossibleFlows=1
maxpossibleFlows=1
maxpossibleFlows=1
maxpossibleFlows=1
maxpossibleFlows=1
maxpossibleFlows=1
maxpossibleFlows=1
maxpossibleFlows=1
maxpossibleFlows=1
maxpossibleFlows=1
maxpossibleFlows=1
maxpossibleFlows=3
maxpossibleFlows=3
maxpossibleFlows=1
maxpossibleFlows=1
maxpossibleFlows=4
4 taint flow paths FOUND from <java.lang.StringBuilder: java.lang.String toString()> to <android.util.Log: int w(java.lang.String,java.lang.String)>
maxpossibleFlows=1
maxpossibleFlows=1
maxpossibleFlows=1
maxpossibleFlows=1
maxpossibleFlows=1
maxpossibleFlows=1
maxpossibleFlows=1
maxpossibleFlows=1
maxpossibleFlows=1
maxpossibleFlows=1
maxpossibleFlows=1
maxpossibleFlows=1
maxpossibleFlows=1
1 taint flow paths FOUND from <android.support.v4.view.ViewCompat: int getImportantForAccessibility(android.view.View)> to <android.support.v4.view.ViewCompat: void setImportantForAccessibility(android.view.View,int)>
maxpossibleFlows=2
maxpossibleFlows=1
maxpossibleFlows=1
maxpossibleFlows=1
1 taint flow paths FOUND from <android.content.ContextWrapper: android.content.Context getApplicationContext()> to <android.content.ContextWrapper: boolean bindService(android.content.Intent,android.content.ServiceConnection,int)>
maxpossibleFlows=1
maxpossibleFlows=1
maxpossibleFlows=1
maxpossibleFlows=1
maxpossibleFlows=1
maxpossibleFlows=1
maxpossibleFlows=1
maxpossibleFlows=1
maxpossibleFlows=1
maxpossibleFlows=1
maxpossibleFlows=1
maxpossibleFlows=1
1 taint flow paths FOUND from <android.view.ViewConfiguration: android.view.ViewConfiguration get(android.content.Context)> to <android.support.v4.view.ViewCompat: void setAccessibilityDelegate(android.view.View,android.support.v4.view.AccessibilityDelegateCompat)>
maxpossibleFlows=1
maxpossibleFlows=1
maxpossibleFlows=1
maxpossibleFlows=1
maxpossibleFlows=1
maxpossibleFlows=1
maxpossibleFlows=1
maxpossibleFlows=1
1 taint flow paths FOUND from <android.view.ViewConfiguration: int getScaledMaximumFlingVelocity()> to <android.support.v4.view.ViewCompat: void setAccessibilityDelegate(android.view.View,android.support.v4.view.AccessibilityDelegateCompat)>
maxpossibleFlows=1
maxpossibleFlows=1
maxpossibleFlows=1
maxpossibleFlows=1
maxpossibleFlows=1
maxpossibleFlows=1
maxpossibleFlows=1
maxpossibleFlows=1
maxpossibleFlows=1
maxpossibleFlows=1
maxpossibleFlows=1
maxpossibleFlows=1
maxpossibleFlows=1
maxpossibleFlows=1
maxpossibleFlows=1
maxpossibleFlows=1
maxpossibleFlows=1
maxpossibleFlows=1
maxpossibleFlows=1
maxpossibleFlows=1
maxpossibleFlows=1
1 taint flow paths FOUND from <android.content.res.Resources: android.util.DisplayMetrics getDisplayMetrics()> to <android.support.v4.view.ViewCompat: void setAccessibilityDelegate(android.view.View,android.support.v4.view.AccessibilityDelegateCompat)>
maxpossibleFlows=1
maxpossibleFlows=1
maxpossibleFlows=1
maxpossibleFlows=1
maxpossibleFlows=1
maxpossibleFlows=1
maxpossibleFlows=1
maxpossibleFlows=1
maxpossibleFlows=1
maxpossibleFlows=1
maxpossibleFlows=1
maxpossibleFlows=1
maxpossibleFlows=1
maxpossibleFlows=1
maxpossibleFlows=1
maxpossibleFlows=1
maxpossibleFlows=1
maxpossibleFlows=1
maxpossibleFlows=1
maxpossibleFlows=1
maxpossibleFlows=1
maxpossibleFlows=1
maxpossibleFlows=1
1 taint flow paths FOUND from <android.content.ContextWrapper: android.content.res.Resources getResources()> to <android.support.v4.view.ViewCompat: void setAccessibilityDelegate(android.view.View,android.support.v4.view.AccessibilityDelegateCompat)>
maxpossibleFlows=1
maxpossibleFlows=1
maxpossibleFlows=1
maxpossibleFlows=1
maxpossibleFlows=1
maxpossibleFlows=1
maxpossibleFlows=1
maxpossibleFlows=1
maxpossibleFlows=1
maxpossibleFlows=2
maxpossibleFlows=1
maxpossibleFlows=1
maxpossibleFlows=2
maxpossibleFlows=1
maxpossibleFlows=1
maxpossibleFlows=1
maxpossibleFlows=1
maxpossibleFlows=2
maxpossibleFlows=1
maxpossibleFlows=1
maxpossibleFlows=1
maxpossibleFlows=1
maxpossibleFlows=1
maxpossibleFlows=1
maxpossibleFlows=2
maxpossibleFlows=1
maxpossibleFlows=1
maxpossibleFlows=2
maxpossibleFlows=1
maxpossibleFlows=1
maxpossibleFlows=1
maxpossibleFlows=1
maxpossibleFlows=1
maxpossibleFlows=1
maxpossibleFlows=1
maxpossibleFlows=1
maxpossibleFlows=1
maxpossibleFlows=1
maxpossibleFlows=1
maxpossibleFlows=1
maxpossibleFlows=1
maxpossibleFlows=1
maxpossibleFlows=1
1 taint flow paths FOUND from <java.util.ArrayList: java.util.Iterator iterator()> to <org.apache.http.message.AbstractHttpMessage: void setHeader(java.lang.String,java.lang.String)>
maxpossibleFlows=1
maxpossibleFlows=1
maxpossibleFlows=1
maxpossibleFlows=1
maxpossibleFlows=2
maxpossibleFlows=1
maxpossibleFlows=1
maxpossibleFlows=1
maxpossibleFlows=1
maxpossibleFlows=1
maxpossibleFlows=1
maxpossibleFlows=2
maxpossibleFlows=1
maxpossibleFlows=1
maxpossibleFlows=1
maxpossibleFlows=2
maxpossibleFlows=1
maxpossibleFlows=1
maxpossibleFlows=1
maxpossibleFlows=1
maxpossibleFlows=1
maxpossibleFlows=1
maxpossibleFlows=1
maxpossibleFlows=1
maxpossibleFlows=1
maxpossibleFlows=1
maxpossibleFlows=1
maxpossibleFlows=1
maxpossibleFlows=1
1 taint flow paths FOUND from <android.webkit.WebView: android.webkit.WebSettings getSettings()> to <android.webkit.WebSettings: void setJavaScriptEnabled(boolean)>
maxpossibleFlows=4
maxpossibleFlows=2
maxpossibleFlows=4
4 taint flow paths FOUND from <java.lang.StringBuilder: java.lang.String toString()> to <android.util.Log: int w(java.lang.String,java.lang.String)>
maxpossibleFlows=2
maxpossibleFlows=2
maxpossibleFlows=2
2 taint flow paths FOUND from <java.lang.StringBuilder: java.lang.String toString()> to <android.util.Log: int e(java.lang.String,java.lang.String)>
maxpossibleFlows=1
maxpossibleFlows=1
maxpossibleFlows=1
maxpossibleFlows=1
maxpossibleFlows=1
maxpossibleFlows=1
maxpossibleFlows=1
maxpossibleFlows=1
maxpossibleFlows=1
maxpossibleFlows=1
maxpossibleFlows=1
maxpossibleFlows=1
maxpossibleFlows=1
maxpossibleFlows=2
maxpossibleFlows=1
maxpossibleFlows=1
maxpossibleFlows=1
maxpossibleFlows=1
maxpossibleFlows=1
maxpossibleFlows=1
maxpossibleFlows=1
maxpossibleFlows=1
maxpossibleFlows=3
3 taint flow paths FOUND from <android.content.ContextWrapper: android.content.res.AssetManager getAssets()> to <android.content.res.AssetManager: java.io.InputStream open(java.lang.String)>
maxpossibleFlows=185
185 taint flow paths FOUND from <java.util.ArrayList: java.lang.Object get(int)> to <android.view.View: void startAnimation(android.view.animation.Animation)>
maxpossibleFlows=2
maxpossibleFlows=1
maxpossibleFlows=1
maxpossibleFlows=2
maxpossibleFlows=1
maxpossibleFlows=1
maxpossibleFlows=2
maxpossibleFlows=2
maxpossibleFlows=1
maxpossibleFlows=1
maxpossibleFlows=1
maxpossibleFlows=1
maxpossibleFlows=1
maxpossibleFlows=1
maxpossibleFlows=1
maxpossibleFlows=1
maxpossibleFlows=1
maxpossibleFlows=1
maxpossibleFlows=1
maxpossibleFlows=1
maxpossibleFlows=1
maxpossibleFlows=1
maxpossibleFlows=1
maxpossibleFlows=1
maxpossibleFlows=1
maxpossibleFlows=1
maxpossibleFlows=1
maxpossibleFlows=1
maxpossibleFlows=1
maxpossibleFlows=1
maxpossibleFlows=1
maxpossibleFlows=1
maxpossibleFlows=1
maxpossibleFlows=2
maxpossibleFlows=2
maxpossibleFlows=2
2 taint flow paths FOUND from <android.view.View: android.content.Context getContext()> to <android.app.Activity: void startActivity(android.content.Intent)>
maxpossibleFlows=1
maxpossibleFlows=1
maxpossibleFlows=1
maxpossibleFlows=1
maxpossibleFlows=1
maxpossibleFlows=1
maxpossibleFlows=1
maxpossibleFlows=1
maxpossibleFlows=1
maxpossibleFlows=1
maxpossibleFlows=1
maxpossibleFlows=1
1 taint flow paths FOUND from <android.view.View: android.content.Context getContext()> to <android.webkit.WebView: void setLayoutParams(android.view.ViewGroup$LayoutParams)>
maxpossibleFlows=1
1 taint flow paths FOUND from <android.content.ContextWrapper: android.content.Context getApplicationContext()> to <android.content.ContextWrapper: boolean bindService(android.content.Intent,android.content.ServiceConnection,int)>
maxpossibleFlows=1
maxpossibleFlows=1
maxpossibleFlows=1
maxpossibleFlows=1
maxpossibleFlows=1
maxpossibleFlows=1
maxpossibleFlows=1
maxpossibleFlows=1
maxpossibleFlows=1
1 taint flow paths FOUND from <android.webkit.WebView: android.webkit.WebSettings getSettings()> to <android.webkit.WebSettings: void setJavaScriptEnabled(boolean)>
maxpossibleFlows=1
maxpossibleFlows=1
maxpossibleFlows=1
maxpossibleFlows=1
maxpossibleFlows=1
maxpossibleFlows=1
maxpossibleFlows=1
maxpossibleFlows=1
maxpossibleFlows=1
maxpossibleFlows=1
maxpossibleFlows=1
maxpossibleFlows=1
maxpossibleFlows=1
maxpossibleFlows=1
maxpossibleFlows=1
maxpossibleFlows=1
maxpossibleFlows=1
maxpossibleFlows=1
1 taint flow paths FOUND from <android.webkit.WebView: android.webkit.WebSettings getSettings()> to <android.webkit.WebSettings: void setBuiltInZoomControls(boolean)>
maxpossibleFlows=1
maxpossibleFlows=2
maxpossibleFlows=1
maxpossibleFlows=1
maxpossibleFlows=1
maxpossibleFlows=1
1 taint flow paths FOUND from <android.view.View: android.content.Context getContext()> to <android.widget.TextView: void setText(int)>
maxpossibleFlows=2
maxpossibleFlows=1
maxpossibleFlows=1
maxpossibleFlows=2
maxpossibleFlows=1
maxpossibleFlows=1
maxpossibleFlows=2
maxpossibleFlows=2
maxpossibleFlows=1
maxpossibleFlows=3
maxpossibleFlows=1
maxpossibleFlows=1
maxpossibleFlows=1
maxpossibleFlows=1
maxpossibleFlows=1
maxpossibleFlows=1
maxpossibleFlows=1
maxpossibleFlows=2
maxpossibleFlows=1
maxpossibleFlows=1
maxpossibleFlows=1
maxpossibleFlows=1
maxpossibleFlows=1
maxpossibleFlows=1
maxpossibleFlows=1
maxpossibleFlows=1
maxpossibleFlows=1
1 taint flow paths FOUND from <android.webkit.WebView: android.webkit.WebSettings getSettings()> to <android.view.View: void setVerticalScrollBarEnabled(boolean)>
maxpossibleFlows=3
maxpossibleFlows=1
1 taint flow paths FOUND from <java.lang.StringBuilder: java.lang.String toString()> to <org.apache.http.message.AbstractHttpMessage: void setHeader(java.lang.String,java.lang.String)>
maxpossibleFlows=1
maxpossibleFlows=1
maxpossibleFlows=1
maxpossibleFlows=1
maxpossibleFlows=1
maxpossibleFlows=1
maxpossibleFlows=1
maxpossibleFlows=1
maxpossibleFlows=1
1 taint flow paths FOUND from <android.webkit.WebView: android.webkit.WebSettings getSettings()> to <android.view.View: void setHorizontalScrollBarEnabled(boolean)>
maxpossibleFlows=1
maxpossibleFlows=2
maxpossibleFlows=1
maxpossibleFlows=1
maxpossibleFlows=1
maxpossibleFlows=1
maxpossibleFlows=1
maxpossibleFlows=1
maxpossibleFlows=1
maxpossibleFlows=1
maxpossibleFlows=1
maxpossibleFlows=1
maxpossibleFlows=1
maxpossibleFlows=1
maxpossibleFlows=1
maxpossibleFlows=2
maxpossibleFlows=1
maxpossibleFlows=1
maxpossibleFlows=2
maxpossibleFlows=1
maxpossibleFlows=1
maxpossibleFlows=2
maxpossibleFlows=2
maxpossibleFlows=1
maxpossibleFlows=1
maxpossibleFlows=1
maxpossibleFlows=1
maxpossibleFlows=1
maxpossibleFlows=1
maxpossibleFlows=1
maxpossibleFlows=1
maxpossibleFlows=1
maxpossibleFlows=1
maxpossibleFlows=1
maxpossibleFlows=3
maxpossibleFlows=1
1 taint flow paths FOUND from <java.lang.StringBuilder: java.lang.String toString()> to <java.lang.String: boolean startsWith(java.lang.String)>
maxpossibleFlows=1
maxpossibleFlows=1
maxpossibleFlows=1
maxpossibleFlows=2
maxpossibleFlows=1
maxpossibleFlows=1
maxpossibleFlows=1
maxpossibleFlows=1
maxpossibleFlows=2
maxpossibleFlows=1
maxpossibleFlows=1
maxpossibleFlows=1
maxpossibleFlows=1
maxpossibleFlows=1
maxpossibleFlows=1
maxpossibleFlows=1
maxpossibleFlows=1
maxpossibleFlows=1
maxpossibleFlows=1
maxpossibleFlows=1
maxpossibleFlows=1
maxpossibleFlows=1
maxpossibleFlows=1
maxpossibleFlows=1
maxpossibleFlows=1
1 taint flow paths FOUND from <android.view.View: android.content.Context getContext()> to <android.webkit.WebView: void setWebChromeClient(android.webkit.WebChromeClient)>
maxpossibleFlows=1
maxpossibleFlows=1
1 taint flow paths FOUND from <java.lang.StringBuilder: java.lang.String toString()> to <android.widget.TextView: void setText(java.lang.CharSequence)>
maxpossibleFlows=1
maxpossibleFlows=2
maxpossibleFlows=1
maxpossibleFlows=1
maxpossibleFlows=1
maxpossibleFlows=1
maxpossibleFlows=2
maxpossibleFlows=1
maxpossibleFlows=1
maxpossibleFlows=1
maxpossibleFlows=1
maxpossibleFlows=1
maxpossibleFlows=1
maxpossibleFlows=1
maxpossibleFlows=1
maxpossibleFlows=1
maxpossibleFlows=1
maxpossibleFlows=1
maxpossibleFlows=1
maxpossibleFlows=1
maxpossibleFlows=1
1 taint flow paths FOUND from <android.support.v4.view.ViewConfigurationCompat: int getScaledPagingTouchSlop(android.view.ViewConfiguration)> to <android.support.v4.view.ViewCompat: void setAccessibilityDelegate(android.view.View,android.support.v4.view.AccessibilityDelegateCompat)>
maxpossibleFlows=2
2 taint flow paths FOUND from <android.content.ContextWrapper: android.content.Context getApplicationContext()> to <android.content.Intent: android.content.Intent putExtra(java.lang.String,java.lang.String)>
maxpossibleFlows=1
1 taint flow paths FOUND from <android.support.v4.view.ViewConfigurationCompat: int getScaledPagingTouchSlop(android.view.ViewConfiguration)> to <android.support.v4.view.ViewCompat: void setImportantForAccessibility(android.view.View,int)>
maxpossibleFlows=1
maxpossibleFlows=1
maxpossibleFlows=1
maxpossibleFlows=1
maxpossibleFlows=1
maxpossibleFlows=1
maxpossibleFlows=1
maxpossibleFlows=1
maxpossibleFlows=1
1 taint flow paths FOUND from <android.webkit.WebView: android.webkit.WebSettings getSettings()> to <android.webkit.WebView: void setWebViewClient(android.webkit.WebViewClient)>
maxpossibleFlows=1
maxpossibleFlows=1
maxpossibleFlows=1
maxpossibleFlows=1
maxpossibleFlows=1
maxpossibleFlows=1
maxpossibleFlows=1
maxpossibleFlows=1
maxpossibleFlows=1
maxpossibleFlows=1
maxpossibleFlows=1
maxpossibleFlows=7
maxpossibleFlows=1
maxpossibleFlows=1
maxpossibleFlows=1
maxpossibleFlows=1
maxpossibleFlows=1
maxpossibleFlows=1
maxpossibleFlows=1
maxpossibleFlows=1
maxpossibleFlows=1
maxpossibleFlows=1
maxpossibleFlows=1
maxpossibleFlows=1
maxpossibleFlows=1
maxpossibleFlows=1
maxpossibleFlows=1
maxpossibleFlows=1
maxpossibleFlows=1
maxpossibleFlows=1
maxpossibleFlows=1
maxpossibleFlows=1
maxpossibleFlows=1
maxpossibleFlows=1
maxpossibleFlows=1
maxpossibleFlows=1
maxpossibleFlows=1
maxpossibleFlows=1
maxpossibleFlows=1
maxpossibleFlows=1
maxpossibleFlows=1
maxpossibleFlows=1
maxpossibleFlows=1
maxpossibleFlows=1
maxpossibleFlows=1
maxpossibleFlows=1
maxpossibleFlows=1
maxpossibleFlows=1
maxpossibleFlows=1
maxpossibleFlows=1
maxpossibleFlows=1
maxpossibleFlows=1
maxpossibleFlows=1
maxpossibleFlows=1
maxpossibleFlows=185
[WARNING] [32mVERBOSE[0m Callback method :<init> in Class android.support.v4.app.Fragment
[WARNING] [32mVERBOSE[0m Callback method :onConfigurationChanged in Class android.support.v4.app.Fragment
[WARNING] [32mVERBOSE[0m Callback method :onCreateContextMenu in Class android.support.v4.app.Fragment
[WARNING] [32mVERBOSE[0m Callback method :onLowMemory in Class android.support.v4.app.Fragment
[WARNING] [32mVERBOSE[0m Callback method :<init> in Class android.support.v4.app.DialogFragment
[WARNING] [32mVERBOSE[0m Callback method :onCancel in Class android.support.v4.app.DialogFragment
[WARNING] [32mVERBOSE[0m Callback method :onDismiss in Class android.support.v4.app.DialogFragment
Result for benign-app-6144-B47452FE3918C8988F728049FF5E9761474D0BAA4BED812C3A5FB7B8477C8EC7.apkcom.yipinapp.grv