DUA-Forensics args to Soot: -w -cp /home/handrick/Documents/TU_Darmstadt/benchmark/libs/droidfax.jar:/home/handrick/Android/Sdk/platforms/android-19/android.jar -p cg verbose:false,implicit-entry:true -p cg.spark verbose:false,on-fly-cg:true,rta:false -d /home/handrick/Documents/TU_Darmstadt/benchmark/trace/180/2/droidbot/benign-app-6209-990CE50E2B2AC672F39E77719087BB88569B8F95A7E2FC82E590A2AEC128B848.apk.logcat -process-dir /home/handrick/Documents/TU_Darmstadt/benchmark/data/input/benign-app-6209-990CE50E2B2AC672F39E77719087BB88569B8F95A7E2FC82E590A2AEC128B848.apk 
Soot started on Tue Apr 25 05:10:06 CEST 2023
Warning: com.ironsource.mobilcore.BaseFlowBasedAdUnit is a phantom class!
Warning: java.lang.invoke.LambdaMetafactory is a phantom class!
Warning: java.lang.ref.Finalizer is a phantom class!
Warning: com.google.ads.AdRequest is a phantom class!
Warning: com.google.ads.AdView is a phantom class!
Warning: dalvik.system.VMRuntime is a phantom class!
Warning: org.anddev.andengine.engine.handler.IUpdateHandler is a phantom class!
Warning: org.anddev.andengine.engine.handler.runnable.RunnableHandler is a phantom class!
Warning: org.anddev.andengine.entity.primitive.Line is a phantom class!
Warning: org.anddev.andengine.entity.shape.Shape is a phantom class!
Warning: org.anddev.andengine.util.pool.GenericPool is a phantom class!
Warning: org.anddev.andengine.util.MathUtils is a phantom class!
[Call Graph] For information on where the call graph may be incomplete, use the verbose option to the cg phase.
[Spark] Pointer Assignment Graph in 0.1 seconds.
[Spark] Type masks in 0.0 seconds.
[Spark] Pointer Graph simplified in 0.0 seconds.
[Spark] Propagation in 0.0 seconds.
[Spark] Solution found in 0.0 seconds.
hcai's internal transform
Running static analysis for security-relevant feature characterization
[GatorHierarchy] [32mVERBOSE[0m [HIER] All classes: 1141
[GatorHierarchy] [32mVERBOSE[0m [App: 421, Lib : 708, Phantom: 12]
[GatorHierarchy] [32mVERBOSE[0m [HIER] Activities: 5, lib activities: 1
[GatorHierarchy] [32mVERBOSE[0m [HIER] App views: 0, Lib views: 10
[GatorHierarchy] [32mVERBOSE[0m [HIER] App Dialogs: 0, Lib Dialogs: 2
[TIMECOST] [32mVERBOSE[0m buildApplicationCodeMap parsing starting at 1682392208213
[TIMECOST] [32mVERBOSE[0m buildApplicationCodeMap parsing finished at 1682392212728
[Instantiated app classes] [32mVERBOSE[0m total number: 352
[WARNING] [32mVERBOSE[0m Callback method :onReceive in Class com.games.AdReciver added
[WARNING] [32mVERBOSE[0m Callback method :onKeyDown in Class elfEngine.basic.frame.ElfBasicGameActivity added
[WARNING] [32mVERBOSE[0m Callback method :onTouchEvent in Class elfEngine.basic.frame.ElfBasicGameActivity added
[WARNING] [32mVERBOSE[0m Callback method :onPause in Class elfEngine.basic.frame.ElfBasicGameActivity added
[WARNING] [32mVERBOSE[0m Callback method :onCreate in Class elfEngine.basic.frame.ElfBasicGameActivity added
[WARNING] [32mVERBOSE[0m Callback method :onDestroy in Class elfEngine.basic.frame.ElfBasicGameActivity added
[WARNING] [32mVERBOSE[0m Callback method :onResume in Class elfEngine.basic.frame.ElfBasicGameActivity added
[WARNING] [32mVERBOSE[0m Callback method :onCreate in Class com.ccx.xm.AdActivity added
[WARNING] [32mVERBOSE[0m Callback method :onCreate in Class elfEngine.module.more.MoreActivity added
[WARNING] [32mVERBOSE[0m Callback method :onKeyDown in Class elfEngine.basic.frame.ElfBasicGameActivity added
[WARNING] [32mVERBOSE[0m Callback method :onTouchEvent in Class elfEngine.basic.frame.ElfBasicGameActivity added
[WARNING] [32mVERBOSE[0m Callback method :onPause in Class com.ielfgame.bladegrxq.GameActivity added
[WARNING] [32mVERBOSE[0m Callback method :onCreate in Class com.ielfgame.bladegrxq.GameActivity added
[WARNING] [32mVERBOSE[0m Callback method :onDestroy in Class elfEngine.basic.frame.ElfBasicGameActivity added
[WARNING] [32mVERBOSE[0m Callback method :onResume in Class com.ielfgame.bladegrxq.GameActivity added
[WARNING] [32mVERBOSE[0m Callback method :onCreate in Class elfEngine.module.honor.HonorActivity added
0 ICC links found and 0 cg edges added due to ICC links
dynamic conflated call graph: 710 methods; 710 nodes; 1105 edges.
maxpossibleFlows=228
190 taint flow paths FOUND from <android.content.ContextWrapper: android.content.res.AssetManager getAssets()> to <android.content.res.AssetManager: java.io.InputStream open(java.lang.String)>
maxpossibleFlows=2
maxpossibleFlows=3
maxpossibleFlows=3
maxpossibleFlows=2
maxpossibleFlows=3
maxpossibleFlows=3
maxpossibleFlows=2
maxpossibleFlows=3
maxpossibleFlows=3
maxpossibleFlows=1
maxpossibleFlows=1
maxpossibleFlows=1
maxpossibleFlows=61
maxpossibleFlows=1
maxpossibleFlows=1
maxpossibleFlows=1
maxpossibleFlows=1
1 taint flow paths FOUND from <android.view.ContextThemeWrapper: android.content.res.Resources getResources()> to <android.content.res.Resources: java.io.InputStream openRawResource(int,android.util.TypedValue)>
maxpossibleFlows=1
maxpossibleFlows=1
maxpossibleFlows=1
maxpossibleFlows=2
maxpossibleFlows=3
maxpossibleFlows=3
maxpossibleFlows=1
maxpossibleFlows=62
maxpossibleFlows=2
maxpossibleFlows=2
maxpossibleFlows=2
maxpossibleFlows=49
1 taint flow paths FOUND from <android.view.View: java.lang.Object getTag()> to <android.widget.TextView: void setText(java.lang.CharSequence)>
maxpossibleFlows=1
maxpossibleFlows=9
1 taint flow paths FOUND from <java.lang.StringBuilder: java.lang.String toString()> to <android.content.res.AssetManager: java.io.InputStream open(java.lang.String)>
maxpossibleFlows=2
maxpossibleFlows=8
1 taint flow paths FOUND from <android.content.res.Resources: android.content.res.AssetManager getAssets()> to <android.content.res.AssetManager: java.io.InputStream open(java.lang.String)>
maxpossibleFlows=1
maxpossibleFlows=1
maxpossibleFlows=1
maxpossibleFlows=1
maxpossibleFlows=1
maxpossibleFlows=1
maxpossibleFlows=1
maxpossibleFlows=1
maxpossibleFlows=49
maxpossibleFlows=2
maxpossibleFlows=1
maxpossibleFlows=2
maxpossibleFlows=3
maxpossibleFlows=3
maxpossibleFlows=1
maxpossibleFlows=1
maxpossibleFlows=1
maxpossibleFlows=2
maxpossibleFlows=6
maxpossibleFlows=5
maxpossibleFlows=2
1 taint flow paths FOUND from <android.view.LayoutInflater: android.view.View inflate(int,android.view.ViewGroup,boolean)> to <android.widget.TextView: void setText(java.lang.CharSequence)>
maxpossibleFlows=1
maxpossibleFlows=1
maxpossibleFlows=1
maxpossibleFlows=1
maxpossibleFlows=1
1 taint flow paths FOUND from <android.app.Activity: android.view.LayoutInflater getLayoutInflater()> to <android.view.View: void setSoundEffectsEnabled(boolean)>
maxpossibleFlows=1
maxpossibleFlows=1
maxpossibleFlows=1
maxpossibleFlows=1
1 taint flow paths FOUND from <android.app.Activity: java.lang.CharSequence getTitle()> to <android.widget.TextView: void setText(java.lang.CharSequence)>
maxpossibleFlows=58
maxpossibleFlows=1
maxpossibleFlows=1
1 taint flow paths FOUND from <android.app.Activity: android.view.Window getWindow()> to <android.widget.TextView: void setText(java.lang.CharSequence)>
maxpossibleFlows=1
maxpossibleFlows=1
maxpossibleFlows=1
maxpossibleFlows=1
maxpossibleFlows=1
maxpossibleFlows=1
maxpossibleFlows=1
maxpossibleFlows=1
maxpossibleFlows=1
maxpossibleFlows=1
maxpossibleFlows=2
maxpossibleFlows=2
maxpossibleFlows=2
maxpossibleFlows=1
maxpossibleFlows=1
maxpossibleFlows=2
maxpossibleFlows=2
maxpossibleFlows=1
maxpossibleFlows=2
maxpossibleFlows=1
maxpossibleFlows=1
maxpossibleFlows=1
maxpossibleFlows=2
maxpossibleFlows=1
maxpossibleFlows=2
maxpossibleFlows=1
maxpossibleFlows=1
maxpossibleFlows=1
maxpossibleFlows=1
maxpossibleFlows=1
maxpossibleFlows=228
190 taint flow paths FOUND from <android.content.ContextWrapper: android.content.res.AssetManager getAssets()> to <android.content.res.AssetManager: java.io.InputStream open(java.lang.String)>
maxpossibleFlows=2
2 taint flow paths FOUND from <android.content.ContextWrapper: android.content.res.AssetManager getAssets()> to <android.content.res.AssetManager: android.content.res.AssetFileDescriptor openFd(java.lang.String)>
maxpossibleFlows=1
maxpossibleFlows=49
1 taint flow paths FOUND from <android.view.View: java.lang.Object getTag()> to <android.widget.TextView: void setText(java.lang.CharSequence)>
maxpossibleFlows=1
maxpossibleFlows=1
1 taint flow paths FOUND from <android.view.LayoutInflater: android.view.View inflate(int,android.view.ViewGroup,boolean)> to <android.view.View: void setSoundEffectsEnabled(boolean)>
maxpossibleFlows=2
1 taint flow paths FOUND from <android.view.View: java.lang.Object getTag()> to <android.widget.TextView: void setSingleLine(boolean)>
maxpossibleFlows=1
maxpossibleFlows=1
1 taint flow paths FOUND from <android.view.LayoutInflater: android.view.View inflate(int,android.view.ViewGroup,boolean)> to <android.widget.ListView: void setCacheColorHint(int)>
maxpossibleFlows=1
1 taint flow paths FOUND from <android.view.ContextThemeWrapper: android.content.res.Resources getResources()> to <android.content.res.Resources: java.io.InputStream openRawResource(int,android.util.TypedValue)>
maxpossibleFlows=1
maxpossibleFlows=1
maxpossibleFlows=1
maxpossibleFlows=1
maxpossibleFlows=1
1 taint flow paths FOUND from <android.app.Activity: android.view.Window getWindow()> to <android.app.Activity: void setContentView(int)>
maxpossibleFlows=3
maxpossibleFlows=3
maxpossibleFlows=3
maxpossibleFlows=1
maxpossibleFlows=1
maxpossibleFlows=3
maxpossibleFlows=2
maxpossibleFlows=5
maxpossibleFlows=5
maxpossibleFlows=1
maxpossibleFlows=1
maxpossibleFlows=1
maxpossibleFlows=3
maxpossibleFlows=1
maxpossibleFlows=5
maxpossibleFlows=1
maxpossibleFlows=1
maxpossibleFlows=1
maxpossibleFlows=1
maxpossibleFlows=1
maxpossibleFlows=1
maxpossibleFlows=1
maxpossibleFlows=1
maxpossibleFlows=1
maxpossibleFlows=1
1 taint flow paths FOUND from <android.app.Activity: android.view.Window getWindow()> to <android.view.Window: void setFlags(int,int)>
Result for benign-app-6209-990CE50E2B2AC672F39E77719087BB88569B8F95A7E2FC82E590A2AEC128B848.apkcom.ielfgame.bladegrxq