DUA-Forensics args to Soot: -w -cp /home/handrick/Documents/TU_Darmstadt/benchmark/libs/droidfax.jar:/home/handrick/Android/Sdk/platforms/android-19/android.jar -p cg verbose:false,implicit-entry:true -p cg.spark verbose:false,on-fly-cg:true,rta:false -d /home/handrick/Documents/TU_Darmstadt/benchmark/trace/180/3/droidbot/malicious-app-6048-04F2745CD105D18990B13A232BFA4A43083EA7EBAD8973450B51B198AAEF1450.apk.logcat -process-dir /home/handrick/Documents/TU_Darmstadt/benchmark/data/input/malicious-app-6048-04F2745CD105D18990B13A232BFA4A43083EA7EBAD8973450B51B198AAEF1450.apk 
Soot started on Fri Apr 21 20:11:28 CEST 2023
Warning: com.ironsource.mobilcore.BaseFlowBasedAdUnit is a phantom class!
Warning: java.lang.invoke.LambdaMetafactory is a phantom class!
Warning: java.lang.ref.Finalizer is a phantom class!
Warning: com.asdasdasd.ads.Ad is a phantom class!
Warning: com.asdasdasd.ads.AdRequest$ErrorCode is a phantom class!
Warning: com.asdasdasd.ads.AdView is a phantom class!
Warning: com.asdasdasd.ads.doubleclick.DfpInterstitialAd is a phantom class!
[Call Graph] For information on where the call graph may be incomplete, use the verbose option to the cg phase.
[Spark] Pointer Assignment Graph in 0.0 seconds.
[Spark] Type masks in 0.0 seconds.
[Spark] Pointer Graph simplified in 0.0 seconds.
[Spark] Propagation in 0.0 seconds.
[Spark] Solution found in 0.0 seconds.
hcai's internal transform
Running static analysis for method/class coverage characterization
0 ICC links found and 0 cg edges added due to ICC links
dynamic conflated call graph: 21 methods; 21 nodes; 18 edges.
feature-vector-key = malicious-app-6048-04F2745CD105D18990B13A232BFA4A43083EA7EBAD8973450B51B198AAEF1450.apk
Result for malicious-app-6048-04F2745CD105D18990B13A232BFA4A43083EA7EBAD8973450B51B198AAEF1450.apkjp.colopl.wintep