DUA-Forensics args to Soot: -w -cp /home/handrick/Documents/TU_Darmstadt/benchmark/libs/droidfax.jar:/home/handrick/Android/Sdk/platforms/android-19/android.jar -p cg verbose:false,implicit-entry:true -p cg.spark verbose:false,on-fly-cg:true,rta:false -d /home/handrick/Documents/TU_Darmstadt/benchmark/trace/180/2/droidbot/malicious-app-6209-C86F34A93CFA0EFF4ECA86BFD1F52B2F8C4AE0E035C4E534C29ABE359B530F80.apk.logcat -process-dir /home/handrick/Documents/TU_Darmstadt/benchmark/data/input/malicious-app-6209-C86F34A93CFA0EFF4ECA86BFD1F52B2F8C4AE0E035C4E534C29ABE359B530F80.apk 
Soot started on Tue Apr 25 05:15:17 CEST 2023
Warning: com.ironsource.mobilcore.BaseFlowBasedAdUnit is a phantom class!
Warning: java.lang.invoke.LambdaMetafactory is a phantom class!
Warning: java.lang.ref.Finalizer is a phantom class!
Warning: com.google.ads.AdRequest is a phantom class!
Warning: com.google.ads.AdView is a phantom class!
Warning: dalvik.system.VMRuntime is a phantom class!
Warning: org.anddev.andengine.engine.handler.IUpdateHandler is a phantom class!
Warning: org.anddev.andengine.engine.handler.runnable.RunnableHandler is a phantom class!
Warning: org.anddev.andengine.entity.primitive.Line is a phantom class!
Warning: org.anddev.andengine.entity.shape.Shape is a phantom class!
Warning: org.anddev.andengine.util.pool.GenericPool is a phantom class!
Warning: org.anddev.andengine.util.MathUtils is a phantom class!
[Call Graph] For information on where the call graph may be incomplete, use the verbose option to the cg phase.
[Spark] Pointer Assignment Graph in 0.0 seconds.
[Spark] Type masks in 0.0 seconds.
[Spark] Pointer Graph simplified in 0.0 seconds.
[Spark] Propagation in 0.0 seconds.
[Spark] Solution found in 0.0 seconds.
hcai's internal transform
Running static analysis for method/class coverage characterization
0 ICC links found and 0 cg edges added due to ICC links
dynamic conflated call graph: 594 methods; 594 nodes; 914 edges.
feature-vector-key = malicious-app-6209-C86F34A93CFA0EFF4ECA86BFD1F52B2F8C4AE0E035C4E534C29ABE359B530F80.apk
Result for malicious-app-6209-C86F34A93CFA0EFF4ECA86BFD1F52B2F8C4AE0E035C4E534C29ABE359B530F80.apkcom.ielfgame.bladegrxq