DUA-Forensics args to Soot: -w -cp /home/handrick/Documents/TU_Darmstadt/benchmark/libs/droidfax.jar:/home/handrick/Android/Sdk/platforms/android-19/android.jar -p cg verbose:false,implicit-entry:true -p cg.spark verbose:false,on-fly-cg:true,rta:false -d /home/handrick/Documents/TU_Darmstadt/benchmark/trace/180/3/droidbot/malicious-app-6002-0671F46ACE63398020BA75F555F970A5EC0C733CD2844E1ED0631CAE0A4DBC64.apk.logcat -process-dir /home/handrick/Documents/TU_Darmstadt/benchmark/data/input/malicious-app-6002-0671F46ACE63398020BA75F555F970A5EC0C733CD2844E1ED0631CAE0A4DBC64.apk 
Soot started on Thu Apr 20 20:17:23 CEST 2023
Warning: com.ironsource.mobilcore.BaseFlowBasedAdUnit is a phantom class!
Warning: java.lang.invoke.LambdaMetafactory is a phantom class!
Warning: java.lang.ref.Finalizer is a phantom class!
[Call Graph] For information on where the call graph may be incomplete, use the verbose option to the cg phase.
[Spark] Pointer Assignment Graph in 0.1 seconds.
[Spark] Type masks in 0.0 seconds.
[Spark] Pointer Graph simplified in 0.0 seconds.
[Spark] Propagation in 0.0 seconds.
[Spark] Solution found in 0.0 seconds.
hcai's internal transform
Running static analysis for security-relevant feature characterization
[GatorHierarchy] [32mVERBOSE[0m [HIER] All classes: 956
[GatorHierarchy] [32mVERBOSE[0m [App: 104, Lib : 849, Phantom: 3]
[GatorHierarchy] [32mVERBOSE[0m [HIER] Activities: 6, lib activities: 1
[GatorHierarchy] [32mVERBOSE[0m [HIER] App views: 5, Lib views: 15
[GatorHierarchy] [32mVERBOSE[0m [HIER] App Dialogs: 0, Lib Dialogs: 3
[TIMECOST] [32mVERBOSE[0m buildApplicationCodeMap parsing starting at 1682014644290
[TIMECOST] [32mVERBOSE[0m buildApplicationCodeMap parsing finished at 1682014646010
[Instantiated app classes] [32mVERBOSE[0m total number: 146
[WARNING] [32mVERBOSE[0m Callback method :onReceive in Class com.games.AdReciver added
[WARNING] [32mVERBOSE[0m Callback method :onKeyDown in Class com.funbox.game.promote.AdSplash added
[WARNING] [32mVERBOSE[0m Callback method :finish in Class com.funbox.game.promote.AdSplash added
[WARNING] [32mVERBOSE[0m Callback method :onPause in Class com.funbox.game.promote.AdSplash added
[WARNING] [32mVERBOSE[0m Callback method :onStop in Class com.funbox.game.promote.AdSplash added
[WARNING] [32mVERBOSE[0m Callback method :onCreate in Class com.funbox.game.promote.AdSplash added
[WARNING] [32mVERBOSE[0m Callback method :onResume in Class com.funbox.game.promote.AdSplash added
[WARNING] [32mVERBOSE[0m Callback method :onKeyDown in Class com.funbox.game.angxde.GMenu added
[WARNING] [32mVERBOSE[0m Callback method :onPause in Class com.funbox.game.angxde.GMenu added
[WARNING] [32mVERBOSE[0m Callback method :onStop in Class com.funbox.game.angxde.GMenu added
[WARNING] [32mVERBOSE[0m Callback method :onCreate in Class com.funbox.game.angxde.GMenu added
[WARNING] [32mVERBOSE[0m Callback method :onActivityResult in Class com.funbox.game.angxde.GMenu added
[WARNING] [32mVERBOSE[0m Callback method :onResume in Class com.funbox.game.angxde.GMenu added
[WARNING] [32mVERBOSE[0m Callback method :onKeyDown in Class com.funbox.game.angxde.Main added
[WARNING] [32mVERBOSE[0m Callback method :onTouchEvent in Class com.funbox.game.angxde.Main added
[WARNING] [32mVERBOSE[0m Callback method :onPause in Class com.funbox.game.angxde.Main added
[WARNING] [32mVERBOSE[0m Callback method :onStop in Class com.funbox.game.angxde.Main added
[WARNING] [32mVERBOSE[0m Callback method :onCreate in Class com.funbox.game.angxde.Main added
[WARNING] [32mVERBOSE[0m Callback method :onSaveInstanceState in Class com.funbox.game.angxde.Main added
[WARNING] [32mVERBOSE[0m Callback method :onResume in Class com.funbox.game.angxde.Main added
[WARNING] [32mVERBOSE[0m Callback method :surfaceCreated in Class com.funbox.game.angxde.GameView added
[WARNING] [32mVERBOSE[0m Callback method :surfaceDestroyed in Class com.funbox.game.angxde.GameView added
[WARNING] [32mVERBOSE[0m Callback method :surfaceChanged in Class com.funbox.game.angxde.GameView added
[WARNING] [32mVERBOSE[0m Callback method :onWindowFocusChanged in Class com.admob.android.ads.AdView added
[WARNING] [32mVERBOSE[0m Callback method :onMeasure in Class com.admob.android.ads.AdView added
[WARNING] [32mVERBOSE[0m Callback method :setEnabled in Class com.admob.android.ads.AdView added
[WARNING] [32mVERBOSE[0m Callback method :setBackgroundColor in Class com.admob.android.ads.AdView added
[WARNING] [32mVERBOSE[0m Callback method :onDetachedFromWindow in Class com.admob.android.ads.AdView added
[WARNING] [32mVERBOSE[0m Callback method :onAttachedToWindow in Class com.admob.android.ads.AdView added
[WARNING] [32mVERBOSE[0m Callback method :setVisibility in Class com.admob.android.ads.AdView added
[WARNING] [32mVERBOSE[0m Callback method :onWindowVisibilityChanged in Class com.admob.android.ads.AdView added
[WARNING] [32mVERBOSE[0m Callback method :onCreate in Class com.funbox.game.angxde.OptionActivity added
[WARNING] [32mVERBOSE[0m Callback method :onCreate in Class com.funbox.game.angxde.ScoreList added
[WARNING] [32mVERBOSE[0m Callback method :onCreate in Class com.ccx.xm.AdActivity added
5 ICC links found and 1 cg edges added due to ICC links
dynamic conflated call graph: 224 methods; 224 nodes; 314 edges.
maxpossibleFlows=3
1 taint flow paths FOUND from <android.content.ContextWrapper: android.content.SharedPreferences getSharedPreferences(java.lang.String,int)> to <android.util.Log: int v(java.lang.String,java.lang.String)>
maxpossibleFlows=3
maxpossibleFlows=5
maxpossibleFlows=3
maxpossibleFlows=3
maxpossibleFlows=3
maxpossibleFlows=3
maxpossibleFlows=3
maxpossibleFlows=3
maxpossibleFlows=5
maxpossibleFlows=3
maxpossibleFlows=3
maxpossibleFlows=3
maxpossibleFlows=3
maxpossibleFlows=3
maxpossibleFlows=3
maxpossibleFlows=3
maxpossibleFlows=3
maxpossibleFlows=3
maxpossibleFlows=3
maxpossibleFlows=3
maxpossibleFlows=3
maxpossibleFlows=1
1 taint flow paths FOUND from <android.view.LayoutInflater: android.view.View inflate(int,android.view.ViewGroup)> to <android.view.View: void setBackgroundColor(int)>
maxpossibleFlows=3
1 taint flow paths FOUND from <java.lang.StringBuilder: java.lang.String toString()> to <android.util.Log: int v(java.lang.String,java.lang.String)>
maxpossibleFlows=6
maxpossibleFlows=5
maxpossibleFlows=3
maxpossibleFlows=5
2 taint flow paths FOUND from <android.os.Bundle: int getInt(java.lang.String,int)> to <android.app.Activity: void setContentView(int)>
maxpossibleFlows=3
maxpossibleFlows=5
maxpossibleFlows=3
maxpossibleFlows=3
maxpossibleFlows=3
maxpossibleFlows=3
maxpossibleFlows=3
maxpossibleFlows=1
1 taint flow paths FOUND from <android.app.AlertDialog$Builder: android.app.AlertDialog create()> to <android.view.View: void setBackgroundColor(int)>
maxpossibleFlows=3
1 taint flow paths FOUND from <android.app.Activity: android.view.Window getWindow()> to <android.util.Log: int v(java.lang.String,java.lang.String)>
maxpossibleFlows=3
1 taint flow paths FOUND from <android.content.ContextWrapper: android.content.SharedPreferences getSharedPreferences(java.lang.String,int)> to <android.util.Log: int v(java.lang.String,java.lang.String)>
maxpossibleFlows=5
maxpossibleFlows=5
maxpossibleFlows=5
maxpossibleFlows=3
maxpossibleFlows=6
1 taint flow paths FOUND from <java.lang.StringBuilder: java.lang.String toString()> to <android.content.Intent: android.content.Intent putExtra(java.lang.String,int)>
maxpossibleFlows=3
maxpossibleFlows=3
maxpossibleFlows=3
maxpossibleFlows=3
maxpossibleFlows=3
3 taint flow paths FOUND from <java.lang.StringBuilder: java.lang.String toString()> to <android.app.Activity: void startActivity(android.content.Intent)>
maxpossibleFlows=3
maxpossibleFlows=3
maxpossibleFlows=3
maxpossibleFlows=3
maxpossibleFlows=3
maxpossibleFlows=5
2 taint flow paths FOUND from <android.os.Bundle: int getInt(java.lang.String,int)> to <android.app.Activity: void setContentView(int)>
maxpossibleFlows=1
1 taint flow paths FOUND from <android.view.LayoutInflater: android.view.View inflate(int,android.view.ViewGroup)> to <android.view.View: void setBackgroundColor(int)>
maxpossibleFlows=3
maxpossibleFlows=3
maxpossibleFlows=3
maxpossibleFlows=3
maxpossibleFlows=3
3 taint flow paths FOUND from <java.lang.StringBuilder: java.lang.String toString()> to <android.content.Intent: android.content.Intent setClass(android.content.Context,java.lang.Class)>
maxpossibleFlows=3
maxpossibleFlows=3
maxpossibleFlows=3
maxpossibleFlows=3
maxpossibleFlows=3
maxpossibleFlows=5
2 taint flow paths FOUND from <android.os.Bundle: int getInt(java.lang.String,int)> to <android.view.Window: void setFlags(int,int)>
maxpossibleFlows=3
maxpossibleFlows=3
maxpossibleFlows=3
maxpossibleFlows=3
maxpossibleFlows=3
3 taint flow paths FOUND from <java.lang.StringBuilder: java.lang.String toString()> to <android.content.Intent: android.content.Intent putExtra(java.lang.String,boolean)>
[WARNING] [32mVERBOSE[0m Callback method :surfaceChanged in Class com.funbox.game.angxde.GameView
[WARNING] [32mVERBOSE[0m Callback method :surfaceCreated in Class com.funbox.game.angxde.GameView
[WARNING] [32mVERBOSE[0m Callback method :surfaceDestroyed in Class com.funbox.game.angxde.GameView
Result for malicious-app-6002-0671F46ACE63398020BA75F555F970A5EC0C733CD2844E1ED0631CAE0A4DBC64.apkcom.funbox.game.angxde