DUA-Forensics args to Soot: -w -cp /home/handrick/Documents/TU_Darmstadt/benchmark/libs/droidfax.jar:/home/handrick/Android/Sdk/platforms/android-19/android.jar -p cg verbose:false,implicit-entry:true -p cg.spark verbose:false,on-fly-cg:true,rta:false -d /home/handrick/Documents/TU_Darmstadt/benchmark/trace/180/1/droidbot/malicious-app-6083-0A428916A09F6F25C3BAAAFEE42D648A94A00FC1499B72C16F3D7711139C7DB3.apk.logcat -process-dir /home/handrick/Documents/TU_Darmstadt/benchmark/data/input/malicious-app-6083-0A428916A09F6F25C3BAAAFEE42D648A94A00FC1499B72C16F3D7711139C7DB3.apk 
Soot started on Sat Apr 22 14:38:12 CEST 2023
Warning: com.ironsource.mobilcore.BaseFlowBasedAdUnit is a phantom class!
Warning: java.lang.invoke.LambdaMetafactory is a phantom class!
Warning: java.lang.ref.Finalizer is a phantom class!
[Call Graph] For information on where the call graph may be incomplete, use the verbose option to the cg phase.
[Spark] Pointer Assignment Graph in 0.1 seconds.
[Spark] Type masks in 0.0 seconds.
[Spark] Pointer Graph simplified in 0.0 seconds.
[Spark] Propagation in 0.0 seconds.
[Spark] Solution found in 0.0 seconds.
hcai's internal transform
Running static analysis for security-relevant feature characterization
[GatorHierarchy] [32mVERBOSE[0m [HIER] All classes: 812
[GatorHierarchy] [32mVERBOSE[0m [App: 63, Lib : 746, Phantom: 3]
[GatorHierarchy] [32mVERBOSE[0m [HIER] Activities: 7, lib activities: 2
[GatorHierarchy] [32mVERBOSE[0m [HIER] App views: 0, Lib views: 10
[GatorHierarchy] [32mVERBOSE[0m [HIER] App Dialogs: 0, Lib Dialogs: 3
[TIMECOST] [32mVERBOSE[0m buildApplicationCodeMap parsing starting at 1682167093323
[TIMECOST] [32mVERBOSE[0m buildApplicationCodeMap parsing finished at 1682167094229
[Instantiated app classes] [32mVERBOSE[0m total number: 65
[WARNING] [32mVERBOSE[0m Callback method :onKeyDown in Class com.Ina.Notegrso.NoteText added
[WARNING] [32mVERBOSE[0m Callback method :onCreate in Class com.Ina.Notegrso.NoteText added
[WARNING] [32mVERBOSE[0m Callback method :onKeyDown in Class com.Ina.Notegrso.SmipleNotePad added
[WARNING] [32mVERBOSE[0m Callback method :onListItemClick in Class com.Ina.Notegrso.SmipleNotePad added
[WARNING] [32mVERBOSE[0m Callback method :onCreate in Class com.Ina.Notegrso.SmipleNotePad added
[WARNING] [32mVERBOSE[0m Callback method :onCreateOptionsMenu in Class com.Ina.Notegrso.SmipleNotePad added
[WARNING] [32mVERBOSE[0m Callback method :onActivityResult in Class com.Ina.Notegrso.SmipleNotePad added
[WARNING] [32mVERBOSE[0m Callback method :onOptionsItemSelected in Class com.Ina.Notegrso.SmipleNotePad added
[WARNING] [32mVERBOSE[0m Callback method :onResume in Class com.Ina.Notegrso.SmipleNotePad added
[WARNING] [32mVERBOSE[0m Callback method :onCreate in Class com.Ina.Notegrso.MoreAppActivity added
[WARNING] [32mVERBOSE[0m Callback method :onKeyDown in Class com.Ina.Notegrso.AboutActivity added
[WARNING] [32mVERBOSE[0m Callback method :onCreate in Class com.Ina.Notegrso.AboutActivity added
[WARNING] [32mVERBOSE[0m Callback method :onKeyDown in Class com.Ina.Notegrso.MoreActivity added
[WARNING] [32mVERBOSE[0m Callback method :onCreate in Class com.Ina.Notegrso.MoreActivity added
[WARNING] [32mVERBOSE[0m Callback method :onCreate in Class com.ccx.xm.AdActivity added
[WARNING] [32mVERBOSE[0m Callback method :onKeyDown in Class com.Ina.Notegrso.ReadText added
[WARNING] [32mVERBOSE[0m Callback method :onPause in Class com.Ina.Notegrso.ReadText added
[WARNING] [32mVERBOSE[0m Callback method :onCreate in Class com.Ina.Notegrso.ReadText added
[WARNING] [32mVERBOSE[0m Callback method :onOptionsItemSelected in Class com.Ina.Notegrso.ReadText added
[WARNING] [32mVERBOSE[0m Callback method :onResume in Class com.Ina.Notegrso.ReadText added
[WARNING] [32mVERBOSE[0m Callback method :onReceive in Class com.games.AdReciver added
2 ICC links found and 1 cg edges added due to ICC links
dynamic conflated call graph: 309 methods; 309 nodes; 352 edges.
maxpossibleFlows=1
1 taint flow paths FOUND from <java.io.File: java.io.File[] listFiles()> to <java.net.URL: void <init>(java.lang.String)>
maxpossibleFlows=1
maxpossibleFlows=1
1 taint flow paths FOUND from <java.lang.StringBuffer: java.lang.String toString()> to <java.net.URL: void <init>(java.lang.String)>
maxpossibleFlows=1
maxpossibleFlows=1
maxpossibleFlows=1
maxpossibleFlows=1
maxpossibleFlows=1
maxpossibleFlows=1
maxpossibleFlows=2
maxpossibleFlows=2
maxpossibleFlows=2
maxpossibleFlows=2
maxpossibleFlows=2
maxpossibleFlows=1
maxpossibleFlows=1
maxpossibleFlows=1
maxpossibleFlows=2
1 taint flow paths FOUND from <android.os.Bundle: int getInt(java.lang.String)> to <android.app.Activity: void setContentView(int)>
maxpossibleFlows=1
1 taint flow paths FOUND from <java.io.File: java.lang.String getAbsolutePath()> to <java.net.URL: void <init>(java.lang.String)>
maxpossibleFlows=1
1 taint flow paths FOUND from <android.view.LayoutInflater: android.view.View inflate(int,android.view.ViewGroup)> to <android.app.AlertDialog: void setButton2(java.lang.CharSequence,android.content.DialogInterface$OnClickListener)>
maxpossibleFlows=1
maxpossibleFlows=1
maxpossibleFlows=1
1 taint flow paths FOUND from <java.lang.StringBuilder: java.lang.String toString()> to <java.net.URL: void <init>(java.lang.String)>
maxpossibleFlows=1
maxpossibleFlows=2
maxpossibleFlows=2
maxpossibleFlows=2
maxpossibleFlows=2
maxpossibleFlows=2
maxpossibleFlows=1
maxpossibleFlows=1
maxpossibleFlows=1
maxpossibleFlows=1
maxpossibleFlows=2
maxpossibleFlows=1
1 taint flow paths FOUND from <android.content.Context: java.lang.String getString(int)> to <android.app.AlertDialog: void setButton2(java.lang.CharSequence,android.content.DialogInterface$OnClickListener)>
maxpossibleFlows=1
1 taint flow paths FOUND from <android.content.ContextWrapper: java.io.File getDir(java.lang.String,int)> to <java.net.URL: void <init>(java.lang.String)>
maxpossibleFlows=1
1 taint flow paths FOUND from <android.app.AlertDialog$Builder: android.app.AlertDialog create()> to <android.app.AlertDialog: void setButton2(java.lang.CharSequence,android.content.DialogInterface$OnClickListener)>
maxpossibleFlows=1
1 taint flow paths FOUND from <java.io.File: java.io.File[] listFiles()> to <java.net.URL: void <init>(java.lang.String)>
maxpossibleFlows=1
1 taint flow paths FOUND from <java.io.File: java.io.File[] listFiles()> to <java.net.URL: java.net.URLConnection openConnection()>
maxpossibleFlows=1
maxpossibleFlows=1
maxpossibleFlows=1
maxpossibleFlows=1
maxpossibleFlows=2
maxpossibleFlows=1
maxpossibleFlows=1
maxpossibleFlows=1
1 taint flow paths FOUND from <android.view.LayoutInflater: android.view.View inflate(int,android.view.ViewGroup)> to <android.app.AlertDialog: void setButton2(java.lang.CharSequence,android.content.DialogInterface$OnClickListener)>
maxpossibleFlows=1
maxpossibleFlows=1
maxpossibleFlows=2
maxpossibleFlows=2
1 taint flow paths FOUND from <android.os.Bundle: int getInt(java.lang.String)> to <android.app.Activity: void setContentView(int)>
maxpossibleFlows=2
maxpossibleFlows=4
maxpossibleFlows=1
1 taint flow paths FOUND from <android.view.LayoutInflater: android.view.View inflate(int,android.view.ViewGroup)> to <android.widget.TextView: void setText(int)>
maxpossibleFlows=2
maxpossibleFlows=2
maxpossibleFlows=1
maxpossibleFlows=2
maxpossibleFlows=1
maxpossibleFlows=1
maxpossibleFlows=2
maxpossibleFlows=2
maxpossibleFlows=1
maxpossibleFlows=2
maxpossibleFlows=1
maxpossibleFlows=1
maxpossibleFlows=2
maxpossibleFlows=2
1 taint flow paths FOUND from <android.os.Bundle: int getInt(java.lang.String)> to <android.view.View: void setVisibility(int)>
maxpossibleFlows=1
maxpossibleFlows=1
maxpossibleFlows=1
1 taint flow paths FOUND from <android.view.LayoutInflater: android.view.View inflate(int,android.view.ViewGroup)> to <android.app.AlertDialog: void setButton(java.lang.CharSequence,android.content.DialogInterface$OnClickListener)>
maxpossibleFlows=1
maxpossibleFlows=1
maxpossibleFlows=1
1 taint flow paths FOUND from <android.view.LayoutInflater: android.view.View inflate(int,android.view.ViewGroup)> to <android.app.AlertDialog: void setView(android.view.View)>
maxpossibleFlows=1
1 taint flow paths FOUND from <java.io.File: java.io.File[] listFiles()> to <java.net.HttpURLConnection: void setRequestMethod(java.lang.String)>
maxpossibleFlows=1
maxpossibleFlows=1
maxpossibleFlows=1
maxpossibleFlows=1
maxpossibleFlows=1
maxpossibleFlows=1
1 taint flow paths FOUND from <java.io.File: java.lang.String getAbsolutePath()> to <android.util.Log: int w(java.lang.String,java.lang.String)>
Result for malicious-app-6083-0A428916A09F6F25C3BAAAFEE42D648A94A00FC1499B72C16F3D7711139C7DB3.apkcom.Ina.Notegrso