DUA-Forensics args to Soot: -w -cp /home/handrick/Documents/TU_Darmstadt/benchmark/libs/droidfax.jar:/home/handrick/Android/Sdk/platforms/android-19/android.jar -p cg verbose:false,implicit-entry:true -p cg.spark verbose:false,on-fly-cg:true,rta:false -d /home/handrick/Documents/TU_Darmstadt/benchmark/trace/180/2/droidbot/malicious-app-6014-611574A4A9C09801549CD08FA7CD474B14C060290BA7C0F540072C8DEC12F671.apk.logcat -process-dir /home/handrick/Documents/TU_Darmstadt/benchmark/data/input/malicious-app-6014-611574A4A9C09801549CD08FA7CD474B14C060290BA7C0F540072C8DEC12F671.apk 
Soot started on Thu Apr 20 17:39:37 CEST 2023
Warning: com.ironsource.mobilcore.BaseFlowBasedAdUnit is a phantom class!
Warning: java.lang.invoke.LambdaMetafactory is a phantom class!
Warning: java.lang.ref.Finalizer is a phantom class!
Warning: com.agasdsdasd.android.agasdsdasdAgent is a phantom class!
Warning: javax.script.CompiledScript is a phantom class!
Warning: javax.script.ScriptContext is a phantom class!
Warning: javax.script.ScriptException is a phantom class!
Warning: javax.script.ScriptEngine is a phantom class!
Warning: javax.script.AbstractScriptEngine is a phantom class!
Warning: javax.script.Compilable is a phantom class!
Warning: javax.script.Invocable is a phantom class!
Warning: javax.script.Bindings is a phantom class!
Warning: javax.script.ScriptEngineFactory is a phantom class!
No main class given. Inferred 'com.naef.jnlua.console.LuaConsole' as main class.
[Call Graph] For information on where the call graph may be incomplete, use the verbose option to the cg phase.
[Spark] Pointer Assignment Graph in 0.1 seconds.
[Spark] Type masks in 0.0 seconds.
[Spark] Pointer Graph simplified in 0.0 seconds.
[Spark] Propagation in 0.6 seconds.
[Spark] Solution found in 0.6 seconds.
hcai's internal transform
Running static analysis for method/class coverage characterization
0 ICC links found and 0 cg edges added due to ICC links
dynamic conflated call graph: 184 methods; 184 nodes; 223 edges.
feature-vector-key = malicious-app-6014-611574A4A9C09801549CD08FA7CD474B14C060290BA7C0F540072C8DEC12F671.apk
Result for malicious-app-6014-611574A4A9C09801549CD08FA7CD474B14C060290BA7C0F540072C8DEC12F671.apkcom.lumencode.goodp