DUA-Forensics args to Soot: -w -cp /home/handrick/Documents/TU_Darmstadt/benchmark/libs/droidfax.jar:/home/handrick/Android/Sdk/platforms/android-19/android.jar -p cg verbose:false,implicit-entry:true -p cg.spark verbose:false,on-fly-cg:true,rta:false -d /home/handrick/Documents/TU_Darmstadt/benchmark/trace/180/3/droidbot/benign-app-6029-D92BD30C4734882A29B33E74CD9D953F44606D5298A5984BBA234E28D59358F1.apk.logcat -process-dir /home/handrick/Documents/TU_Darmstadt/benchmark/data/input/benign-app-6029-D92BD30C4734882A29B33E74CD9D953F44606D5298A5984BBA234E28D59358F1.apk 
Soot started on Fri Apr 21 11:30:14 CEST 2023
Warning: com.ironsource.mobilcore.BaseFlowBasedAdUnit is a phantom class!
Warning: java.lang.invoke.LambdaMetafactory is a phantom class!
Warning: java.lang.ref.Finalizer is a phantom class!
Warning: com.google.ads.AdRequest is a phantom class!
Warning: com.google.ads.AdView is a phantom class!
Warning: dalvik.system.VMRuntime is a phantom class!
Warning: org.anddev.andengine.engine.handler.IUpdateHandler is a phantom class!
Warning: org.anddev.andengine.engine.handler.runnable.RunnableHandler is a phantom class!
Warning: org.anddev.andengine.entity.primitive.Line is a phantom class!
Warning: org.anddev.andengine.entity.shape.Shape is a phantom class!
Warning: org.anddev.andengine.util.pool.GenericPool is a phantom class!
Warning: org.anddev.andengine.util.MathUtils is a phantom class!
[Call Graph] For information on where the call graph may be incomplete, use the verbose option to the cg phase.
[Spark] Pointer Assignment Graph in 0.1 seconds.
[Spark] Type masks in 0.0 seconds.
[Spark] Pointer Graph simplified in 0.0 seconds.
[Spark] Propagation in 0.0 seconds.
[Spark] Solution found in 0.0 seconds.
hcai's internal transform
Running static analysis for method/class coverage characterization
0 ICC links found and 0 cg edges added due to ICC links
dynamic conflated call graph: 701 methods; 701 nodes; 1060 edges.
feature-vector-key = benign-app-6029-D92BD30C4734882A29B33E74CD9D953F44606D5298A5984BBA234E28D59358F1.apk
Result for benign-app-6029-D92BD30C4734882A29B33E74CD9D953F44606D5298A5984BBA234E28D59358F1.apkcom.ielfgame.bladegr