DUA-Forensics args to Soot: -w -cp /home/handrick/Documents/TU_Darmstadt/benchmark/libs/droidfax.jar:/home/handrick/Android/Sdk/platforms/android-19/android.jar -p cg verbose:false,implicit-entry:true -p cg.spark verbose:false,on-fly-cg:true,rta:false -d /home/handrick/Documents/TU_Darmstadt/benchmark/trace/180/1/droidbot/benign-app-6169-8A3CB0299C1E8E902F47F0239F4FA4D08CE80BF11820F181B9F1D4C06434F736.apk.logcat -process-dir /home/handrick/Documents/TU_Darmstadt/benchmark/data/input/benign-app-6169-8A3CB0299C1E8E902F47F0239F4FA4D08CE80BF11820F181B9F1D4C06434F736.apk 
Soot started on Mon Apr 24 18:08:40 CEST 2023
Warning: com.ironsource.mobilcore.BaseFlowBasedAdUnit is a phantom class!
Warning: java.lang.invoke.LambdaMetafactory is a phantom class!
Warning: java.lang.ref.Finalizer is a phantom class!
Warning: com.google.ads.AdView is a phantom class!
Warning: com.google.ads.InterstitialAd is a phantom class!
Warning: com.google.ads.AdListener is a phantom class!
Warning: com.google.ads.Ad is a phantom class!
Warning: com.google.ads.AdRequest$ErrorCode is a phantom class!
Warning: com.google.ads.AdRequest is a phantom class!
Warning: com.moreexchange.MoreExchange is a phantom class!
[Call Graph] For information on where the call graph may be incomplete, use the verbose option to the cg phase.
[Spark] Pointer Assignment Graph in 0.0 seconds.
[Spark] Type masks in 0.0 seconds.
[Spark] Pointer Graph simplified in 0.0 seconds.
[Spark] Propagation in 0.0 seconds.
[Spark] Solution found in 0.0 seconds.
hcai's internal transform
Running static analysis for method/class coverage characterization
0 ICC links found and 0 cg edges added due to ICC links
dynamic conflated call graph: 456 methods; 456 nodes; 599 edges.
feature-vector-key = benign-app-6169-8A3CB0299C1E8E902F47F0239F4FA4D08CE80BF11820F181B9F1D4C06434F736.apk
Result for benign-app-6169-8A3CB0299C1E8E902F47F0239F4FA4D08CE80BF11820F181B9F1D4C06434F736.apkcom.droidhen.irunned