DUA-Forensics args to Soot: -w -cp /home/handrick/Documents/TU_Darmstadt/benchmark/libs/droidfax.jar:/home/handrick/Android/Sdk/platforms/android-19/android.jar -p cg verbose:false,implicit-entry:true -p cg.spark verbose:false,on-fly-cg:true,rta:false -d /home/handrick/Documents/TU_Darmstadt/benchmark/trace/180/3/droidbot/malicious-app-6061-11A51AF76E4013E903E37909511FAF2B6915E7FD6F8DA6CE959AE8897A110F0A.apk.logcat -process-dir /home/handrick/Documents/TU_Darmstadt/benchmark/data/input/malicious-app-6061-11A51AF76E4013E903E37909511FAF2B6915E7FD6F8DA6CE959AE8897A110F0A.apk 
Soot started on Sat Apr 22 07:15:35 CEST 2023
Warning: com.ironsource.mobilcore.BaseFlowBasedAdUnit is a phantom class!
Warning: java.lang.invoke.LambdaMetafactory is a phantom class!
Warning: java.lang.ref.Finalizer is a phantom class!
Warning: com.google.ads.Ad is a phantom class!
Warning: com.google.ads.AdRequest$ErrorCode is a phantom class!
Warning: com.google.ads.InterstitialAd is a phantom class!
[Call Graph] For information on where the call graph may be incomplete, use the verbose option to the cg phase.
[Spark] Pointer Assignment Graph in 0.0 seconds.
[Spark] Type masks in 0.0 seconds.
[Spark] Pointer Graph simplified in 0.0 seconds.
[Spark] Propagation in 0.0 seconds.
[Spark] Solution found in 0.0 seconds.
hcai's internal transform
Running static analysis for method/class coverage characterization
0 ICC links found and 0 cg edges added due to ICC links
dynamic conflated call graph: 100 methods; 100 nodes; 109 edges.
feature-vector-key = malicious-app-6061-11A51AF76E4013E903E37909511FAF2B6915E7FD6F8DA6CE959AE8897A110F0A.apk
Result for malicious-app-6061-11A51AF76E4013E903E37909511FAF2B6915E7FD6F8DA6CE959AE8897A110F0A.apkcom.tuesdayquest.aslp