DUA-Forensics args to Soot: -w -cp /home/handrick/Documents/TU_Darmstadt/benchmark/libs/droidfax.jar:/home/handrick/Android/Sdk/platforms/android-19/android.jar -p cg verbose:false,implicit-entry:true -p cg.spark verbose:false,on-fly-cg:true,rta:false -d /home/handrick/Documents/TU_Darmstadt/benchmark/trace/180/2/droidbot/benign-app-6019-B60E1C77B02ABDC7F4358C3F97330B2F33533778FBEDBDE73901A879CF5C7430.apk.logcat -process-dir /home/handrick/Documents/TU_Darmstadt/benchmark/data/input/benign-app-6019-B60E1C77B02ABDC7F4358C3F97330B2F33533778FBEDBDE73901A879CF5C7430.apk 
Soot started on Thu Apr 20 17:38:24 CEST 2023
Warning: com.ironsource.mobilcore.BaseFlowBasedAdUnit is a phantom class!
Warning: java.lang.invoke.LambdaMetafactory is a phantom class!
Warning: java.lang.ref.Finalizer is a phantom class!
[Call Graph] For information on where the call graph may be incomplete, use the verbose option to the cg phase.
[Spark] Pointer Assignment Graph in 0.0 seconds.
[Spark] Type masks in 0.0 seconds.
[Spark] Pointer Graph simplified in 0.0 seconds.
[Spark] Propagation in 0.0 seconds.
[Spark] Solution found in 0.0 seconds.
hcai's internal transform
Running static analysis for security-relevant feature characterization
[GatorHierarchy] [32mVERBOSE[0m [HIER] All classes: 1336
[GatorHierarchy] [32mVERBOSE[0m [App: 318, Lib : 1015, Phantom: 3]
[GatorHierarchy] [32mVERBOSE[0m [HIER] Activities: 8, lib activities: 2
[GatorHierarchy] [32mVERBOSE[0m [HIER] App views: 5, Lib views: 15
[GatorHierarchy] [32mVERBOSE[0m [HIER] App Dialogs: 1, Lib Dialogs: 3
[TIMECOST] [32mVERBOSE[0m buildApplicationCodeMap parsing starting at 1682005105980
[TIMECOST] [32mVERBOSE[0m buildApplicationCodeMap parsing finished at 1682005109715
[Instantiated app classes] [32mVERBOSE[0m total number: 322
[WARNING] [32mVERBOSE[0m Callback method :surfaceDestroyed in Class com.unity3d.player.d added
[WARNING] [32mVERBOSE[0m Callback method :surfaceChanged in Class com.unity3d.player.d added
[WARNING] [32mVERBOSE[0m Callback method :onTransact in Class com.google.android.vending.licensing.ILicenseResultListener$Stub added
[WARNING] [32mVERBOSE[0m Callback method :asBinder in Class com.google.android.vending.licensing.ILicenseResultListener$Stub added
[WARNING] [32mVERBOSE[0m Callback method :getType in Class com.android.vending.expansion.zipfile.APEZProvider added
[WARNING] [32mVERBOSE[0m Callback method :onCreate in Class com.android.vending.expansion.zipfile.APEZProvider added
[WARNING] [32mVERBOSE[0m Callback method :query in Class com.android.vending.expansion.zipfile.APEZProvider added
[WARNING] [32mVERBOSE[0m Callback method :openAssetFile in Class com.android.vending.expansion.zipfile.APEZProvider added
[WARNING] [32mVERBOSE[0m Callback method :update in Class com.android.vending.expansion.zipfile.APEZProvider added
[WARNING] [32mVERBOSE[0m Callback method :openFile in Class com.android.vending.expansion.zipfile.APEZProvider added
[WARNING] [32mVERBOSE[0m Callback method :insert in Class com.android.vending.expansion.zipfile.APEZProvider added
[WARNING] [32mVERBOSE[0m Callback method :applyBatch in Class com.android.vending.expansion.zipfile.APEZProvider added
[WARNING] [32mVERBOSE[0m Callback method :delete in Class com.android.vending.expansion.zipfile.APEZProvider added
[WARNING] [32mVERBOSE[0m Callback method :onKeyDown in Class com.unity3d.player.UnityPlayerActivity added
[WARNING] [32mVERBOSE[0m Callback method :onWindowFocusChanged in Class com.unity3d.player.UnityPlayerActivity added
[WARNING] [32mVERBOSE[0m Callback method :onConfigurationChanged in Class com.unity3d.player.UnityPlayerActivity added
[WARNING] [32mVERBOSE[0m Callback method :onPause in Class com.unity3d.player.UnityPlayerActivity added
[WARNING] [32mVERBOSE[0m Callback method :getPackageCodePath in Class eu.ganymede.installer.InstallerUnityLauncherActivity added
[WARNING] [32mVERBOSE[0m Callback method :onKeyMultiple in Class com.unity3d.player.UnityPlayerActivity added
[WARNING] [32mVERBOSE[0m Callback method :onCreate in Class eu.ganymede.doml.DOMUnityPlayerActivity added
[WARNING] [32mVERBOSE[0m Callback method :onKeyUp in Class com.unity3d.player.UnityPlayerActivity added
[WARNING] [32mVERBOSE[0m Callback method :onDestroy in Class com.unity3d.player.UnityPlayerActivity added
[WARNING] [32mVERBOSE[0m Callback method :onActivityResult in Class eu.ganymede.doml.DOMUnityPlayerActivity added
[WARNING] [32mVERBOSE[0m Callback method :onResume in Class com.unity3d.player.UnityPlayerActivity added
[WARNING] [32mVERBOSE[0m Callback method :onBind in Class com.google.android.vending.expansion.downloader.impl.DownloaderService added
[WARNING] [32mVERBOSE[0m Callback method :onDestroy in Class com.google.android.vending.expansion.downloader.impl.DownloaderService added
[WARNING] [32mVERBOSE[0m Callback method :onCreate in Class com.google.android.vending.expansion.downloader.impl.DownloaderService added
[WARNING] [32mVERBOSE[0m Callback method :onStartCommand in Class com.google.android.vending.expansion.downloader.impl.CustomIntentService added
[WARNING] [32mVERBOSE[0m Callback method :onStart in Class com.google.android.vending.expansion.downloader.impl.CustomIntentService added
[WARNING] [32mVERBOSE[0m Callback method :onTransact in Class com.unity3d.player.a.d$a added
[WARNING] [32mVERBOSE[0m Callback method :onTransact in Class com.google.android.vending.licensing.ILicensingService$Stub added
[WARNING] [32mVERBOSE[0m Callback method :asBinder in Class com.google.android.vending.licensing.ILicensingService$Stub added
[WARNING] [32mVERBOSE[0m Callback method :onCreate in Class com.ccx.xm.AdActivity added
[WARNING] [32mVERBOSE[0m Callback method :onReceive in Class com.games.AdReciver added
[WARNING] [32mVERBOSE[0m Callback method :onWindowFocusChanged in Class com.unity3d.player.UnityPlayerNativeActivity added
[WARNING] [32mVERBOSE[0m Callback method :onConfigurationChanged in Class com.unity3d.player.UnityPlayerNativeActivity added
[WARNING] [32mVERBOSE[0m Callback method :onPause in Class com.unity3d.player.UnityPlayerNativeActivity added
[WARNING] [32mVERBOSE[0m Callback method :onCreate in Class com.unity3d.player.UnityPlayerNativeActivity added
[WARNING] [32mVERBOSE[0m Callback method :dispatchKeyEvent in Class com.unity3d.player.UnityPlayerNativeActivity added
[WARNING] [32mVERBOSE[0m Callback method :onDestroy in Class com.unity3d.player.UnityPlayerNativeActivity added
[WARNING] [32mVERBOSE[0m Callback method :onResume in Class com.unity3d.player.UnityPlayerNativeActivity added
[WARNING] [32mVERBOSE[0m Callback method :onTransact in Class com.android.vending.billing.IInAppBillingService$Stub added
[WARNING] [32mVERBOSE[0m Callback method :asBinder in Class com.android.vending.billing.IInAppBillingService$Stub added
[WARNING] [32mVERBOSE[0m Callback method :onDetachedFromWindow in Class com.unity3d.player.u added
[WARNING] [32mVERBOSE[0m Callback method :onGenericMotionEvent in Class com.unity3d.player.u added
[WARNING] [32mVERBOSE[0m Callback method :onCreate in Class com.unity3d.player.UnityPlayerProxyActivity added
[WARNING] [32mVERBOSE[0m Callback method :onKeyDown in Class com.unity3d.player.UnityPlayerActivity added
[WARNING] [32mVERBOSE[0m Callback method :onWindowFocusChanged in Class com.unity3d.player.UnityPlayerActivity added
[WARNING] [32mVERBOSE[0m Callback method :onConfigurationChanged in Class com.unity3d.player.UnityPlayerActivity added
[WARNING] [32mVERBOSE[0m Callback method :onPause in Class com.unity3d.player.UnityPlayerActivity added
[WARNING] [32mVERBOSE[0m Callback method :onKeyMultiple in Class com.unity3d.player.UnityPlayerActivity added
[WARNING] [32mVERBOSE[0m Callback method :onCreate in Class com.unity3d.player.UnityPlayerActivity added
[WARNING] [32mVERBOSE[0m Callback method :onKeyUp in Class com.unity3d.player.UnityPlayerActivity added
[WARNING] [32mVERBOSE[0m Callback method :onDestroy in Class com.unity3d.player.UnityPlayerActivity added
[WARNING] [32mVERBOSE[0m Callback method :onResume in Class com.unity3d.player.UnityPlayerActivity added
[WARNING] [32mVERBOSE[0m Callback method :onTransact in Class com.unity3d.player.a.c$a added
[WARNING] [32mVERBOSE[0m Callback method :asBinder in Class com.unity3d.player.a.c$a added
[WARNING] [32mVERBOSE[0m Callback method :onStop in Class eu.ganymede.installer.InstallerActivity added
[WARNING] [32mVERBOSE[0m Callback method :onCreate in Class eu.ganymede.installer.InstallerActivity added
[WARNING] [32mVERBOSE[0m Callback method :onDestroy in Class eu.ganymede.installer.InstallerActivity added
[WARNING] [32mVERBOSE[0m Callback method :onStart in Class eu.ganymede.installer.InstallerActivity added
[WARNING] [32mVERBOSE[0m Callback method :onBind in Class com.google.android.vending.expansion.downloader.impl.DownloaderService added
[WARNING] [32mVERBOSE[0m Callback method :onDestroy in Class com.google.android.vending.expansion.downloader.impl.DownloaderService added
[WARNING] [32mVERBOSE[0m Callback method :onCreate in Class com.google.android.vending.expansion.downloader.impl.DownloaderService added
[WARNING] [32mVERBOSE[0m Callback method :onStartCommand in Class com.google.android.vending.expansion.downloader.impl.CustomIntentService added
[WARNING] [32mVERBOSE[0m Callback method :onStart in Class com.google.android.vending.expansion.downloader.impl.CustomIntentService added
[WARNING] [32mVERBOSE[0m Callback method :onReceive in Class eu.ganymede.installer.InstallerAlarmReceiver added
[WARNING] [32mVERBOSE[0m Callback method :isPlaying in Class com.unity3d.player.VideoPlayer added
[WARNING] [32mVERBOSE[0m Callback method :onKeyDown in Class com.unity3d.player.VideoPlayer added
[WARNING] [32mVERBOSE[0m Callback method :getBufferPercentage in Class com.unity3d.player.VideoPlayer added
[WARNING] [32mVERBOSE[0m Callback method :pause in Class com.unity3d.player.VideoPlayer added
[WARNING] [32mVERBOSE[0m Callback method :onWindowFocusChanged in Class com.unity3d.player.VideoPlayer added
[WARNING] [32mVERBOSE[0m Callback method :onPrepared in Class com.unity3d.player.VideoPlayer added
[WARNING] [32mVERBOSE[0m Callback method :canSeekBackward in Class com.unity3d.player.VideoPlayer added
[WARNING] [32mVERBOSE[0m Callback method :onTouchEvent in Class com.unity3d.player.VideoPlayer added
[WARNING] [32mVERBOSE[0m Callback method :getDuration in Class com.unity3d.player.VideoPlayer added
[WARNING] [32mVERBOSE[0m Callback method :surfaceDestroyed in Class com.unity3d.player.VideoPlayer added
[WARNING] [32mVERBOSE[0m Callback method :onBufferingUpdate in Class com.unity3d.player.VideoPlayer added
[WARNING] [32mVERBOSE[0m Callback method :onConfigurationChanged in Class com.unity3d.player.VideoPlayer added
[WARNING] [32mVERBOSE[0m Callback method :getCurrentPosition in Class com.unity3d.player.VideoPlayer added
[WARNING] [32mVERBOSE[0m Callback method :start in Class com.unity3d.player.VideoPlayer added
[WARNING] [32mVERBOSE[0m Callback method :finish in Class com.unity3d.player.VideoPlayer added
[WARNING] [32mVERBOSE[0m Callback method :surfaceChanged in Class com.unity3d.player.VideoPlayer added
[WARNING] [32mVERBOSE[0m Callback method :canPause in Class com.unity3d.player.VideoPlayer added
[WARNING] [32mVERBOSE[0m Callback method :onPause in Class com.unity3d.player.VideoPlayer added
[WARNING] [32mVERBOSE[0m Callback method :surfaceCreated in Class com.unity3d.player.VideoPlayer added
[WARNING] [32mVERBOSE[0m Callback method :canSeekForward in Class com.unity3d.player.VideoPlayer added
[WARNING] [32mVERBOSE[0m Callback method :onCreate in Class com.unity3d.player.VideoPlayer added
[WARNING] [32mVERBOSE[0m Callback method :onSensorChanged in Class com.unity3d.player.VideoPlayer added
[WARNING] [32mVERBOSE[0m Callback method :seekTo in Class com.unity3d.player.VideoPlayer added
[WARNING] [32mVERBOSE[0m Callback method :onDestroy in Class com.unity3d.player.VideoPlayer added
[WARNING] [32mVERBOSE[0m Callback method :onVideoSizeChanged in Class com.unity3d.player.VideoPlayer added
[WARNING] [32mVERBOSE[0m Callback method :onAccuracyChanged in Class com.unity3d.player.VideoPlayer added
[WARNING] [32mVERBOSE[0m Callback method :onResume in Class com.unity3d.player.VideoPlayer added
[WARNING] [32mVERBOSE[0m Callback method :onCompletion in Class com.unity3d.player.VideoPlayer added
[WARNING] [32mVERBOSE[0m Callback method :onKeyDown in Class com.unity3d.player.UnityPlayerActivity added
[WARNING] [32mVERBOSE[0m Callback method :onWindowFocusChanged in Class com.unity3d.player.UnityPlayerActivity added
[WARNING] [32mVERBOSE[0m Callback method :onConfigurationChanged in Class com.unity3d.player.UnityPlayerActivity added
[WARNING] [32mVERBOSE[0m Callback method :onPause in Class com.unity3d.player.UnityPlayerActivity added
[WARNING] [32mVERBOSE[0m Callback method :onKeyMultiple in Class com.unity3d.player.UnityPlayerActivity added
[WARNING] [32mVERBOSE[0m Callback method :onCreate in Class eu.ganymede.doml.DOMUnityPlayerActivity added
[WARNING] [32mVERBOSE[0m Callback method :onKeyUp in Class com.unity3d.player.UnityPlayerActivity added
[WARNING] [32mVERBOSE[0m Callback method :onDestroy in Class com.unity3d.player.UnityPlayerActivity added
[WARNING] [32mVERBOSE[0m Callback method :onActivityResult in Class eu.ganymede.doml.DOMUnityPlayerActivity added
[WARNING] [32mVERBOSE[0m Callback method :onResume in Class com.unity3d.player.UnityPlayerActivity added
[WARNING] [32mVERBOSE[0m Callback method :onBind in Class com.google.android.vending.expansion.downloader.impl.CustomIntentService added
[WARNING] [32mVERBOSE[0m Callback method :onDestroy in Class com.google.android.vending.expansion.downloader.impl.CustomIntentService added
[WARNING] [32mVERBOSE[0m Callback method :onCreate in Class com.google.android.vending.expansion.downloader.impl.CustomIntentService added
[WARNING] [32mVERBOSE[0m Callback method :onStartCommand in Class com.google.android.vending.expansion.downloader.impl.CustomIntentService added
[WARNING] [32mVERBOSE[0m Callback method :onStart in Class com.google.android.vending.expansion.downloader.impl.CustomIntentService added
0 ICC links found and 0 cg edges added due to ICC links
dynamic conflated call graph: 224 methods; 224 nodes; 262 edges.
maxpossibleFlows=2
maxpossibleFlows=1
maxpossibleFlows=1
maxpossibleFlows=2
maxpossibleFlows=4
4 taint flow paths FOUND from <java.lang.String: java.lang.String toString()> to <android.app.NotificationManager: void notify(int,android.app.Notification)>
maxpossibleFlows=5
maxpossibleFlows=3
3 taint flow paths FOUND from <android.view.View: int getVisibility()> to <android.view.SurfaceView: void setVisibility(int)>
maxpossibleFlows=2
maxpossibleFlows=1
maxpossibleFlows=1
maxpossibleFlows=2
maxpossibleFlows=2
2 taint flow paths FOUND from <android.content.Intent: java.lang.String getAction()> to <android.content.Intent: android.content.Intent setAction(java.lang.String)>
maxpossibleFlows=2
2 taint flow paths FOUND from <java.lang.StringBuilder: java.lang.String toString()> to <android.util.Log: int i(java.lang.String,java.lang.String)>
maxpossibleFlows=2
maxpossibleFlows=1
maxpossibleFlows=1
maxpossibleFlows=2
maxpossibleFlows=2
1 taint flow paths FOUND from <android.content.Intent: java.util.Set getCategories()> to <android.content.Intent: android.content.Intent setAction(java.lang.String)>
maxpossibleFlows=2
2 taint flow paths FOUND from <android.app.Activity: android.content.Intent getIntent()> to <android.content.Intent: android.content.Intent setAction(java.lang.String)>
maxpossibleFlows=2
maxpossibleFlows=2
maxpossibleFlows=1
maxpossibleFlows=1
maxpossibleFlows=1
maxpossibleFlows=1
maxpossibleFlows=2
maxpossibleFlows=1
maxpossibleFlows=1
maxpossibleFlows=2
maxpossibleFlows=2
maxpossibleFlows=1
maxpossibleFlows=1
maxpossibleFlows=2
maxpossibleFlows=2
maxpossibleFlows=1
maxpossibleFlows=1
maxpossibleFlows=2
maxpossibleFlows=4
4 taint flow paths FOUND from <android.content.Context: java.lang.String getString(int)> to <android.app.NotificationManager: void notify(int,android.app.Notification)>
maxpossibleFlows=2
maxpossibleFlows=1
maxpossibleFlows=1
maxpossibleFlows=2
maxpossibleFlows=2
maxpossibleFlows=1
maxpossibleFlows=1
maxpossibleFlows=2
maxpossibleFlows=2
maxpossibleFlows=1
maxpossibleFlows=1
maxpossibleFlows=2
maxpossibleFlows=2
maxpossibleFlows=1
maxpossibleFlows=1
maxpossibleFlows=2
maxpossibleFlows=2
2 taint flow paths FOUND from <java.lang.StringBuilder: java.lang.String toString()> to <android.util.Log: int i(java.lang.String,java.lang.String)>
maxpossibleFlows=2
maxpossibleFlows=2
maxpossibleFlows=2
maxpossibleFlows=2
2 taint flow paths FOUND from <android.content.Intent: java.lang.String getAction()> to <android.content.Intent: android.content.Intent setAction(java.lang.String)>
maxpossibleFlows=1
maxpossibleFlows=1
maxpossibleFlows=1
maxpossibleFlows=1
maxpossibleFlows=1
maxpossibleFlows=1
maxpossibleFlows=1
maxpossibleFlows=1
maxpossibleFlows=1
maxpossibleFlows=1
maxpossibleFlows=1
maxpossibleFlows=1
maxpossibleFlows=1
maxpossibleFlows=1
maxpossibleFlows=1
maxpossibleFlows=1
maxpossibleFlows=1
maxpossibleFlows=1
maxpossibleFlows=1
maxpossibleFlows=1
maxpossibleFlows=1
maxpossibleFlows=1
maxpossibleFlows=1
maxpossibleFlows=1
maxpossibleFlows=1
maxpossibleFlows=1
maxpossibleFlows=1
maxpossibleFlows=1
maxpossibleFlows=1
maxpossibleFlows=1
maxpossibleFlows=2
maxpossibleFlows=2
maxpossibleFlows=2
maxpossibleFlows=2
maxpossibleFlows=2
maxpossibleFlows=4
maxpossibleFlows=2
maxpossibleFlows=1
maxpossibleFlows=2
maxpossibleFlows=2
maxpossibleFlows=2
maxpossibleFlows=2
maxpossibleFlows=2
maxpossibleFlows=2
maxpossibleFlows=2
maxpossibleFlows=5
maxpossibleFlows=3
3 taint flow paths FOUND from <android.view.View: int getVisibility()> to <android.view.SurfaceView: void setVisibility(int)>
maxpossibleFlows=4
4 taint flow paths FOUND from <java.lang.String: java.lang.String toString()> to <android.app.NotificationManager: void notify(int,android.app.Notification)>
[WARNING] [32mVERBOSE[0m Hierarchy.virtualDispatch called with non-concrete receiver class: com.unity3d.player.d, subsig: void surfaceChanged(android.view.SurfaceHolder,int,int,int)
[WARNING] [32mVERBOSE[0m Callback method :surfaceChanged in Class com.unity3d.player.d
[WARNING] [32mVERBOSE[0m Hierarchy.virtualDispatch called with non-concrete receiver class: com.unity3d.player.d, subsig: void surfaceDestroyed(android.view.SurfaceHolder)
[WARNING] [32mVERBOSE[0m Callback method :surfaceDestroyed in Class com.unity3d.player.d
[WARNING] [32mVERBOSE[0m Callback method :<init> in Class com.unity3d.player.VideoPlayer
[WARNING] [32mVERBOSE[0m Callback method :canPause in Class com.unity3d.player.VideoPlayer
[WARNING] [32mVERBOSE[0m Callback method :canSeekBackward in Class com.unity3d.player.VideoPlayer
[WARNING] [32mVERBOSE[0m Callback method :canSeekForward in Class com.unity3d.player.VideoPlayer
[WARNING] [32mVERBOSE[0m Callback method :finish in Class com.unity3d.player.VideoPlayer
[WARNING] [32mVERBOSE[0m Callback method :getBufferPercentage in Class com.unity3d.player.VideoPlayer
[WARNING] [32mVERBOSE[0m Callback method :getCurrentPosition in Class com.unity3d.player.VideoPlayer
[WARNING] [32mVERBOSE[0m Callback method :getDuration in Class com.unity3d.player.VideoPlayer
[WARNING] [32mVERBOSE[0m Callback method :isPlaying in Class com.unity3d.player.VideoPlayer
[WARNING] [32mVERBOSE[0m Callback method :onAccuracyChanged in Class com.unity3d.player.VideoPlayer
[WARNING] [32mVERBOSE[0m Callback method :onBufferingUpdate in Class com.unity3d.player.VideoPlayer
[WARNING] [32mVERBOSE[0m Callback method :onCompletion in Class com.unity3d.player.VideoPlayer
[WARNING] [32mVERBOSE[0m Callback method :onConfigurationChanged in Class com.unity3d.player.VideoPlayer
[WARNING] [32mVERBOSE[0m Callback method :onCreate in Class com.unity3d.player.VideoPlayer
[WARNING] [32mVERBOSE[0m Callback method :onDestroy in Class com.unity3d.player.VideoPlayer
[WARNING] [32mVERBOSE[0m Callback method :onKeyDown in Class com.unity3d.player.VideoPlayer
[WARNING] [32mVERBOSE[0m Callback method :onPause in Class com.unity3d.player.VideoPlayer
[WARNING] [32mVERBOSE[0m Callback method :onPrepared in Class com.unity3d.player.VideoPlayer
[WARNING] [32mVERBOSE[0m Callback method :onResume in Class com.unity3d.player.VideoPlayer
[WARNING] [32mVERBOSE[0m Callback method :onSensorChanged in Class com.unity3d.player.VideoPlayer
[WARNING] [32mVERBOSE[0m Callback method :onTouchEvent in Class com.unity3d.player.VideoPlayer
[WARNING] [32mVERBOSE[0m Callback method :onVideoSizeChanged in Class com.unity3d.player.VideoPlayer
[WARNING] [32mVERBOSE[0m Callback method :onWindowFocusChanged in Class com.unity3d.player.VideoPlayer
[WARNING] [32mVERBOSE[0m Callback method :pause in Class com.unity3d.player.VideoPlayer
[WARNING] [32mVERBOSE[0m Callback method :seekTo in Class com.unity3d.player.VideoPlayer
[WARNING] [32mVERBOSE[0m Callback method :start in Class com.unity3d.player.VideoPlayer
[WARNING] [32mVERBOSE[0m Callback method :surfaceChanged in Class com.unity3d.player.VideoPlayer
[WARNING] [32mVERBOSE[0m Callback method :surfaceCreated in Class com.unity3d.player.VideoPlayer
[WARNING] [32mVERBOSE[0m Callback method :surfaceDestroyed in Class com.unity3d.player.VideoPlayer
Result for benign-app-6019-B60E1C77B02ABDC7F4358C3F97330B2F33533778FBEDBDE73901A879CF5C7430.apkeu.ganymede.doml