DUA-Forensics args to Soot: -w -cp /home/handrick/Documents/TU_Darmstadt/benchmark/libs/droidfax.jar:/home/handrick/Android/Sdk/platforms/android-19/android.jar -p cg verbose:false,implicit-entry:true -p cg.spark verbose:false,on-fly-cg:true,rta:false -d /home/handrick/Documents/TU_Darmstadt/benchmark/trace/180/1/droidbot/benign-app-6059-4557A262349FAC24F25021A2059F78C2227DA63A72437A66F67967A33D73EE35.apk.logcat -process-dir /home/handrick/Documents/TU_Darmstadt/benchmark/data/input/benign-app-6059-4557A262349FAC24F25021A2059F78C2227DA63A72437A66F67967A33D73EE35.apk 
Soot started on Fri Apr 21 14:49:17 CEST 2023
Warning: com.ironsource.mobilcore.BaseFlowBasedAdUnit is a phantom class!
Warning: java.lang.invoke.LambdaMetafactory is a phantom class!
Warning: java.lang.ref.Finalizer is a phantom class!
Warning: com.casdfasdsdt.sdk.Chartboost is a phantom class!
Warning: com.casdfasdsdt.sdk.ChartboostDelegate is a phantom class!
Warning: com.cfasdds.ads.Ad is a phantom class!
Warning: com.cfasdds.ads.AdListener is a phantom class!
Warning: com.cfasdds.ads.AdRequest$ErrorCode is a phantom class!
Warning: com.cfasdds.ads.AdView is a phantom class!
Warning: com.cfasdds.analytics.tracking.android.Tracker is a phantom class!
Warning: com.cfasdds.example.games.basegameutils.GameHelper is a phantom class!
Warning: com.tapjoy.TapjoyNotifier is a phantom class!
[Call Graph] For information on where the call graph may be incomplete, use the verbose option to the cg phase.
[Spark] Pointer Assignment Graph in 0.0 seconds.
[Spark] Type masks in 0.0 seconds.
[Spark] Pointer Graph simplified in 0.0 seconds.
[Spark] Propagation in 0.0 seconds.
[Spark] Solution found in 0.0 seconds.
hcai's internal transform
Running static analysis for security-relevant feature characterization
[GatorHierarchy] [32mVERBOSE[0m [HIER] All classes: 2031
[GatorHierarchy] [32mVERBOSE[0m [App: 935, Lib : 1084, Phantom: 12]
[GatorHierarchy] [32mVERBOSE[0m [HIER] Activities: 10, lib activities: 1
[GatorHierarchy] [32mVERBOSE[0m [HIER] App views: 7, Lib views: 20
[GatorHierarchy] [32mVERBOSE[0m [HIER] App Dialogs: 3, Lib Dialogs: 4
[TIMECOST] [32mVERBOSE[0m buildApplicationCodeMap parsing starting at 1682081359228
[TIMECOST] [32mVERBOSE[0m buildApplicationCodeMap parsing finished at 1682081364200
[Instantiated app classes] [32mVERBOSE[0m total number: 725
[WARNING] [32mVERBOSE[0m Callback method :onReceive in Class com.feelingtouch.proxy.demo.InstallReceiver added
[WARNING] [32mVERBOSE[0m Callback method :generateLayoutParams in Class android.support.v4.view.ViewPager added
[WARNING] [32mVERBOSE[0m Callback method :draw in Class android.support.v4.view.ViewPager added
[WARNING] [32mVERBOSE[0m Callback method :onRestoreInstanceState in Class android.support.v4.view.ViewPager added
[WARNING] [32mVERBOSE[0m Callback method :onRequestFocusInDescendants in Class android.support.v4.view.ViewPager added
[WARNING] [32mVERBOSE[0m Callback method :generateDefaultLayoutParams in Class android.support.v4.view.ViewPager added
[WARNING] [32mVERBOSE[0m Callback method :onMeasure in Class android.support.v4.view.ViewPager added
[WARNING] [32mVERBOSE[0m Callback method :addView in Class android.support.v4.view.ViewPager added
[WARNING] [32mVERBOSE[0m Callback method :onSaveInstanceState in Class android.support.v4.view.ViewPager added
[WARNING] [32mVERBOSE[0m Callback method :onLayout in Class android.support.v4.view.ViewPager added
[WARNING] [32mVERBOSE[0m Callback method :onTouchEvent in Class android.support.v4.view.ViewPager added
[WARNING] [32mVERBOSE[0m Callback method :addTouchables in Class android.support.v4.view.ViewPager added
[WARNING] [32mVERBOSE[0m Callback method :onDetachedFromWindow in Class android.support.v4.view.ViewPager added
[WARNING] [32mVERBOSE[0m Callback method :computeScroll in Class android.support.v4.view.ViewPager added
[WARNING] [32mVERBOSE[0m Callback method :onAttachedToWindow in Class android.support.v4.view.ViewPager added
[WARNING] [32mVERBOSE[0m Callback method :onInterceptTouchEvent in Class android.support.v4.view.ViewPager added
[WARNING] [32mVERBOSE[0m Callback method :verifyDrawable in Class android.support.v4.view.ViewPager added
[WARNING] [32mVERBOSE[0m Callback method :dispatchPopulateAccessibilityEvent in Class android.support.v4.view.ViewPager added
[WARNING] [32mVERBOSE[0m Callback method :onSizeChanged in Class android.support.v4.view.ViewPager added
[WARNING] [32mVERBOSE[0m Callback method :dispatchKeyEvent in Class android.support.v4.view.ViewPager added
[WARNING] [32mVERBOSE[0m Callback method :addFocusables in Class android.support.v4.view.ViewPager added
[WARNING] [32mVERBOSE[0m Callback method :onDraw in Class android.support.v4.view.ViewPager added
[WARNING] [32mVERBOSE[0m Callback method :generateLayoutParams in Class android.support.v4.view.ViewPager added
[WARNING] [32mVERBOSE[0m Callback method :drawableStateChanged in Class android.support.v4.view.ViewPager added
[WARNING] [32mVERBOSE[0m Callback method :getChildDrawingOrder in Class android.support.v4.view.ViewPager added
[WARNING] [32mVERBOSE[0m Callback method :checkLayoutParams in Class android.support.v4.view.ViewPager added
[WARNING] [32mVERBOSE[0m Callback method :onResume in Class com.feelingtouch.offerwall.gl3d.FTOfferWallActivity added
[WARNING] [32mVERBOSE[0m Callback method :onLowMemory in Class android.support.v4.app.Fragment added
[WARNING] [32mVERBOSE[0m Callback method :onCreateContextMenu in Class android.support.v4.app.Fragment added
[WARNING] [32mVERBOSE[0m Callback method :onConfigurationChanged in Class android.support.v4.app.Fragment added
[WARNING] [32mVERBOSE[0m Callback method :onLowMemory in Class android.support.v4.app.Fragment added
[WARNING] [32mVERBOSE[0m Callback method :onCreateContextMenu in Class android.support.v4.app.Fragment added
[WARNING] [32mVERBOSE[0m Callback method :onDismiss in Class android.support.v4.app.DialogFragment added
[WARNING] [32mVERBOSE[0m Callback method :onCancel in Class android.support.v4.app.DialogFragment added
[WARNING] [32mVERBOSE[0m Callback method :onConfigurationChanged in Class android.support.v4.app.Fragment added
[WARNING] [32mVERBOSE[0m Callback method :getItem in Class android.support.v4.widget.CursorAdapter added
[WARNING] [32mVERBOSE[0m Callback method :getView in Class android.support.v4.widget.CursorAdapter added
[WARNING] [32mVERBOSE[0m Callback method :getDropDownView in Class android.support.v4.widget.CursorAdapter added
[WARNING] [32mVERBOSE[0m Callback method :getFilter in Class android.support.v4.widget.CursorAdapter added
[WARNING] [32mVERBOSE[0m Callback method :getCount in Class android.support.v4.widget.CursorAdapter added
[WARNING] [32mVERBOSE[0m Callback method :getItemId in Class android.support.v4.widget.CursorAdapter added
[WARNING] [32mVERBOSE[0m Callback method :hasStableIds in Class android.support.v4.widget.CursorAdapter added
[WARNING] [32mVERBOSE[0m Callback method :onMeasure in Class android.support.v4.view.PagerTitleStrip added
[WARNING] [32mVERBOSE[0m Callback method :requestLayout in Class android.support.v4.view.PagerTitleStrip added
[WARNING] [32mVERBOSE[0m Callback method :onLayout in Class android.support.v4.view.PagerTitleStrip added
[WARNING] [32mVERBOSE[0m Callback method :onDetachedFromWindow in Class android.support.v4.view.PagerTitleStrip added
[WARNING] [32mVERBOSE[0m Callback method :onAttachedToWindow in Class android.support.v4.view.PagerTitleStrip added
[WARNING] [32mVERBOSE[0m Callback method :onCreate in Class com.ccx.xm.AdActivity added
[WARNING] [32mVERBOSE[0m Callback method :onKeyDown in Class com.wiyun.engine.skeleton.Skeleton added
[WARNING] [32mVERBOSE[0m Callback method :onPause in Class com.wiyun.engine.skeleton.Skeleton added
[WARNING] [32mVERBOSE[0m Callback method :onStop in Class com.wiyun.engine.skeleton.Skeleton added
[WARNING] [32mVERBOSE[0m Callback method :onCreate in Class com.wiyun.engine.skeleton.Skeleton added
[WARNING] [32mVERBOSE[0m Callback method :onDestroy in Class com.wiyun.engine.skeleton.Skeleton added
[WARNING] [32mVERBOSE[0m Callback method :onStart in Class com.wiyun.engine.skeleton.Skeleton added
[WARNING] [32mVERBOSE[0m Callback method :onActivityResult in Class com.wiyun.engine.skeleton.Skeleton added
[WARNING] [32mVERBOSE[0m Callback method :onResume in Class com.wiyun.engine.skeleton.Skeleton added
[WARNING] [32mVERBOSE[0m Callback method :onScroll in Class com.wiyun.engine.nodes.Node added
[WARNING] [32mVERBOSE[0m Callback method :onSingleTapUp in Class com.wiyun.engine.nodes.Node added
[WARNING] [32mVERBOSE[0m Callback method :onSingleTapConfirmed in Class com.wiyun.engine.nodes.Node added
[WARNING] [32mVERBOSE[0m Callback method :onDoubleTapEvent in Class com.wiyun.engine.nodes.Node added
[WARNING] [32mVERBOSE[0m Callback method :onDown in Class com.wiyun.engine.nodes.Node added
[WARNING] [32mVERBOSE[0m Callback method :onShowPress in Class com.wiyun.engine.nodes.Node added
[WARNING] [32mVERBOSE[0m Callback method :onFling in Class com.wiyun.engine.nodes.Node added
[WARNING] [32mVERBOSE[0m Callback method :onDoubleTap in Class com.wiyun.engine.nodes.Node added
[WARNING] [32mVERBOSE[0m Callback method :onLongPress in Class com.wiyun.engine.nodes.Node added
[WARNING] [32mVERBOSE[0m Callback method :getItem in Class android.support.v4.widget.CursorAdapter added
[WARNING] [32mVERBOSE[0m Callback method :getView in Class android.support.v4.widget.CursorAdapter added
[WARNING] [32mVERBOSE[0m Callback method :getDropDownView in Class android.support.v4.widget.CursorAdapter added
[WARNING] [32mVERBOSE[0m Callback method :getFilter in Class android.support.v4.widget.CursorAdapter added
[WARNING] [32mVERBOSE[0m Callback method :getCount in Class android.support.v4.widget.CursorAdapter added
[WARNING] [32mVERBOSE[0m Callback method :getItemId in Class android.support.v4.widget.CursorAdapter added
[WARNING] [32mVERBOSE[0m Callback method :hasStableIds in Class android.support.v4.widget.CursorAdapter added
[WARNING] [32mVERBOSE[0m Callback method :onTransact in Class com.android.vending.billing.IInAppBillingService$Stub added
[WARNING] [32mVERBOSE[0m Callback method :asBinder in Class com.android.vending.billing.IInAppBillingService$Stub added
[WARNING] [32mVERBOSE[0m Callback method :onCreate in Class com.wiyun.engine.skeleton.LogoActivity added
[WARNING] [32mVERBOSE[0m Callback method :shouldOverrideUrlLoading in Class com.sponsorpay.sdk.android.utils.SPWebClient added
[WARNING] [32mVERBOSE[0m Callback method :onReceivedSslError in Class com.sponsorpay.sdk.android.utils.SPWebClient added
[WARNING] [32mVERBOSE[0m Callback method :onMarkerReached in Class com.wiyun.engine.sound.AudioManager added
[WARNING] [32mVERBOSE[0m Callback method :onPeriodicNotification in Class com.wiyun.engine.sound.AudioManager added
[WARNING] [32mVERBOSE[0m Callback method :onRestoreInstanceState in Class android.support.v4.app.FragmentTabHost added
[WARNING] [32mVERBOSE[0m Callback method :onTabChanged in Class android.support.v4.app.FragmentTabHost added
[WARNING] [32mVERBOSE[0m Callback method :setOnTabChangedListener in Class android.support.v4.app.FragmentTabHost added
[WARNING] [32mVERBOSE[0m Callback method :onSaveInstanceState in Class android.support.v4.app.FragmentTabHost added
[WARNING] [32mVERBOSE[0m Callback method :onDetachedFromWindow in Class android.support.v4.app.FragmentTabHost added
[WARNING] [32mVERBOSE[0m Callback method :onAttachedToWindow in Class android.support.v4.app.FragmentTabHost added
[WARNING] [32mVERBOSE[0m Callback method :setup in Class android.support.v4.app.FragmentTabHost added
[WARNING] [32mVERBOSE[0m Callback method :onScroll in Class com.wiyun.engine.nodes.Node added
[WARNING] [32mVERBOSE[0m Callback method :onSingleTapUp in Class com.wiyun.engine.nodes.Node added
[WARNING] [32mVERBOSE[0m Callback method :onSingleTapConfirmed in Class com.wiyun.engine.nodes.Node added
[WARNING] [32mVERBOSE[0m Callback method :onDoubleTapEvent in Class com.wiyun.engine.nodes.Node added
[WARNING] [32mVERBOSE[0m Callback method :onDown in Class com.wiyun.engine.nodes.Node added
[WARNING] [32mVERBOSE[0m Callback method :onShowPress in Class com.wiyun.engine.nodes.Node added
[WARNING] [32mVERBOSE[0m Callback method :onFling in Class com.wiyun.engine.nodes.Node added
[WARNING] [32mVERBOSE[0m Callback method :onDoubleTap in Class com.wiyun.engine.nodes.Node added
[WARNING] [32mVERBOSE[0m Callback method :onLongPress in Class com.wiyun.engine.nodes.Node added
[WARNING] [32mVERBOSE[0m Callback method :onMeasure in Class android.support.v4.view.PagerTitleStrip added
[WARNING] [32mVERBOSE[0m Callback method :requestLayout in Class android.support.v4.view.PagerTitleStrip added
[WARNING] [32mVERBOSE[0m Callback method :onLayout in Class android.support.v4.view.PagerTitleStrip added
[WARNING] [32mVERBOSE[0m Callback method :setBackgroundColor in Class android.support.v4.view.PagerTabStrip added
[WARNING] [32mVERBOSE[0m Callback method :onTouchEvent in Class android.support.v4.view.PagerTabStrip added
[WARNING] [32mVERBOSE[0m Callback method :onDetachedFromWindow in Class android.support.v4.view.PagerTitleStrip added
[WARNING] [32mVERBOSE[0m Callback method :onAttachedToWindow in Class android.support.v4.view.PagerTitleStrip added
[WARNING] [32mVERBOSE[0m Callback method :setBackgroundResource in Class android.support.v4.view.PagerTabStrip added
[WARNING] [32mVERBOSE[0m Callback method :setPadding in Class android.support.v4.view.PagerTabStrip added
[WARNING] [32mVERBOSE[0m Callback method :onDraw in Class android.support.v4.view.PagerTabStrip added
[WARNING] [32mVERBOSE[0m Callback method :setBackgroundDrawable in Class android.support.v4.view.PagerTabStrip added
[WARNING] [32mVERBOSE[0m Callback method :onKeyDown in Class com.wiyun.engine.utils.VideoPlayingActivity added
[WARNING] [32mVERBOSE[0m Callback method :onPrepared in Class com.wiyun.engine.utils.VideoPlayingActivity added
[WARNING] [32mVERBOSE[0m Callback method :surfaceDestroyed in Class com.wiyun.engine.utils.VideoPlayingActivity added
[WARNING] [32mVERBOSE[0m Callback method :onCreateDialog in Class com.wiyun.engine.utils.VideoPlayingActivity added
[WARNING] [32mVERBOSE[0m Callback method :onTouch in Class com.wiyun.engine.utils.VideoPlayingActivity added
[WARNING] [32mVERBOSE[0m Callback method :onBufferingUpdate in Class com.wiyun.engine.utils.VideoPlayingActivity added
[WARNING] [32mVERBOSE[0m Callback method :surfaceChanged in Class com.wiyun.engine.utils.VideoPlayingActivity added
[WARNING] [32mVERBOSE[0m Callback method :surfaceCreated in Class com.wiyun.engine.utils.VideoPlayingActivity added
[WARNING] [32mVERBOSE[0m Callback method :onCreate in Class com.wiyun.engine.utils.VideoPlayingActivity added
[WARNING] [32mVERBOSE[0m Callback method :onKeyUp in Class com.wiyun.engine.utils.VideoPlayingActivity added
[WARNING] [32mVERBOSE[0m Callback method :onDestroy in Class com.wiyun.engine.utils.VideoPlayingActivity added
[WARNING] [32mVERBOSE[0m Callback method :onClick in Class com.wiyun.engine.utils.VideoPlayingActivity added
[WARNING] [32mVERBOSE[0m Callback method :onVideoSizeChanged in Class com.wiyun.engine.utils.VideoPlayingActivity added
[WARNING] [32mVERBOSE[0m Callback method :onCompletion in Class com.wiyun.engine.utils.VideoPlayingActivity added
[WARNING] [32mVERBOSE[0m Callback method :getItem in Class android.support.v4.widget.CursorAdapter added
[WARNING] [32mVERBOSE[0m Callback method :getView in Class android.support.v4.widget.CursorAdapter added
[WARNING] [32mVERBOSE[0m Callback method :getDropDownView in Class android.support.v4.widget.CursorAdapter added
[WARNING] [32mVERBOSE[0m Callback method :getFilter in Class android.support.v4.widget.CursorAdapter added
[WARNING] [32mVERBOSE[0m Callback method :getCount in Class android.support.v4.widget.CursorAdapter added
[WARNING] [32mVERBOSE[0m Callback method :getItemId in Class android.support.v4.widget.CursorAdapter added
[WARNING] [32mVERBOSE[0m Callback method :hasStableIds in Class android.support.v4.widget.CursorAdapter added
[WARNING] [32mVERBOSE[0m Callback method :onWindowFocusChanged in Class com.wiyun.engine.opengl.WYGLSurfaceView added
[WARNING] [32mVERBOSE[0m Callback method :onKeyMultiple in Class com.wiyun.engine.opengl.WYGLSurfaceView added
[WARNING] [32mVERBOSE[0m Callback method :surfaceCreated in Class com.wiyun.engine.opengl.WYGLSurfaceView added
[WARNING] [32mVERBOSE[0m Callback method :onKeyDown in Class com.wiyun.engine.opengl.WYGLSurfaceView added
[WARNING] [32mVERBOSE[0m Callback method :onTouchEvent in Class com.wiyun.engine.opengl.WYGLSurfaceView added
[WARNING] [32mVERBOSE[0m Callback method :surfaceDestroyed in Class com.wiyun.engine.opengl.WYGLSurfaceView added
[WARNING] [32mVERBOSE[0m Callback method :setRenderer in Class com.wiyun.engine.opengl.WYGLSurfaceView added
[WARNING] [32mVERBOSE[0m Callback method :onKeyUp in Class com.wiyun.engine.opengl.WYGLSurfaceView added
[WARNING] [32mVERBOSE[0m Callback method :onLowMemory in Class android.support.v4.app.Fragment added
[WARNING] [32mVERBOSE[0m Callback method :onCreateContextMenu in Class android.support.v4.app.Fragment added
[WARNING] [32mVERBOSE[0m Callback method :onConfigurationChanged in Class android.support.v4.app.Fragment added
[WARNING] [32mVERBOSE[0m Callback method :onScroll in Class com.wiyun.engine.nodes.Node added
[WARNING] [32mVERBOSE[0m Callback method :onSingleTapUp in Class com.wiyun.engine.nodes.Node added
[WARNING] [32mVERBOSE[0m Callback method :onSingleTapConfirmed in Class com.wiyun.engine.nodes.Node added
[WARNING] [32mVERBOSE[0m Callback method :onDoubleTapEvent in Class com.wiyun.engine.nodes.Node added
[WARNING] [32mVERBOSE[0m Callback method :onDown in Class com.wiyun.engine.nodes.Node added
[WARNING] [32mVERBOSE[0m Callback method :onShowPress in Class com.wiyun.engine.nodes.Node added
[WARNING] [32mVERBOSE[0m Callback method :onFling in Class com.wiyun.engine.nodes.Node added
[WARNING] [32mVERBOSE[0m Callback method :onDoubleTap in Class com.wiyun.engine.nodes.Node added
[WARNING] [32mVERBOSE[0m Callback method :onLongPress in Class com.wiyun.engine.nodes.Node added
[WARNING] [32mVERBOSE[0m Callback method :onPause in Class com.sponsorpay.sdk.android.publisher.ofw.OfferWallActivity added
[WARNING] [32mVERBOSE[0m Callback method :onCreate in Class com.sponsorpay.sdk.android.publisher.ofw.OfferWallActivity added
[WARNING] [32mVERBOSE[0m Callback method :onResume in Class com.sponsorpay.sdk.android.publisher.ofw.OfferWallActivity added
[WARNING] [32mVERBOSE[0m Callback method :show in Class com.feelingtouch.bannerad.BannerAdDialog added
[WARNING] [32mVERBOSE[0m Callback method :onScroll in Class com.wiyun.engine.nodes.Node added
[WARNING] [32mVERBOSE[0m Callback method :onSingleTapUp in Class com.wiyun.engine.nodes.Node added
[WARNING] [32mVERBOSE[0m Callback method :onSingleTapConfirmed in Class com.wiyun.engine.nodes.Node added
[WARNING] [32mVERBOSE[0m Callback method :onDoubleTapEvent in Class com.wiyun.engine.nodes.Node added
[WARNING] [32mVERBOSE[0m Callback method :onDown in Class com.wiyun.engine.nodes.Node added
[WARNING] [32mVERBOSE[0m Callback method :onShowPress in Class com.wiyun.engine.nodes.Node added
[WARNING] [32mVERBOSE[0m Callback method :onFling in Class com.wiyun.engine.nodes.Node added
[WARNING] [32mVERBOSE[0m Callback method :onDoubleTap in Class com.wiyun.engine.nodes.Node added
[WARNING] [32mVERBOSE[0m Callback method :onLongPress in Class com.wiyun.engine.nodes.Node added
[WARNING] [32mVERBOSE[0m Callback method :onReceive in Class com.games.AdReciver added
[WARNING] [32mVERBOSE[0m Callback method :doInBackground in Class com.sponsorpay.sdk.android.advertiser.AbstractCallbackSender added
[WARNING] [32mVERBOSE[0m Callback method :onPostExecute in Class com.sponsorpay.sdk.android.advertiser.AbstractCallbackSender added
[WARNING] [32mVERBOSE[0m Callback method :onScroll in Class com.wiyun.engine.nodes.Node added
[WARNING] [32mVERBOSE[0m Callback method :onSingleTapUp in Class com.wiyun.engine.nodes.Node added
[WARNING] [32mVERBOSE[0m Callback method :onSingleTapConfirmed in Class com.wiyun.engine.nodes.Node added
[WARNING] [32mVERBOSE[0m Callback method :onDoubleTapEvent in Class com.wiyun.engine.nodes.Node added
[WARNING] [32mVERBOSE[0m Callback method :onDown in Class com.wiyun.engine.nodes.Node added
[WARNING] [32mVERBOSE[0m Callback method :onShowPress in Class com.wiyun.engine.nodes.Node added
[WARNING] [32mVERBOSE[0m Callback method :onFling in Class com.wiyun.engine.nodes.Node added
[WARNING] [32mVERBOSE[0m Callback method :onDoubleTap in Class com.wiyun.engine.nodes.Node added
[WARNING] [32mVERBOSE[0m Callback method :onLongPress in Class com.wiyun.engine.nodes.Node added
[WARNING] [32mVERBOSE[0m Callback method :onStop in Class com.feelingtouch.bannerad.firstpage.BannerFirstPage added
[WARNING] [32mVERBOSE[0m Callback method :onCreate in Class com.feelingtouch.bannerad.firstpage.BannerFirstPage added
[WARNING] [32mVERBOSE[0m Callback method :onDestroy in Class com.feelingtouch.bannerad.firstpage.BannerFirstPage added
[WARNING] [32mVERBOSE[0m Callback method :onResume in Class com.feelingtouch.bannerad.firstpage.BannerFirstPage added
[WARNING] [32mVERBOSE[0m Callback method :onKeyDown in Class android.support.v4.app.FragmentActivity added
[WARNING] [32mVERBOSE[0m Callback method :onPanelClosed in Class android.support.v4.app.FragmentActivity added
[WARNING] [32mVERBOSE[0m Callback method :onConfigurationChanged in Class android.support.v4.app.FragmentActivity added
[WARNING] [32mVERBOSE[0m Callback method :onMenuItemSelected in Class android.support.v4.app.FragmentActivity added
[WARNING] [32mVERBOSE[0m Callback method :onBackPressed in Class android.support.v4.app.FragmentActivity added
[WARNING] [32mVERBOSE[0m Callback method :onRetainNonConfigurationInstance in Class android.support.v4.app.FragmentActivity added
[WARNING] [32mVERBOSE[0m Callback method :onNewIntent in Class android.support.v4.app.FragmentActivity added
[WARNING] [32mVERBOSE[0m Callback method :onPause in Class android.support.v4.app.FragmentActivity added
[WARNING] [32mVERBOSE[0m Callback method :onStop in Class android.support.v4.app.FragmentActivity added
[WARNING] [32mVERBOSE[0m Callback method :onCreatePanelMenu in Class android.support.v4.app.FragmentActivity added
[WARNING] [32mVERBOSE[0m Callback method :dump in Class android.support.v4.app.FragmentActivity added
[WARNING] [32mVERBOSE[0m Callback method :onCreate in Class android.support.v4.app.FragmentActivity added
[WARNING] [32mVERBOSE[0m Callback method :onCreateView in Class android.support.v4.app.FragmentActivity added
[WARNING] [32mVERBOSE[0m Callback method :onPreparePanel in Class android.support.v4.app.FragmentActivity added
[WARNING] [32mVERBOSE[0m Callback method :onDestroy in Class android.support.v4.app.FragmentActivity added
[WARNING] [32mVERBOSE[0m Callback method :onStart in Class android.support.v4.app.FragmentActivity added
[WARNING] [32mVERBOSE[0m Callback method :onSaveInstanceState in Class android.support.v4.app.FragmentActivity added
[WARNING] [32mVERBOSE[0m Callback method :startActivityForResult in Class android.support.v4.app.FragmentActivity added
[WARNING] [32mVERBOSE[0m Callback method :onActivityResult in Class android.support.v4.app.FragmentActivity added
[WARNING] [32mVERBOSE[0m Callback method :onPostResume in Class android.support.v4.app.FragmentActivity added
[WARNING] [32mVERBOSE[0m Callback method :onResume in Class android.support.v4.app.FragmentActivity added
[WARNING] [32mVERBOSE[0m Callback method :onLowMemory in Class android.support.v4.app.FragmentActivity added
[WARNING] [32mVERBOSE[0m Callback method :onBackPressed in Class com.sponsorpay.sdk.android.publisher.mbe.SPBrandEngageActivity added
[WARNING] [32mVERBOSE[0m Callback method :onPause in Class com.sponsorpay.sdk.android.publisher.mbe.SPBrandEngageActivity added
[WARNING] [32mVERBOSE[0m Callback method :onCreate in Class com.sponsorpay.sdk.android.publisher.mbe.SPBrandEngageActivity added
[WARNING] [32mVERBOSE[0m Callback method :onDestroy in Class com.sponsorpay.sdk.android.publisher.mbe.SPBrandEngageActivity added
[WARNING] [32mVERBOSE[0m Callback method :onResume in Class com.sponsorpay.sdk.android.publisher.mbe.SPBrandEngageActivity added
[WARNING] [32mVERBOSE[0m Callback method :onStop in Class com.feelingtouch.bannerad.firstpage.BannerFirstPage added
[WARNING] [32mVERBOSE[0m Callback method :onCreate in Class com.feelingtouch.bannerad.firstpage.BannerFirstPage added
[WARNING] [32mVERBOSE[0m Callback method :onDestroy in Class com.feelingtouch.bannerad.firstpage.BannerFirstPage added
[WARNING] [32mVERBOSE[0m Callback method :onResume in Class com.feelingtouch.bannerad.firstpage.BannerFirstPage added
0 ICC links found and 0 cg edges added due to ICC links
dynamic conflated call graph: 575 methods; 575 nodes; 755 edges.
maxpossibleFlows=1
maxpossibleFlows=1
maxpossibleFlows=1
1 taint flow paths FOUND from <android.content.ContextWrapper: android.content.res.AssetManager getAssets()> to <android.app.Activity: void setVolumeControlStream(int)>
maxpossibleFlows=1
maxpossibleFlows=1
maxpossibleFlows=1
maxpossibleFlows=1
maxpossibleFlows=1
maxpossibleFlows=1
maxpossibleFlows=1
maxpossibleFlows=1
1 taint flow paths FOUND from <org.json.JSONArray: org.json.JSONArray put(java.lang.Object)> to <org.json.JSONObject: org.json.JSONObject put(java.lang.String,int)>
maxpossibleFlows=1
maxpossibleFlows=1
maxpossibleFlows=1
1 taint flow paths FOUND from <java.util.ArrayList: java.lang.Object get(int)> to <org.json.JSONObject: org.json.JSONObject put(java.lang.String,int)>
maxpossibleFlows=1
maxpossibleFlows=2
1 taint flow paths FOUND from <java.net.URI: java.lang.String toString()> to <org.apache.http.message.AbstractHttpMessage: void setHeader(java.lang.String,java.lang.String)>
maxpossibleFlows=1
maxpossibleFlows=1
maxpossibleFlows=4
maxpossibleFlows=4
maxpossibleFlows=1
maxpossibleFlows=2
maxpossibleFlows=1
maxpossibleFlows=1
maxpossibleFlows=1
maxpossibleFlows=1
maxpossibleFlows=1
maxpossibleFlows=1
maxpossibleFlows=1
maxpossibleFlows=1
1 taint flow paths FOUND from <java.lang.StringBuilder: java.lang.String toString()> to <android.view.View: void setFocusable(boolean)>
maxpossibleFlows=1
maxpossibleFlows=1
maxpossibleFlows=1
maxpossibleFlows=1
maxpossibleFlows=1
maxpossibleFlows=1
maxpossibleFlows=1
maxpossibleFlows=1
maxpossibleFlows=1
maxpossibleFlows=1
maxpossibleFlows=1
maxpossibleFlows=1
maxpossibleFlows=1
maxpossibleFlows=1
maxpossibleFlows=1
maxpossibleFlows=1
maxpossibleFlows=1
maxpossibleFlows=1
maxpossibleFlows=1
maxpossibleFlows=1
maxpossibleFlows=1
maxpossibleFlows=1
maxpossibleFlows=1
maxpossibleFlows=1
maxpossibleFlows=1
maxpossibleFlows=1
maxpossibleFlows=1
maxpossibleFlows=1
maxpossibleFlows=1
maxpossibleFlows=1
1 taint flow paths FOUND from <android.app.Activity: android.view.Window getWindow()> to <android.app.Activity: void setContentView(int)>
maxpossibleFlows=1
maxpossibleFlows=1
1 taint flow paths FOUND from <android.content.ContextWrapper: java.lang.String getPackageName()> to <android.view.View: void setFocusable(boolean)>
maxpossibleFlows=48
maxpossibleFlows=1
maxpossibleFlows=1
maxpossibleFlows=1
maxpossibleFlows=1
maxpossibleFlows=1
maxpossibleFlows=1
maxpossibleFlows=1
maxpossibleFlows=1
maxpossibleFlows=1
maxpossibleFlows=1
maxpossibleFlows=1
1 taint flow paths FOUND from <org.json.JSONArray: org.json.JSONArray put(java.lang.Object)> to <org.json.JSONObject: org.json.JSONObject put(java.lang.String,int)>
maxpossibleFlows=1
maxpossibleFlows=1
maxpossibleFlows=1
maxpossibleFlows=1
maxpossibleFlows=1
maxpossibleFlows=1
maxpossibleFlows=1
maxpossibleFlows=1
maxpossibleFlows=1
maxpossibleFlows=1
maxpossibleFlows=1
1 taint flow paths FOUND from <java.lang.StringBuilder: java.lang.String toString()> to <android.view.View: void setFocusable(boolean)>
maxpossibleFlows=1
maxpossibleFlows=1
1 taint flow paths FOUND from <java.lang.StringBuilder: java.lang.String toString()> to <android.view.View: void setFocusableInTouchMode(boolean)>
maxpossibleFlows=1
maxpossibleFlows=2
1 taint flow paths FOUND from <java.net.URI: java.lang.String toString()> to <org.apache.http.message.AbstractHttpMessage: void setHeader(java.lang.String,java.lang.String)>
maxpossibleFlows=1
maxpossibleFlows=1
maxpossibleFlows=1
maxpossibleFlows=1
maxpossibleFlows=1
maxpossibleFlows=1
maxpossibleFlows=1
maxpossibleFlows=1
maxpossibleFlows=1
1 taint flow paths FOUND from <android.app.Activity: android.view.Window getWindow()> to <android.app.Activity: void setContentView(int)>
maxpossibleFlows=1
1 taint flow paths FOUND from <android.content.ContextWrapper: android.content.res.AssetManager getAssets()> to <android.app.Activity: void setVolumeControlStream(int)>
maxpossibleFlows=1
maxpossibleFlows=1
maxpossibleFlows=1
1 taint flow paths FOUND from <android.content.ContextWrapper: android.content.res.AssetManager getAssets()> to <android.content.res.AssetManager: android.content.res.AssetFileDescriptor openFd(java.lang.String)>
maxpossibleFlows=2
2 taint flow paths FOUND from <java.lang.StringBuilder: java.lang.String toString()> to <android.os.Handler: boolean sendEmptyMessageDelayed(int,long)>
maxpossibleFlows=1
maxpossibleFlows=4
maxpossibleFlows=1
maxpossibleFlows=1
maxpossibleFlows=1
maxpossibleFlows=1
maxpossibleFlows=1
maxpossibleFlows=1
maxpossibleFlows=4
maxpossibleFlows=1
maxpossibleFlows=1
maxpossibleFlows=1
maxpossibleFlows=1
maxpossibleFlows=1
[WARNING] [32mVERBOSE[0m Callback method :<init> in Class android.support.v4.app.Fragment
[WARNING] [32mVERBOSE[0m Callback method :onConfigurationChanged in Class android.support.v4.app.Fragment
[WARNING] [32mVERBOSE[0m Callback method :onCreateContextMenu in Class android.support.v4.app.Fragment
[WARNING] [32mVERBOSE[0m Callback method :onLowMemory in Class android.support.v4.app.Fragment
[WARNING] [32mVERBOSE[0m Callback method :<init> in Class android.support.v4.app.DialogFragment
[WARNING] [32mVERBOSE[0m Callback method :onCancel in Class android.support.v4.app.DialogFragment
[WARNING] [32mVERBOSE[0m Callback method :onDismiss in Class android.support.v4.app.DialogFragment
[WARNING] [32mVERBOSE[0m Callback method :onAttachedToWindow in Class android.support.v4.app.FragmentTabHost
[WARNING] [32mVERBOSE[0m Callback method :onDetachedFromWindow in Class android.support.v4.app.FragmentTabHost
[WARNING] [32mVERBOSE[0m Callback method :onRestoreInstanceState in Class android.support.v4.app.FragmentTabHost
[WARNING] [32mVERBOSE[0m Callback method :onSaveInstanceState in Class android.support.v4.app.FragmentTabHost
[WARNING] [32mVERBOSE[0m Callback method :onTabChanged in Class android.support.v4.app.FragmentTabHost
[WARNING] [32mVERBOSE[0m Callback method :setOnTabChangedListener in Class android.support.v4.app.FragmentTabHost
[WARNING] [32mVERBOSE[0m Callback method :setup in Class android.support.v4.app.FragmentTabHost
[WARNING] [32mVERBOSE[0m Callback method :<init> in Class com.wiyun.engine.utils.VideoPlayingActivity
[WARNING] [32mVERBOSE[0m Callback method :onBufferingUpdate in Class com.wiyun.engine.utils.VideoPlayingActivity
[WARNING] [32mVERBOSE[0m Callback method :onClick in Class com.wiyun.engine.utils.VideoPlayingActivity
[WARNING] [32mVERBOSE[0m Callback method :onCompletion in Class com.wiyun.engine.utils.VideoPlayingActivity
[WARNING] [32mVERBOSE[0m Callback method :onCreate in Class com.wiyun.engine.utils.VideoPlayingActivity
[WARNING] [32mVERBOSE[0m Callback method :onCreateDialog in Class com.wiyun.engine.utils.VideoPlayingActivity
[WARNING] [32mVERBOSE[0m Callback method :onDestroy in Class com.wiyun.engine.utils.VideoPlayingActivity
[WARNING] [32mVERBOSE[0m Callback method :onKeyDown in Class com.wiyun.engine.utils.VideoPlayingActivity
[WARNING] [32mVERBOSE[0m Callback method :onKeyUp in Class com.wiyun.engine.utils.VideoPlayingActivity
[WARNING] [32mVERBOSE[0m Callback method :onPrepared in Class com.wiyun.engine.utils.VideoPlayingActivity
[WARNING] [32mVERBOSE[0m Callback method :onTouch in Class com.wiyun.engine.utils.VideoPlayingActivity
[WARNING] [32mVERBOSE[0m Callback method :onVideoSizeChanged in Class com.wiyun.engine.utils.VideoPlayingActivity
[WARNING] [32mVERBOSE[0m Callback method :surfaceChanged in Class com.wiyun.engine.utils.VideoPlayingActivity
[WARNING] [32mVERBOSE[0m Callback method :surfaceCreated in Class com.wiyun.engine.utils.VideoPlayingActivity
[WARNING] [32mVERBOSE[0m Callback method :surfaceDestroyed in Class com.wiyun.engine.utils.VideoPlayingActivity
Result for benign-app-6059-4557A262349FAC24F25021A2059F78C2227DA63A72437A66F67967A33D73EE35.apkcom.cafgame.gazlbay