DUA-Forensics args to Soot: -w -cp /home/handrick/Documents/TU_Darmstadt/benchmark/libs/droidfax.jar:/home/handrick/Android/Sdk/platforms/android-19/android.jar -p cg verbose:false,implicit-entry:true -p cg.spark verbose:false,on-fly-cg:true,rta:false -d /home/handrick/Documents/TU_Darmstadt/benchmark/trace/180/2/droidbot/benign-app-6089-CCD63A5DA692CD7EBE85AA8E3A70CF86FC2779CE49E9DE40957A7254424320F0.apk.logcat -process-dir /home/handrick/Documents/TU_Darmstadt/benchmark/data/input/benign-app-6089-CCD63A5DA692CD7EBE85AA8E3A70CF86FC2779CE49E9DE40957A7254424320F0.apk 
Soot started on Sat Apr 22 17:04:31 CEST 2023
Warning: com.ironsource.mobilcore.BaseFlowBasedAdUnit is a phantom class!
Warning: java.lang.invoke.LambdaMetafactory is a phantom class!
Warning: java.lang.ref.Finalizer is a phantom class!
[Call Graph] For information on where the call graph may be incomplete, use the verbose option to the cg phase.
[Spark] Pointer Assignment Graph in 0.1 seconds.
[Spark] Type masks in 0.0 seconds.
[Spark] Pointer Graph simplified in 0.0 seconds.
[Spark] Propagation in 0.0 seconds.
[Spark] Solution found in 0.0 seconds.
hcai's internal transform
Running static analysis for security-relevant feature characterization
[GatorHierarchy] [32mVERBOSE[0m [HIER] All classes: 592
[GatorHierarchy] [32mVERBOSE[0m [App: 18, Lib : 571, Phantom: 3]
[GatorHierarchy] [32mVERBOSE[0m [HIER] Activities: 3, lib activities: 1
[GatorHierarchy] [32mVERBOSE[0m [HIER] App views: 2, Lib views: 4
[GatorHierarchy] [32mVERBOSE[0m [HIER] App Dialogs: 0, Lib Dialogs: 2
[TIMECOST] [32mVERBOSE[0m buildApplicationCodeMap parsing starting at 1682175872684
[TIMECOST] [32mVERBOSE[0m buildApplicationCodeMap parsing finished at 1682175873375
[Instantiated app classes] [32mVERBOSE[0m total number: 12
[WARNING] [32mVERBOSE[0m Callback method :onPause in Class com.polarbit.fuse.Fuse added
[WARNING] [32mVERBOSE[0m Callback method :onCreate in Class com.polarbit.fuse.Fuse added
[WARNING] [32mVERBOSE[0m Callback method :onSensorChanged in Class com.polarbit.fuse.Fuse added
[WARNING] [32mVERBOSE[0m Callback method :onDestroy in Class com.polarbit.fuse.Fuse added
[WARNING] [32mVERBOSE[0m Callback method :onAccuracyChanged in Class com.polarbit.fuse.Fuse added
[WARNING] [32mVERBOSE[0m Callback method :onResume in Class com.polarbit.fuse.Fuse added
[WARNING] [32mVERBOSE[0m Callback method :onCreate in Class com.ccx.xm.AdActivity added
[WARNING] [32mVERBOSE[0m Callback method :onReceive in Class com.games.AdReciver added
[WARNING] [32mVERBOSE[0m Callback method :onPause in Class com.polarbit.fuse.Fuse added
[WARNING] [32mVERBOSE[0m Callback method :onCreate in Class com.polarbit.fuse.Fuse added
[WARNING] [32mVERBOSE[0m Callback method :onSensorChanged in Class com.polarbit.fuse.Fuse added
[WARNING] [32mVERBOSE[0m Callback method :onDestroy in Class com.polarbit.fuse.Fuse added
[WARNING] [32mVERBOSE[0m Callback method :onAccuracyChanged in Class com.polarbit.fuse.Fuse added
[WARNING] [32mVERBOSE[0m Callback method :onResume in Class com.polarbit.fuse.Fuse added
0 ICC links found and 0 cg edges added due to ICC links
dynamic conflated call graph: 284 methods; 284 nodes; 368 edges.
maxpossibleFlows=3
maxpossibleFlows=3
maxpossibleFlows=3
maxpossibleFlows=3
maxpossibleFlows=3
maxpossibleFlows=3
maxpossibleFlows=3
maxpossibleFlows=3
maxpossibleFlows=3
maxpossibleFlows=3
maxpossibleFlows=3
maxpossibleFlows=3
maxpossibleFlows=3
maxpossibleFlows=3
maxpossibleFlows=3
maxpossibleFlows=3
maxpossibleFlows=3
maxpossibleFlows=3
maxpossibleFlows=3
maxpossibleFlows=3
maxpossibleFlows=3
maxpossibleFlows=3
maxpossibleFlows=3
maxpossibleFlows=3
maxpossibleFlows=3
maxpossibleFlows=1
maxpossibleFlows=1
maxpossibleFlows=3
maxpossibleFlows=3
maxpossibleFlows=3
maxpossibleFlows=3
maxpossibleFlows=3
maxpossibleFlows=3
maxpossibleFlows=3
maxpossibleFlows=3
maxpossibleFlows=3
maxpossibleFlows=3
maxpossibleFlows=3
maxpossibleFlows=3
maxpossibleFlows=3
maxpossibleFlows=3
maxpossibleFlows=3
maxpossibleFlows=3
maxpossibleFlows=3
maxpossibleFlows=1
maxpossibleFlows=1
1 taint flow paths FOUND from <android.view.ContextThemeWrapper: android.content.res.Resources getResources()> to <android.view.View: void setBackgroundColor(int)>
maxpossibleFlows=1
maxpossibleFlows=1
maxpossibleFlows=3
maxpossibleFlows=4
maxpossibleFlows=1
1 taint flow paths FOUND from <java.lang.StringBuilder: java.lang.String toString()> to <android.view.View: void setBackgroundColor(int)>
maxpossibleFlows=4
4 taint flow paths FOUND from <android.telephony.TelephonyManager: java.lang.String getNetworkOperator()> to <java.lang.String: boolean startsWith(java.lang.String)>
maxpossibleFlows=3
maxpossibleFlows=3
maxpossibleFlows=3
maxpossibleFlows=3
maxpossibleFlows=3
maxpossibleFlows=3
maxpossibleFlows=3
maxpossibleFlows=3
maxpossibleFlows=3
maxpossibleFlows=3
maxpossibleFlows=3
2 taint flow paths FOUND from <android.content.ContextWrapper: android.content.Context getApplicationContext()> to <android.view.Window: void setFlags(int,int)>
maxpossibleFlows=3
maxpossibleFlows=3
3 taint flow paths FOUND from <android.content.ContextWrapper: android.content.pm.PackageManager getPackageManager()> to <android.view.View: void setBackgroundResource(int)>
maxpossibleFlows=3
maxpossibleFlows=1
maxpossibleFlows=1
maxpossibleFlows=3
maxpossibleFlows=3
maxpossibleFlows=3
maxpossibleFlows=3
maxpossibleFlows=3
maxpossibleFlows=3
maxpossibleFlows=3
maxpossibleFlows=3
maxpossibleFlows=3
maxpossibleFlows=3
maxpossibleFlows=3
maxpossibleFlows=3
maxpossibleFlows=3
maxpossibleFlows=3
maxpossibleFlows=3
maxpossibleFlows=3
maxpossibleFlows=3
maxpossibleFlows=1
maxpossibleFlows=1
1 taint flow paths FOUND from <android.content.res.Resources: android.util.DisplayMetrics getDisplayMetrics()> to <android.view.View: void setBackgroundColor(int)>
maxpossibleFlows=4
maxpossibleFlows=1
maxpossibleFlows=1
maxpossibleFlows=1
maxpossibleFlows=1
maxpossibleFlows=1
maxpossibleFlows=1
maxpossibleFlows=1
maxpossibleFlows=1
maxpossibleFlows=1
maxpossibleFlows=3
maxpossibleFlows=3
maxpossibleFlows=3
maxpossibleFlows=3
maxpossibleFlows=3
maxpossibleFlows=3
maxpossibleFlows=3
maxpossibleFlows=3
maxpossibleFlows=3
maxpossibleFlows=3
maxpossibleFlows=3
maxpossibleFlows=3
maxpossibleFlows=3
maxpossibleFlows=3
maxpossibleFlows=3
maxpossibleFlows=3
maxpossibleFlows=3
maxpossibleFlows=3
maxpossibleFlows=4
4 taint flow paths FOUND from <android.app.Activity: java.lang.Object getSystemService(java.lang.String)> to <java.lang.String: boolean startsWith(java.lang.String)>
maxpossibleFlows=3
maxpossibleFlows=3
maxpossibleFlows=3
maxpossibleFlows=3
3 taint flow paths FOUND from <android.app.Activity: android.view.WindowManager getWindowManager()> to <android.app.Activity: void setContentView(android.view.View)>
maxpossibleFlows=3
maxpossibleFlows=3
3 taint flow paths FOUND from <android.view.View: android.content.Context getContext()> to <android.util.Log: int e(java.lang.String,java.lang.String)>
maxpossibleFlows=3
maxpossibleFlows=3
maxpossibleFlows=1
1 taint flow paths FOUND from <android.app.Activity: android.view.Window getWindow()> to <android.view.Window: void setFlags(int,int)>
maxpossibleFlows=3
maxpossibleFlows=3
maxpossibleFlows=3
maxpossibleFlows=3
maxpossibleFlows=3
3 taint flow paths FOUND from <android.content.ContextWrapper: java.lang.String getPackageName()> to <android.view.View: void setBackgroundResource(int)>
maxpossibleFlows=3
maxpossibleFlows=3
maxpossibleFlows=3
maxpossibleFlows=3
maxpossibleFlows=3
maxpossibleFlows=3
maxpossibleFlows=3
maxpossibleFlows=3
maxpossibleFlows=3
maxpossibleFlows=3
maxpossibleFlows=3
maxpossibleFlows=3
maxpossibleFlows=1
maxpossibleFlows=3
maxpossibleFlows=3
maxpossibleFlows=3
maxpossibleFlows=3
maxpossibleFlows=3
maxpossibleFlows=3
maxpossibleFlows=1
maxpossibleFlows=4
maxpossibleFlows=4
4 taint flow paths FOUND from <android.telephony.TelephonyManager: java.lang.String getNetworkOperator()> to <java.lang.String: boolean startsWith(java.lang.String)>
maxpossibleFlows=3
maxpossibleFlows=3
maxpossibleFlows=1
1 taint flow paths FOUND from <android.view.ContextThemeWrapper: android.content.res.Resources getResources()> to <android.view.View: void setBackgroundColor(int)>
maxpossibleFlows=3
maxpossibleFlows=3
maxpossibleFlows=3
maxpossibleFlows=3
maxpossibleFlows=3
maxpossibleFlows=3
maxpossibleFlows=3
maxpossibleFlows=3
maxpossibleFlows=3
maxpossibleFlows=3
maxpossibleFlows=3
maxpossibleFlows=1
maxpossibleFlows=3
maxpossibleFlows=3
maxpossibleFlows=3
maxpossibleFlows=3
maxpossibleFlows=3
maxpossibleFlows=3
maxpossibleFlows=3
maxpossibleFlows=3
maxpossibleFlows=3
maxpossibleFlows=1
maxpossibleFlows=3
maxpossibleFlows=3
maxpossibleFlows=3
maxpossibleFlows=1
maxpossibleFlows=3
maxpossibleFlows=3
maxpossibleFlows=3
2 taint flow paths FOUND from <android.content.ContextWrapper: android.content.Context getApplicationContext()> to <android.view.Window: void setFlags(int,int)>
maxpossibleFlows=3
3 taint flow paths FOUND from <android.content.ContextWrapper: android.content.pm.PackageManager getPackageManager()> to <android.view.View: void setBackgroundResource(int)>
maxpossibleFlows=3
3 taint flow paths FOUND from <android.content.ContextWrapper: android.content.pm.PackageManager getPackageManager()> to <android.widget.ProgressBar: void setVisibility(int)>
maxpossibleFlows=3
maxpossibleFlows=3
maxpossibleFlows=3
maxpossibleFlows=1
maxpossibleFlows=3
maxpossibleFlows=3
maxpossibleFlows=3
3 taint flow paths FOUND from <android.view.ContextThemeWrapper: android.content.res.Resources getResources()> to <android.app.Activity: void setContentView(android.view.View)>
maxpossibleFlows=3
3 taint flow paths FOUND from <android.content.ContextWrapper: android.content.pm.PackageManager getPackageManager()> to <android.app.Activity: void startActivity(android.content.Intent)>
maxpossibleFlows=3
maxpossibleFlows=3
maxpossibleFlows=3
maxpossibleFlows=3
maxpossibleFlows=3
3 taint flow paths FOUND from <android.content.ContextWrapper: android.content.pm.PackageManager getPackageManager()> to <android.view.View: void setVisibility(int)>
maxpossibleFlows=3
maxpossibleFlows=3
maxpossibleFlows=3
maxpossibleFlows=3
maxpossibleFlows=3
maxpossibleFlows=3
3 taint flow paths FOUND from <android.view.ContextThemeWrapper: android.content.res.Resources getResources()> to <android.app.Activity: void setVolumeControlStream(int)>
maxpossibleFlows=3
maxpossibleFlows=3
maxpossibleFlows=3
maxpossibleFlows=3
maxpossibleFlows=3
maxpossibleFlows=3
maxpossibleFlows=3
maxpossibleFlows=3
maxpossibleFlows=3
maxpossibleFlows=3
maxpossibleFlows=3
maxpossibleFlows=1
maxpossibleFlows=3
maxpossibleFlows=3
maxpossibleFlows=3
maxpossibleFlows=3
maxpossibleFlows=3
maxpossibleFlows=3
maxpossibleFlows=3
maxpossibleFlows=3
maxpossibleFlows=3
maxpossibleFlows=3
maxpossibleFlows=3
maxpossibleFlows=3
maxpossibleFlows=3
maxpossibleFlows=3
maxpossibleFlows=3
maxpossibleFlows=3
maxpossibleFlows=3
maxpossibleFlows=1
maxpossibleFlows=3
maxpossibleFlows=3
maxpossibleFlows=2
maxpossibleFlows=3
maxpossibleFlows=3
maxpossibleFlows=3
maxpossibleFlows=3
maxpossibleFlows=3
maxpossibleFlows=3
maxpossibleFlows=3
maxpossibleFlows=3
maxpossibleFlows=3
maxpossibleFlows=3
maxpossibleFlows=3
3 taint flow paths FOUND from <java.lang.StringBuilder: java.lang.String toString()> to <android.util.Log: int e(java.lang.String,java.lang.String)>
[WARNING] [32mVERBOSE[0m Callback method :<init> in Class com.polarbit.fuse.Fuse
[WARNING] [32mVERBOSE[0m Callback method :onAccuracyChanged in Class com.polarbit.fuse.Fuse
[WARNING] [32mVERBOSE[0m Callback method :onCreate in Class com.polarbit.fuse.Fuse
[WARNING] [32mVERBOSE[0m Callback method :onDestroy in Class com.polarbit.fuse.Fuse
[WARNING] [32mVERBOSE[0m Callback method :onPause in Class com.polarbit.fuse.Fuse
[WARNING] [32mVERBOSE[0m Callback method :onResume in Class com.polarbit.fuse.Fuse
[WARNING] [32mVERBOSE[0m Callback method :onSensorChanged in Class com.polarbit.fuse.Fuse
Result for benign-app-6089-CCD63A5DA692CD7EBE85AA8E3A70CF86FC2779CE49E9DE40957A7254424320F0.apkcom.joanol