DUA-Forensics args to Soot: -w -cp /home/handrick/Documents/TU_Darmstadt/benchmark/libs/droidfax.jar:/home/handrick/Android/Sdk/platforms/android-19/android.jar -p cg verbose:false,implicit-entry:true -p cg.spark verbose:false,on-fly-cg:true,rta:false -d /home/handrick/Documents/TU_Darmstadt/benchmark/trace/180/1/droidbot/benign-app-6156-A2BE1BD29BDC8C9FBB3B6095E4D3E4A299A29918E6E17C41861DE71D4F7DDE5F.apk.logcat -process-dir /home/handrick/Documents/TU_Darmstadt/benchmark/data/input/benign-app-6156-A2BE1BD29BDC8C9FBB3B6095E4D3E4A299A29918E6E17C41861DE71D4F7DDE5F.apk 
Soot started on Mon Apr 24 03:42:05 CEST 2023
Warning: com.ironsource.mobilcore.BaseFlowBasedAdUnit is a phantom class!
Warning: java.lang.invoke.LambdaMetafactory is a phantom class!
Warning: java.lang.ref.Finalizer is a phantom class!
Warning: cn.domob.android.ads.DomobAdManager$ErrorCode is a phantom class!
Warning: cn.domob.android.ads.DomobInterstitialAd is a phantom class!
Warning: cn.domob.android.ads.DomobInterstitialAdListener is a phantom class!
No main class given. Inferred 'com.sina.weibo.sdk.utils.MD5' as main class.
[Call Graph] For information on where the call graph may be incomplete, use the verbose option to the cg phase.
[Spark] Pointer Assignment Graph in 0.1 seconds.
[Spark] Type masks in 0.0 seconds.
[Spark] Pointer Graph simplified in 0.0 seconds.
[Spark] Propagation in 0.0 seconds.
[Spark] Solution found in 0.0 seconds.
hcai's internal transform
Running static analysis for method/class coverage characterization
0 ICC links found and 0 cg edges added due to ICC links
dynamic conflated call graph: 245 methods; 245 nodes; 308 edges.
feature-vector-key = benign-app-6156-A2BE1BD29BDC8C9FBB3B6095E4D3E4A299A29918E6E17C41861DE71D4F7DDE5F.apk
Result for benign-app-6156-A2BE1BD29BDC8C9FBB3B6095E4D3E4A299A29918E6E17C41861DE71D4F7DDE5F.apkcom.coboqo.fishn