DUA-Forensics args to Soot: -w -cp /home/handrick/Documents/TU_Darmstadt/benchmark/libs/droidfax.jar:/home/handrick/Android/Sdk/platforms/android-19/android.jar -p cg verbose:false,implicit-entry:true -p cg.spark verbose:false,on-fly-cg:true,rta:false -d /home/handrick/Documents/TU_Darmstadt/benchmark/trace/180/1/droidbot/benign-app-6215-CCBD096E1D831191155A12D0BD61297F1DAC141FC45D80D74065BDE6ECA73F46.apk.logcat -process-dir /home/handrick/Documents/TU_Darmstadt/benchmark/data/input/benign-app-6215-CCBD096E1D831191155A12D0BD61297F1DAC141FC45D80D74065BDE6ECA73F46.apk 
Soot started on Tue Apr 25 17:28:40 CEST 2023
Warning: com.ironsource.mobilcore.BaseFlowBasedAdUnit is a phantom class!
Warning: java.lang.invoke.LambdaMetafactory is a phantom class!
Warning: java.lang.ref.Finalizer is a phantom class!
Warning: com.google.ads.AdView is a phantom class!
Warning: com.google.ads.Ad is a phantom class!
Warning: com.google.ads.AdRequest$ErrorCode is a phantom class!
[Call Graph] For information on where the call graph may be incomplete, use the verbose option to the cg phase.
[Spark] Pointer Assignment Graph in 0.1 seconds.
[Spark] Type masks in 0.0 seconds.
[Spark] Pointer Graph simplified in 0.0 seconds.
[Spark] Propagation in 0.0 seconds.
[Spark] Solution found in 0.0 seconds.
hcai's internal transform
Running static analysis for method/class coverage characterization
0 ICC links found and 0 cg edges added due to ICC links
dynamic conflated call graph: 334 methods; 334 nodes; 415 edges.
feature-vector-key = benign-app-6215-CCBD096E1D831191155A12D0BD61297F1DAC141FC45D80D74065BDE6ECA73F46.apk
Result for benign-app-6215-CCBD096E1D831191155A12D0BD61297F1DAC141FC45D80D74065BDE6ECA73F46.apkcom.RunnerGames.game.Jewelsyb