DUA-Forensics args to Soot: -w -cp /home/handrick/Documents/TU_Darmstadt/benchmark/libs/droidfax.jar:/home/handrick/Android/Sdk/platforms/android-19/android.jar -p cg verbose:false,implicit-entry:true -p cg.spark verbose:false,on-fly-cg:true,rta:false -d /home/handrick/Documents/TU_Darmstadt/benchmark/trace/180/1/droidbot/malicious-app-6195-4A0944F06E455687ED05C0395252690057B3A2FF36FDD2F49540E10EA46533F0.apk.logcat -process-dir /home/handrick/Documents/TU_Darmstadt/benchmark/data/input/malicious-app-6195-4A0944F06E455687ED05C0395252690057B3A2FF36FDD2F49540E10EA46533F0.apk 
Soot started on Tue Apr 25 02:35:23 CEST 2023
Warning: com.ironsource.mobilcore.BaseFlowBasedAdUnit is a phantom class!
Warning: java.lang.invoke.LambdaMetafactory is a phantom class!
Warning: java.lang.ref.Finalizer is a phantom class!
Warning: com.adwhirl.AdWhirlLayout is a phantom class!
Warning: com.flurry.android.FlurryAgent is a phantom class!
Warning: com.google.ads.AdView is a phantom class!
Warning: com.google.android.gcm.GCMBaseIntentService is a phantom class!
Warning: com.google.android.gcm.GCMRegistrar is a phantom class!
Warning: com.heyzap.sdk.ads.InterstitialOverlay is a phantom class!
No main class given. Inferred 'com.shephertz.app42.paas.sdk.android.email.EmailResponseBuilder' as main class.
[Call Graph] For information on where the call graph may be incomplete, use the verbose option to the cg phase.
[Spark] Pointer Assignment Graph in 1.0 seconds.
[Spark] Type masks in 0.0 seconds.
[Spark] Pointer Graph simplified in 0.0 seconds.
[Spark] Propagation in 0.2 seconds.
[Spark] Solution found in 0.2 seconds.
hcai's internal transform
Running static analysis for method/class coverage characterization
0 ICC links found and 0 cg edges added due to ICC links
dynamic conflated call graph: 94 methods; 94 nodes; 118 edges.
feature-vector-key = malicious-app-6195-4A0944F06E455687ED05C0395252690057B3A2FF36FDD2F49540E10EA46533F0.apk
Result for malicious-app-6195-4A0944F06E455687ED05C0395252690057B3A2FF36FDD2F49540E10EA46533F0.apkcom.zrtc.Wslp