DUA-Forensics args to Soot: -w -cp /home/handrick/Documents/TU_Darmstadt/benchmark/libs/droidfax.jar:/home/handrick/Android/Sdk/platforms/android-19/android.jar -p cg verbose:false,implicit-entry:true -p cg.spark verbose:false,on-fly-cg:true,rta:false -d /home/handrick/Documents/TU_Darmstadt/benchmark/trace/180/3/droidbot/malicious-app-6091-667A6044BEB6E61990D9AB5B24E536E7CAEE5D9C49D5C7DDEDD39A15806B3B50.apk.logcat -process-dir /home/handrick/Documents/TU_Darmstadt/benchmark/data/input/malicious-app-6091-667A6044BEB6E61990D9AB5B24E536E7CAEE5D9C49D5C7DDEDD39A15806B3B50.apk 
Soot started on Sat Apr 22 19:36:41 CEST 2023
Warning: com.ironsource.mobilcore.BaseFlowBasedAdUnit is a phantom class!
Warning: java.lang.invoke.LambdaMetafactory is a phantom class!
Warning: java.lang.ref.Finalizer is a phantom class!
Warning: com.android.vending.billing.IMarketBillingService$Stub is a phantom class!
Warning: com.android.vending.billing.IMarketBillingService is a phantom class!
[Call Graph] For information on where the call graph may be incomplete, use the verbose option to the cg phase.
[Spark] Pointer Assignment Graph in 0.0 seconds.
[Spark] Type masks in 0.0 seconds.
[Spark] Pointer Graph simplified in 0.0 seconds.
[Spark] Propagation in 0.0 seconds.
[Spark] Solution found in 0.0 seconds.
hcai's internal transform
Running static analysis for security-relevant feature characterization
[GatorHierarchy] [32mVERBOSE[0m [HIER] All classes: 1601
[GatorHierarchy] [32mVERBOSE[0m [App: 508, Lib : 1088, Phantom: 5]
[GatorHierarchy] [32mVERBOSE[0m [HIER] Activities: 11, lib activities: 3
[GatorHierarchy] [32mVERBOSE[0m [HIER] App views: 5, Lib views: 18
[GatorHierarchy] [32mVERBOSE[0m [HIER] App Dialogs: 3, Lib Dialogs: 4
[TIMECOST] [32mVERBOSE[0m buildApplicationCodeMap parsing starting at 1682185002753
[TIMECOST] [32mVERBOSE[0m buildApplicationCodeMap parsing finished at 1682185008143
[Instantiated app classes] [32mVERBOSE[0m total number: 473
[WARNING] [32mVERBOSE[0m Callback method :onReceive in Class com.urbanairship.iap.marketinterface.BillingReceiver added
[WARNING] [32mVERBOSE[0m Callback method :onWindowFocusChanged in Class com.unity3d.player.UnityPlayerNativeActivity added
[WARNING] [32mVERBOSE[0m Callback method :onConfigurationChanged in Class com.unity3d.player.UnityPlayerNativeActivity added
[WARNING] [32mVERBOSE[0m Callback method :onPause in Class com.unity3d.player.UnityPlayerNativeActivity added
[WARNING] [32mVERBOSE[0m Callback method :onCreate in Class com.unity3d.player.UnityPlayerNativeActivity added
[WARNING] [32mVERBOSE[0m Callback method :onDestroy in Class com.unity3d.player.UnityPlayerNativeActivity added
[WARNING] [32mVERBOSE[0m Callback method :onResume in Class com.unity3d.player.UnityPlayerNativeActivity added
[WARNING] [32mVERBOSE[0m Callback method :onCreate in Class com.prime31.EtceteraProxyActivity added
[WARNING] [32mVERBOSE[0m Callback method :onActivityResult in Class com.prime31.EtceteraProxyActivity added
[WARNING] [32mVERBOSE[0m Callback method :onBind in Class com.urbanairship.location.LocationService added
[WARNING] [32mVERBOSE[0m Callback method :onDestroy in Class com.urbanairship.location.LocationService added
[WARNING] [32mVERBOSE[0m Callback method :onCreate in Class com.urbanairship.location.LocationService added
[WARNING] [32mVERBOSE[0m Callback method :onStart in Class com.urbanairship.location.LocationService added
[WARNING] [32mVERBOSE[0m Callback method :onTransact in Class com.urbanairship.location.ILocationService$Stub added
[WARNING] [32mVERBOSE[0m Callback method :asBinder in Class com.urbanairship.location.ILocationService$Stub added
[WARNING] [32mVERBOSE[0m Callback method :isPlaying in Class com.unity3d.player.VideoPlayer added
[WARNING] [32mVERBOSE[0m Callback method :onKeyDown in Class com.unity3d.player.VideoPlayer added
[WARNING] [32mVERBOSE[0m Callback method :getBufferPercentage in Class com.unity3d.player.VideoPlayer added
[WARNING] [32mVERBOSE[0m Callback method :pause in Class com.unity3d.player.VideoPlayer added
[WARNING] [32mVERBOSE[0m Callback method :onWindowFocusChanged in Class com.unity3d.player.VideoPlayer added
[WARNING] [32mVERBOSE[0m Callback method :onPrepared in Class com.unity3d.player.VideoPlayer added
[WARNING] [32mVERBOSE[0m Callback method :canSeekBackward in Class com.unity3d.player.VideoPlayer added
[WARNING] [32mVERBOSE[0m Callback method :onTouchEvent in Class com.unity3d.player.VideoPlayer added
[WARNING] [32mVERBOSE[0m Callback method :getDuration in Class com.unity3d.player.VideoPlayer added
[WARNING] [32mVERBOSE[0m Callback method :surfaceDestroyed in Class com.unity3d.player.VideoPlayer added
[WARNING] [32mVERBOSE[0m Callback method :onBufferingUpdate in Class com.unity3d.player.VideoPlayer added
[WARNING] [32mVERBOSE[0m Callback method :onConfigurationChanged in Class com.unity3d.player.VideoPlayer added
[WARNING] [32mVERBOSE[0m Callback method :getCurrentPosition in Class com.unity3d.player.VideoPlayer added
[WARNING] [32mVERBOSE[0m Callback method :start in Class com.unity3d.player.VideoPlayer added
[WARNING] [32mVERBOSE[0m Callback method :finish in Class com.unity3d.player.VideoPlayer added
[WARNING] [32mVERBOSE[0m Callback method :surfaceChanged in Class com.unity3d.player.VideoPlayer added
[WARNING] [32mVERBOSE[0m Callback method :canPause in Class com.unity3d.player.VideoPlayer added
[WARNING] [32mVERBOSE[0m Callback method :onPause in Class com.unity3d.player.VideoPlayer added
[WARNING] [32mVERBOSE[0m Callback method :surfaceCreated in Class com.unity3d.player.VideoPlayer added
[WARNING] [32mVERBOSE[0m Callback method :canSeekForward in Class com.unity3d.player.VideoPlayer added
[WARNING] [32mVERBOSE[0m Callback method :onCreate in Class com.unity3d.player.VideoPlayer added
[WARNING] [32mVERBOSE[0m Callback method :onSensorChanged in Class com.unity3d.player.VideoPlayer added
[WARNING] [32mVERBOSE[0m Callback method :seekTo in Class com.unity3d.player.VideoPlayer added
[WARNING] [32mVERBOSE[0m Callback method :onDestroy in Class com.unity3d.player.VideoPlayer added
[WARNING] [32mVERBOSE[0m Callback method :onVideoSizeChanged in Class com.unity3d.player.VideoPlayer added
[WARNING] [32mVERBOSE[0m Callback method :onAccuracyChanged in Class com.unity3d.player.VideoPlayer added
[WARNING] [32mVERBOSE[0m Callback method :onResume in Class com.unity3d.player.VideoPlayer added
[WARNING] [32mVERBOSE[0m Callback method :onCompletion in Class com.unity3d.player.VideoPlayer added
[WARNING] [32mVERBOSE[0m Callback method :onReceive in Class com.urbanairship.push.c2dm.C2DMPushReceiver added
[WARNING] [32mVERBOSE[0m Callback method :onReceive in Class com.games.AdReciver added
[WARNING] [32mVERBOSE[0m Callback method :onStop in Class com.urbanairship.analytics.InstrumentedListActivity added
[WARNING] [32mVERBOSE[0m Callback method :onStart in Class com.urbanairship.analytics.InstrumentedListActivity added
[WARNING] [32mVERBOSE[0m Callback method :onTransact in Class com.unity3d.player.a.c$a added
[WARNING] [32mVERBOSE[0m Callback method :asBinder in Class com.unity3d.player.a.c$a added
[WARNING] [32mVERBOSE[0m Callback method :surfaceDestroyed in Class com.unity3d.player.e added
[WARNING] [32mVERBOSE[0m Callback method :surfaceChanged in Class com.unity3d.player.e added
[WARNING] [32mVERBOSE[0m Callback method :isPlaying in Class com.prime31.P31VideoPlayerActivity added
[WARNING] [32mVERBOSE[0m Callback method :getBufferPercentage in Class com.prime31.P31VideoPlayerActivity added
[WARNING] [32mVERBOSE[0m Callback method :pause in Class com.prime31.P31VideoPlayerActivity added
[WARNING] [32mVERBOSE[0m Callback method :onPrepared in Class com.prime31.P31VideoPlayerActivity added
[WARNING] [32mVERBOSE[0m Callback method :canSeekBackward in Class com.prime31.P31VideoPlayerActivity added
[WARNING] [32mVERBOSE[0m Callback method :onTouchEvent in Class com.prime31.P31VideoPlayerActivity added
[WARNING] [32mVERBOSE[0m Callback method :getDuration in Class com.prime31.P31VideoPlayerActivity added
[WARNING] [32mVERBOSE[0m Callback method :surfaceDestroyed in Class com.prime31.P31VideoPlayerActivity added
[WARNING] [32mVERBOSE[0m Callback method :onBufferingUpdate in Class com.prime31.P31VideoPlayerActivity added
[WARNING] [32mVERBOSE[0m Callback method :onConfigurationChanged in Class com.prime31.P31VideoPlayerActivity added
[WARNING] [32mVERBOSE[0m Callback method :getCurrentPosition in Class com.prime31.P31VideoPlayerActivity added
[WARNING] [32mVERBOSE[0m Callback method :start in Class com.prime31.P31VideoPlayerActivity added
[WARNING] [32mVERBOSE[0m Callback method :onRetainNonConfigurationInstance in Class com.prime31.P31VideoPlayerActivity added
[WARNING] [32mVERBOSE[0m Callback method :surfaceChanged in Class com.prime31.P31VideoPlayerActivity added
[WARNING] [32mVERBOSE[0m Callback method :canPause in Class com.prime31.P31VideoPlayerActivity added
[WARNING] [32mVERBOSE[0m Callback method :onPause in Class com.prime31.P31VideoPlayerActivity added
[WARNING] [32mVERBOSE[0m Callback method :onStop in Class com.prime31.P31VideoPlayerActivity added
[WARNING] [32mVERBOSE[0m Callback method :surfaceCreated in Class com.prime31.P31VideoPlayerActivity added
[WARNING] [32mVERBOSE[0m Callback method :canSeekForward in Class com.prime31.P31VideoPlayerActivity added
[WARNING] [32mVERBOSE[0m Callback method :onCreate in Class com.prime31.P31VideoPlayerActivity added
[WARNING] [32mVERBOSE[0m Callback method :seekTo in Class com.prime31.P31VideoPlayerActivity added
[WARNING] [32mVERBOSE[0m Callback method :onDestroy in Class com.prime31.P31VideoPlayerActivity added
[WARNING] [32mVERBOSE[0m Callback method :onVideoSizeChanged in Class com.prime31.P31VideoPlayerActivity added
[WARNING] [32mVERBOSE[0m Callback method :onCompletion in Class com.prime31.P31VideoPlayerActivity added
[WARNING] [32mVERBOSE[0m Callback method :onBind in Class com.urbanairship.push.PushService added
[WARNING] [32mVERBOSE[0m Callback method :onDestroy in Class com.urbanairship.push.PushService added
[WARNING] [32mVERBOSE[0m Callback method :onStart in Class com.urbanairship.push.PushService added
[WARNING] [32mVERBOSE[0m Callback method :onDetachedFromWindow in Class com.unity3d.player.z added
[WARNING] [32mVERBOSE[0m Callback method :onGenericMotionEvent in Class com.unity3d.player.z added
[WARNING] [32mVERBOSE[0m Callback method :onKeyDown in Class com.unity3d.player.UnityPlayerActivity added
[WARNING] [32mVERBOSE[0m Callback method :onWindowFocusChanged in Class com.unity3d.player.UnityPlayerActivity added
[WARNING] [32mVERBOSE[0m Callback method :onConfigurationChanged in Class com.unity3d.player.UnityPlayerActivity added
[WARNING] [32mVERBOSE[0m Callback method :onPause in Class com.unity3d.player.UnityPlayerActivity added
[WARNING] [32mVERBOSE[0m Callback method :onCreate in Class com.unity3d.player.UnityPlayerActivity added
[WARNING] [32mVERBOSE[0m Callback method :onKeyUp in Class com.unity3d.player.UnityPlayerActivity added
[WARNING] [32mVERBOSE[0m Callback method :onDestroy in Class com.unity3d.player.UnityPlayerActivity added
[WARNING] [32mVERBOSE[0m Callback method :onResume in Class com.unity3d.player.UnityPlayerActivity added
[WARNING] [32mVERBOSE[0m Callback method :onStop in Class com.urbanairship.analytics.InstrumentedActivity added
[WARNING] [32mVERBOSE[0m Callback method :onStart in Class com.urbanairship.analytics.InstrumentedActivity added
[WARNING] [32mVERBOSE[0m Callback method :onCreate in Class com.prime31.EtceteraApplication added
[WARNING] [32mVERBOSE[0m Callback method :onReceive in Class com.urbanairship.CoreReceiver added
[WARNING] [32mVERBOSE[0m Callback method :onBackPressed in Class com.prime31.WebViewActivity added
[WARNING] [32mVERBOSE[0m Callback method :onCreate in Class com.prime31.WebViewActivity added
[WARNING] [32mVERBOSE[0m Callback method :onCreate in Class com.prime31.FacebookProxyActivity added
[WARNING] [32mVERBOSE[0m Callback method :onActivityResult in Class com.prime31.FacebookProxyActivity added
[WARNING] [32mVERBOSE[0m Callback method :onReceive in Class com.prime31.P31UAIntentReceiver added
[WARNING] [32mVERBOSE[0m Callback method :onCreate in Class com.ccx.xm.AdActivity added
[WARNING] [32mVERBOSE[0m Callback method :onTransact in Class com.unity3d.player.a.d$a added
[WARNING] [32mVERBOSE[0m Callback method :onCreate in Class com.unity3d.player.UnityPlayerProxyActivity added
0 ICC links found and 0 cg edges added due to ICC links
dynamic conflated call graph: 364 methods; 364 nodes; 489 edges.
maxpossibleFlows=1
maxpossibleFlows=1
maxpossibleFlows=1
maxpossibleFlows=1
maxpossibleFlows=1
maxpossibleFlows=1
maxpossibleFlows=1
maxpossibleFlows=1
maxpossibleFlows=1
maxpossibleFlows=1
maxpossibleFlows=1
maxpossibleFlows=1
maxpossibleFlows=1
maxpossibleFlows=1
maxpossibleFlows=1
maxpossibleFlows=1
maxpossibleFlows=1
maxpossibleFlows=1
maxpossibleFlows=1
maxpossibleFlows=1
maxpossibleFlows=1
maxpossibleFlows=1
maxpossibleFlows=1
maxpossibleFlows=1
maxpossibleFlows=1
maxpossibleFlows=1
maxpossibleFlows=1
maxpossibleFlows=1
maxpossibleFlows=1
maxpossibleFlows=1
maxpossibleFlows=1
maxpossibleFlows=1
maxpossibleFlows=1
maxpossibleFlows=2
maxpossibleFlows=1
maxpossibleFlows=1
maxpossibleFlows=1
maxpossibleFlows=1
maxpossibleFlows=1
maxpossibleFlows=1
maxpossibleFlows=1
maxpossibleFlows=1
maxpossibleFlows=1
maxpossibleFlows=1
maxpossibleFlows=1
maxpossibleFlows=1
maxpossibleFlows=1
maxpossibleFlows=1
maxpossibleFlows=1
maxpossibleFlows=1
maxpossibleFlows=1
maxpossibleFlows=1
maxpossibleFlows=1
1 taint flow paths FOUND from <android.view.ContextThemeWrapper: android.content.res.Resources getResources()> to <android.view.View: void setBackgroundColor(int)>
maxpossibleFlows=2
2 taint flow paths FOUND from <java.util.Properties: java.lang.String getProperty(java.lang.String)> to <java.util.Properties: java.lang.Object setProperty(java.lang.String,java.lang.String)>
maxpossibleFlows=1
maxpossibleFlows=4
maxpossibleFlows=1
1 taint flow paths FOUND from <java.lang.StringBuilder: java.lang.String toString()> to <android.view.View: void setBackgroundColor(int)>
maxpossibleFlows=4
4 taint flow paths FOUND from <android.telephony.TelephonyManager: java.lang.String getNetworkOperator()> to <java.lang.String: boolean startsWith(java.lang.String)>
maxpossibleFlows=1
maxpossibleFlows=1
maxpossibleFlows=1
maxpossibleFlows=1
maxpossibleFlows=1
maxpossibleFlows=1
maxpossibleFlows=1
maxpossibleFlows=1
maxpossibleFlows=1
maxpossibleFlows=2
maxpossibleFlows=1
maxpossibleFlows=1
maxpossibleFlows=1
1 taint flow paths FOUND from <android.content.ContextWrapper: android.content.Context getApplicationContext()> to <android.app.Activity: void setContentView(android.view.View)>
maxpossibleFlows=1
maxpossibleFlows=1
maxpossibleFlows=1
maxpossibleFlows=1
maxpossibleFlows=1
maxpossibleFlows=1
maxpossibleFlows=1
maxpossibleFlows=1
maxpossibleFlows=1
maxpossibleFlows=2
maxpossibleFlows=1
1 taint flow paths FOUND from <android.content.ContextWrapper: android.content.pm.PackageManager getPackageManager()> to <android.view.View: void setBackgroundResource(int)>
maxpossibleFlows=1
maxpossibleFlows=1
maxpossibleFlows=1
maxpossibleFlows=1
maxpossibleFlows=1
maxpossibleFlows=1
maxpossibleFlows=1
maxpossibleFlows=1
maxpossibleFlows=1
maxpossibleFlows=1
maxpossibleFlows=1
maxpossibleFlows=1
maxpossibleFlows=1
maxpossibleFlows=1
maxpossibleFlows=1
maxpossibleFlows=1
maxpossibleFlows=1
maxpossibleFlows=1
maxpossibleFlows=2
2 taint flow paths FOUND from <java.io.File: java.io.File[] listFiles()> to <java.net.HttpURLConnection: void setRequestMethod(java.lang.String)>
maxpossibleFlows=1
maxpossibleFlows=1
1 taint flow paths FOUND from <android.content.res.Resources: android.util.DisplayMetrics getDisplayMetrics()> to <android.view.View: void setBackgroundColor(int)>
maxpossibleFlows=2
2 taint flow paths FOUND from <java.lang.StringBuffer: java.lang.String toString()> to <java.net.HttpURLConnection: void setRequestMethod(java.lang.String)>
maxpossibleFlows=4
maxpossibleFlows=1
maxpossibleFlows=2
2 taint flow paths FOUND from <java.io.File: java.lang.String getAbsolutePath()> to <java.net.HttpURLConnection: void setRequestMethod(java.lang.String)>
maxpossibleFlows=1
maxpossibleFlows=1
maxpossibleFlows=1
maxpossibleFlows=1
maxpossibleFlows=1
maxpossibleFlows=1
maxpossibleFlows=1
maxpossibleFlows=1
maxpossibleFlows=1
maxpossibleFlows=1
maxpossibleFlows=1
maxpossibleFlows=1
maxpossibleFlows=1
maxpossibleFlows=1
maxpossibleFlows=1
maxpossibleFlows=1
maxpossibleFlows=1
maxpossibleFlows=1
maxpossibleFlows=1
maxpossibleFlows=1
maxpossibleFlows=1
maxpossibleFlows=1
maxpossibleFlows=1
maxpossibleFlows=1
maxpossibleFlows=1
maxpossibleFlows=1
maxpossibleFlows=4
4 taint flow paths FOUND from <android.app.Activity: java.lang.Object getSystemService(java.lang.String)> to <java.lang.String: boolean startsWith(java.lang.String)>
maxpossibleFlows=1
maxpossibleFlows=1
maxpossibleFlows=1
maxpossibleFlows=1
1 taint flow paths FOUND from <android.app.Activity: android.view.WindowManager getWindowManager()> to <android.app.Activity: void setContentView(android.view.View)>
maxpossibleFlows=1
maxpossibleFlows=1
maxpossibleFlows=1
maxpossibleFlows=1
maxpossibleFlows=1
maxpossibleFlows=1
maxpossibleFlows=1
maxpossibleFlows=1
maxpossibleFlows=1
maxpossibleFlows=1
maxpossibleFlows=1
maxpossibleFlows=1
maxpossibleFlows=1
maxpossibleFlows=1
maxpossibleFlows=1
maxpossibleFlows=1
maxpossibleFlows=1
maxpossibleFlows=1
1 taint flow paths FOUND from <android.view.View: android.content.Context getContext()> to <android.util.Log: int e(java.lang.String,java.lang.String)>
maxpossibleFlows=2
2 taint flow paths FOUND from <android.content.ContextWrapper: java.io.File getDir(java.lang.String,int)> to <java.net.HttpURLConnection: void setRequestMethod(java.lang.String)>
maxpossibleFlows=1
maxpossibleFlows=1
maxpossibleFlows=1
maxpossibleFlows=1
maxpossibleFlows=1
maxpossibleFlows=1
maxpossibleFlows=1
maxpossibleFlows=1
maxpossibleFlows=1
maxpossibleFlows=1
maxpossibleFlows=1
1 taint flow paths FOUND from <android.app.Activity: android.view.Window getWindow()> to <android.view.Window: void setFlags(int,int)>
maxpossibleFlows=1
maxpossibleFlows=1
maxpossibleFlows=2
maxpossibleFlows=1
maxpossibleFlows=1
maxpossibleFlows=1
1 taint flow paths FOUND from <android.content.ContextWrapper: java.lang.String getPackageName()> to <android.view.View: void setBackgroundResource(int)>
maxpossibleFlows=1
maxpossibleFlows=1
maxpossibleFlows=1
maxpossibleFlows=1
maxpossibleFlows=1
maxpossibleFlows=1
maxpossibleFlows=1
maxpossibleFlows=1
maxpossibleFlows=1
maxpossibleFlows=1
maxpossibleFlows=1
maxpossibleFlows=1
maxpossibleFlows=1
maxpossibleFlows=1
maxpossibleFlows=1
maxpossibleFlows=1
maxpossibleFlows=1
maxpossibleFlows=1
maxpossibleFlows=1
maxpossibleFlows=1
maxpossibleFlows=1
maxpossibleFlows=1
maxpossibleFlows=1
maxpossibleFlows=1
maxpossibleFlows=1
maxpossibleFlows=4
maxpossibleFlows=4
4 taint flow paths FOUND from <android.telephony.TelephonyManager: java.lang.String getNetworkOperator()> to <java.lang.String: boolean startsWith(java.lang.String)>
maxpossibleFlows=1
maxpossibleFlows=1
maxpossibleFlows=1
1 taint flow paths FOUND from <android.view.ContextThemeWrapper: android.content.res.Resources getResources()> to <android.view.View: void setBackgroundColor(int)>
maxpossibleFlows=2
maxpossibleFlows=2
2 taint flow paths FOUND from <java.util.Properties: java.lang.String getProperty(java.lang.String)> to <java.util.Properties: java.lang.Object setProperty(java.lang.String,java.lang.String)>
maxpossibleFlows=1
maxpossibleFlows=1
maxpossibleFlows=1
maxpossibleFlows=1
maxpossibleFlows=1
maxpossibleFlows=1
maxpossibleFlows=1
maxpossibleFlows=1
maxpossibleFlows=1
maxpossibleFlows=1
maxpossibleFlows=1
maxpossibleFlows=1
maxpossibleFlows=1
maxpossibleFlows=1
maxpossibleFlows=1
maxpossibleFlows=1
maxpossibleFlows=1
maxpossibleFlows=1
maxpossibleFlows=1
maxpossibleFlows=1
maxpossibleFlows=1
maxpossibleFlows=1
maxpossibleFlows=1
maxpossibleFlows=1
maxpossibleFlows=1
maxpossibleFlows=1
maxpossibleFlows=1
maxpossibleFlows=1
maxpossibleFlows=1
maxpossibleFlows=1
maxpossibleFlows=1
maxpossibleFlows=1
maxpossibleFlows=1
maxpossibleFlows=1
maxpossibleFlows=1
maxpossibleFlows=1
maxpossibleFlows=1
maxpossibleFlows=1
maxpossibleFlows=1
maxpossibleFlows=1
maxpossibleFlows=1
maxpossibleFlows=1
maxpossibleFlows=1
maxpossibleFlows=1
maxpossibleFlows=1
1 taint flow paths FOUND from <android.app.Activity: android.view.Window getWindow()> to <android.view.Window: void setFlags(int,int)>
maxpossibleFlows=1
1 taint flow paths FOUND from <android.content.ContextWrapper: android.content.pm.PackageManager getPackageManager()> to <android.view.View: void setBackgroundResource(int)>
maxpossibleFlows=1
1 taint flow paths FOUND from <android.content.ContextWrapper: android.content.pm.PackageManager getPackageManager()> to <android.widget.ProgressBar: void setVisibility(int)>
maxpossibleFlows=1
maxpossibleFlows=1
maxpossibleFlows=1
maxpossibleFlows=1
maxpossibleFlows=1
maxpossibleFlows=1
maxpossibleFlows=1
1 taint flow paths FOUND from <android.view.ContextThemeWrapper: android.content.res.Resources getResources()> to <android.app.Activity: void setContentView(android.view.View)>
maxpossibleFlows=1
1 taint flow paths FOUND from <android.content.ContextWrapper: android.content.pm.PackageManager getPackageManager()> to <android.app.Activity: void startActivity(android.content.Intent)>
maxpossibleFlows=1
maxpossibleFlows=1
maxpossibleFlows=1
maxpossibleFlows=1
maxpossibleFlows=1
1 taint flow paths FOUND from <android.content.ContextWrapper: android.content.pm.PackageManager getPackageManager()> to <android.view.View: void setVisibility(int)>
maxpossibleFlows=1
maxpossibleFlows=1
maxpossibleFlows=1
maxpossibleFlows=1
maxpossibleFlows=1
maxpossibleFlows=1
maxpossibleFlows=1
1 taint flow paths FOUND from <android.view.ContextThemeWrapper: android.content.res.Resources getResources()> to <android.app.Activity: void setVolumeControlStream(int)>
maxpossibleFlows=2
2 taint flow paths FOUND from <java.lang.StringBuilder: java.lang.String toString()> to <java.net.HttpURLConnection: void setRequestMethod(java.lang.String)>
maxpossibleFlows=1
maxpossibleFlows=1
maxpossibleFlows=1
maxpossibleFlows=1
maxpossibleFlows=1
maxpossibleFlows=1
maxpossibleFlows=1
maxpossibleFlows=1
maxpossibleFlows=1
maxpossibleFlows=1
maxpossibleFlows=1
maxpossibleFlows=1
maxpossibleFlows=1
maxpossibleFlows=1
maxpossibleFlows=1
maxpossibleFlows=1
maxpossibleFlows=1
maxpossibleFlows=1
maxpossibleFlows=1
maxpossibleFlows=1
maxpossibleFlows=1
maxpossibleFlows=1
maxpossibleFlows=1
maxpossibleFlows=1
maxpossibleFlows=1
maxpossibleFlows=1
maxpossibleFlows=1
maxpossibleFlows=1
maxpossibleFlows=1
maxpossibleFlows=1
maxpossibleFlows=1
maxpossibleFlows=1
maxpossibleFlows=1
maxpossibleFlows=1
maxpossibleFlows=1
maxpossibleFlows=1
maxpossibleFlows=1
maxpossibleFlows=1
maxpossibleFlows=1
maxpossibleFlows=1
maxpossibleFlows=1
maxpossibleFlows=1
maxpossibleFlows=1
maxpossibleFlows=1
maxpossibleFlows=1
maxpossibleFlows=1
maxpossibleFlows=1
1 taint flow paths FOUND from <java.lang.StringBuilder: java.lang.String toString()> to <android.util.Log: int w(java.lang.String,java.lang.String)>
maxpossibleFlows=1
maxpossibleFlows=1
maxpossibleFlows=1
maxpossibleFlows=1
maxpossibleFlows=1
maxpossibleFlows=1
maxpossibleFlows=1
maxpossibleFlows=1
maxpossibleFlows=1
1 taint flow paths FOUND from <java.lang.StringBuilder: java.lang.String toString()> to <android.util.Log: int e(java.lang.String,java.lang.String)>
maxpossibleFlows=2
2 taint flow paths FOUND from <java.util.Properties: java.lang.String getProperty(java.lang.String)> to <java.net.URL: void <init>(java.lang.String)>
maxpossibleFlows=2
2 taint flow paths FOUND from <java.lang.StringBuilder: java.lang.String toString()> to <java.net.URL: java.net.URLConnection openConnection()>
[WARNING] [32mVERBOSE[0m Callback method :<init> in Class com.prime31.P31VideoPlayerActivity
[WARNING] [32mVERBOSE[0m Callback method :canPause in Class com.prime31.P31VideoPlayerActivity
[WARNING] [32mVERBOSE[0m Callback method :canSeekBackward in Class com.prime31.P31VideoPlayerActivity
[WARNING] [32mVERBOSE[0m Callback method :canSeekForward in Class com.prime31.P31VideoPlayerActivity
[WARNING] [32mVERBOSE[0m Callback method :getBufferPercentage in Class com.prime31.P31VideoPlayerActivity
[WARNING] [32mVERBOSE[0m Callback method :getCurrentPosition in Class com.prime31.P31VideoPlayerActivity
[WARNING] [32mVERBOSE[0m Callback method :getDuration in Class com.prime31.P31VideoPlayerActivity
[WARNING] [32mVERBOSE[0m Callback method :isPlaying in Class com.prime31.P31VideoPlayerActivity
[WARNING] [32mVERBOSE[0m Callback method :onBufferingUpdate in Class com.prime31.P31VideoPlayerActivity
[WARNING] [32mVERBOSE[0m Callback method :onCompletion in Class com.prime31.P31VideoPlayerActivity
[WARNING] [32mVERBOSE[0m Callback method :onConfigurationChanged in Class com.prime31.P31VideoPlayerActivity
[WARNING] [32mVERBOSE[0m Callback method :onCreate in Class com.prime31.P31VideoPlayerActivity
[WARNING] [32mVERBOSE[0m Callback method :onDestroy in Class com.prime31.P31VideoPlayerActivity
[WARNING] [32mVERBOSE[0m Callback method :onPause in Class com.prime31.P31VideoPlayerActivity
[WARNING] [32mVERBOSE[0m Callback method :onPrepared in Class com.prime31.P31VideoPlayerActivity
[WARNING] [32mVERBOSE[0m Callback method :onRetainNonConfigurationInstance in Class com.prime31.P31VideoPlayerActivity
[WARNING] [32mVERBOSE[0m Callback method :onStop in Class com.prime31.P31VideoPlayerActivity
[WARNING] [32mVERBOSE[0m Callback method :onTouchEvent in Class com.prime31.P31VideoPlayerActivity
[WARNING] [32mVERBOSE[0m Callback method :onVideoSizeChanged in Class com.prime31.P31VideoPlayerActivity
[WARNING] [32mVERBOSE[0m Callback method :pause in Class com.prime31.P31VideoPlayerActivity
[WARNING] [32mVERBOSE[0m Callback method :seekTo in Class com.prime31.P31VideoPlayerActivity
[WARNING] [32mVERBOSE[0m Callback method :start in Class com.prime31.P31VideoPlayerActivity
[WARNING] [32mVERBOSE[0m Callback method :surfaceChanged in Class com.prime31.P31VideoPlayerActivity
[WARNING] [32mVERBOSE[0m Callback method :surfaceCreated in Class com.prime31.P31VideoPlayerActivity
[WARNING] [32mVERBOSE[0m Callback method :surfaceDestroyed in Class com.prime31.P31VideoPlayerActivity
[WARNING] [32mVERBOSE[0m Hierarchy.virtualDispatch called with non-concrete receiver class: com.unity3d.player.e, subsig: void surfaceChanged(android.view.SurfaceHolder,int,int,int)
[WARNING] [32mVERBOSE[0m Callback method :surfaceChanged in Class com.unity3d.player.e
[WARNING] [32mVERBOSE[0m Hierarchy.virtualDispatch called with non-concrete receiver class: com.unity3d.player.e, subsig: void surfaceDestroyed(android.view.SurfaceHolder)
[WARNING] [32mVERBOSE[0m Callback method :surfaceDestroyed in Class com.unity3d.player.e
[WARNING] [32mVERBOSE[0m Callback method :<init> in Class com.unity3d.player.VideoPlayer
[WARNING] [32mVERBOSE[0m Callback method :canPause in Class com.unity3d.player.VideoPlayer
[WARNING] [32mVERBOSE[0m Callback method :canSeekBackward in Class com.unity3d.player.VideoPlayer
[WARNING] [32mVERBOSE[0m Callback method :canSeekForward in Class com.unity3d.player.VideoPlayer
[WARNING] [32mVERBOSE[0m Callback method :finish in Class com.unity3d.player.VideoPlayer
[WARNING] [32mVERBOSE[0m Callback method :getBufferPercentage in Class com.unity3d.player.VideoPlayer
[WARNING] [32mVERBOSE[0m Callback method :getCurrentPosition in Class com.unity3d.player.VideoPlayer
[WARNING] [32mVERBOSE[0m Callback method :getDuration in Class com.unity3d.player.VideoPlayer
[WARNING] [32mVERBOSE[0m Callback method :isPlaying in Class com.unity3d.player.VideoPlayer
[WARNING] [32mVERBOSE[0m Callback method :onAccuracyChanged in Class com.unity3d.player.VideoPlayer
[WARNING] [32mVERBOSE[0m Callback method :onBufferingUpdate in Class com.unity3d.player.VideoPlayer
[WARNING] [32mVERBOSE[0m Callback method :onCompletion in Class com.unity3d.player.VideoPlayer
[WARNING] [32mVERBOSE[0m Callback method :onConfigurationChanged in Class com.unity3d.player.VideoPlayer
[WARNING] [32mVERBOSE[0m Callback method :onCreate in Class com.unity3d.player.VideoPlayer
[WARNING] [32mVERBOSE[0m Callback method :onDestroy in Class com.unity3d.player.VideoPlayer
[WARNING] [32mVERBOSE[0m Callback method :onKeyDown in Class com.unity3d.player.VideoPlayer
[WARNING] [32mVERBOSE[0m Callback method :onPause in Class com.unity3d.player.VideoPlayer
[WARNING] [32mVERBOSE[0m Callback method :onPrepared in Class com.unity3d.player.VideoPlayer
[WARNING] [32mVERBOSE[0m Callback method :onResume in Class com.unity3d.player.VideoPlayer
[WARNING] [32mVERBOSE[0m Callback method :onSensorChanged in Class com.unity3d.player.VideoPlayer
[WARNING] [32mVERBOSE[0m Callback method :onTouchEvent in Class com.unity3d.player.VideoPlayer
[WARNING] [32mVERBOSE[0m Callback method :onVideoSizeChanged in Class com.unity3d.player.VideoPlayer
[WARNING] [32mVERBOSE[0m Callback method :onWindowFocusChanged in Class com.unity3d.player.VideoPlayer
[WARNING] [32mVERBOSE[0m Callback method :pause in Class com.unity3d.player.VideoPlayer
[WARNING] [32mVERBOSE[0m Callback method :seekTo in Class com.unity3d.player.VideoPlayer
[WARNING] [32mVERBOSE[0m Callback method :start in Class com.unity3d.player.VideoPlayer
[WARNING] [32mVERBOSE[0m Callback method :surfaceChanged in Class com.unity3d.player.VideoPlayer
[WARNING] [32mVERBOSE[0m Callback method :surfaceCreated in Class com.unity3d.player.VideoPlayer
[WARNING] [32mVERBOSE[0m Callback method :surfaceDestroyed in Class com.unity3d.player.VideoPlayer
Result for malicious-app-6091-667A6044BEB6E61990D9AB5B24E536E7CAEE5D9C49D5C7DDEDD39A15806B3B50.apkcom.blokwise.cartl