DUA-Forensics args to Soot: -w -cp /home/handrick/Documents/TU_Darmstadt/benchmark/libs/droidfax.jar:/home/handrick/Android/Sdk/platforms/android-19/android.jar -p cg verbose:false,implicit-entry:true -p cg.spark verbose:false,on-fly-cg:true,rta:false -d /home/handrick/Documents/TU_Darmstadt/benchmark/trace/180/3/droidbot/malicious-app-6088-F58A6DFC11FE4DD7A5307C633F1D967D12CCF8E3DB3CAE06C4976B35942A5096.apk.logcat -process-dir /home/handrick/Documents/TU_Darmstadt/benchmark/data/input/malicious-app-6088-F58A6DFC11FE4DD7A5307C633F1D967D12CCF8E3DB3CAE06C4976B35942A5096.apk 
Soot started on Sat Apr 22 19:35:42 CEST 2023
Warning: com.ironsource.mobilcore.BaseFlowBasedAdUnit is a phantom class!
Warning: java.lang.invoke.LambdaMetafactory is a phantom class!
Warning: java.lang.ref.Finalizer is a phantom class!
Warning: com.google.ads.Ad is a phantom class!
Warning: com.google.ads.AdRequest$ErrorCode is a phantom class!
Warning: com.google.ads.InterstitialAd is a phantom class!
[Call Graph] For information on where the call graph may be incomplete, use the verbose option to the cg phase.
[Spark] Pointer Assignment Graph in 0.0 seconds.
[Spark] Type masks in 0.0 seconds.
[Spark] Pointer Graph simplified in 0.0 seconds.
[Spark] Propagation in 0.0 seconds.
[Spark] Solution found in 0.0 seconds.
hcai's internal transform
Running static analysis for method/class coverage characterization
0 ICC links found and 0 cg edges added due to ICC links
dynamic conflated call graph: 134 methods; 134 nodes; 161 edges.
feature-vector-key = malicious-app-6088-F58A6DFC11FE4DD7A5307C633F1D967D12CCF8E3DB3CAE06C4976B35942A5096.apk
Result for malicious-app-6088-F58A6DFC11FE4DD7A5307C633F1D967D12CCF8E3DB3CAE06C4976B35942A5096.apkcom.tuesdayquest.asz