DUA-Forensics args to Soot: -w -cp /home/handrick/Documents/TU_Darmstadt/benchmark/libs/droidfax.jar:/home/handrick/Android/Sdk/platforms/android-19/android.jar -p cg verbose:false,implicit-entry:true -p cg.spark verbose:false,on-fly-cg:true,rta:false -d /home/handrick/Documents/TU_Darmstadt/benchmark/trace/180/2/droidbot/malicious-app-6013-144372BAFEF675F5009372311157258D8B96CCEC9689C22FD49B5851887B1A69.apk.logcat -process-dir /home/handrick/Documents/TU_Darmstadt/benchmark/data/input/malicious-app-6013-144372BAFEF675F5009372311157258D8B96CCEC9689C22FD49B5851887B1A69.apk 
Soot started on Thu Apr 20 17:43:26 CEST 2023
Warning: com.ironsource.mobilcore.BaseFlowBasedAdUnit is a phantom class!
Warning: java.lang.invoke.LambdaMetafactory is a phantom class!
Warning: java.lang.ref.Finalizer is a phantom class!
get type from 'Z'
get type from 'Z'
[Call Graph] For information on where the call graph may be incomplete, use the verbose option to the cg phase.
[Spark] Pointer Assignment Graph in 0.0 seconds.
[Spark] Type masks in 0.0 seconds.
[Spark] Pointer Graph simplified in 0.0 seconds.
[Spark] Propagation in 0.0 seconds.
[Spark] Solution found in 0.0 seconds.
hcai's internal transform
Running static analysis for security-relevant feature characterization
[GatorHierarchy] [32mVERBOSE[0m [HIER] All classes: 1247
[GatorHierarchy] [32mVERBOSE[0m [App: 332, Lib : 912, Phantom: 3]
[GatorHierarchy] [32mVERBOSE[0m [HIER] Activities: 6, lib activities: 1
[GatorHierarchy] [32mVERBOSE[0m [HIER] App views: 2, Lib views: 14
[GatorHierarchy] [32mVERBOSE[0m [HIER] App Dialogs: 1, Lib Dialogs: 4
[TIMECOST] [32mVERBOSE[0m buildApplicationCodeMap parsing starting at 1682005407407
[TIMECOST] [32mVERBOSE[0m buildApplicationCodeMap parsing finished at 1682005410190
[Instantiated app classes] [32mVERBOSE[0m total number: 307
[WARNING] [32mVERBOSE[0m Callback method :onReceive in Class com.games.AdReciver added
[WARNING] [32mVERBOSE[0m Callback method :onTransact in Class com.nhn.android.appstore.iap.service.NIAPService$Stub added
[WARNING] [32mVERBOSE[0m Callback method :asBinder in Class com.nhn.android.appstore.iap.service.NIAPService$Stub added
[WARNING] [32mVERBOSE[0m Callback method :onTransact in Class com.sec.android.iap.IAPServiceCallback$Stub added
[WARNING] [32mVERBOSE[0m Callback method :asBinder in Class com.sec.android.iap.IAPServiceCallback$Stub added
[WARNING] [32mVERBOSE[0m Callback method :onTransact in Class com.nhn.android.appstore.iap.service.NIAPServiceCallback$Stub added
[WARNING] [32mVERBOSE[0m Callback method :asBinder in Class com.nhn.android.appstore.iap.service.NIAPServiceCallback$Stub added
[WARNING] [32mVERBOSE[0m Callback method :onKeyDown in Class com.skplanet.dodo.IapWeb added
[WARNING] [32mVERBOSE[0m Callback method :onConfigurationChanged in Class com.skplanet.dodo.IapWeb added
[WARNING] [32mVERBOSE[0m Callback method :onRestoreInstanceState in Class com.skplanet.dodo.IapWeb added
[WARNING] [32mVERBOSE[0m Callback method :onPause in Class com.skplanet.dodo.IapWeb added
[WARNING] [32mVERBOSE[0m Callback method :onStop in Class com.skplanet.dodo.IapWeb added
[WARNING] [32mVERBOSE[0m Callback method :onCreate in Class com.skplanet.dodo.IapWeb added
[WARNING] [32mVERBOSE[0m Callback method :onDestroy in Class com.skplanet.dodo.IapWeb added
[WARNING] [32mVERBOSE[0m Callback method :onStart in Class com.skplanet.dodo.IapWeb added
[WARNING] [32mVERBOSE[0m Callback method :onSaveInstanceState in Class com.skplanet.dodo.IapWeb added
[WARNING] [32mVERBOSE[0m Callback method :onActivityResult in Class com.skplanet.dodo.IapWeb is not concrete
[WARNING] [32mVERBOSE[0m Callback method :onResume in Class com.skplanet.dodo.IapWeb added
[WARNING] [32mVERBOSE[0m Callback method :onPause in Class org.cocos2dx.lib.Cocos2dxActivity added
[WARNING] [32mVERBOSE[0m Callback method :onCreate in Class com.magmon.Almostxwe.AlmostLegendary added
[WARNING] [32mVERBOSE[0m Callback method :onActivityResult in Class com.magmon.Almostxwe.AlmostLegendary added
[WARNING] [32mVERBOSE[0m Callback method :onResume in Class org.cocos2dx.lib.Cocos2dxActivity added
[WARNING] [32mVERBOSE[0m Callback method :onTransact in Class com.tmoney.aidl.ITMoneyBillingServiceCallback$Stub added
[WARNING] [32mVERBOSE[0m Callback method :asBinder in Class com.tmoney.aidl.ITMoneyBillingServiceCallback$Stub added
[WARNING] [32mVERBOSE[0m Callback method :onTransact in Class com.sec.android.iap.IAPConnector$Stub added
[WARNING] [32mVERBOSE[0m Callback method :asBinder in Class com.sec.android.iap.IAPConnector$Stub added
[WARNING] [32mVERBOSE[0m Callback method :onTransact in Class com.android.vending.billing.IInAppBillingService$Stub added
[WARNING] [32mVERBOSE[0m Callback method :asBinder in Class com.android.vending.billing.IInAppBillingService$Stub added
[WARNING] [32mVERBOSE[0m Callback method :onTransact in Class com.tmoney.aidl.ITMoneyBillingService$Stub added
[WARNING] [32mVERBOSE[0m Callback method :asBinder in Class com.tmoney.aidl.ITMoneyBillingService$Stub added
[WARNING] [32mVERBOSE[0m Callback method :onCreate in Class com.nhn.android.appstore.iap.payment.NIAPActivity added
[WARNING] [32mVERBOSE[0m Callback method :onDestroy in Class com.nhn.android.appstore.iap.payment.NIAPActivity added
[WARNING] [32mVERBOSE[0m Callback method :onActivityResult in Class com.nhn.android.appstore.iap.payment.NIAPActivity added
[WARNING] [32mVERBOSE[0m Callback method :onResume in Class com.nhn.android.appstore.iap.payment.NIAPActivity added
[WARNING] [32mVERBOSE[0m Callback method :onReceiveResult in Class com.skplanet.internal.dodo.dodo019$dodo013 is not concrete
[WARNING] [32mVERBOSE[0m Callback method :onCreate in Class com.ccx.xm.AdActivity added
[WARNING] [32mVERBOSE[0m Callback method :onDestroy in Class com.magmon.Almostxwe.GoogleBilling added
[WARNING] [32mVERBOSE[0m Callback method :onActivityResult in Class com.magmon.Almostxwe.GoogleBilling added
[WARNING] [32mVERBOSE[0m Callback method :onPause in Class org.cocos2dx.lib.Cocos2dxActivity added
[WARNING] [32mVERBOSE[0m Callback method :onCreate in Class org.cocos2dx.lib.Cocos2dxActivity added
[WARNING] [32mVERBOSE[0m Callback method :onResume in Class org.cocos2dx.lib.Cocos2dxActivity added
0 ICC links found and 0 cg edges added due to ICC links
dynamic conflated call graph: 219 methods; 219 nodes; 217 edges.
maxpossibleFlows=3
3 taint flow paths FOUND from <android.content.ContextWrapper: android.content.res.AssetManager getAssets()> to <android.content.res.AssetManager: android.content.res.AssetFileDescriptor openFd(java.lang.String)>
maxpossibleFlows=1
maxpossibleFlows=1
maxpossibleFlows=3
maxpossibleFlows=3
maxpossibleFlows=1
maxpossibleFlows=1
maxpossibleFlows=1
maxpossibleFlows=1
maxpossibleFlows=1
maxpossibleFlows=1
maxpossibleFlows=1
maxpossibleFlows=1
1 taint flow paths FOUND from <android.content.ContextWrapper: android.content.Context getApplicationContext()> to <android.content.ContextWrapper: boolean bindService(android.content.Intent,android.content.ServiceConnection,int)>
maxpossibleFlows=1
maxpossibleFlows=1
maxpossibleFlows=1
maxpossibleFlows=1
maxpossibleFlows=3
maxpossibleFlows=3
maxpossibleFlows=3
maxpossibleFlows=3
maxpossibleFlows=1
maxpossibleFlows=3
3 taint flow paths FOUND from <android.content.ContextWrapper: android.content.res.AssetManager getAssets()> to <android.content.res.AssetManager: android.content.res.AssetFileDescriptor openFd(java.lang.String)>
maxpossibleFlows=1
1 taint flow paths FOUND from <android.content.ContextWrapper: android.content.Context getApplicationContext()> to <android.content.ContextWrapper: boolean bindService(android.content.Intent,android.content.ServiceConnection,int)>
maxpossibleFlows=3
maxpossibleFlows=3
maxpossibleFlows=1
maxpossibleFlows=3
maxpossibleFlows=3
maxpossibleFlows=1
maxpossibleFlows=1
maxpossibleFlows=1
maxpossibleFlows=1
maxpossibleFlows=1
maxpossibleFlows=1
maxpossibleFlows=1
maxpossibleFlows=1
maxpossibleFlows=1
maxpossibleFlows=1
Result for malicious-app-6013-144372BAFEF675F5009372311157258D8B96CCEC9689C22FD49B5851887B1A69.apkcom.magmon.Almostxwe