DUA-Forensics args to Soot: -w -cp /home/handrick/Documents/TU_Darmstadt/benchmark/libs/droidfax.jar:/home/handrick/Android/Sdk/platforms/android-19/android.jar -p cg verbose:false,implicit-entry:true -p cg.spark verbose:false,on-fly-cg:true,rta:false -d /home/handrick/Documents/TU_Darmstadt/benchmark/trace/180/1/droidbot/benign-app-6143-DA07CD0BC42B7B3E630A2961598265B70C678565F137BA753E4C74F25518C0FD.apk.logcat -process-dir /home/handrick/Documents/TU_Darmstadt/benchmark/data/input/benign-app-6143-DA07CD0BC42B7B3E630A2961598265B70C678565F137BA753E4C74F25518C0FD.apk 
Soot started on Mon Apr 24 03:44:11 CEST 2023
Warning: com.ironsource.mobilcore.BaseFlowBasedAdUnit is a phantom class!
Warning: java.lang.invoke.LambdaMetafactory is a phantom class!
Warning: java.lang.ref.Finalizer is a phantom class!
Warning: com.google.ads.AdView is a phantom class!
[Call Graph] For information on where the call graph may be incomplete, use the verbose option to the cg phase.
[Spark] Pointer Assignment Graph in 0.0 seconds.
[Spark] Type masks in 0.0 seconds.
[Spark] Pointer Graph simplified in 0.0 seconds.
[Spark] Propagation in 0.0 seconds.
[Spark] Solution found in 0.0 seconds.
hcai's internal transform
Running static analysis for security-relevant feature characterization
[GatorHierarchy] [32mVERBOSE[0m [HIER] All classes: 755
[GatorHierarchy] [32mVERBOSE[0m [App: 75, Lib : 676, Phantom: 4]
[GatorHierarchy] [32mVERBOSE[0m [HIER] Activities: 21, lib activities: 1
[GatorHierarchy] [32mVERBOSE[0m [HIER] App views: 2, Lib views: 13
[GatorHierarchy] [32mVERBOSE[0m [HIER] App Dialogs: 0, Lib Dialogs: 3
[TIMECOST] [32mVERBOSE[0m buildApplicationCodeMap parsing starting at 1682300654010
[TIMECOST] [32mVERBOSE[0m buildApplicationCodeMap parsing finished at 1682300852636
[Instantiated app classes] [32mVERBOSE[0m total number: 45
[WARNING] [32mVERBOSE[0m Callback method :onKeyDown in Class com.freedomrecyle.carunblock.CrazyActivity added
[WARNING] [32mVERBOSE[0m Callback method :onPause in Class com.freedomrecyle.carunblock.CrazyActivity added
[WARNING] [32mVERBOSE[0m Callback method :onCreate in Class com.freedomrecyle.carunblock.CrazyActivity added
[WARNING] [32mVERBOSE[0m Callback method :onClick in Class com.freedomrecyle.carunblock.CrazyActivity added
[WARNING] [32mVERBOSE[0m Callback method :onResume in Class com.freedomrecyle.carunblock.CrazyActivity added
[WARNING] [32mVERBOSE[0m Callback method :onCreate in Class com.freedomrecyle.carunblock.CarUnblockActivity added
[WARNING] [32mVERBOSE[0m Callback method :onKeyDown in Class com.freedomrecyle.carunblock.HardActivity added
[WARNING] [32mVERBOSE[0m Callback method :onPause in Class com.freedomrecyle.carunblock.HardActivity added
[WARNING] [32mVERBOSE[0m Callback method :onCreate in Class com.freedomrecyle.carunblock.HardActivity added
[WARNING] [32mVERBOSE[0m Callback method :onClick in Class com.freedomrecyle.carunblock.HardActivity added
[WARNING] [32mVERBOSE[0m Callback method :onResume in Class com.freedomrecyle.carunblock.HardActivity added
[WARNING] [32mVERBOSE[0m Callback method :onKeyDown in Class com.freedomrecyle.carunblock.SelectActivity added
[WARNING] [32mVERBOSE[0m Callback method :onPause in Class com.freedomrecyle.carunblock.SelectActivity added
[WARNING] [32mVERBOSE[0m Callback method :onCreate in Class com.freedomrecyle.carunblock.SelectActivity added
[WARNING] [32mVERBOSE[0m Callback method :onResume in Class com.freedomrecyle.carunblock.SelectActivity added
[WARNING] [32mVERBOSE[0m Callback method :onKeyDown in Class com.freedomrecyle.carunblock.SelectNormalActivity added
[WARNING] [32mVERBOSE[0m Callback method :onPause in Class com.freedomrecyle.carunblock.SelectNormalActivity added
[WARNING] [32mVERBOSE[0m Callback method :onCreate in Class com.freedomrecyle.carunblock.SelectNormalActivity added
[WARNING] [32mVERBOSE[0m Callback method :onResume in Class com.freedomrecyle.carunblock.SelectNormalActivity added
[WARNING] [32mVERBOSE[0m Callback method :onKeyDown in Class com.freedomrecyle.carunblock.Easy4Activity added
[WARNING] [32mVERBOSE[0m Callback method :onPause in Class com.freedomrecyle.carunblock.Easy4Activity added
[WARNING] [32mVERBOSE[0m Callback method :onCreate in Class com.freedomrecyle.carunblock.Easy4Activity added
[WARNING] [32mVERBOSE[0m Callback method :onClick in Class com.freedomrecyle.carunblock.Easy4Activity added
[WARNING] [32mVERBOSE[0m Callback method :onResume in Class com.freedomrecyle.carunblock.Easy4Activity added
[WARNING] [32mVERBOSE[0m Callback method :onKeyDown in Class com.freedomrecyle.carunblock.SelectEasyActivity added
[WARNING] [32mVERBOSE[0m Callback method :onPause in Class com.freedomrecyle.carunblock.SelectEasyActivity added
[WARNING] [32mVERBOSE[0m Callback method :onCreate in Class com.freedomrecyle.carunblock.SelectEasyActivity added
[WARNING] [32mVERBOSE[0m Callback method :onResume in Class com.freedomrecyle.carunblock.SelectEasyActivity added
[WARNING] [32mVERBOSE[0m Callback method :onKeyDown in Class com.freedomrecyle.carunblock.CoverActivity added
[WARNING] [32mVERBOSE[0m Callback method :onCreateDialog in Class com.freedomrecyle.carunblock.CoverActivity added
[WARNING] [32mVERBOSE[0m Callback method :onPause in Class com.freedomrecyle.carunblock.CoverActivity added
[WARNING] [32mVERBOSE[0m Callback method :onCreate in Class com.freedomrecyle.carunblock.CoverActivity added
[WARNING] [32mVERBOSE[0m Callback method :onResume in Class com.freedomrecyle.carunblock.CoverActivity added
[WARNING] [32mVERBOSE[0m Callback method :onCreate in Class com.mode.sdk.AdActivity added
[WARNING] [32mVERBOSE[0m Callback method :onKeyDown in Class com.freedomrecyle.carunblock.Easy2Activity added
[WARNING] [32mVERBOSE[0m Callback method :onPause in Class com.freedomrecyle.carunblock.Easy2Activity added
[WARNING] [32mVERBOSE[0m Callback method :onCreate in Class com.freedomrecyle.carunblock.Easy2Activity added
[WARNING] [32mVERBOSE[0m Callback method :onClick in Class com.freedomrecyle.carunblock.Easy2Activity added
[WARNING] [32mVERBOSE[0m Callback method :onResume in Class com.freedomrecyle.carunblock.Easy2Activity added
[WARNING] [32mVERBOSE[0m Callback method :onKeyDown in Class com.freedomrecyle.carunblock.Crazy2Activity added
[WARNING] [32mVERBOSE[0m Callback method :onPause in Class com.freedomrecyle.carunblock.Crazy2Activity added
[WARNING] [32mVERBOSE[0m Callback method :onCreate in Class com.freedomrecyle.carunblock.Crazy2Activity added
[WARNING] [32mVERBOSE[0m Callback method :onClick in Class com.freedomrecyle.carunblock.Crazy2Activity added
[WARNING] [32mVERBOSE[0m Callback method :onResume in Class com.freedomrecyle.carunblock.Crazy2Activity added
[WARNING] [32mVERBOSE[0m Callback method :onTouchEvent in Class com.freedomrecyle.carunblock.view.GameView added
[WARNING] [32mVERBOSE[0m Callback method :onSizeChanged in Class com.freedomrecyle.carunblock.view.TileView added
[WARNING] [32mVERBOSE[0m Callback method :onDraw in Class com.freedomrecyle.carunblock.view.GameView added
[WARNING] [32mVERBOSE[0m Callback method :onSizeChanged in Class com.freedomrecyle.carunblock.view.TileView added
[WARNING] [32mVERBOSE[0m Callback method :onDraw in Class com.freedomrecyle.carunblock.view.TileView added
[WARNING] [32mVERBOSE[0m Callback method :onKeyDown in Class com.freedomrecyle.carunblock.SelectHardActivity added
[WARNING] [32mVERBOSE[0m Callback method :onPause in Class com.freedomrecyle.carunblock.SelectHardActivity added
[WARNING] [32mVERBOSE[0m Callback method :onCreate in Class com.freedomrecyle.carunblock.SelectHardActivity added
[WARNING] [32mVERBOSE[0m Callback method :onResume in Class com.freedomrecyle.carunblock.SelectHardActivity added
[WARNING] [32mVERBOSE[0m Callback method :onKeyDown in Class com.freedomrecyle.carunblock.Easy3Activity added
[WARNING] [32mVERBOSE[0m Callback method :onPause in Class com.freedomrecyle.carunblock.Easy3Activity added
[WARNING] [32mVERBOSE[0m Callback method :onCreate in Class com.freedomrecyle.carunblock.Easy3Activity added
[WARNING] [32mVERBOSE[0m Callback method :onClick in Class com.freedomrecyle.carunblock.Easy3Activity added
[WARNING] [32mVERBOSE[0m Callback method :onResume in Class com.freedomrecyle.carunblock.Easy3Activity added
[WARNING] [32mVERBOSE[0m Callback method :onKeyDown in Class com.freedomrecyle.carunblock.Hard2Activity added
[WARNING] [32mVERBOSE[0m Callback method :onPause in Class com.freedomrecyle.carunblock.Hard2Activity added
[WARNING] [32mVERBOSE[0m Callback method :onCreate in Class com.freedomrecyle.carunblock.Hard2Activity added
[WARNING] [32mVERBOSE[0m Callback method :onClick in Class com.freedomrecyle.carunblock.Hard2Activity added
[WARNING] [32mVERBOSE[0m Callback method :onResume in Class com.freedomrecyle.carunblock.Hard2Activity added
[WARNING] [32mVERBOSE[0m Callback method :onKeyDown in Class com.freedomrecyle.carunblock.Normal2Activity added
[WARNING] [32mVERBOSE[0m Callback method :onPause in Class com.freedomrecyle.carunblock.Normal2Activity added
[WARNING] [32mVERBOSE[0m Callback method :onCreate in Class com.freedomrecyle.carunblock.Normal2Activity added
[WARNING] [32mVERBOSE[0m Callback method :onClick in Class com.freedomrecyle.carunblock.Normal2Activity added
[WARNING] [32mVERBOSE[0m Callback method :onResume in Class com.freedomrecyle.carunblock.Normal2Activity added
[WARNING] [32mVERBOSE[0m Callback method :onKeyDown in Class com.freedomrecyle.carunblock.SelectCrazyActivity added
[WARNING] [32mVERBOSE[0m Callback method :onPause in Class com.freedomrecyle.carunblock.SelectCrazyActivity added
[WARNING] [32mVERBOSE[0m Callback method :onCreate in Class com.freedomrecyle.carunblock.SelectCrazyActivity added
[WARNING] [32mVERBOSE[0m Callback method :onResume in Class com.freedomrecyle.carunblock.SelectCrazyActivity added
[WARNING] [32mVERBOSE[0m Callback method :onKeyDown in Class com.freedomrecyle.carunblock.Normal3Activity added
[WARNING] [32mVERBOSE[0m Callback method :onCreate in Class com.freedomrecyle.carunblock.Normal3Activity added
[WARNING] [32mVERBOSE[0m Callback method :onClick in Class com.freedomrecyle.carunblock.Normal3Activity added
[WARNING] [32mVERBOSE[0m Callback method :onKeyDown in Class com.freedomrecyle.carunblock.NewGameActivity added
[WARNING] [32mVERBOSE[0m Callback method :onCreateDialog in Class com.freedomrecyle.carunblock.NewGameActivity added
[WARNING] [32mVERBOSE[0m Callback method :onPause in Class com.freedomrecyle.carunblock.NewGameActivity added
[WARNING] [32mVERBOSE[0m Callback method :onCreate in Class com.freedomrecyle.carunblock.NewGameActivity added
[WARNING] [32mVERBOSE[0m Callback method :onDestroy in Class com.freedomrecyle.carunblock.NewGameActivity added
[WARNING] [32mVERBOSE[0m Callback method :onResume in Class com.freedomrecyle.carunblock.NewGameActivity added
[WARNING] [32mVERBOSE[0m Callback method :onKeyDown in Class com.freedomrecyle.carunblock.EasyActivity added
[WARNING] [32mVERBOSE[0m Callback method :onPause in Class com.freedomrecyle.carunblock.EasyActivity added
[WARNING] [32mVERBOSE[0m Callback method :onCreate in Class com.freedomrecyle.carunblock.EasyActivity added
[WARNING] [32mVERBOSE[0m Callback method :onClick in Class com.freedomrecyle.carunblock.EasyActivity added
[WARNING] [32mVERBOSE[0m Callback method :onResume in Class com.freedomrecyle.carunblock.EasyActivity added
[WARNING] [32mVERBOSE[0m Callback method :onCreate in Class com.freedomrecyle.carunblock.More added
[WARNING] [32mVERBOSE[0m Callback method :onKeyDown in Class com.freedomrecyle.carunblock.NormalActivity added
[WARNING] [32mVERBOSE[0m Callback method :onPause in Class com.freedomrecyle.carunblock.NormalActivity added
[WARNING] [32mVERBOSE[0m Callback method :onCreate in Class com.freedomrecyle.carunblock.NormalActivity added
[WARNING] [32mVERBOSE[0m Callback method :onClick in Class com.freedomrecyle.carunblock.NormalActivity added
[WARNING] [32mVERBOSE[0m Callback method :onResume in Class com.freedomrecyle.carunblock.NormalActivity added
[WARNING] [32mVERBOSE[0m Callback method :onReceive in Class com.games.AdReciver added
0 ICC links found and 0 cg edges added due to ICC links
dynamic conflated call graph: 75 methods; 75 nodes; 86 edges.
maxpossibleFlows=1
maxpossibleFlows=1
maxpossibleFlows=1
1 taint flow paths FOUND from <android.content.ContextWrapper: android.content.res.AssetManager getAssets()> to <android.view.View: void setBackgroundResource(int)>
maxpossibleFlows=1
maxpossibleFlows=1
maxpossibleFlows=1
maxpossibleFlows=1
maxpossibleFlows=1
maxpossibleFlows=1
maxpossibleFlows=1
maxpossibleFlows=1
maxpossibleFlows=1
maxpossibleFlows=1
maxpossibleFlows=1
maxpossibleFlows=1
1 taint flow paths FOUND from <android.app.Activity: android.view.WindowManager getWindowManager()> to <android.view.View: void setBackgroundResource(int)>
maxpossibleFlows=1
1 taint flow paths FOUND from <android.app.Activity: android.view.Window getWindow()> to <android.webkit.WebSettings: void setSavePassword(boolean)>
maxpossibleFlows=1
maxpossibleFlows=1
maxpossibleFlows=1
maxpossibleFlows=1
maxpossibleFlows=1
maxpossibleFlows=1
maxpossibleFlows=1
maxpossibleFlows=1
maxpossibleFlows=1
maxpossibleFlows=1
maxpossibleFlows=1
maxpossibleFlows=1
maxpossibleFlows=1
1 taint flow paths FOUND from <android.webkit.WebView: android.webkit.WebSettings getSettings()> to <android.webkit.WebSettings: void setSavePassword(boolean)>
maxpossibleFlows=1
maxpossibleFlows=1
maxpossibleFlows=1
maxpossibleFlows=1
maxpossibleFlows=1
maxpossibleFlows=1
1 taint flow paths FOUND from <android.app.Activity: android.view.Window getWindow()> to <android.webkit.WebSettings: void setSavePassword(boolean)>
maxpossibleFlows=1
maxpossibleFlows=1
1 taint flow paths FOUND from <android.app.Activity: android.view.Window getWindow()> to <android.webkit.WebSettings: void setSupportZoom(boolean)>
maxpossibleFlows=1
maxpossibleFlows=1
1 taint flow paths FOUND from <android.app.Activity: android.view.Window getWindow()> to <android.webkit.WebSettings: void setJavaScriptEnabled(boolean)>
maxpossibleFlows=1
maxpossibleFlows=1
1 taint flow paths FOUND from <android.app.Activity: android.view.Window getWindow()> to <android.webkit.WebSettings: void setSaveFormData(boolean)>
maxpossibleFlows=1
maxpossibleFlows=1
maxpossibleFlows=1
maxpossibleFlows=1
1 taint flow paths FOUND from <android.app.Activity: android.view.Window getWindow()> to <android.app.Activity: void setContentView(int)>
maxpossibleFlows=1
maxpossibleFlows=1
1 taint flow paths FOUND from <android.app.Activity: android.view.Window getWindow()> to <android.webkit.WebSettings: void setBuiltInZoomControls(boolean)>
maxpossibleFlows=1
maxpossibleFlows=1
maxpossibleFlows=1
maxpossibleFlows=1
1 taint flow paths FOUND from <android.app.Activity: android.view.Window getWindow()> to <android.view.Window: void setFlags(int,int)>
maxpossibleFlows=1
1 taint flow paths FOUND from <android.content.ContextWrapper: android.content.res.AssetManager getAssets()> to <android.view.View: void setBackgroundResource(int)>
maxpossibleFlows=1
1 taint flow paths FOUND from <android.content.ContextWrapper: android.content.res.AssetManager getAssets()> to <android.widget.TextView: void setTypeface(android.graphics.Typeface)>
maxpossibleFlows=1
maxpossibleFlows=1
1 taint flow paths FOUND from <android.app.Activity: android.view.Window getWindow()> to <android.webkit.WebView: void setWebChromeClient(android.webkit.WebChromeClient)>
[WARNING] [32mVERBOSE[0m Callback method :<init> in Class com.freedomrecyle.carunblock.Easy2Activity
[WARNING] [32mVERBOSE[0m Callback method :onClick in Class com.freedomrecyle.carunblock.Easy2Activity
[WARNING] [32mVERBOSE[0m Callback method :onCreate in Class com.freedomrecyle.carunblock.Easy2Activity
[WARNING] [32mVERBOSE[0m Callback method :onKeyDown in Class com.freedomrecyle.carunblock.Easy2Activity
[WARNING] [32mVERBOSE[0m Callback method :onPause in Class com.freedomrecyle.carunblock.Easy2Activity
[WARNING] [32mVERBOSE[0m Callback method :onResume in Class com.freedomrecyle.carunblock.Easy2Activity
[WARNING] [32mVERBOSE[0m Callback method :<init> in Class com.freedomrecyle.carunblock.Crazy2Activity
[WARNING] [32mVERBOSE[0m Callback method :onClick in Class com.freedomrecyle.carunblock.Crazy2Activity
[WARNING] [32mVERBOSE[0m Callback method :onCreate in Class com.freedomrecyle.carunblock.Crazy2Activity
[WARNING] [32mVERBOSE[0m Callback method :onKeyDown in Class com.freedomrecyle.carunblock.Crazy2Activity
[WARNING] [32mVERBOSE[0m Callback method :onPause in Class com.freedomrecyle.carunblock.Crazy2Activity
[WARNING] [32mVERBOSE[0m Callback method :onResume in Class com.freedomrecyle.carunblock.Crazy2Activity
[WARNING] [32mVERBOSE[0m Callback method :<init> in Class com.freedomrecyle.carunblock.CrazyActivity
[WARNING] [32mVERBOSE[0m Callback method :onClick in Class com.freedomrecyle.carunblock.CrazyActivity
[WARNING] [32mVERBOSE[0m Callback method :onCreate in Class com.freedomrecyle.carunblock.CrazyActivity
[WARNING] [32mVERBOSE[0m Callback method :onKeyDown in Class com.freedomrecyle.carunblock.CrazyActivity
[WARNING] [32mVERBOSE[0m Callback method :onPause in Class com.freedomrecyle.carunblock.CrazyActivity
[WARNING] [32mVERBOSE[0m Callback method :onResume in Class com.freedomrecyle.carunblock.CrazyActivity
[WARNING] [32mVERBOSE[0m Callback method :<init> in Class com.freedomrecyle.carunblock.Easy3Activity
[WARNING] [32mVERBOSE[0m Callback method :onClick in Class com.freedomrecyle.carunblock.Easy3Activity
[WARNING] [32mVERBOSE[0m Callback method :onCreate in Class com.freedomrecyle.carunblock.Easy3Activity
[WARNING] [32mVERBOSE[0m Callback method :onKeyDown in Class com.freedomrecyle.carunblock.Easy3Activity
[WARNING] [32mVERBOSE[0m Callback method :onPause in Class com.freedomrecyle.carunblock.Easy3Activity
[WARNING] [32mVERBOSE[0m Callback method :onResume in Class com.freedomrecyle.carunblock.Easy3Activity
[WARNING] [32mVERBOSE[0m Callback method :<init> in Class com.freedomrecyle.carunblock.Easy4Activity
[WARNING] [32mVERBOSE[0m Callback method :onClick in Class com.freedomrecyle.carunblock.Easy4Activity
[WARNING] [32mVERBOSE[0m Callback method :onCreate in Class com.freedomrecyle.carunblock.Easy4Activity
[WARNING] [32mVERBOSE[0m Callback method :onKeyDown in Class com.freedomrecyle.carunblock.Easy4Activity
[WARNING] [32mVERBOSE[0m Callback method :onPause in Class com.freedomrecyle.carunblock.Easy4Activity
[WARNING] [32mVERBOSE[0m Callback method :onResume in Class com.freedomrecyle.carunblock.Easy4Activity
[WARNING] [32mVERBOSE[0m Callback method :<init> in Class com.freedomrecyle.carunblock.EasyActivity
[WARNING] [32mVERBOSE[0m Callback method :onClick in Class com.freedomrecyle.carunblock.EasyActivity
[WARNING] [32mVERBOSE[0m Callback method :onCreate in Class com.freedomrecyle.carunblock.EasyActivity
[WARNING] [32mVERBOSE[0m Callback method :onKeyDown in Class com.freedomrecyle.carunblock.EasyActivity
[WARNING] [32mVERBOSE[0m Callback method :onPause in Class com.freedomrecyle.carunblock.EasyActivity
[WARNING] [32mVERBOSE[0m Callback method :onResume in Class com.freedomrecyle.carunblock.EasyActivity
[WARNING] [32mVERBOSE[0m Callback method :<init> in Class com.freedomrecyle.carunblock.Hard2Activity
[WARNING] [32mVERBOSE[0m Callback method :onClick in Class com.freedomrecyle.carunblock.Hard2Activity
[WARNING] [32mVERBOSE[0m Callback method :onCreate in Class com.freedomrecyle.carunblock.Hard2Activity
[WARNING] [32mVERBOSE[0m Callback method :onKeyDown in Class com.freedomrecyle.carunblock.Hard2Activity
[WARNING] [32mVERBOSE[0m Callback method :onPause in Class com.freedomrecyle.carunblock.Hard2Activity
[WARNING] [32mVERBOSE[0m Callback method :onResume in Class com.freedomrecyle.carunblock.Hard2Activity
[WARNING] [32mVERBOSE[0m Callback method :<init> in Class com.freedomrecyle.carunblock.HardActivity
[WARNING] [32mVERBOSE[0m Callback method :onClick in Class com.freedomrecyle.carunblock.HardActivity
[WARNING] [32mVERBOSE[0m Callback method :onCreate in Class com.freedomrecyle.carunblock.HardActivity
[WARNING] [32mVERBOSE[0m Callback method :onKeyDown in Class com.freedomrecyle.carunblock.HardActivity
[WARNING] [32mVERBOSE[0m Callback method :onPause in Class com.freedomrecyle.carunblock.HardActivity
[WARNING] [32mVERBOSE[0m Callback method :onResume in Class com.freedomrecyle.carunblock.HardActivity
[WARNING] [32mVERBOSE[0m Callback method :<init> in Class com.freedomrecyle.carunblock.Normal2Activity
[WARNING] [32mVERBOSE[0m Callback method :onClick in Class com.freedomrecyle.carunblock.Normal2Activity
[WARNING] [32mVERBOSE[0m Callback method :onCreate in Class com.freedomrecyle.carunblock.Normal2Activity
[WARNING] [32mVERBOSE[0m Callback method :onKeyDown in Class com.freedomrecyle.carunblock.Normal2Activity
[WARNING] [32mVERBOSE[0m Callback method :onPause in Class com.freedomrecyle.carunblock.Normal2Activity
[WARNING] [32mVERBOSE[0m Callback method :onResume in Class com.freedomrecyle.carunblock.Normal2Activity
[WARNING] [32mVERBOSE[0m Callback method :<init> in Class com.freedomrecyle.carunblock.Normal3Activity
[WARNING] [32mVERBOSE[0m Callback method :onClick in Class com.freedomrecyle.carunblock.Normal3Activity
[WARNING] [32mVERBOSE[0m Callback method :onCreate in Class com.freedomrecyle.carunblock.Normal3Activity
[WARNING] [32mVERBOSE[0m Callback method :onKeyDown in Class com.freedomrecyle.carunblock.Normal3Activity
[WARNING] [32mVERBOSE[0m Callback method :<init> in Class com.freedomrecyle.carunblock.NormalActivity
[WARNING] [32mVERBOSE[0m Callback method :onClick in Class com.freedomrecyle.carunblock.NormalActivity
[WARNING] [32mVERBOSE[0m Callback method :onCreate in Class com.freedomrecyle.carunblock.NormalActivity
[WARNING] [32mVERBOSE[0m Callback method :onKeyDown in Class com.freedomrecyle.carunblock.NormalActivity
[WARNING] [32mVERBOSE[0m Callback method :onPause in Class com.freedomrecyle.carunblock.NormalActivity
[WARNING] [32mVERBOSE[0m Callback method :onResume in Class com.freedomrecyle.carunblock.NormalActivity
Result for benign-app-6143-DA07CD0BC42B7B3E630A2961598265B70C678565F137BA753E4C74F25518C0FD.apkcom.parkingcars.carc