DUA-Forensics args to Soot: -w -cp /home/handrick/Documents/TU_Darmstadt/benchmark/libs/droidfax.jar:/home/handrick/Android/Sdk/platforms/android-19/android.jar -p cg verbose:false,implicit-entry:true -p cg.spark verbose:false,on-fly-cg:true,rta:false -d /home/handrick/Documents/TU_Darmstadt/benchmark/trace/180/3/droidbot/malicious-app-6100-FC9F4ED05E4C4C0CAAA708757341B41AC1AA5584964365850B5339AF7D2CF302.apk.logcat -process-dir /home/handrick/Documents/TU_Darmstadt/benchmark/data/input/malicious-app-6100-FC9F4ED05E4C4C0CAAA708757341B41AC1AA5584964365850B5339AF7D2CF302.apk 
Soot started on Sun Apr 23 05:53:44 CEST 2023
Warning: com.ironsource.mobilcore.BaseFlowBasedAdUnit is a phantom class!
Warning: java.lang.invoke.LambdaMetafactory is a phantom class!
Warning: java.lang.ref.Finalizer is a phantom class!
Warning: com.aaaaa.api.client.escape.PercentEscaper is a phantom class!
Warning: com.asd.ddd.listener.AppActivatedListener is a phantom class!
Warning: com.asd.ddd.DianJinPlatform$Oriention is a phantom class!
Warning: com.asd.ddd.DianJinPlatform is a phantom class!
[Call Graph] For information on where the call graph may be incomplete, use the verbose option to the cg phase.
[Spark] Pointer Assignment Graph in 0.1 seconds.
[Spark] Type masks in 0.0 seconds.
[Spark] Pointer Graph simplified in 0.0 seconds.
[Spark] Propagation in 0.0 seconds.
[Spark] Solution found in 0.0 seconds.
hcai's internal transform
Running static analysis for method/class coverage characterization
0 ICC links found and 0 cg edges added due to ICC links
dynamic conflated call graph: 12 methods; 12 nodes; 8 edges.
feature-vector-key = malicious-app-6100-FC9F4ED05E4C4C0CAAA708757341B41AC1AA5584964365850B5339AF7D2CF302.apk
Result for malicious-app-6100-FC9F4ED05E4C4C0CAAA708757341B41AC1AA5584964365850B5339AF7D2CF302.apkshouyou.xiaomie.zhuap