DUA-Forensics args to Soot: -w -cp /home/handrick/Documents/TU_Darmstadt/benchmark/libs/droidfax.jar:/home/handrick/Android/Sdk/platforms/android-19/android.jar -p cg verbose:false,implicit-entry:true -p cg.spark verbose:false,on-fly-cg:true,rta:false -d /home/handrick/Documents/TU_Darmstadt/benchmark/trace/180/2/droidbot/malicious-app-6197-B34F80D9AAD571E34F2D3BBB6B197B486C4037FE4D391F9762CFB3F9C6ED40AB.apk.logcat -process-dir /home/handrick/Documents/TU_Darmstadt/benchmark/data/input/malicious-app-6197-B34F80D9AAD571E34F2D3BBB6B197B486C4037FE4D391F9762CFB3F9C6ED40AB.apk 
Soot started on Tue Apr 25 05:11:40 CEST 2023
Warning: com.ironsource.mobilcore.BaseFlowBasedAdUnit is a phantom class!
Warning: java.lang.invoke.LambdaMetafactory is a phantom class!
Warning: java.lang.ref.Finalizer is a phantom class!
Warning: com.google.ads.AdView is a phantom class!
[Call Graph] For information on where the call graph may be incomplete, use the verbose option to the cg phase.
[Spark] Pointer Assignment Graph in 0.1 seconds.
[Spark] Type masks in 0.0 seconds.
[Spark] Pointer Graph simplified in 0.0 seconds.
[Spark] Propagation in 0.0 seconds.
[Spark] Solution found in 0.0 seconds.
hcai's internal transform
Running static analysis for security-relevant feature characterization
[GatorHierarchy] [32mVERBOSE[0m [HIER] All classes: 1472
[GatorHierarchy] [32mVERBOSE[0m [App: 610, Lib : 858, Phantom: 4]
[GatorHierarchy] [32mVERBOSE[0m [HIER] Activities: 9, lib activities: 1
[GatorHierarchy] [32mVERBOSE[0m [HIER] App views: 2, Lib views: 10
[GatorHierarchy] [32mVERBOSE[0m [HIER] App Dialogs: 0, Lib Dialogs: 4
[TIMECOST] [32mVERBOSE[0m buildApplicationCodeMap parsing starting at 1682392301911
array element type: (filled narr)int
array element type: (filled narr)int
[TIMECOST] [32mVERBOSE[0m buildApplicationCodeMap parsing finished at 1682392305762
[Instantiated app classes] [32mVERBOSE[0m total number: 379
[WARNING] [32mVERBOSE[0m Callback method :onWindowFocusChanged in Class org.anddev.andengine.ui.activity.BaseGameActivity added
[WARNING] [32mVERBOSE[0m Callback method :onPause in Class org.anddev.andengine.ui.activity.BaseGameActivity added
[WARNING] [32mVERBOSE[0m Callback method :onCreate in Class org.anddev.andengine.ui.activity.BaseGameActivity added
[WARNING] [32mVERBOSE[0m Callback method :onDestroy in Class org.anddev.andengine.ui.activity.BaseGameActivity added
[WARNING] [32mVERBOSE[0m Callback method :onResume in Class org.anddev.andengine.ui.activity.BaseGameActivity added
[WARNING] [32mVERBOSE[0m Callback method :onWindowFocusChanged in Class org.anddev.andengine.ui.activity.BaseGameActivity added
[WARNING] [32mVERBOSE[0m Callback method :onPause in Class org.anddev.andengine.ui.activity.BaseGameActivity added
[WARNING] [32mVERBOSE[0m Callback method :onCreate in Class org.anddev.andengine.ui.activity.BaseGameActivity added
[WARNING] [32mVERBOSE[0m Callback method :onDestroy in Class org.anddev.andengine.ui.activity.BaseGameActivity added
[WARNING] [32mVERBOSE[0m Callback method :onResume in Class org.anddev.andengine.ui.activity.BaseGameActivity added
[WARNING] [32mVERBOSE[0m Callback method :onWindowFocusChanged in Class org.anddev.andengine.ui.activity.BaseGameActivity added
[WARNING] [32mVERBOSE[0m Callback method :onPause in Class org.anddev.andengine.ui.activity.BaseGameActivity added
[WARNING] [32mVERBOSE[0m Callback method :onCreate in Class org.anddev.andengine.ui.activity.BaseGameActivity added
[WARNING] [32mVERBOSE[0m Callback method :onDestroy in Class org.anddev.andengine.ui.activity.BaseGameActivity added
[WARNING] [32mVERBOSE[0m Callback method :onResume in Class org.anddev.andengine.ui.activity.BaseGameActivity added
[WARNING] [32mVERBOSE[0m Callback method :onWindowFocusChanged in Class org.anddev.andengine.ui.activity.BaseGameActivity added
[WARNING] [32mVERBOSE[0m Callback method :onPause in Class org.anddev.andengine.ui.activity.BaseGameActivity added
[WARNING] [32mVERBOSE[0m Callback method :onCreate in Class org.anddev.andengine.ui.activity.BaseGameActivity added
[WARNING] [32mVERBOSE[0m Callback method :onDestroy in Class org.anddev.andengine.ui.activity.BaseGameActivity added
[WARNING] [32mVERBOSE[0m Callback method :onResume in Class org.anddev.andengine.ui.activity.BaseGameActivity added
[WARNING] [32mVERBOSE[0m Callback method :onKeyDown in Class com.game.monster.ParticlyActivity added
[WARNING] [32mVERBOSE[0m Callback method :onWindowFocusChanged in Class org.anddev.andengine.ui.activity.BaseGameActivity added
[WARNING] [32mVERBOSE[0m Callback method :onBackPressed in Class com.game.monster.ParticlyActivity added
[WARNING] [32mVERBOSE[0m Callback method :onNewIntent in Class com.game.monster.ParticlyActivity added
[WARNING] [32mVERBOSE[0m Callback method :onPause in Class org.anddev.andengine.ui.activity.BaseGameActivity added
[WARNING] [32mVERBOSE[0m Callback method :onCreate in Class com.game.monster.ParticlyActivity added
[WARNING] [32mVERBOSE[0m Callback method :onDestroy in Class org.anddev.andengine.ui.activity.BaseGameActivity added
[WARNING] [32mVERBOSE[0m Callback method :onResume in Class org.anddev.andengine.ui.activity.BaseGameActivity added
[WARNING] [32mVERBOSE[0m Callback method :onCreate in Class com.ccx.xm.AdActivity added
[WARNING] [32mVERBOSE[0m Callback method :onTouch in Class org.anddev.andengine.engine.Engine added
[WARNING] [32mVERBOSE[0m Callback method :onSensorChanged in Class org.anddev.andengine.engine.Engine added
[WARNING] [32mVERBOSE[0m Callback method :onLocationChanged in Class org.anddev.andengine.engine.Engine added
[WARNING] [32mVERBOSE[0m Callback method :onAccuracyChanged in Class org.anddev.andengine.engine.Engine added
[WARNING] [32mVERBOSE[0m Callback method :onProviderDisabled in Class org.anddev.andengine.engine.Engine added
[WARNING] [32mVERBOSE[0m Callback method :onStatusChanged in Class org.anddev.andengine.engine.Engine added
[WARNING] [32mVERBOSE[0m Callback method :onProviderEnabled in Class org.anddev.andengine.engine.Engine added
[WARNING] [32mVERBOSE[0m Callback method :onTouch in Class org.anddev.andengine.engine.Engine added
[WARNING] [32mVERBOSE[0m Callback method :onSensorChanged in Class org.anddev.andengine.engine.Engine added
[WARNING] [32mVERBOSE[0m Callback method :onLocationChanged in Class org.anddev.andengine.engine.Engine added
[WARNING] [32mVERBOSE[0m Callback method :onAccuracyChanged in Class org.anddev.andengine.engine.Engine added
[WARNING] [32mVERBOSE[0m Callback method :onProviderDisabled in Class org.anddev.andengine.engine.Engine added
[WARNING] [32mVERBOSE[0m Callback method :onStatusChanged in Class org.anddev.andengine.engine.Engine added
[WARNING] [32mVERBOSE[0m Callback method :onProviderEnabled in Class org.anddev.andengine.engine.Engine added
[WARNING] [32mVERBOSE[0m Callback method :onWindowFocusChanged in Class org.anddev.andengine.ui.activity.BaseGameActivity added
[WARNING] [32mVERBOSE[0m Callback method :onPause in Class org.anddev.andengine.ui.activity.BaseGameActivity added
[WARNING] [32mVERBOSE[0m Callback method :onCreate in Class org.anddev.andengine.ui.activity.BaseGameActivity added
[WARNING] [32mVERBOSE[0m Callback method :onDestroy in Class org.anddev.andengine.ui.activity.BaseGameActivity added
[WARNING] [32mVERBOSE[0m Callback method :onResume in Class org.anddev.andengine.ui.activity.BaseGameActivity added
[WARNING] [32mVERBOSE[0m Callback method :onWindowFocusChanged in Class org.anddev.andengine.ui.activity.BaseGameActivity added
[WARNING] [32mVERBOSE[0m Callback method :onBackPressed in Class com.game.monster.LevelMenuScrollerActivity added
[WARNING] [32mVERBOSE[0m Callback method :onNewIntent in Class com.game.monster.LevelMenuScrollerActivity added
[WARNING] [32mVERBOSE[0m Callback method :onPause in Class org.anddev.andengine.ui.activity.BaseGameActivity added
[WARNING] [32mVERBOSE[0m Callback method :onCreate in Class com.game.monster.LevelMenuScrollerActivity added
[WARNING] [32mVERBOSE[0m Callback method :onDestroy in Class org.anddev.andengine.ui.activity.BaseGameActivity added
[WARNING] [32mVERBOSE[0m Callback method :onResume in Class org.anddev.andengine.ui.activity.BaseGameActivity added
[WARNING] [32mVERBOSE[0m Callback method :onTouch in Class org.anddev.andengine.engine.Engine added
[WARNING] [32mVERBOSE[0m Callback method :onSensorChanged in Class org.anddev.andengine.engine.Engine added
[WARNING] [32mVERBOSE[0m Callback method :onLocationChanged in Class org.anddev.andengine.engine.Engine added
[WARNING] [32mVERBOSE[0m Callback method :onAccuracyChanged in Class org.anddev.andengine.engine.Engine added
[WARNING] [32mVERBOSE[0m Callback method :onProviderDisabled in Class org.anddev.andengine.engine.Engine added
[WARNING] [32mVERBOSE[0m Callback method :onStatusChanged in Class org.anddev.andengine.engine.Engine added
[WARNING] [32mVERBOSE[0m Callback method :onProviderEnabled in Class org.anddev.andengine.engine.Engine added
[WARNING] [32mVERBOSE[0m Callback method :onTouch in Class org.anddev.andengine.engine.Engine added
[WARNING] [32mVERBOSE[0m Callback method :onSensorChanged in Class org.anddev.andengine.engine.Engine added
[WARNING] [32mVERBOSE[0m Callback method :onLocationChanged in Class org.anddev.andengine.engine.Engine added
[WARNING] [32mVERBOSE[0m Callback method :onAccuracyChanged in Class org.anddev.andengine.engine.Engine added
[WARNING] [32mVERBOSE[0m Callback method :onProviderDisabled in Class org.anddev.andengine.engine.Engine added
[WARNING] [32mVERBOSE[0m Callback method :onStatusChanged in Class org.anddev.andengine.engine.Engine added
[WARNING] [32mVERBOSE[0m Callback method :onProviderEnabled in Class org.anddev.andengine.engine.Engine added
[WARNING] [32mVERBOSE[0m Callback method :onReceive in Class com.games.AdReciver added
[WARNING] [32mVERBOSE[0m Callback method :surfaceCreated in Class org.anddev.andengine.opengl.view.GLSurfaceView added
[WARNING] [32mVERBOSE[0m Callback method :surfaceDestroyed in Class org.anddev.andengine.opengl.view.GLSurfaceView added
[WARNING] [32mVERBOSE[0m Callback method :surfaceChanged in Class org.anddev.andengine.opengl.view.GLSurfaceView added
0 ICC links found and 0 cg edges added due to ICC links
dynamic conflated call graph: 903 methods; 903 nodes; 1366 edges.
maxpossibleFlows=33
17 taint flow paths FOUND from <android.content.ContextWrapper: android.content.res.AssetManager getAssets()> to <android.content.res.AssetManager: java.io.InputStream open(java.lang.String)>
maxpossibleFlows=1
maxpossibleFlows=1
maxpossibleFlows=1
maxpossibleFlows=1
maxpossibleFlows=1
maxpossibleFlows=2
maxpossibleFlows=2
maxpossibleFlows=1
maxpossibleFlows=1
maxpossibleFlows=1
maxpossibleFlows=70
maxpossibleFlows=4
maxpossibleFlows=2
2 taint flow paths FOUND from <java.lang.StringBuilder: java.lang.String toString()> to <android.content.res.AssetManager: android.content.res.AssetFileDescriptor openFd(java.lang.String)>
maxpossibleFlows=4
maxpossibleFlows=22
maxpossibleFlows=1
maxpossibleFlows=1
maxpossibleFlows=1
maxpossibleFlows=2
maxpossibleFlows=1
maxpossibleFlows=1
maxpossibleFlows=1
maxpossibleFlows=1
maxpossibleFlows=1
maxpossibleFlows=1
maxpossibleFlows=1
maxpossibleFlows=1
maxpossibleFlows=1
maxpossibleFlows=4
maxpossibleFlows=22
maxpossibleFlows=1
maxpossibleFlows=2
maxpossibleFlows=2
maxpossibleFlows=1
maxpossibleFlows=1
maxpossibleFlows=1
maxpossibleFlows=1
maxpossibleFlows=2
maxpossibleFlows=2
maxpossibleFlows=1
maxpossibleFlows=1
maxpossibleFlows=1
maxpossibleFlows=1
maxpossibleFlows=1
maxpossibleFlows=70
maxpossibleFlows=33
17 taint flow paths FOUND from <android.content.ContextWrapper: android.content.res.AssetManager getAssets()> to <android.content.res.AssetManager: java.io.InputStream open(java.lang.String)>
maxpossibleFlows=2
2 taint flow paths FOUND from <android.content.ContextWrapper: android.content.res.AssetManager getAssets()> to <android.content.res.AssetManager: android.content.res.AssetFileDescriptor openFd(java.lang.String)>
maxpossibleFlows=1
maxpossibleFlows=1
maxpossibleFlows=1
maxpossibleFlows=1
maxpossibleFlows=1
maxpossibleFlows=1
maxpossibleFlows=1
maxpossibleFlows=2
maxpossibleFlows=5
maxpossibleFlows=4
maxpossibleFlows=1
maxpossibleFlows=1
maxpossibleFlows=1
maxpossibleFlows=4
maxpossibleFlows=2
maxpossibleFlows=2
maxpossibleFlows=22
maxpossibleFlows=22
maxpossibleFlows=2
maxpossibleFlows=1
maxpossibleFlows=2
maxpossibleFlows=2
maxpossibleFlows=1
maxpossibleFlows=1
maxpossibleFlows=1
maxpossibleFlows=33
17 taint flow paths FOUND from <android.content.ContextWrapper: android.content.res.AssetManager getAssets()> to <android.graphics.BitmapFactory: android.graphics.Bitmap decodeStream(java.io.InputStream,android.graphics.Rect,android.graphics.BitmapFactory$Options)>
[WARNING] [32mVERBOSE[0m Callback method :surfaceChanged in Class org.anddev.andengine.opengl.view.GLSurfaceView
[WARNING] [32mVERBOSE[0m Callback method :surfaceCreated in Class org.anddev.andengine.opengl.view.GLSurfaceView
[WARNING] [32mVERBOSE[0m Callback method :surfaceDestroyed in Class org.anddev.andengine.opengl.view.GLSurfaceView
Result for malicious-app-6197-B34F80D9AAD571E34F2D3BBB6B197B486C4037FE4D391F9762CFB3F9C6ED40AB.apkcom.game.monster