DUA-Forensics args to Soot: -w -cp /home/handrick/Documents/TU_Darmstadt/benchmark/libs/droidfax.jar:/home/handrick/Android/Sdk/platforms/android-19/android.jar -p cg verbose:false,implicit-entry:true -p cg.spark verbose:false,on-fly-cg:true,rta:false -d /home/handrick/Documents/TU_Darmstadt/benchmark/trace/180/1/droidbot/malicious-app-6129-732EF03C67B24FB8C60D6A1EAFB229453C02C6DB8A35BEF29A7C2CCEF0817114.apk.logcat -process-dir /home/handrick/Documents/TU_Darmstadt/benchmark/data/input/malicious-app-6129-732EF03C67B24FB8C60D6A1EAFB229453C02C6DB8A35BEF29A7C2CCEF0817114.apk 
Soot started on Sun Apr 23 09:25:21 CEST 2023
Warning: com.ironsource.mobilcore.BaseFlowBasedAdUnit is a phantom class!
Warning: java.lang.invoke.LambdaMetafactory is a phantom class!
Warning: java.lang.ref.Finalizer is a phantom class!
Warning: com.adknowledge.superrewards.SuperRewards is a phantom class!
Warning: com.adknowledge.superrewards.SuperRewardsImpl is a phantom class!
Warning: com.adknowledge.superrewards.model.SRUserPoints is a phantom class!
Warning: com.adknowledge.superrewards.tracking.SRAppInstallTracker is a phantom class!
Warning: com.inmobi.androidsdk.impl.InMobiAdView is a phantom class!
Warning: com.inmobi.androidsdk.InMobiAdDelegate is a phantom class!
Warning: com.inmobi.androidsdk.EducationType is a phantom class!
Warning: com.inmobi.androidsdk.EthnicityType is a phantom class!
Warning: com.inmobi.androidsdk.GenderType is a phantom class!
Warning: com.papaya.social.PPYSocial$Config is a phantom class!
Warning: com.papaya.achievement.PPYAchievementDelegate is a phantom class!
Warning: com.papaya.achievement.PPYAchievement is a phantom class!
Warning: com.google.api.client.escape.PercentEscaper is a phantom class!
Warning: com.papaya.social.PPYSocial is a phantom class!
Warning: com.zong.android.engine.activities.ZongPaymentRequest is a phantom class!
Warning: com.zong.android.engine.web.ZongWebView is a phantom class!
Warning: com.zong.android.engine.xml.pojo.lookup.ZongPricePoint is a phantom class!
Warning: com.zong.android.engine.xml.pojo.lookup.ZongPricePointItem is a phantom class!
[Call Graph] For information on where the call graph may be incomplete, use the verbose option to the cg phase.
[Spark] Pointer Assignment Graph in 0.1 seconds.
[Spark] Type masks in 0.0 seconds.
[Spark] Pointer Graph simplified in 0.0 seconds.
[Spark] Propagation in 0.0 seconds.
[Spark] Solution found in 0.0 seconds.
hcai's internal transform
Running static analysis for method/class coverage characterization
0 ICC links found and 0 cg edges added due to ICC links
dynamic conflated call graph: 12 methods; 12 nodes; 8 edges.
feature-vector-key = malicious-app-6129-732EF03C67B24FB8C60D6A1EAFB229453C02C6DB8A35BEF29A7C2CCEF0817114.apk
Result for malicious-app-6129-732EF03C67B24FB8C60D6A1EAFB229453C02C6DB8A35BEF29A7C2CCEF0817114.apkcom.sapho.games.maddentistyl