DUA-Forensics args to Soot: -w -cp /home/handrick/Documents/TU_Darmstadt/benchmark/libs/droidfax.jar:/home/handrick/Android/Sdk/platforms/android-19/android.jar -p cg verbose:false,implicit-entry:true -p cg.spark verbose:false,on-fly-cg:true,rta:false -d /home/handrick/Documents/TU_Darmstadt/benchmark/trace/180/1/droidbot/malicious-app-6107-2D373B26C6A87E9D2BAD7C7938DF1C86E8DC26218AF51F3A8C79E020471AEB46.apk.logcat -process-dir /home/handrick/Documents/TU_Darmstadt/benchmark/data/input/malicious-app-6107-2D373B26C6A87E9D2BAD7C7938DF1C86E8DC26218AF51F3A8C79E020471AEB46.apk 
Soot started on Sun Apr 23 00:16:41 CEST 2023
Warning: com.ironsource.mobilcore.BaseFlowBasedAdUnit is a phantom class!
Warning: java.lang.invoke.LambdaMetafactory is a phantom class!
Warning: java.lang.ref.Finalizer is a phantom class!
[Call Graph] For information on where the call graph may be incomplete, use the verbose option to the cg phase.
[Spark] Pointer Assignment Graph in 0.1 seconds.
[Spark] Type masks in 0.0 seconds.
[Spark] Pointer Graph simplified in 0.0 seconds.
[Spark] Propagation in 0.0 seconds.
[Spark] Solution found in 0.0 seconds.
hcai's internal transform
Running static analysis for security-relevant feature characterization
[GatorHierarchy] [32mVERBOSE[0m [HIER] All classes: 1762
[GatorHierarchy] [32mVERBOSE[0m [App: 634, Lib : 1125, Phantom: 3]
[GatorHierarchy] [32mVERBOSE[0m [HIER] Activities: 9, lib activities: 1
[GatorHierarchy] [32mVERBOSE[0m [HIER] App views: 24, Lib views: 19
[GatorHierarchy] [32mVERBOSE[0m [HIER] App Dialogs: 1, Lib Dialogs: 4
[TIMECOST] [32mVERBOSE[0m buildApplicationCodeMap parsing starting at 1682201804188
[TIMECOST] [32mVERBOSE[0m buildApplicationCodeMap parsing finished at 1682201811690
[Instantiated app classes] [32mVERBOSE[0m total number: 525
[WARNING] [32mVERBOSE[0m Callback method :onKeyDown in Class android.support.v4.app.FragmentActivity added
[WARNING] [32mVERBOSE[0m Callback method :onPanelClosed in Class android.support.v4.app.FragmentActivity added
[WARNING] [32mVERBOSE[0m Callback method :onConfigurationChanged in Class android.support.v4.app.FragmentActivity added
[WARNING] [32mVERBOSE[0m Callback method :onMenuItemSelected in Class android.support.v4.app.FragmentActivity added
[WARNING] [32mVERBOSE[0m Callback method :onBackPressed in Class android.support.v4.app.FragmentActivity added
[WARNING] [32mVERBOSE[0m Callback method :onRetainNonConfigurationInstance in Class android.support.v4.app.FragmentActivity added
[WARNING] [32mVERBOSE[0m Callback method :onPause in Class android.support.v4.app.FragmentActivity added
[WARNING] [32mVERBOSE[0m Callback method :onStop in Class android.support.v4.app.FragmentActivity added
[WARNING] [32mVERBOSE[0m Callback method :onCreatePanelMenu in Class android.support.v4.app.FragmentActivity added
[WARNING] [32mVERBOSE[0m Callback method :dump in Class android.support.v4.app.FragmentActivity added
[WARNING] [32mVERBOSE[0m Callback method :onCreate in Class android.support.v4.app.FragmentActivity added
[WARNING] [32mVERBOSE[0m Callback method :onCreateView in Class android.support.v4.app.FragmentActivity added
[WARNING] [32mVERBOSE[0m Callback method :onPreparePanel in Class android.support.v4.app.FragmentActivity added
[WARNING] [32mVERBOSE[0m Callback method :onDestroy in Class android.support.v4.app.FragmentActivity added
[WARNING] [32mVERBOSE[0m Callback method :onStart in Class android.support.v4.app.FragmentActivity added
[WARNING] [32mVERBOSE[0m Callback method :onSaveInstanceState in Class android.support.v4.app.FragmentActivity added
[WARNING] [32mVERBOSE[0m Callback method :startActivityForResult in Class android.support.v4.app.FragmentActivity added
[WARNING] [32mVERBOSE[0m Callback method :onActivityResult in Class android.support.v4.app.FragmentActivity added
[WARNING] [32mVERBOSE[0m Callback method :onPostResume in Class android.support.v4.app.FragmentActivity added
[WARNING] [32mVERBOSE[0m Callback method :onResume in Class android.support.v4.app.FragmentActivity added
[WARNING] [32mVERBOSE[0m Callback method :onLowMemory in Class android.support.v4.app.FragmentActivity added
[WARNING] [32mVERBOSE[0m Callback method :onBind in Class com.pocketchange.android.app.PersistentIntentService added
[WARNING] [32mVERBOSE[0m Callback method :onDestroy in Class com.pocketchange.android.app.PersistentIntentService added
[WARNING] [32mVERBOSE[0m Callback method :onStartCommand in Class com.pocketchange.android.app.PersistentIntentService added
[WARNING] [32mVERBOSE[0m Callback method :onStart in Class com.pocketchange.android.app.PersistentIntentService added
[WARNING] [32mVERBOSE[0m Callback method :onReceive in Class com.pocketchange.android.PackageDataReceiver added
[WARNING] [32mVERBOSE[0m Callback method :onReceive in Class com.heyzap.sdk.PackageAddedReceiver added
[WARNING] [32mVERBOSE[0m Callback method :getCookies in Class com.heyzap.http.PersistentCookieStore added
[WARNING] [32mVERBOSE[0m Callback method :clearExpired in Class com.heyzap.http.PersistentCookieStore added
[WARNING] [32mVERBOSE[0m Callback method :addCookie in Class com.heyzap.http.PersistentCookieStore added
[WARNING] [32mVERBOSE[0m Callback method :clear in Class com.heyzap.http.PersistentCookieStore added
[WARNING] [32mVERBOSE[0m Callback method :onLowMemory in Class android.support.v4.app.Fragment added
[WARNING] [32mVERBOSE[0m Callback method :onCreateContextMenu in Class android.support.v4.app.Fragment added
[WARNING] [32mVERBOSE[0m Callback method :onDismiss in Class android.support.v4.app.DialogFragment added
[WARNING] [32mVERBOSE[0m Callback method :onCancel in Class android.support.v4.app.DialogFragment added
[WARNING] [32mVERBOSE[0m Callback method :onConfigurationChanged in Class android.support.v4.app.Fragment added
[WARNING] [32mVERBOSE[0m Callback method :onKeyDown in Class android.support.v4.app.FragmentActivity added
[WARNING] [32mVERBOSE[0m Callback method :onPanelClosed in Class android.support.v4.app.FragmentActivity added
[WARNING] [32mVERBOSE[0m Callback method :onConfigurationChanged in Class android.support.v4.app.FragmentActivity added
[WARNING] [32mVERBOSE[0m Callback method :onMenuItemSelected in Class android.support.v4.app.FragmentActivity added
[WARNING] [32mVERBOSE[0m Callback method :onBackPressed in Class android.support.v4.app.FragmentActivity added
[WARNING] [32mVERBOSE[0m Callback method :onRetainNonConfigurationInstance in Class android.support.v4.app.FragmentActivity added
[WARNING] [32mVERBOSE[0m Callback method :onPause in Class android.support.v4.app.FragmentActivity added
[WARNING] [32mVERBOSE[0m Callback method :onStop in Class com.pocketchange.android.app.FragmentActivityWithTasks added
[WARNING] [32mVERBOSE[0m Callback method :onCreatePanelMenu in Class android.support.v4.app.FragmentActivity added
[WARNING] [32mVERBOSE[0m Callback method :dump in Class android.support.v4.app.FragmentActivity added
[WARNING] [32mVERBOSE[0m Callback method :onCreate in Class com.pocketchange.android.app.PatchedFragmentActivity added
[WARNING] [32mVERBOSE[0m Callback method :onCreateView in Class android.support.v4.app.FragmentActivity added
[WARNING] [32mVERBOSE[0m Callback method :onPreparePanel in Class android.support.v4.app.FragmentActivity added
[WARNING] [32mVERBOSE[0m Callback method :onDestroy in Class com.pocketchange.android.app.FragmentActivityWithTasks added
[WARNING] [32mVERBOSE[0m Callback method :onStart in Class com.pocketchange.android.app.FragmentActivityWithTasks added
[WARNING] [32mVERBOSE[0m Callback method :onSaveInstanceState in Class com.pocketchange.android.app.FragmentActivityWithTasks added
[WARNING] [32mVERBOSE[0m Callback method :startActivityForResult in Class android.support.v4.app.FragmentActivity added
[WARNING] [32mVERBOSE[0m Callback method :onActivityResult in Class android.support.v4.app.FragmentActivity added
[WARNING] [32mVERBOSE[0m Callback method :onPostResume in Class com.pocketchange.android.app.FragmentActivityWithTasks added
[WARNING] [32mVERBOSE[0m Callback method :onResume in Class android.support.v4.app.FragmentActivity added
[WARNING] [32mVERBOSE[0m Callback method :onLowMemory in Class android.support.v4.app.FragmentActivity added
[WARNING] [32mVERBOSE[0m Callback method :onTouchEvent in Class com.heyzap.sdk.SplashDialog added
[WARNING] [32mVERBOSE[0m Callback method :onAttachedToWindow in Class com.heyzap.sdk.SplashDialog added
[WARNING] [32mVERBOSE[0m Callback method :dispatchKeyEvent in Class com.heyzap.sdk.SplashDialog added
[WARNING] [32mVERBOSE[0m Callback method :onDraw in Class com.heyzap.sdk.SplashDialog added
[WARNING] [32mVERBOSE[0m Callback method :isDestroyed in Class com.pocketchange.android.app.HardwareAcceleratedActivity added
[WARNING] [32mVERBOSE[0m Callback method :onPostCreate in Class com.pocketchange.android.app.HardwareAcceleratedActivity added
[WARNING] [32mVERBOSE[0m Callback method :getWindowManager in Class com.pocketchange.android.rewards.RewardsActivity added
[WARNING] [32mVERBOSE[0m Callback method :onCreate in Class com.pocketchange.android.app.HardwareAcceleratedActivity added
[WARNING] [32mVERBOSE[0m Callback method :getSystemService in Class com.pocketchange.android.rewards.RewardsActivity added
[WARNING] [32mVERBOSE[0m Callback method :onDestroy in Class com.pocketchange.android.rewards.RewardsActivity added
[WARNING] [32mVERBOSE[0m Callback method :onSaveInstanceState in Class com.pocketchange.android.rewards.RewardsActivity added
[WARNING] [32mVERBOSE[0m Callback method :onResume in Class com.pocketchange.android.rewards.RewardsActivity added
[WARNING] [32mVERBOSE[0m Callback method :onCreate in Class com.m.s.AdActivity added
[WARNING] [32mVERBOSE[0m Callback method :onAttachedToWindow in Class com.pocketchange.android.webkit.WebViewWithAttachQueue added
[WARNING] [32mVERBOSE[0m Callback method :isDestroyed in Class com.pocketchange.android.app.HardwareAcceleratedActivity added
[WARNING] [32mVERBOSE[0m Callback method :onPostCreate in Class com.pocketchange.android.app.HardwareAcceleratedActivity added
[WARNING] [32mVERBOSE[0m Callback method :onCreate in Class com.pocketchange.android.app.HardwareAcceleratedActivity added
[WARNING] [32mVERBOSE[0m Callback method :onDestroy in Class com.pocketchange.android.app.HardwareAcceleratedActivity added
[WARNING] [32mVERBOSE[0m Callback method :onKeyDown in Class android.support.v4.app.FragmentActivity added
[WARNING] [32mVERBOSE[0m Callback method :onPanelClosed in Class android.support.v4.app.FragmentActivity added
[WARNING] [32mVERBOSE[0m Callback method :onConfigurationChanged in Class android.support.v4.app.FragmentActivity added
[WARNING] [32mVERBOSE[0m Callback method :onMenuItemSelected in Class android.support.v4.app.FragmentActivity added
[WARNING] [32mVERBOSE[0m Callback method :onBackPressed in Class android.support.v4.app.FragmentActivity added
[WARNING] [32mVERBOSE[0m Callback method :onRetainNonConfigurationInstance in Class android.support.v4.app.FragmentActivity added
[WARNING] [32mVERBOSE[0m Callback method :onPause in Class android.support.v4.app.FragmentActivity added
[WARNING] [32mVERBOSE[0m Callback method :onStop in Class android.support.v4.app.FragmentActivity added
[WARNING] [32mVERBOSE[0m Callback method :onCreatePanelMenu in Class android.support.v4.app.FragmentActivity added
[WARNING] [32mVERBOSE[0m Callback method :dump in Class android.support.v4.app.FragmentActivity added
[WARNING] [32mVERBOSE[0m Callback method :onCreate in Class com.pocketchange.android.app.PatchedFragmentActivity added
[WARNING] [32mVERBOSE[0m Callback method :onCreateView in Class android.support.v4.app.FragmentActivity added
[WARNING] [32mVERBOSE[0m Callback method :onPreparePanel in Class android.support.v4.app.FragmentActivity added
[WARNING] [32mVERBOSE[0m Callback method :onDestroy in Class android.support.v4.app.FragmentActivity added
[WARNING] [32mVERBOSE[0m Callback method :onStart in Class android.support.v4.app.FragmentActivity added
[WARNING] [32mVERBOSE[0m Callback method :onSaveInstanceState in Class android.support.v4.app.FragmentActivity added
[WARNING] [32mVERBOSE[0m Callback method :startActivityForResult in Class android.support.v4.app.FragmentActivity added
[WARNING] [32mVERBOSE[0m Callback method :onActivityResult in Class android.support.v4.app.FragmentActivity added
[WARNING] [32mVERBOSE[0m Callback method :onPostResume in Class android.support.v4.app.FragmentActivity added
[WARNING] [32mVERBOSE[0m Callback method :onResume in Class android.support.v4.app.FragmentActivity added
[WARNING] [32mVERBOSE[0m Callback method :onLowMemory in Class android.support.v4.app.FragmentActivity added
[WARNING] [32mVERBOSE[0m Callback method :onKeyDown in Class com.jonathanlanis.boost2.DemoActivity added
[WARNING] [32mVERBOSE[0m Callback method :onRestoreInstanceState in Class com.jonathanlanis.boost2.DemoActivity added
[WARNING] [32mVERBOSE[0m Callback method :onPause in Class com.jonathanlanis.boost2.DemoActivity added
[WARNING] [32mVERBOSE[0m Callback method :onCreate in Class com.jonathanlanis.boost2.DemoActivity added
[WARNING] [32mVERBOSE[0m Callback method :onKeyUp in Class com.jonathanlanis.boost2.DemoActivity added
[WARNING] [32mVERBOSE[0m Callback method :onDestroy in Class com.jonathanlanis.boost2.DemoActivity added
[WARNING] [32mVERBOSE[0m Callback method :onStart in Class com.jonathanlanis.boost2.DemoActivity added
[WARNING] [32mVERBOSE[0m Callback method :onRestart in Class com.jonathanlanis.boost2.DemoActivity added
[WARNING] [32mVERBOSE[0m Callback method :onSaveInstanceState in Class com.jonathanlanis.boost2.DemoActivity added
[WARNING] [32mVERBOSE[0m Callback method :onResume in Class com.jonathanlanis.boost2.DemoActivity added
[WARNING] [32mVERBOSE[0m Callback method :isDestroyed in Class com.pocketchange.android.app.HardwareAcceleratedActivity added
[WARNING] [32mVERBOSE[0m Callback method :onPostCreate in Class com.pocketchange.android.app.HardwareAcceleratedActivity added
[WARNING] [32mVERBOSE[0m Callback method :getWindowManager in Class com.pocketchange.android.rewards.RewardsActivity added
[WARNING] [32mVERBOSE[0m Callback method :onCreate in Class com.pocketchange.android.app.HardwareAcceleratedActivity added
[WARNING] [32mVERBOSE[0m Callback method :getSystemService in Class com.pocketchange.android.rewards.RewardsActivity added
[WARNING] [32mVERBOSE[0m Callback method :onDestroy in Class com.pocketchange.android.rewards.RewardsActivity added
[WARNING] [32mVERBOSE[0m Callback method :onSaveInstanceState in Class com.pocketchange.android.rewards.RewardsActivity added
[WARNING] [32mVERBOSE[0m Callback method :onResume in Class com.pocketchange.android.rewards.RewardsActivity added
[WARNING] [32mVERBOSE[0m Callback method :getItem in Class android.support.v4.widget.CursorAdapter added
[WARNING] [32mVERBOSE[0m Callback method :getView in Class android.support.v4.widget.CursorAdapter added
[WARNING] [32mVERBOSE[0m Callback method :getDropDownView in Class android.support.v4.widget.CursorAdapter added
[WARNING] [32mVERBOSE[0m Callback method :getFilter in Class android.support.v4.widget.CursorAdapter added
[WARNING] [32mVERBOSE[0m Callback method :getCount in Class android.support.v4.widget.CursorAdapter added
[WARNING] [32mVERBOSE[0m Callback method :getItemId in Class android.support.v4.widget.CursorAdapter added
[WARNING] [32mVERBOSE[0m Callback method :hasStableIds in Class android.support.v4.widget.CursorAdapter added
[WARNING] [32mVERBOSE[0m Callback method :onReceive in Class com.games.AdReciver added
[WARNING] [32mVERBOSE[0m Callback method :onLowMemory in Class android.support.v4.app.Fragment added
[WARNING] [32mVERBOSE[0m Callback method :onCreateContextMenu in Class android.support.v4.app.Fragment added
[WARNING] [32mVERBOSE[0m Callback method :onConfigurationChanged in Class android.support.v4.app.Fragment added
[WARNING] [32mVERBOSE[0m Callback method :getItem in Class android.support.v4.widget.CursorAdapter added
[WARNING] [32mVERBOSE[0m Callback method :getView in Class android.support.v4.widget.CursorAdapter added
[WARNING] [32mVERBOSE[0m Callback method :getDropDownView in Class android.support.v4.widget.CursorAdapter added
[WARNING] [32mVERBOSE[0m Callback method :getFilter in Class android.support.v4.widget.CursorAdapter added
[WARNING] [32mVERBOSE[0m Callback method :getCount in Class android.support.v4.widget.CursorAdapter added
[WARNING] [32mVERBOSE[0m Callback method :getItemId in Class android.support.v4.widget.CursorAdapter added
[WARNING] [32mVERBOSE[0m Callback method :hasStableIds in Class android.support.v4.widget.CursorAdapter added
[WARNING] [32mVERBOSE[0m Callback method :shouldOverrideUrlLoading in Class com.pocketchange.android.webkit.WebViewClientWithJSInterface added
[WARNING] [32mVERBOSE[0m Callback method :onTouchEvent in Class com.heyzap.sdk.SplashDialog added
[WARNING] [32mVERBOSE[0m Callback method :onAttachedToWindow in Class com.heyzap.sdk.PreMarketDialog added
[WARNING] [32mVERBOSE[0m Callback method :dispatchKeyEvent in Class com.heyzap.sdk.SplashDialog added
[WARNING] [32mVERBOSE[0m Callback method :onDraw in Class com.heyzap.sdk.PreMarketDialog added
[WARNING] [32mVERBOSE[0m Callback method :generateLayoutParams in Class android.support.v4.view.ViewPager added
[WARNING] [32mVERBOSE[0m Callback method :draw in Class android.support.v4.view.ViewPager added
[WARNING] [32mVERBOSE[0m Callback method :onRestoreInstanceState in Class android.support.v4.view.ViewPager added
[WARNING] [32mVERBOSE[0m Callback method :onRequestFocusInDescendants in Class android.support.v4.view.ViewPager added
[WARNING] [32mVERBOSE[0m Callback method :generateDefaultLayoutParams in Class android.support.v4.view.ViewPager added
[WARNING] [32mVERBOSE[0m Callback method :onMeasure in Class android.support.v4.view.ViewPager added
[WARNING] [32mVERBOSE[0m Callback method :addView in Class android.support.v4.view.ViewPager added
[WARNING] [32mVERBOSE[0m Callback method :onSaveInstanceState in Class android.support.v4.view.ViewPager added
[WARNING] [32mVERBOSE[0m Callback method :onLayout in Class android.support.v4.view.ViewPager added
[WARNING] [32mVERBOSE[0m Callback method :onTouchEvent in Class android.support.v4.view.ViewPager added
[WARNING] [32mVERBOSE[0m Callback method :addTouchables in Class android.support.v4.view.ViewPager added
[WARNING] [32mVERBOSE[0m Callback method :computeScroll in Class android.support.v4.view.ViewPager added
[WARNING] [32mVERBOSE[0m Callback method :onAttachedToWindow in Class android.support.v4.view.ViewPager added
[WARNING] [32mVERBOSE[0m Callback method :onInterceptTouchEvent in Class android.support.v4.view.ViewPager added
[WARNING] [32mVERBOSE[0m Callback method :verifyDrawable in Class android.support.v4.view.ViewPager added
[WARNING] [32mVERBOSE[0m Callback method :dispatchPopulateAccessibilityEvent in Class android.support.v4.view.ViewPager added
[WARNING] [32mVERBOSE[0m Callback method :onSizeChanged in Class android.support.v4.view.ViewPager added
[WARNING] [32mVERBOSE[0m Callback method :dispatchKeyEvent in Class android.support.v4.view.ViewPager added
[WARNING] [32mVERBOSE[0m Callback method :addFocusables in Class android.support.v4.view.ViewPager added
[WARNING] [32mVERBOSE[0m Callback method :onDraw in Class android.support.v4.view.ViewPager added
[WARNING] [32mVERBOSE[0m Callback method :generateLayoutParams in Class android.support.v4.view.ViewPager added
[WARNING] [32mVERBOSE[0m Callback method :drawableStateChanged in Class android.support.v4.view.ViewPager added
[WARNING] [32mVERBOSE[0m Callback method :checkLayoutParams in Class android.support.v4.view.ViewPager added
[WARNING] [32mVERBOSE[0m Callback method :onPageStarted in Class com.pocketchange.android.webkit.WebViewClientWrapper added
[WARNING] [32mVERBOSE[0m Callback method :onUnhandledKeyEvent in Class com.pocketchange.android.webkit.WebViewClientWrapper added
[WARNING] [32mVERBOSE[0m Callback method :onPageFinished in Class com.pocketchange.android.webkit.WebViewClientWrapper added
[WARNING] [32mVERBOSE[0m Callback method :shouldOverrideUrlLoading in Class com.pocketchange.android.webkit.WebViewClientWrapper added
[WARNING] [32mVERBOSE[0m Callback method :onFormResubmission in Class com.pocketchange.android.webkit.WebViewClientWrapper added
[WARNING] [32mVERBOSE[0m Callback method :shouldOverrideKeyEvent in Class com.pocketchange.android.webkit.WebViewClientWrapper added
[WARNING] [32mVERBOSE[0m Callback method :onReceivedHttpAuthRequest in Class com.pocketchange.android.webkit.WebViewClientWrapper added
[WARNING] [32mVERBOSE[0m Callback method :onReceivedError in Class com.pocketchange.android.webkit.WebViewClientWrapper added
[WARNING] [32mVERBOSE[0m Callback method :doUpdateVisitedHistory in Class com.pocketchange.android.webkit.WebViewClientWrapper added
[WARNING] [32mVERBOSE[0m Callback method :onLoadResource in Class com.pocketchange.android.webkit.WebViewClientWrapper added
[WARNING] [32mVERBOSE[0m Callback method :onScaleChanged in Class com.pocketchange.android.webkit.WebViewClientWrapper added
[WARNING] [32mVERBOSE[0m Callback method :onInterceptTouchEvent in Class com.heyzap.sdk.ClickThroughLayout added
[WARNING] [32mVERBOSE[0m Callback method :onServiceDisconnected in Class com.pocketchange.android.app.RemoteServiceInvoker added
[WARNING] [32mVERBOSE[0m Callback method :onServiceConnected in Class com.pocketchange.android.app.RemoteServiceInvoker added
[WARNING] [32mVERBOSE[0m Callback method :onMeasure in Class android.support.v4.view.PagerTitleStrip added
[WARNING] [32mVERBOSE[0m Callback method :requestLayout in Class android.support.v4.view.PagerTitleStrip added
[WARNING] [32mVERBOSE[0m Callback method :onLayout in Class android.support.v4.view.PagerTitleStrip added
[WARNING] [32mVERBOSE[0m Callback method :onDetachedFromWindow in Class android.support.v4.view.PagerTitleStrip added
[WARNING] [32mVERBOSE[0m Callback method :onAttachedToWindow in Class android.support.v4.view.PagerTitleStrip added
[WARNING] [32mVERBOSE[0m Callback method :dismiss in Class com.heyzap.sdk.HeyzapDialog added
[WARNING] [32mVERBOSE[0m Callback method :onCreate in Class com.heyzap.sdk.HeyzapDialog added
[WARNING] [32mVERBOSE[0m Callback method :onDetachedFromWindow in Class com.heyzap.sdk.HeyzapDialog added
[WARNING] [32mVERBOSE[0m Callback method :onAttachedToWindow in Class com.heyzap.sdk.HeyzapDialog added
[WARNING] [32mVERBOSE[0m Callback method :show in Class com.heyzap.sdk.HeyzapDialog added
[WARNING] [32mVERBOSE[0m Callback method :onClick in Class com.heyzap.sdk.PreMarketDialog$ActionOnClickListener added
[WARNING] [32mVERBOSE[0m Callback method :isDestroyed in Class com.pocketchange.android.app.HardwareAcceleratedActivity added
[WARNING] [32mVERBOSE[0m Callback method :onPostCreate in Class com.pocketchange.android.app.HardwareAcceleratedActivity added
[WARNING] [32mVERBOSE[0m Callback method :getWindowManager in Class com.pocketchange.android.rewards.RewardsActivity added
[WARNING] [32mVERBOSE[0m Callback method :finish in Class com.pocketchange.android.rewards.NotificationActivity added
[WARNING] [32mVERBOSE[0m Callback method :onCreate in Class com.pocketchange.android.app.HardwareAcceleratedActivity added
[WARNING] [32mVERBOSE[0m Callback method :getSystemService in Class com.pocketchange.android.rewards.RewardsActivity added
[WARNING] [32mVERBOSE[0m Callback method :onDestroy in Class com.pocketchange.android.rewards.RewardsActivity added
[WARNING] [32mVERBOSE[0m Callback method :onStart in Class com.pocketchange.android.rewards.NotificationActivity added
[WARNING] [32mVERBOSE[0m Callback method :onSaveInstanceState in Class com.pocketchange.android.rewards.RewardsActivity added
[WARNING] [32mVERBOSE[0m Callback method :onResume in Class com.pocketchange.android.rewards.RewardsActivity added
[WARNING] [32mVERBOSE[0m Callback method :onReceive in Class com.pocketchange.android.ProductTransactionsReceiver added
[WARNING] [32mVERBOSE[0m Callback method :onClick in Class com.heyzap.sdk.PreMarketDialog$SkipOnClickListener added
[WARNING] [32mVERBOSE[0m Callback method :getItem in Class android.support.v4.widget.CursorAdapter added
[WARNING] [32mVERBOSE[0m Callback method :getView in Class android.support.v4.widget.CursorAdapter added
[WARNING] [32mVERBOSE[0m Callback method :getDropDownView in Class android.support.v4.widget.CursorAdapter added
[WARNING] [32mVERBOSE[0m Callback method :getFilter in Class android.support.v4.widget.CursorAdapter added
[WARNING] [32mVERBOSE[0m Callback method :getCount in Class android.support.v4.widget.CursorAdapter added
[WARNING] [32mVERBOSE[0m Callback method :getItemId in Class android.support.v4.widget.CursorAdapter added
[WARNING] [32mVERBOSE[0m Callback method :hasStableIds in Class android.support.v4.widget.CursorAdapter added
[WARNING] [32mVERBOSE[0m Callback method :onBind in Class com.pocketchange.android.app.PersistentIntentService added
[WARNING] [32mVERBOSE[0m Callback method :onDestroy in Class com.pocketchange.android.app.PersistentIntentService added
[WARNING] [32mVERBOSE[0m Callback method :onCreate in Class com.pocketchange.android.http.AsyncHttpRequestService added
[WARNING] [32mVERBOSE[0m Callback method :onStartCommand in Class com.pocketchange.android.app.PersistentIntentService added
[WARNING] [32mVERBOSE[0m Callback method :onStart in Class com.pocketchange.android.app.PersistentIntentService added
0 ICC links found and 0 cg edges added due to ICC links
dynamic conflated call graph: 109 methods; 109 nodes; 126 edges.
[WARNING] [32mVERBOSE[0m Callback method :<init> in Class android.support.v4.app.DialogFragment
[WARNING] [32mVERBOSE[0m Callback method :onCancel in Class android.support.v4.app.DialogFragment
[WARNING] [32mVERBOSE[0m Callback method :onDismiss in Class android.support.v4.app.DialogFragment
[WARNING] [32mVERBOSE[0m Callback method :onClick in Class com.heyzap.sdk.PreMarketDialog$ActionOnClickListener
[WARNING] [32mVERBOSE[0m Callback method :onClick in Class com.heyzap.sdk.PreMarketDialog$SkipOnClickListener
Result for malicious-app-6107-2D373B26C6A87E9D2BAD7C7938DF1C86E8DC26218AF51F3A8C79E020471AEB46.apkcom.jonathanlanis.xwedcfgrrxq