DUA-Forensics args to Soot: -w -cp /home/handrick/Documents/TU_Darmstadt/benchmark/libs/droidfax.jar:/home/handrick/Android/Sdk/platforms/android-19/android.jar -p cg verbose:false,implicit-entry:true -p cg.spark verbose:false,on-fly-cg:true,rta:false -d /home/handrick/Documents/TU_Darmstadt/benchmark/trace/180/2/droidbot/malicious-app-6017-093688131CB2DFF6348F3EE0788A2EB0FCB664C86CA10448058E25A79E10BE5F.apk.logcat -process-dir /home/handrick/Documents/TU_Darmstadt/benchmark/data/input/malicious-app-6017-093688131CB2DFF6348F3EE0788A2EB0FCB664C86CA10448058E25A79E10BE5F.apk 
Soot started on Thu Apr 20 17:36:38 CEST 2023
Warning: com.ironsource.mobilcore.BaseFlowBasedAdUnit is a phantom class!
Warning: java.lang.invoke.LambdaMetafactory is a phantom class!
Warning: java.lang.ref.Finalizer is a phantom class!
[Call Graph] For information on where the call graph may be incomplete, use the verbose option to the cg phase.
[Spark] Pointer Assignment Graph in 0.1 seconds.
[Spark] Type masks in 0.0 seconds.
[Spark] Pointer Graph simplified in 0.0 seconds.
[Spark] Propagation in 0.0 seconds.
[Spark] Solution found in 0.0 seconds.
hcai's internal transform
Running static analysis for security-relevant feature characterization
[GatorHierarchy] [32mVERBOSE[0m [HIER] All classes: 710
[GatorHierarchy] [32mVERBOSE[0m [App: 50, Lib : 657, Phantom: 3]
[GatorHierarchy] [32mVERBOSE[0m [HIER] Activities: 3, lib activities: 1
[GatorHierarchy] [32mVERBOSE[0m [HIER] App views: 2, Lib views: 12
[GatorHierarchy] [32mVERBOSE[0m [HIER] App Dialogs: 1, Lib Dialogs: 3
[TIMECOST] [32mVERBOSE[0m buildApplicationCodeMap parsing starting at 1682005000003
[TIMECOST] [32mVERBOSE[0m buildApplicationCodeMap parsing finished at 1682005000582
[Instantiated app classes] [32mVERBOSE[0m total number: 59
[WARNING] [32mVERBOSE[0m Callback method :onCreate in Class com.ccx.xm.AdActivity added
[WARNING] [32mVERBOSE[0m Callback method :onPause in Class org.cocos2dx.lib.Cocos2dxActivity added
[WARNING] [32mVERBOSE[0m Callback method :onCreate in Class org.cocos2dx.lib.Cocos2dxActivity added
[WARNING] [32mVERBOSE[0m Callback method :onResume in Class org.cocos2dx.lib.Cocos2dxActivity added
[WARNING] [32mVERBOSE[0m Callback method :onReceive in Class com.games.AdReciver added
[WARNING] [32mVERBOSE[0m Callback method :onPause in Class org.cocos2dx.lib.Cocos2dxActivity added
[WARNING] [32mVERBOSE[0m Callback method :onCreate in Class com.tongzhou.dianqiso.baoBaoDianDu_DianQi added
[WARNING] [32mVERBOSE[0m Callback method :onResume in Class org.cocos2dx.lib.Cocos2dxActivity added
0 ICC links found and 0 cg edges added due to ICC links
dynamic conflated call graph: 190 methods; 190 nodes; 188 edges.
maxpossibleFlows=4
4 taint flow paths FOUND from <android.content.ContextWrapper: android.content.res.AssetManager getAssets()> to <android.content.res.AssetManager: android.content.res.AssetFileDescriptor openFd(java.lang.String)>
maxpossibleFlows=189
maxpossibleFlows=189
maxpossibleFlows=4
maxpossibleFlows=4
maxpossibleFlows=2
maxpossibleFlows=2
maxpossibleFlows=189
maxpossibleFlows=189
maxpossibleFlows=189
maxpossibleFlows=189
maxpossibleFlows=189
maxpossibleFlows=189
maxpossibleFlows=189
maxpossibleFlows=189
maxpossibleFlows=2
maxpossibleFlows=2
maxpossibleFlows=2
maxpossibleFlows=2
maxpossibleFlows=4
4 taint flow paths FOUND from <android.content.ContextWrapper: android.content.res.AssetManager getAssets()> to <android.content.res.AssetManager: android.content.res.AssetFileDescriptor openFd(java.lang.String)>
maxpossibleFlows=4
maxpossibleFlows=4
maxpossibleFlows=2
maxpossibleFlows=2
maxpossibleFlows=2
maxpossibleFlows=189
maxpossibleFlows=189
maxpossibleFlows=189
maxpossibleFlows=189
maxpossibleFlows=189
maxpossibleFlows=189
maxpossibleFlows=189
maxpossibleFlows=189
maxpossibleFlows=189
maxpossibleFlows=189
Result for malicious-app-6017-093688131CB2DFF6348F3EE0788A2EB0FCB664C86CA10448058E25A79E10BE5F.apkcom.tongzhou.dianqiso