DUA-Forensics args to Soot: -w -cp /home/handrick/Documents/TU_Darmstadt/benchmark/libs/droidfax.jar:/home/handrick/Android/Sdk/platforms/android-19/android.jar -p cg verbose:false,implicit-entry:true -p cg.spark verbose:false,on-fly-cg:true,rta:false -d /home/handrick/Documents/TU_Darmstadt/benchmark/trace/180/3/droidbot/malicious-app-6112-A9B2396706CDDA38C3DFF38B00981A3112AB329ABC4F01B2C53202338BCA643D.apk.logcat -process-dir /home/handrick/Documents/TU_Darmstadt/benchmark/data/input/malicious-app-6112-A9B2396706CDDA38C3DFF38B00981A3112AB329ABC4F01B2C53202338BCA643D.apk 
Soot started on Sun Apr 23 05:55:19 CEST 2023
Warning: com.ironsource.mobilcore.BaseFlowBasedAdUnit is a phantom class!
Warning: java.lang.invoke.LambdaMetafactory is a phantom class!
Warning: java.lang.ref.Finalizer is a phantom class!
Warning: com.baidu.mobads.AdView is a phantom class!
Warning: com.baidu.mobads.AdViewListener is a phantom class!
[Call Graph] For information on where the call graph may be incomplete, use the verbose option to the cg phase.
[Spark] Pointer Assignment Graph in 0.1 seconds.
[Spark] Type masks in 0.0 seconds.
[Spark] Pointer Graph simplified in 0.0 seconds.
[Spark] Propagation in 0.0 seconds.
[Spark] Solution found in 0.0 seconds.
hcai's internal transform
Running static analysis for security-relevant feature characterization
[GatorHierarchy] [32mVERBOSE[0m [HIER] All classes: 740
[GatorHierarchy] [32mVERBOSE[0m [App: 131, Lib : 604, Phantom: 5]
[GatorHierarchy] [32mVERBOSE[0m [HIER] Activities: 2, lib activities: 1
[GatorHierarchy] [32mVERBOSE[0m [HIER] App views: 2, Lib views: 6
[GatorHierarchy] [32mVERBOSE[0m [HIER] App Dialogs: 0, Lib Dialogs: 2
[TIMECOST] [32mVERBOSE[0m buildApplicationCodeMap parsing starting at 1682222120903
array element type: (filled narr)int
array element type: (filled narr)int
second round from stmt: $u0#5 = $u0#4[$u1]
array element type: (filled narr)int
array element type: (filled narr)int
array element type: (filled narr)int
array element type: (filled narr)int
array element type: (filled narr)int
array element type: (filled narr)int
[TIMECOST] [32mVERBOSE[0m buildApplicationCodeMap parsing finished at 1682222123890
[Instantiated app classes] [32mVERBOSE[0m total number: 54
[WARNING] [32mVERBOSE[0m Callback method :onCreate in Class com.mao.kakpssere.ChatScrawlActivity added
[WARNING] [32mVERBOSE[0m Callback method :onSensorChanged in Class com.mao.kakpssere.ChatScrawlActivity added
[WARNING] [32mVERBOSE[0m Callback method :onDestroy in Class com.mao.kakpssere.ChatScrawlActivity added
[WARNING] [32mVERBOSE[0m Callback method :onAccuracyChanged in Class com.mao.kakpssere.ChatScrawlActivity added
[WARNING] [32mVERBOSE[0m Callback method :onActivityResult in Class com.mao.kakpssere.ChatScrawlActivity added
[WARNING] [32mVERBOSE[0m Callback method :onClick in Class com.mao.kakpssere.ChatScrawlActivity added
[WARNING] [32mVERBOSE[0m Callback method :onReceive in Class com.games.AdReciver added
[WARNING] [32mVERBOSE[0m Callback method :onTouchEvent in Class com.mao.kakpssere.FingerView added
[WARNING] [32mVERBOSE[0m Callback method :onDraw in Class com.mao.kakpssere.FingerView added
[WARNING] [32mVERBOSE[0m Callback method :onTouchEvent in Class com.mao.kakpssere.TouchView added
[WARNING] [32mVERBOSE[0m Callback method :onDraw in Class com.mao.kakpssere.TouchView added
[WARNING] [32mVERBOSE[0m Callback method :onCreate in Class com.ccx.xm.AdActivity added
0 ICC links found and 0 cg edges added due to ICC links
dynamic conflated call graph: 12 methods; 12 nodes; 8 edges.
[WARNING] [32mVERBOSE[0m Callback method :<init> in Class com.mao.kakpssere.ChatScrawlActivity
[WARNING] [32mVERBOSE[0m Callback method :onAccuracyChanged in Class com.mao.kakpssere.ChatScrawlActivity
[WARNING] [32mVERBOSE[0m Callback method :onActivityResult in Class com.mao.kakpssere.ChatScrawlActivity
[WARNING] [32mVERBOSE[0m Callback method :onClick in Class com.mao.kakpssere.ChatScrawlActivity
[WARNING] [32mVERBOSE[0m Callback method :onCreate in Class com.mao.kakpssere.ChatScrawlActivity
[WARNING] [32mVERBOSE[0m Callback method :onDestroy in Class com.mao.kakpssere.ChatScrawlActivity
[WARNING] [32mVERBOSE[0m Callback method :onSensorChanged in Class com.mao.kakpssere.ChatScrawlActivity
Result for malicious-app-6112-A9B2396706CDDA38C3DFF38B00981A3112AB329ABC4F01B2C53202338BCA643D.apkcom.mao.kakpssere