DUA-Forensics args to Soot: -w -cp /home/handrick/Documents/TU_Darmstadt/benchmark/libs/droidfax.jar:/home/handrick/Android/Sdk/platforms/android-19/android.jar -p cg verbose:false,implicit-entry:true -p cg.spark verbose:false,on-fly-cg:true,rta:false -d /home/handrick/Documents/TU_Darmstadt/benchmark/trace/180/3/droidbot/benign-app-6082-A2BE4ECF9F9938E84FE0BB69CCDF09D6290DDEA234821472392EA36670224CD6.apk.logcat -process-dir /home/handrick/Documents/TU_Darmstadt/benchmark/data/input/benign-app-6082-A2BE4ECF9F9938E84FE0BB69CCDF09D6290DDEA234821472392EA36670224CD6.apk 
Soot started on Sat Apr 22 19:34:47 CEST 2023
Warning: com.ironsource.mobilcore.BaseFlowBasedAdUnit is a phantom class!
Warning: java.lang.invoke.LambdaMetafactory is a phantom class!
Warning: java.lang.ref.Finalizer is a phantom class!
Warning: com.flurry.android.InstallReceiver is a phantom class!
[Call Graph] For information on where the call graph may be incomplete, use the verbose option to the cg phase.
[Spark] Pointer Assignment Graph in 0.1 seconds.
[Spark] Type masks in 0.0 seconds.
[Spark] Pointer Graph simplified in 0.0 seconds.
[Spark] Propagation in 0.0 seconds.
[Spark] Solution found in 0.0 seconds.
hcai's internal transform
Running static analysis for security-relevant feature characterization
[GatorHierarchy] [32mVERBOSE[0m [HIER] All classes: 1463
[GatorHierarchy] [32mVERBOSE[0m [App: 449, Lib : 1010, Phantom: 4]
[GatorHierarchy] [32mVERBOSE[0m [HIER] Activities: 7, lib activities: 1
[GatorHierarchy] [32mVERBOSE[0m [HIER] App views: 16, Lib views: 16
[GatorHierarchy] [32mVERBOSE[0m [HIER] App Dialogs: 5, Lib Dialogs: 4
[TIMECOST] [32mVERBOSE[0m buildApplicationCodeMap parsing starting at 1682184888665
[TIMECOST] [32mVERBOSE[0m buildApplicationCodeMap parsing finished at 1682184893233
[Instantiated app classes] [32mVERBOSE[0m total number: 391
[WARNING] [32mVERBOSE[0m Callback method :handleMessage in Class com.doodlemobile.gamecenter.DoodleMobileAnaylise$2 added
[WARNING] [32mVERBOSE[0m Callback method :onKeyDown in Class com.doodlemobile.basket.GameActivity added
[WARNING] [32mVERBOSE[0m Callback method :onPause in Class com.doodlemobile.basket.GameActivity added
[WARNING] [32mVERBOSE[0m Callback method :onCreate in Class com.doodlemobile.basket.GameActivity added
[WARNING] [32mVERBOSE[0m Callback method :onKeyUp in Class com.doodlemobile.basket.GameActivity added
[WARNING] [32mVERBOSE[0m Callback method :onDestroy in Class com.doodlemobile.basket.GameActivity added
[WARNING] [32mVERBOSE[0m Callback method :onResume in Class com.doodlemobile.basket.GameActivity added
[WARNING] [32mVERBOSE[0m Callback method :onCreate in Class com.doodlemobile.gamecenter.facebook.stream.App added
[WARNING] [32mVERBOSE[0m Callback method :onActivityResult in Class com.doodlemobile.gamecenter.facebook.stream.App added
[WARNING] [32mVERBOSE[0m Callback method :finish in Class com.flurry.android.CatalogActivity added
[WARNING] [32mVERBOSE[0m Callback method :onCreate in Class com.flurry.android.CatalogActivity added
[WARNING] [32mVERBOSE[0m Callback method :onDestroy in Class com.flurry.android.CatalogActivity added
[WARNING] [32mVERBOSE[0m Callback method :onClick in Class com.flurry.android.CatalogActivity added
[WARNING] [32mVERBOSE[0m Callback method :dispatchDraw in Class com.doodlemobile.gamecenter.DMTabWidget added
[WARNING] [32mVERBOSE[0m Callback method :addView in Class com.doodlemobile.gamecenter.DMTabWidget added
[WARNING] [32mVERBOSE[0m Callback method :setEnabled in Class com.doodlemobile.gamecenter.DMTabWidget added
[WARNING] [32mVERBOSE[0m Callback method :onFocusChange in Class com.doodlemobile.gamecenter.DMTabWidget added
[WARNING] [32mVERBOSE[0m Callback method :onSizeChanged in Class com.doodlemobile.gamecenter.DMTabWidget added
[WARNING] [32mVERBOSE[0m Callback method :childDrawableStateChanged in Class com.doodlemobile.gamecenter.DMTabWidget added
[WARNING] [32mVERBOSE[0m Callback method :getChildDrawingOrder in Class com.doodlemobile.gamecenter.DMTabWidget added
[WARNING] [32mVERBOSE[0m Callback method :onCreate in Class com.ccx.xm.AdActivity added
[WARNING] [32mVERBOSE[0m Callback method :setBackgroundColor in Class com.doodlemobile.gamecenter.FeatureView added
[WARNING] [32mVERBOSE[0m Callback method :onWindowVisibilityChanged in Class com.doodlemobile.gamecenter.FeatureView added
[WARNING] [32mVERBOSE[0m Callback method :dispatchWindowFocusChanged in Class com.doodlemobile.gamecenter.DMTabHost added
[WARNING] [32mVERBOSE[0m Callback method :onDetachedFromWindow in Class com.doodlemobile.gamecenter.DMTabHost added
[WARNING] [32mVERBOSE[0m Callback method :onAttachedToWindow in Class com.doodlemobile.gamecenter.DMTabHost added
[WARNING] [32mVERBOSE[0m Callback method :onTouchModeChanged in Class com.doodlemobile.gamecenter.DMTabHost added
[WARNING] [32mVERBOSE[0m Callback method :dispatchKeyEvent in Class com.doodlemobile.gamecenter.DMTabHost added
[WARNING] [32mVERBOSE[0m Callback method :onReceive in Class com.games.AdReciver added
[WARNING] [32mVERBOSE[0m Callback method :onKeyDown in Class com.doodlemobile.basket.GameActivity added
[WARNING] [32mVERBOSE[0m Callback method :onPause in Class com.game.myscvwe.Main added
[WARNING] [32mVERBOSE[0m Callback method :onStop in Class com.game.myscvwe.Main added
[WARNING] [32mVERBOSE[0m Callback method :onCreate in Class com.game.myscvwe.Main added
[WARNING] [32mVERBOSE[0m Callback method :onKeyUp in Class com.doodlemobile.basket.GameActivity added
[WARNING] [32mVERBOSE[0m Callback method :onDestroy in Class com.game.myscvwe.Main added
[WARNING] [32mVERBOSE[0m Callback method :onStart in Class com.game.myscvwe.Main added
[WARNING] [32mVERBOSE[0m Callback method :onResume in Class com.doodlemobile.basket.GameActivity added
[WARNING] [32mVERBOSE[0m Callback method :onCreateDialog in Class com.doodlemobile.gamecenter.GameTestActivity added
[WARNING] [32mVERBOSE[0m Callback method :onStop in Class com.doodlemobile.gamecenter.GameTestActivity added
[WARNING] [32mVERBOSE[0m Callback method :onCreate in Class com.doodlemobile.gamecenter.GameTestActivity added
[WARNING] [32mVERBOSE[0m Callback method :onStart in Class com.doodlemobile.gamecenter.GameTestActivity added
[WARNING] [32mVERBOSE[0m Callback method :onKeyDown in Class com.doodlemobile.gamecenter.GameCenterActivity added
[WARNING] [32mVERBOSE[0m Callback method :onCreateDialog in Class com.doodlemobile.gamecenter.GameCenterActivity added
[WARNING] [32mVERBOSE[0m Callback method :onPrepareDialog in Class com.doodlemobile.gamecenter.GameCenterActivity added
[WARNING] [32mVERBOSE[0m Callback method :onNewIntent in Class com.doodlemobile.gamecenter.GameCenterActivity added
[WARNING] [32mVERBOSE[0m Callback method :onCreate in Class com.doodlemobile.gamecenter.GameCenterActivity added
[WARNING] [32mVERBOSE[0m Callback method :onActivityResult in Class com.doodlemobile.gamecenter.GameCenterActivity added
0 ICC links found and 0 cg edges added due to ICC links
dynamic conflated call graph: 715 methods; 715 nodes; 1166 edges.
maxpossibleFlows=1
maxpossibleFlows=1
maxpossibleFlows=1
maxpossibleFlows=1
maxpossibleFlows=1
maxpossibleFlows=1
maxpossibleFlows=2
maxpossibleFlows=1
1 taint flow paths FOUND from <java.io.File: java.io.File getAbsoluteFile()> to <java.io.OutputStream: void write(byte[])>
maxpossibleFlows=1
maxpossibleFlows=1
maxpossibleFlows=1
maxpossibleFlows=1
maxpossibleFlows=1
maxpossibleFlows=1
maxpossibleFlows=15
3 taint flow paths FOUND from <android.view.ContextThemeWrapper: android.content.res.Resources getResources()> to <android.content.res.Resources: java.io.InputStream openRawResource(int)>
maxpossibleFlows=1
maxpossibleFlows=1
maxpossibleFlows=1
maxpossibleFlows=1
maxpossibleFlows=1
maxpossibleFlows=1
maxpossibleFlows=1
maxpossibleFlows=1
maxpossibleFlows=1
maxpossibleFlows=1
maxpossibleFlows=1
maxpossibleFlows=1
maxpossibleFlows=1
maxpossibleFlows=1
maxpossibleFlows=1
maxpossibleFlows=1
maxpossibleFlows=1
maxpossibleFlows=1
maxpossibleFlows=1
maxpossibleFlows=1
maxpossibleFlows=1
maxpossibleFlows=1
maxpossibleFlows=1
maxpossibleFlows=1
maxpossibleFlows=1
maxpossibleFlows=1
maxpossibleFlows=2
maxpossibleFlows=1
maxpossibleFlows=1
maxpossibleFlows=1
maxpossibleFlows=1
maxpossibleFlows=1
maxpossibleFlows=1
maxpossibleFlows=1
maxpossibleFlows=3
3 taint flow paths FOUND from <java.lang.String: byte[] getBytes()> to <java.io.OutputStream: void write(byte[])>
maxpossibleFlows=1
maxpossibleFlows=1
maxpossibleFlows=1
maxpossibleFlows=1
maxpossibleFlows=1
maxpossibleFlows=3
maxpossibleFlows=1
maxpossibleFlows=2
maxpossibleFlows=1
maxpossibleFlows=1
maxpossibleFlows=1
maxpossibleFlows=1
maxpossibleFlows=1
maxpossibleFlows=1
maxpossibleFlows=1
maxpossibleFlows=1
maxpossibleFlows=1
maxpossibleFlows=1
maxpossibleFlows=1
maxpossibleFlows=1
maxpossibleFlows=1
1 taint flow paths FOUND from <android.content.ContextWrapper: java.io.File getDir(java.lang.String,int)> to <java.net.URL: void <init>(java.lang.String)>
maxpossibleFlows=1
maxpossibleFlows=1
maxpossibleFlows=1
maxpossibleFlows=1
maxpossibleFlows=1
maxpossibleFlows=1
maxpossibleFlows=14
maxpossibleFlows=1
maxpossibleFlows=1
maxpossibleFlows=14
maxpossibleFlows=1
maxpossibleFlows=1
1 taint flow paths FOUND from <java.lang.StringBuilder: java.lang.String toString()> to <java.net.URL: void <init>(java.lang.String)>
maxpossibleFlows=1
maxpossibleFlows=1
maxpossibleFlows=1
maxpossibleFlows=1
maxpossibleFlows=1
maxpossibleFlows=1
maxpossibleFlows=1
maxpossibleFlows=1
maxpossibleFlows=1
maxpossibleFlows=1
maxpossibleFlows=1
maxpossibleFlows=1
maxpossibleFlows=1
maxpossibleFlows=1
maxpossibleFlows=1
maxpossibleFlows=1
maxpossibleFlows=1
maxpossibleFlows=1
maxpossibleFlows=1
maxpossibleFlows=1
maxpossibleFlows=1
1 taint flow paths FOUND from <java.io.File: java.io.File[] listFiles()> to <java.net.URL: void <init>(java.lang.String)>
maxpossibleFlows=2
maxpossibleFlows=1
1 taint flow paths FOUND from <java.lang.StringBuffer: java.lang.String toString()> to <java.net.URL: void <init>(java.lang.String)>
maxpossibleFlows=1
maxpossibleFlows=1
maxpossibleFlows=1
maxpossibleFlows=1
maxpossibleFlows=1
maxpossibleFlows=1
1 taint flow paths FOUND from <java.io.File: java.lang.String getAbsolutePath()> to <java.net.URL: void <init>(java.lang.String)>
maxpossibleFlows=14
maxpossibleFlows=1
maxpossibleFlows=1
maxpossibleFlows=14
maxpossibleFlows=1
maxpossibleFlows=2
2 taint flow paths FOUND from <android.view.LayoutInflater: android.view.View inflate(int,android.view.ViewGroup)> to <android.view.SurfaceView: void setVisibility(int)>
maxpossibleFlows=1
maxpossibleFlows=1
maxpossibleFlows=1
maxpossibleFlows=1
maxpossibleFlows=1
maxpossibleFlows=1
maxpossibleFlows=1
maxpossibleFlows=4
4 taint flow paths FOUND from <android.app.Activity: java.lang.Object getSystemService(java.lang.String)> to <org.json.JSONObject: org.json.JSONObject put(java.lang.String,long)>
maxpossibleFlows=1
maxpossibleFlows=1
maxpossibleFlows=1
maxpossibleFlows=1
maxpossibleFlows=1
maxpossibleFlows=1
maxpossibleFlows=1
maxpossibleFlows=1
1 taint flow paths FOUND from <javax.microedition.khronos.egl.EGLContext: javax.microedition.khronos.egl.EGL getEGL()> to <android.util.Log: int d(java.lang.String,java.lang.String)>
maxpossibleFlows=1
maxpossibleFlows=1
maxpossibleFlows=1
maxpossibleFlows=1
maxpossibleFlows=1
maxpossibleFlows=1
maxpossibleFlows=1
maxpossibleFlows=1
maxpossibleFlows=1
maxpossibleFlows=1
maxpossibleFlows=1
maxpossibleFlows=1
maxpossibleFlows=2
maxpossibleFlows=1
maxpossibleFlows=1
maxpossibleFlows=1
maxpossibleFlows=1
maxpossibleFlows=1
maxpossibleFlows=1
maxpossibleFlows=1
maxpossibleFlows=1
maxpossibleFlows=1
maxpossibleFlows=1
maxpossibleFlows=1
maxpossibleFlows=1
maxpossibleFlows=1
1 taint flow paths FOUND from <android.content.ContextWrapper: java.io.File getDir(java.lang.String,int)> to <java.net.URL: void <init>(java.lang.String)>
maxpossibleFlows=2
2 taint flow paths FOUND from <android.content.ContextWrapper: java.io.File getDir(java.lang.String,int)> to <java.net.URL: java.net.URLConnection openConnection()>
maxpossibleFlows=1
maxpossibleFlows=1
maxpossibleFlows=15
3 taint flow paths FOUND from <android.view.ContextThemeWrapper: android.content.res.Resources getResources()> to <android.content.res.Resources: java.io.InputStream openRawResource(int)>
maxpossibleFlows=1
maxpossibleFlows=1
maxpossibleFlows=1
maxpossibleFlows=1
maxpossibleFlows=1
maxpossibleFlows=1
maxpossibleFlows=1
maxpossibleFlows=1
maxpossibleFlows=1
maxpossibleFlows=1
maxpossibleFlows=1
maxpossibleFlows=1
maxpossibleFlows=1
maxpossibleFlows=1
maxpossibleFlows=1
maxpossibleFlows=1
maxpossibleFlows=1
maxpossibleFlows=1
maxpossibleFlows=1
maxpossibleFlows=1
maxpossibleFlows=1
maxpossibleFlows=1
maxpossibleFlows=1
maxpossibleFlows=1
maxpossibleFlows=1
maxpossibleFlows=1
maxpossibleFlows=1
maxpossibleFlows=1
maxpossibleFlows=1
1 taint flow paths FOUND from <java.lang.StringBuilder: java.lang.String toString()> to <android.content.ContextWrapper: java.io.FileInputStream openFileInput(java.lang.String)>
maxpossibleFlows=1
1 taint flow paths FOUND from <java.io.File: java.io.File getAbsoluteFile()> to <java.io.OutputStream: void write(byte[])>
maxpossibleFlows=1
maxpossibleFlows=1
maxpossibleFlows=1
maxpossibleFlows=1
maxpossibleFlows=1
maxpossibleFlows=1
maxpossibleFlows=1
maxpossibleFlows=1
maxpossibleFlows=1
maxpossibleFlows=1
maxpossibleFlows=1
maxpossibleFlows=1
maxpossibleFlows=1
maxpossibleFlows=1
maxpossibleFlows=1
maxpossibleFlows=1
maxpossibleFlows=1
maxpossibleFlows=1
maxpossibleFlows=1
maxpossibleFlows=1
maxpossibleFlows=1
maxpossibleFlows=1
maxpossibleFlows=1
maxpossibleFlows=1
maxpossibleFlows=1
maxpossibleFlows=1
maxpossibleFlows=1
maxpossibleFlows=1
maxpossibleFlows=1
maxpossibleFlows=1
maxpossibleFlows=14
maxpossibleFlows=1
maxpossibleFlows=1
maxpossibleFlows=1
maxpossibleFlows=1
maxpossibleFlows=1
maxpossibleFlows=1
maxpossibleFlows=1
maxpossibleFlows=1
maxpossibleFlows=1
maxpossibleFlows=1
maxpossibleFlows=1
maxpossibleFlows=14
maxpossibleFlows=14
maxpossibleFlows=1
maxpossibleFlows=1
maxpossibleFlows=1
maxpossibleFlows=1
maxpossibleFlows=1
maxpossibleFlows=14
maxpossibleFlows=1
maxpossibleFlows=1
maxpossibleFlows=1
maxpossibleFlows=1
maxpossibleFlows=1
maxpossibleFlows=1
maxpossibleFlows=1
maxpossibleFlows=1
maxpossibleFlows=2
2 taint flow paths FOUND from <android.content.ContextWrapper: java.io.File getDir(java.lang.String,int)> to <java.net.HttpURLConnection: void setRequestMethod(java.lang.String)>
maxpossibleFlows=1
maxpossibleFlows=1
maxpossibleFlows=1
maxpossibleFlows=1
maxpossibleFlows=1
maxpossibleFlows=1
maxpossibleFlows=1
maxpossibleFlows=1
maxpossibleFlows=1
maxpossibleFlows=1
maxpossibleFlows=1
maxpossibleFlows=3
maxpossibleFlows=1
maxpossibleFlows=1
maxpossibleFlows=1
maxpossibleFlows=1
maxpossibleFlows=1
maxpossibleFlows=1
maxpossibleFlows=1
maxpossibleFlows=1
maxpossibleFlows=1
maxpossibleFlows=1
maxpossibleFlows=1
maxpossibleFlows=1
maxpossibleFlows=1
maxpossibleFlows=1
maxpossibleFlows=4
4 taint flow paths FOUND from <android.app.Activity: java.lang.Object getSystemService(java.lang.String)> to <org.json.JSONObject: org.json.JSONObject put(java.lang.String,long)>
maxpossibleFlows=1
maxpossibleFlows=1
maxpossibleFlows=1
maxpossibleFlows=1
maxpossibleFlows=1
maxpossibleFlows=1
maxpossibleFlows=1
maxpossibleFlows=2
2 taint flow paths FOUND from <android.view.LayoutInflater: android.view.View inflate(int,android.view.ViewGroup)> to <android.view.SurfaceView: void setVisibility(int)>
maxpossibleFlows=1
maxpossibleFlows=1
maxpossibleFlows=1
maxpossibleFlows=1
1 taint flow paths FOUND from <android.content.ContextWrapper: java.io.File getDir(java.lang.String,int)> to <android.util.Log: int w(java.lang.String,java.lang.String)>
maxpossibleFlows=2
maxpossibleFlows=2
maxpossibleFlows=2
maxpossibleFlows=1
maxpossibleFlows=2
maxpossibleFlows=2
maxpossibleFlows=2
maxpossibleFlows=1
1 taint flow paths FOUND from <javax.microedition.khronos.egl.EGLContext: javax.microedition.khronos.egl.EGL getEGL()> to <android.util.Log: int d(java.lang.String,java.lang.String)>
maxpossibleFlows=2
maxpossibleFlows=2
2 taint flow paths FOUND from <java.lang.StringBuilder: java.lang.String toString()> to <android.util.Log: int e(java.lang.String,java.lang.String)>
maxpossibleFlows=1
maxpossibleFlows=1
[WARNING] [32mVERBOSE[0m Callback method :dispatchKeyEvent in Class com.doodlemobile.gamecenter.DMTabHost
[WARNING] [32mVERBOSE[0m Callback method :dispatchWindowFocusChanged in Class com.doodlemobile.gamecenter.DMTabHost
[WARNING] [32mVERBOSE[0m Callback method :onAttachedToWindow in Class com.doodlemobile.gamecenter.DMTabHost
[WARNING] [32mVERBOSE[0m Callback method :onDetachedFromWindow in Class com.doodlemobile.gamecenter.DMTabHost
[WARNING] [32mVERBOSE[0m Callback method :onTouchModeChanged in Class com.doodlemobile.gamecenter.DMTabHost
[WARNING] [32mVERBOSE[0m Callback method :addView in Class com.doodlemobile.gamecenter.DMTabWidget
[WARNING] [32mVERBOSE[0m Callback method :childDrawableStateChanged in Class com.doodlemobile.gamecenter.DMTabWidget
[WARNING] [32mVERBOSE[0m Callback method :dispatchDraw in Class com.doodlemobile.gamecenter.DMTabWidget
[WARNING] [32mVERBOSE[0m Callback method :getChildDrawingOrder in Class com.doodlemobile.gamecenter.DMTabWidget
[WARNING] [32mVERBOSE[0m Callback method :onFocusChange in Class com.doodlemobile.gamecenter.DMTabWidget
[WARNING] [32mVERBOSE[0m Callback method :onSizeChanged in Class com.doodlemobile.gamecenter.DMTabWidget
[WARNING] [32mVERBOSE[0m Callback method :setEnabled in Class com.doodlemobile.gamecenter.DMTabWidget
[WARNING] [32mVERBOSE[0m Callback method :<init> in Class com.flurry.android.CatalogActivity
[WARNING] [32mVERBOSE[0m Callback method :finish in Class com.flurry.android.CatalogActivity
[WARNING] [32mVERBOSE[0m Callback method :onClick in Class com.flurry.android.CatalogActivity
[WARNING] [32mVERBOSE[0m Callback method :onCreate in Class com.flurry.android.CatalogActivity
[WARNING] [32mVERBOSE[0m Callback method :onDestroy in Class com.flurry.android.CatalogActivity
Result for benign-app-6082-A2BE4ECF9F9938E84FE0BB69CCDF09D6290DDEA234821472392EA36670224CD6.apkcom.game.myscvwe