DUA-Forensics args to Soot: -w -cp /home/handrick/Documents/TU_Darmstadt/benchmark/libs/droidfax.jar:/home/handrick/Android/Sdk/platforms/android-19/android.jar -p cg verbose:false,implicit-entry:true -p cg.spark verbose:false,on-fly-cg:true,rta:false -d /home/handrick/Documents/TU_Darmstadt/benchmark/trace/180/3/droidbot/benign-app-6059-4557A262349FAC24F25021A2059F78C2227DA63A72437A66F67967A33D73EE35.apk.logcat -process-dir /home/handrick/Documents/TU_Darmstadt/benchmark/data/input/benign-app-6059-4557A262349FAC24F25021A2059F78C2227DA63A72437A66F67967A33D73EE35.apk 
Soot started on Fri Apr 21 20:17:58 CEST 2023
Warning: com.ironsource.mobilcore.BaseFlowBasedAdUnit is a phantom class!
Warning: java.lang.invoke.LambdaMetafactory is a phantom class!
Warning: java.lang.ref.Finalizer is a phantom class!
Warning: com.casdfasdsdt.sdk.Chartboost is a phantom class!
Warning: com.casdfasdsdt.sdk.ChartboostDelegate is a phantom class!
Warning: com.cfasdds.ads.Ad is a phantom class!
Warning: com.cfasdds.ads.AdListener is a phantom class!
Warning: com.cfasdds.ads.AdRequest$ErrorCode is a phantom class!
Warning: com.cfasdds.ads.AdView is a phantom class!
Warning: com.cfasdds.analytics.tracking.android.Tracker is a phantom class!
Warning: com.cfasdds.example.games.basegameutils.GameHelper is a phantom class!
Warning: com.tapjoy.TapjoyNotifier is a phantom class!
[Call Graph] For information on where the call graph may be incomplete, use the verbose option to the cg phase.
[Spark] Pointer Assignment Graph in 0.1 seconds.
[Spark] Type masks in 0.0 seconds.
[Spark] Pointer Graph simplified in 0.0 seconds.
[Spark] Propagation in 0.0 seconds.
[Spark] Solution found in 0.0 seconds.
hcai's internal transform
Running static analysis for method/class coverage characterization
0 ICC links found and 0 cg edges added due to ICC links
dynamic conflated call graph: 578 methods; 578 nodes; 768 edges.
feature-vector-key = benign-app-6059-4557A262349FAC24F25021A2059F78C2227DA63A72437A66F67967A33D73EE35.apk
Result for benign-app-6059-4557A262349FAC24F25021A2059F78C2227DA63A72437A66F67967A33D73EE35.apkcom.cafgame.gazlbay