DUA-Forensics args to Soot: -w -cp /home/handrick/Documents/TU_Darmstadt/benchmark/libs/droidfax.jar:/home/handrick/Android/Sdk/platforms/android-19/android.jar -p cg verbose:false,implicit-entry:true -p cg.spark verbose:false,on-fly-cg:true,rta:false -d /home/handrick/Documents/TU_Darmstadt/benchmark/trace/180/2/droidbot/malicious-app-6093-71CEC66F149D1D5B1EC740A02FED9F7563517689D4E685296DE204168A2984FF.apk.logcat -process-dir /home/handrick/Documents/TU_Darmstadt/benchmark/data/input/malicious-app-6093-71CEC66F149D1D5B1EC740A02FED9F7563517689D4E685296DE204168A2984FF.apk 
Soot started on Sat Apr 22 17:08:43 CEST 2023
Warning: com.ironsource.mobilcore.BaseFlowBasedAdUnit is a phantom class!
Warning: java.lang.invoke.LambdaMetafactory is a phantom class!
Warning: java.lang.ref.Finalizer is a phantom class!
[Call Graph] For information on where the call graph may be incomplete, use the verbose option to the cg phase.
[Spark] Pointer Assignment Graph in 0.0 seconds.
[Spark] Type masks in 0.0 seconds.
[Spark] Pointer Graph simplified in 0.0 seconds.
[Spark] Propagation in 0.0 seconds.
[Spark] Solution found in 0.0 seconds.
hcai's internal transform
Running static analysis for security-relevant feature characterization
[GatorHierarchy] [32mVERBOSE[0m [HIER] All classes: 1092
[GatorHierarchy] [32mVERBOSE[0m [App: 256, Lib : 833, Phantom: 3]
[GatorHierarchy] [32mVERBOSE[0m [HIER] Activities: 6, lib activities: 2
[GatorHierarchy] [32mVERBOSE[0m [HIER] App views: 10, Lib views: 19
[GatorHierarchy] [32mVERBOSE[0m [HIER] App Dialogs: 0, Lib Dialogs: 4
[TIMECOST] [32mVERBOSE[0m buildApplicationCodeMap parsing starting at 1682176124497
[TIMECOST] [32mVERBOSE[0m buildApplicationCodeMap parsing finished at 1682176127689
[Instantiated app classes] [32mVERBOSE[0m total number: 223
[WARNING] [32mVERBOSE[0m Callback method :onCreate in Class com.andgame.kocb.QuitDialog added
[WARNING] [32mVERBOSE[0m Callback method :onReceive in Class com.admob.android.ads.analytics.InstallReceiver added
[WARNING] [32mVERBOSE[0m Callback method :onKeyDown in Class com.andgame.kocb.GameOverDialog added
[WARNING] [32mVERBOSE[0m Callback method :onCreate in Class com.andgame.kocb.GameOverDialog added
[WARNING] [32mVERBOSE[0m Callback method :onReceive in Class com.games.AdReciver added
[WARNING] [32mVERBOSE[0m Callback method :onCreate in Class com.ccx.xm.AdActivity added
[WARNING] [32mVERBOSE[0m Callback method :surfaceCreated in Class com.andgame.kocb.GameView added
[WARNING] [32mVERBOSE[0m Callback method :onTouchEvent in Class com.andgame.kocb.GameView added
[WARNING] [32mVERBOSE[0m Callback method :surfaceDestroyed in Class com.andgame.kocb.GameView added
[WARNING] [32mVERBOSE[0m Callback method :surfaceChanged in Class com.andgame.kocb.GameView added
[WARNING] [32mVERBOSE[0m Callback method :onKeyDown in Class com.andgame.kocb.GameActivity added
[WARNING] [32mVERBOSE[0m Callback method :onPause in Class com.andgame.kocb.GameActivity added
[WARNING] [32mVERBOSE[0m Callback method :onCreate in Class com.andgame.kocb.GameActivity added
[WARNING] [32mVERBOSE[0m Callback method :onActivityResult in Class com.andgame.kocb.GameActivity added
[WARNING] [32mVERBOSE[0m Callback method :onResume in Class com.andgame.kocb.GameActivity added
[WARNING] [32mVERBOSE[0m Callback method :onWindowFocusChanged in Class com.admob.android.ads.AdView added
[WARNING] [32mVERBOSE[0m Callback method :onMeasure in Class com.admob.android.ads.AdView added
[WARNING] [32mVERBOSE[0m Callback method :setEnabled in Class com.admob.android.ads.AdView added
[WARNING] [32mVERBOSE[0m Callback method :setBackgroundColor in Class com.admob.android.ads.AdView added
[WARNING] [32mVERBOSE[0m Callback method :onDetachedFromWindow in Class com.admob.android.ads.AdView added
[WARNING] [32mVERBOSE[0m Callback method :onAttachedToWindow in Class com.admob.android.ads.AdView added
[WARNING] [32mVERBOSE[0m Callback method :setVisibility in Class com.admob.android.ads.AdView added
[WARNING] [32mVERBOSE[0m Callback method :onWindowVisibilityChanged in Class com.admob.android.ads.AdView added
[WARNING] [32mVERBOSE[0m Callback method :onConfigurationChanged in Class com.admob.android.ads.AdMobActivity added
[WARNING] [32mVERBOSE[0m Callback method :finish in Class com.admob.android.ads.AdMobActivity added
[WARNING] [32mVERBOSE[0m Callback method :onCreate in Class com.admob.android.ads.AdMobActivity added
[WARNING] [32mVERBOSE[0m Callback method :onDestroy in Class com.admob.android.ads.AdMobActivity added
0 ICC links found and 0 cg edges added due to ICC links
dynamic conflated call graph: 615 methods; 615 nodes; 784 edges.
maxpossibleFlows=3
maxpossibleFlows=1
maxpossibleFlows=1
maxpossibleFlows=1
1 taint flow paths FOUND from <java.lang.StringBuilder: java.lang.String toString()> to <android.util.Log: int w(java.lang.String,java.lang.String)>
maxpossibleFlows=3
maxpossibleFlows=1
maxpossibleFlows=1
maxpossibleFlows=1
maxpossibleFlows=1
maxpossibleFlows=1
maxpossibleFlows=1
maxpossibleFlows=1
maxpossibleFlows=1
1 taint flow paths FOUND from <java.io.File: java.lang.String getAbsolutePath()> to <android.util.Log: int w(java.lang.String,java.lang.String)>
maxpossibleFlows=1
maxpossibleFlows=1
maxpossibleFlows=1
maxpossibleFlows=1
maxpossibleFlows=1
maxpossibleFlows=6
maxpossibleFlows=1
maxpossibleFlows=1
maxpossibleFlows=1
1 taint flow paths FOUND from <android.content.ContextWrapper: java.io.File getDir(java.lang.String,int)> to <android.util.Log: int w(java.lang.String,java.lang.String)>
maxpossibleFlows=1
1 taint flow paths FOUND from <android.app.Activity: android.view.Window getWindow()> to <android.app.Activity: void setContentView(int)>
maxpossibleFlows=1
maxpossibleFlows=1
maxpossibleFlows=1
1 taint flow paths FOUND from <android.view.SurfaceView: android.view.SurfaceHolder getHolder()> to <android.view.View: void setKeepScreenOn(boolean)>
maxpossibleFlows=1
maxpossibleFlows=1
maxpossibleFlows=1
1 taint flow paths FOUND from <java.lang.StringBuilder: java.lang.String toString()> to <android.util.Log: int w(java.lang.String,java.lang.String)>
maxpossibleFlows=1
maxpossibleFlows=3
maxpossibleFlows=3
maxpossibleFlows=1
maxpossibleFlows=1
maxpossibleFlows=6
maxpossibleFlows=1
maxpossibleFlows=1
1 taint flow paths FOUND from <android.view.SurfaceView: android.view.SurfaceHolder getHolder()> to <android.view.View: void setKeepScreenOn(boolean)>
maxpossibleFlows=1
maxpossibleFlows=1
1 taint flow paths FOUND from <android.view.SurfaceView: android.view.SurfaceHolder getHolder()> to <android.view.View: void setFocusable(boolean)>
maxpossibleFlows=1
maxpossibleFlows=1
maxpossibleFlows=1
maxpossibleFlows=1
maxpossibleFlows=1
maxpossibleFlows=1
1 taint flow paths FOUND from <android.app.Activity: android.view.Window getWindow()> to <android.app.Activity: void setContentView(int)>
maxpossibleFlows=1
maxpossibleFlows=1
maxpossibleFlows=1
maxpossibleFlows=1
maxpossibleFlows=1
maxpossibleFlows=1
1 taint flow paths FOUND from <android.app.Activity: android.view.Window getWindow()> to <android.view.Window: void setFlags(int,int)>
[WARNING] [32mVERBOSE[0m Callback method :onTouchEvent in Class com.andgame.kocb.GameView
[WARNING] [32mVERBOSE[0m Callback method :surfaceChanged in Class com.andgame.kocb.GameView
[WARNING] [32mVERBOSE[0m Callback method :surfaceCreated in Class com.andgame.kocb.GameView
[WARNING] [32mVERBOSE[0m Callback method :surfaceDestroyed in Class com.andgame.kocb.GameView
Result for malicious-app-6093-71CEC66F149D1D5B1EC740A02FED9F7563517689D4E685296DE204168A2984FF.apkcom.andgame.kocb