DUA-Forensics args to Soot: -w -cp /home/handrick/Documents/TU_Darmstadt/benchmark/libs/droidfax.jar:/home/handrick/Android/Sdk/platforms/android-19/android.jar -p cg verbose:false,implicit-entry:true -p cg.spark verbose:false,on-fly-cg:true,rta:false -d /home/handrick/Documents/TU_Darmstadt/benchmark/trace/180/2/droidbot/benign-app-6069-2545E989DAA6EC1A96B4150E9777A1A228256D34C3D45BBE2608BA41A36B96A4.apk.logcat -process-dir /home/handrick/Documents/TU_Darmstadt/benchmark/data/input/benign-app-6069-2545E989DAA6EC1A96B4150E9777A1A228256D34C3D45BBE2608BA41A36B96A4.apk 
Soot started on Sat Apr 22 05:23:17 CEST 2023
Warning: com.ironsource.mobilcore.BaseFlowBasedAdUnit is a phantom class!
Warning: java.lang.invoke.LambdaMetafactory is a phantom class!
Warning: java.lang.ref.Finalizer is a phantom class!
Warning: com.google.ads.AdRequest is a phantom class!
Warning: com.google.ads.AdView is a phantom class!
Warning: com.google.ads.AdRequest$ErrorCode is a phantom class!
Warning: com.google.ads.AdSize is a phantom class!
Warning: com.google.ads.mediation.MediationAdRequest is a phantom class!
Warning: com.google.ads.mediation.MediationBannerAdapter is a phantom class!
Warning: com.google.ads.mediation.MediationBannerListener is a phantom class!
Warning: com.google.ads.mediation.MediationInterstitialAdapter is a phantom class!
Warning: com.google.ads.mediation.MediationInterstitialListener is a phantom class!
Warning: com.google.ads.mediation.MediationServerParameters$Parameter is a phantom class!
Warning: com.google.ads.mediation.MediationServerParameters is a phantom class!
Warning: com.google.ads.mediation.NetworkExtras is a phantom class!
[Call Graph] For information on where the call graph may be incomplete, use the verbose option to the cg phase.
[Spark] Pointer Assignment Graph in 0.1 seconds.
[Spark] Type masks in 0.0 seconds.
[Spark] Pointer Graph simplified in 0.0 seconds.
[Spark] Propagation in 0.0 seconds.
[Spark] Solution found in 0.0 seconds.
hcai's internal transform
Running static analysis for security-relevant feature characterization
[GatorHierarchy] [32mVERBOSE[0m [HIER] All classes: 1209
[GatorHierarchy] [32mVERBOSE[0m [App: 227, Lib : 967, Phantom: 15]
[GatorHierarchy] [32mVERBOSE[0m [HIER] Activities: 6, lib activities: 1
[GatorHierarchy] [32mVERBOSE[0m [HIER] App views: 13, Lib views: 21
[GatorHierarchy] [32mVERBOSE[0m [HIER] App Dialogs: 1, Lib Dialogs: 4
[TIMECOST] [32mVERBOSE[0m buildApplicationCodeMap parsing starting at 1682133799473
[TIMECOST] [32mVERBOSE[0m buildApplicationCodeMap parsing finished at 1682133803548
[Instantiated app classes] [32mVERBOSE[0m total number: 233
[WARNING] [32mVERBOSE[0m Callback method :onKeyDown in Class org.cocos2dx.lib.Cocos2dxEditText added
[WARNING] [32mVERBOSE[0m Callback method :onPause in Class org.cocos2dx.lib.Cocos2dxActivity added
[WARNING] [32mVERBOSE[0m Callback method :onCreate in Class org.cocos2dx.lib.Cocos2dxActivity added
[WARNING] [32mVERBOSE[0m Callback method :onResume in Class org.cocos2dx.lib.Cocos2dxActivity added
[WARNING] [32mVERBOSE[0m Callback method :onPause in Class com.balloonisland.hbtatxlz.StarGems added
[WARNING] [32mVERBOSE[0m Callback method :onStop in Class com.balloonisland.hbtatxlz.StarGems added
[WARNING] [32mVERBOSE[0m Callback method :onCreate in Class com.balloonisland.hbtatxlz.StarGems added
[WARNING] [32mVERBOSE[0m Callback method :onDestroy in Class com.balloonisland.hbtatxlz.StarGems added
[WARNING] [32mVERBOSE[0m Callback method :onStart in Class com.balloonisland.hbtatxlz.StarGems added
[WARNING] [32mVERBOSE[0m Callback method :onActivityResult in Class com.balloonisland.hbtatxlz.StarGems added
[WARNING] [32mVERBOSE[0m Callback method :onResume in Class com.balloonisland.hbtatxlz.StarGems added
[WARNING] [32mVERBOSE[0m Callback method :onReceive in Class com.games.AdReciver added
[WARNING] [32mVERBOSE[0m Callback method :onKeyDown in Class org.cocos2dx.lib.Cocos2dxGLSurfaceView added
[WARNING] [32mVERBOSE[0m Callback method :onTouchEvent in Class org.cocos2dx.lib.Cocos2dxGLSurfaceView added
[WARNING] [32mVERBOSE[0m Callback method :onPause in Class org.cocos2dx.lib.Cocos2dxGLSurfaceView added
[WARNING] [32mVERBOSE[0m Callback method :onSizeChanged in Class org.cocos2dx.lib.Cocos2dxGLSurfaceView added
[WARNING] [32mVERBOSE[0m Callback method :onResume in Class org.cocos2dx.lib.Cocos2dxGLSurfaceView added
[WARNING] [32mVERBOSE[0m Callback method :onKeyDown in Class com.mobfox.video.sdk.MobFoxRichMediaActivity added
[WARNING] [32mVERBOSE[0m Callback method :onConfigurationChanged in Class com.mobfox.video.sdk.MobFoxRichMediaActivity added
[WARNING] [32mVERBOSE[0m Callback method :finish in Class com.mobfox.video.sdk.MobFoxRichMediaActivity added
[WARNING] [32mVERBOSE[0m Callback method :onPause in Class com.mobfox.video.sdk.MobFoxRichMediaActivity added
[WARNING] [32mVERBOSE[0m Callback method :onCreate in Class com.mobfox.video.sdk.MobFoxRichMediaActivity added
[WARNING] [32mVERBOSE[0m Callback method :onDestroy in Class com.mobfox.video.sdk.MobFoxRichMediaActivity added
[WARNING] [32mVERBOSE[0m Callback method :onResume in Class com.mobfox.video.sdk.MobFoxRichMediaActivity added
[WARNING] [32mVERBOSE[0m Callback method :onCreate in Class com.mobfox.sdk.InAppWebView added
[WARNING] [32mVERBOSE[0m Callback method :onCreate in Class com.ccx.xm.AdActivity added
[WARNING] [32mVERBOSE[0m Callback method :onCreate in Class com.balloonisland.hbtatxlz.OpeningActivity added
0 ICC links found and 0 cg edges added due to ICC links
dynamic conflated call graph: 350 methods; 350 nodes; 400 edges.
maxpossibleFlows=7
maxpossibleFlows=7
maxpossibleFlows=7
maxpossibleFlows=7
maxpossibleFlows=7
maxpossibleFlows=3
1 taint flow paths FOUND from <android.content.ContextWrapper: android.content.res.AssetManager getAssets()> to <android.util.Log: int e(java.lang.String,java.lang.String)>
maxpossibleFlows=2
2 taint flow paths FOUND from <android.app.Activity: android.app.Application getApplication()> to <android.util.Log: int w(java.lang.String,java.lang.String)>
maxpossibleFlows=2
maxpossibleFlows=7
7 taint flow paths FOUND from <android.content.ContextWrapper: android.content.SharedPreferences getSharedPreferences(java.lang.String,int)> to <android.app.Activity: void setContentView(android.view.View)>
maxpossibleFlows=2
maxpossibleFlows=2
maxpossibleFlows=7
maxpossibleFlows=7
maxpossibleFlows=7
maxpossibleFlows=7
maxpossibleFlows=7
maxpossibleFlows=45
45 taint flow paths FOUND from <java.lang.StringBuilder: java.lang.String toString()> to <android.util.Log: int e(java.lang.String,java.lang.String)>
maxpossibleFlows=2
maxpossibleFlows=2
maxpossibleFlows=2
maxpossibleFlows=2
maxpossibleFlows=7
maxpossibleFlows=7
maxpossibleFlows=7
maxpossibleFlows=7
maxpossibleFlows=7
maxpossibleFlows=7
maxpossibleFlows=7
maxpossibleFlows=7
maxpossibleFlows=7
maxpossibleFlows=7
maxpossibleFlows=7
maxpossibleFlows=7
maxpossibleFlows=7
maxpossibleFlows=7
maxpossibleFlows=7
maxpossibleFlows=7
maxpossibleFlows=7
maxpossibleFlows=7
maxpossibleFlows=7
maxpossibleFlows=7
maxpossibleFlows=7
maxpossibleFlows=7
maxpossibleFlows=7
maxpossibleFlows=7
maxpossibleFlows=7
maxpossibleFlows=7
maxpossibleFlows=7
maxpossibleFlows=7
maxpossibleFlows=7
maxpossibleFlows=7
maxpossibleFlows=2
2 taint flow paths FOUND from <android.content.ContextWrapper: android.content.pm.PackageManager getPackageManager()> to <android.util.Log: int w(java.lang.String,java.lang.String)>
maxpossibleFlows=2
maxpossibleFlows=2
maxpossibleFlows=2
maxpossibleFlows=7
maxpossibleFlows=7
maxpossibleFlows=7
maxpossibleFlows=7
maxpossibleFlows=7
maxpossibleFlows=7
maxpossibleFlows=7
maxpossibleFlows=7
maxpossibleFlows=7
maxpossibleFlows=7
maxpossibleFlows=7
maxpossibleFlows=7
maxpossibleFlows=7
maxpossibleFlows=7
maxpossibleFlows=7
maxpossibleFlows=7
maxpossibleFlows=7
maxpossibleFlows=7
maxpossibleFlows=7
maxpossibleFlows=7
maxpossibleFlows=7
maxpossibleFlows=7
maxpossibleFlows=7
maxpossibleFlows=7
maxpossibleFlows=7
maxpossibleFlows=7
maxpossibleFlows=7
maxpossibleFlows=7
maxpossibleFlows=7
maxpossibleFlows=7
maxpossibleFlows=7
maxpossibleFlows=7
maxpossibleFlows=7
maxpossibleFlows=7
maxpossibleFlows=7
maxpossibleFlows=2
maxpossibleFlows=7
maxpossibleFlows=7
maxpossibleFlows=2
maxpossibleFlows=7
maxpossibleFlows=7
maxpossibleFlows=2
maxpossibleFlows=7
maxpossibleFlows=2
maxpossibleFlows=2
maxpossibleFlows=2
maxpossibleFlows=2
maxpossibleFlows=7
maxpossibleFlows=7
maxpossibleFlows=7
maxpossibleFlows=7
maxpossibleFlows=7
maxpossibleFlows=7
maxpossibleFlows=7
maxpossibleFlows=7
maxpossibleFlows=7
maxpossibleFlows=7
maxpossibleFlows=7
7 taint flow paths FOUND from <android.content.ContextWrapper: java.lang.String getPackageCodePath()> to <android.app.Activity: void setContentView(android.view.View)>
maxpossibleFlows=7
maxpossibleFlows=7
maxpossibleFlows=7
maxpossibleFlows=7
maxpossibleFlows=7
maxpossibleFlows=7
7 taint flow paths FOUND from <android.app.Activity: android.view.Window getWindow()> to <android.app.Activity: void setContentView(android.view.View)>
maxpossibleFlows=3
1 taint flow paths FOUND from <android.content.ContextWrapper: android.content.pm.ApplicationInfo getApplicationInfo()> to <android.util.Log: int e(java.lang.String,java.lang.String)>
maxpossibleFlows=2
maxpossibleFlows=7
maxpossibleFlows=7
maxpossibleFlows=2
2 taint flow paths FOUND from <android.content.ContextWrapper: java.lang.String getPackageName()> to <android.app.Activity: void setContentView(int)>
maxpossibleFlows=7
maxpossibleFlows=7
maxpossibleFlows=7
maxpossibleFlows=7
maxpossibleFlows=7
maxpossibleFlows=7
maxpossibleFlows=7
maxpossibleFlows=7
maxpossibleFlows=7
maxpossibleFlows=7
maxpossibleFlows=2
2 taint flow paths FOUND from <android.app.Activity: android.app.Application getApplication()> to <android.util.Log: int w(java.lang.String,java.lang.String)>
maxpossibleFlows=3
1 taint flow paths FOUND from <android.content.ContextWrapper: android.content.res.AssetManager getAssets()> to <android.util.Log: int e(java.lang.String,java.lang.String)>
maxpossibleFlows=7
maxpossibleFlows=7
7 taint flow paths FOUND from <android.content.ContextWrapper: android.content.SharedPreferences getSharedPreferences(java.lang.String,int)> to <android.app.Activity: void setContentView(android.view.View)>
maxpossibleFlows=7
maxpossibleFlows=7
maxpossibleFlows=7
maxpossibleFlows=7
maxpossibleFlows=7
maxpossibleFlows=7
maxpossibleFlows=7
maxpossibleFlows=7
maxpossibleFlows=7
maxpossibleFlows=7
maxpossibleFlows=7
maxpossibleFlows=7
maxpossibleFlows=7
maxpossibleFlows=7
maxpossibleFlows=7
maxpossibleFlows=7
maxpossibleFlows=7
maxpossibleFlows=7
maxpossibleFlows=7
maxpossibleFlows=7
maxpossibleFlows=7
maxpossibleFlows=7
maxpossibleFlows=7
maxpossibleFlows=7
maxpossibleFlows=7
maxpossibleFlows=7
maxpossibleFlows=7
maxpossibleFlows=2
2 taint flow paths FOUND from <android.app.Activity: android.app.Application getApplication()> to <android.app.Activity: void setContentView(int)>
maxpossibleFlows=7
maxpossibleFlows=7
maxpossibleFlows=7
maxpossibleFlows=7
maxpossibleFlows=7
maxpossibleFlows=7
maxpossibleFlows=7
maxpossibleFlows=7
maxpossibleFlows=7
maxpossibleFlows=7
maxpossibleFlows=7
maxpossibleFlows=7
maxpossibleFlows=7
maxpossibleFlows=7
maxpossibleFlows=7
maxpossibleFlows=7
maxpossibleFlows=7
maxpossibleFlows=7
maxpossibleFlows=7
maxpossibleFlows=7
maxpossibleFlows=7
maxpossibleFlows=7
maxpossibleFlows=7
maxpossibleFlows=7
maxpossibleFlows=7
maxpossibleFlows=7
maxpossibleFlows=7
maxpossibleFlows=7
maxpossibleFlows=7
maxpossibleFlows=7
maxpossibleFlows=7
maxpossibleFlows=7
maxpossibleFlows=7
maxpossibleFlows=7
maxpossibleFlows=7
maxpossibleFlows=7
maxpossibleFlows=7
maxpossibleFlows=7
maxpossibleFlows=7
maxpossibleFlows=7
maxpossibleFlows=7
maxpossibleFlows=7
maxpossibleFlows=7
maxpossibleFlows=7
maxpossibleFlows=7
maxpossibleFlows=7
maxpossibleFlows=7
maxpossibleFlows=7
maxpossibleFlows=7
maxpossibleFlows=7
maxpossibleFlows=7
maxpossibleFlows=7
maxpossibleFlows=7
maxpossibleFlows=7
maxpossibleFlows=2
maxpossibleFlows=2
maxpossibleFlows=2
maxpossibleFlows=2
maxpossibleFlows=2
maxpossibleFlows=2
2 taint flow paths FOUND from <android.app.Activity: android.app.Application getApplication()> to <android.app.Activity: void setVolumeControlStream(int)>
maxpossibleFlows=7
maxpossibleFlows=7
maxpossibleFlows=7
maxpossibleFlows=7
maxpossibleFlows=7
maxpossibleFlows=7
maxpossibleFlows=7
maxpossibleFlows=7
maxpossibleFlows=7
maxpossibleFlows=7
maxpossibleFlows=7
maxpossibleFlows=7
maxpossibleFlows=7
maxpossibleFlows=7
maxpossibleFlows=7
maxpossibleFlows=7
maxpossibleFlows=7
maxpossibleFlows=7
maxpossibleFlows=7
maxpossibleFlows=7
maxpossibleFlows=7
maxpossibleFlows=7
maxpossibleFlows=7
maxpossibleFlows=7
7 taint flow paths FOUND from <android.app.Activity: android.view.Window getWindow()> to <android.view.Window: void setFlags(int,int)>
Result for benign-app-6069-2545E989DAA6EC1A96B4150E9777A1A228256D34C3D45BBE2608BA41A36B96A4.apkcom.balloonisland.hbtatxlz