DUA-Forensics args to Soot: -w -cp /home/handrick/Documents/TU_Darmstadt/benchmark/libs/droidfax.jar:/home/handrick/Android/Sdk/platforms/android-19/android.jar -p cg verbose:false,implicit-entry:true -p cg.spark verbose:false,on-fly-cg:true,rta:false -d /home/handrick/Documents/TU_Darmstadt/benchmark/trace/180/1/droidbot/benign-app-6103-BD1A8336107C619532660E9BB35D34F8D9BFD2A7C54D71A32489559D00087C9D.apk.logcat -process-dir /home/handrick/Documents/TU_Darmstadt/benchmark/data/input/benign-app-6103-BD1A8336107C619532660E9BB35D34F8D9BFD2A7C54D71A32489559D00087C9D.apk 
Soot started on Sat Apr 22 23:26:11 CEST 2023
Warning: com.ironsource.mobilcore.BaseFlowBasedAdUnit is a phantom class!
Warning: java.lang.invoke.LambdaMetafactory is a phantom class!
Warning: java.lang.ref.Finalizer is a phantom class!
Warning: com.google.ads.Ad is a phantom class!
Warning: com.google.ads.AdRequest$ErrorCode is a phantom class!
Warning: com.google.ads.InterstitialAd is a phantom class!
[Call Graph] For information on where the call graph may be incomplete, use the verbose option to the cg phase.
[Spark] Pointer Assignment Graph in 0.1 seconds.
[Spark] Type masks in 0.0 seconds.
[Spark] Pointer Graph simplified in 0.0 seconds.
[Spark] Propagation in 0.0 seconds.
[Spark] Solution found in 0.0 seconds.
hcai's internal transform
Running static analysis for method/class coverage characterization
0 ICC links found and 0 cg edges added due to ICC links
dynamic conflated call graph: 259 methods; 259 nodes; 328 edges.
feature-vector-key = benign-app-6103-BD1A8336107C619532660E9BB35D34F8D9BFD2A7C54D71A32489559D00087C9D.apk
Result for benign-app-6103-BD1A8336107C619532660E9BB35D34F8D9BFD2A7C54D71A32489559D00087C9D.apkcom.tuesdayquest.axrdeyl