DUA-Forensics args to Soot: -w -cp /home/handrick/Documents/TU_Darmstadt/benchmark/libs/droidfax.jar:/home/handrick/Android/Sdk/platforms/android-19/android.jar -p cg verbose:false,implicit-entry:true -p cg.spark verbose:false,on-fly-cg:true,rta:false -d /home/handrick/Documents/TU_Darmstadt/benchmark/trace/180/1/droidbot/benign-app-6091-2F03D2F0C823DA4924A4B528779E9CC2F1B2123687069F731DC58F543176D5F8.apk.logcat -process-dir /home/handrick/Documents/TU_Darmstadt/benchmark/data/input/benign-app-6091-2F03D2F0C823DA4924A4B528779E9CC2F1B2123687069F731DC58F543176D5F8.apk 
Soot started on Sat Apr 22 14:43:43 CEST 2023
Warning: com.ironsource.mobilcore.BaseFlowBasedAdUnit is a phantom class!
Warning: java.lang.invoke.LambdaMetafactory is a phantom class!
Warning: java.lang.ref.Finalizer is a phantom class!
Warning: com.android.vending.billing.IMarketBillingService$Stub is a phantom class!
Warning: com.android.vending.billing.IMarketBillingService is a phantom class!
[Call Graph] For information on where the call graph may be incomplete, use the verbose option to the cg phase.
[Spark] Pointer Assignment Graph in 0.1 seconds.
[Spark] Type masks in 0.0 seconds.
[Spark] Pointer Graph simplified in 0.0 seconds.
[Spark] Propagation in 0.0 seconds.
[Spark] Solution found in 0.0 seconds.
hcai's internal transform
Running static analysis for security-relevant feature characterization
[GatorHierarchy] [32mVERBOSE[0m [HIER] All classes: 1601
[GatorHierarchy] [32mVERBOSE[0m [App: 508, Lib : 1088, Phantom: 5]
[GatorHierarchy] [32mVERBOSE[0m [HIER] Activities: 11, lib activities: 3
[GatorHierarchy] [32mVERBOSE[0m [HIER] App views: 5, Lib views: 18
[GatorHierarchy] [32mVERBOSE[0m [HIER] App Dialogs: 3, Lib Dialogs: 4
[TIMECOST] [32mVERBOSE[0m buildApplicationCodeMap parsing starting at 1682167426171
[TIMECOST] [32mVERBOSE[0m buildApplicationCodeMap parsing finished at 1682167434267
[Instantiated app classes] [32mVERBOSE[0m total number: 473
[WARNING] [32mVERBOSE[0m Callback method :onReceive in Class com.prime31.P31UAIntentReceiver added
[WARNING] [32mVERBOSE[0m Callback method :onBind in Class com.urbanairship.location.LocationService added
[WARNING] [32mVERBOSE[0m Callback method :onDestroy in Class com.urbanairship.location.LocationService added
[WARNING] [32mVERBOSE[0m Callback method :onCreate in Class com.urbanairship.location.LocationService added
[WARNING] [32mVERBOSE[0m Callback method :onStart in Class com.urbanairship.location.LocationService added
[WARNING] [32mVERBOSE[0m Callback method :onStop in Class com.urbanairship.analytics.InstrumentedListActivity added
[WARNING] [32mVERBOSE[0m Callback method :onStart in Class com.urbanairship.analytics.InstrumentedListActivity added
[WARNING] [32mVERBOSE[0m Callback method :onReceive in Class com.games.AdReciver added
[WARNING] [32mVERBOSE[0m Callback method :onReceive in Class com.urbanairship.iap.marketinterface.BillingReceiver added
[WARNING] [32mVERBOSE[0m Callback method :onDetachedFromWindow in Class com.unity3d.player.z added
[WARNING] [32mVERBOSE[0m Callback method :onGenericMotionEvent in Class com.unity3d.player.z added
[WARNING] [32mVERBOSE[0m Callback method :onCreate in Class com.prime31.EtceteraProxyActivity added
[WARNING] [32mVERBOSE[0m Callback method :onActivityResult in Class com.prime31.EtceteraProxyActivity added
[WARNING] [32mVERBOSE[0m Callback method :onTransact in Class com.unity3d.player.a.c$a added
[WARNING] [32mVERBOSE[0m Callback method :asBinder in Class com.unity3d.player.a.c$a added
[WARNING] [32mVERBOSE[0m Callback method :onCreate in Class com.prime31.FacebookProxyActivity added
[WARNING] [32mVERBOSE[0m Callback method :onActivityResult in Class com.prime31.FacebookProxyActivity added
[WARNING] [32mVERBOSE[0m Callback method :onReceive in Class com.urbanairship.push.c2dm.C2DMPushReceiver added
[WARNING] [32mVERBOSE[0m Callback method :onCreate in Class com.prime31.EtceteraApplication added
[WARNING] [32mVERBOSE[0m Callback method :surfaceDestroyed in Class com.unity3d.player.e added
[WARNING] [32mVERBOSE[0m Callback method :surfaceChanged in Class com.unity3d.player.e added
[WARNING] [32mVERBOSE[0m Callback method :onBackPressed in Class com.prime31.WebViewActivity added
[WARNING] [32mVERBOSE[0m Callback method :onCreate in Class com.prime31.WebViewActivity added
[WARNING] [32mVERBOSE[0m Callback method :onStop in Class com.urbanairship.analytics.InstrumentedActivity added
[WARNING] [32mVERBOSE[0m Callback method :onStart in Class com.urbanairship.analytics.InstrumentedActivity added
[WARNING] [32mVERBOSE[0m Callback method :onTransact in Class com.urbanairship.location.ILocationService$Stub added
[WARNING] [32mVERBOSE[0m Callback method :asBinder in Class com.urbanairship.location.ILocationService$Stub added
[WARNING] [32mVERBOSE[0m Callback method :onTransact in Class com.unity3d.player.a.d$a added
[WARNING] [32mVERBOSE[0m Callback method :isPlaying in Class com.prime31.P31VideoPlayerActivity added
[WARNING] [32mVERBOSE[0m Callback method :getBufferPercentage in Class com.prime31.P31VideoPlayerActivity added
[WARNING] [32mVERBOSE[0m Callback method :pause in Class com.prime31.P31VideoPlayerActivity added
[WARNING] [32mVERBOSE[0m Callback method :onPrepared in Class com.prime31.P31VideoPlayerActivity added
[WARNING] [32mVERBOSE[0m Callback method :canSeekBackward in Class com.prime31.P31VideoPlayerActivity added
[WARNING] [32mVERBOSE[0m Callback method :onTouchEvent in Class com.prime31.P31VideoPlayerActivity added
[WARNING] [32mVERBOSE[0m Callback method :getDuration in Class com.prime31.P31VideoPlayerActivity added
[WARNING] [32mVERBOSE[0m Callback method :surfaceDestroyed in Class com.prime31.P31VideoPlayerActivity added
[WARNING] [32mVERBOSE[0m Callback method :onBufferingUpdate in Class com.prime31.P31VideoPlayerActivity added
[WARNING] [32mVERBOSE[0m Callback method :onConfigurationChanged in Class com.prime31.P31VideoPlayerActivity added
[WARNING] [32mVERBOSE[0m Callback method :getCurrentPosition in Class com.prime31.P31VideoPlayerActivity added
[WARNING] [32mVERBOSE[0m Callback method :start in Class com.prime31.P31VideoPlayerActivity added
[WARNING] [32mVERBOSE[0m Callback method :onRetainNonConfigurationInstance in Class com.prime31.P31VideoPlayerActivity added
[WARNING] [32mVERBOSE[0m Callback method :surfaceChanged in Class com.prime31.P31VideoPlayerActivity added
[WARNING] [32mVERBOSE[0m Callback method :canPause in Class com.prime31.P31VideoPlayerActivity added
[WARNING] [32mVERBOSE[0m Callback method :onPause in Class com.prime31.P31VideoPlayerActivity added
[WARNING] [32mVERBOSE[0m Callback method :onStop in Class com.prime31.P31VideoPlayerActivity added
[WARNING] [32mVERBOSE[0m Callback method :surfaceCreated in Class com.prime31.P31VideoPlayerActivity added
[WARNING] [32mVERBOSE[0m Callback method :canSeekForward in Class com.prime31.P31VideoPlayerActivity added
[WARNING] [32mVERBOSE[0m Callback method :onCreate in Class com.prime31.P31VideoPlayerActivity added
[WARNING] [32mVERBOSE[0m Callback method :seekTo in Class com.prime31.P31VideoPlayerActivity added
[WARNING] [32mVERBOSE[0m Callback method :onDestroy in Class com.prime31.P31VideoPlayerActivity added
[WARNING] [32mVERBOSE[0m Callback method :onVideoSizeChanged in Class com.prime31.P31VideoPlayerActivity added
[WARNING] [32mVERBOSE[0m Callback method :onCompletion in Class com.prime31.P31VideoPlayerActivity added
[WARNING] [32mVERBOSE[0m Callback method :onCreate in Class com.ccx.xm.AdActivity added
[WARNING] [32mVERBOSE[0m Callback method :onKeyDown in Class com.unity3d.player.UnityPlayerActivity added
[WARNING] [32mVERBOSE[0m Callback method :onWindowFocusChanged in Class com.unity3d.player.UnityPlayerActivity added
[WARNING] [32mVERBOSE[0m Callback method :onConfigurationChanged in Class com.unity3d.player.UnityPlayerActivity added
[WARNING] [32mVERBOSE[0m Callback method :onPause in Class com.unity3d.player.UnityPlayerActivity added
[WARNING] [32mVERBOSE[0m Callback method :onCreate in Class com.unity3d.player.UnityPlayerActivity added
[WARNING] [32mVERBOSE[0m Callback method :onKeyUp in Class com.unity3d.player.UnityPlayerActivity added
[WARNING] [32mVERBOSE[0m Callback method :onDestroy in Class com.unity3d.player.UnityPlayerActivity added
[WARNING] [32mVERBOSE[0m Callback method :onResume in Class com.unity3d.player.UnityPlayerActivity added
[WARNING] [32mVERBOSE[0m Callback method :onCreate in Class com.unity3d.player.UnityPlayerProxyActivity added
[WARNING] [32mVERBOSE[0m Callback method :onBind in Class com.urbanairship.push.PushService added
[WARNING] [32mVERBOSE[0m Callback method :onDestroy in Class com.urbanairship.push.PushService added
[WARNING] [32mVERBOSE[0m Callback method :onStart in Class com.urbanairship.push.PushService added
[WARNING] [32mVERBOSE[0m Callback method :isPlaying in Class com.unity3d.player.VideoPlayer added
[WARNING] [32mVERBOSE[0m Callback method :onKeyDown in Class com.unity3d.player.VideoPlayer added
[WARNING] [32mVERBOSE[0m Callback method :getBufferPercentage in Class com.unity3d.player.VideoPlayer added
[WARNING] [32mVERBOSE[0m Callback method :pause in Class com.unity3d.player.VideoPlayer added
[WARNING] [32mVERBOSE[0m Callback method :onWindowFocusChanged in Class com.unity3d.player.VideoPlayer added
[WARNING] [32mVERBOSE[0m Callback method :onPrepared in Class com.unity3d.player.VideoPlayer added
[WARNING] [32mVERBOSE[0m Callback method :canSeekBackward in Class com.unity3d.player.VideoPlayer added
[WARNING] [32mVERBOSE[0m Callback method :onTouchEvent in Class com.unity3d.player.VideoPlayer added
[WARNING] [32mVERBOSE[0m Callback method :getDuration in Class com.unity3d.player.VideoPlayer added
[WARNING] [32mVERBOSE[0m Callback method :surfaceDestroyed in Class com.unity3d.player.VideoPlayer added
[WARNING] [32mVERBOSE[0m Callback method :onBufferingUpdate in Class com.unity3d.player.VideoPlayer added
[WARNING] [32mVERBOSE[0m Callback method :onConfigurationChanged in Class com.unity3d.player.VideoPlayer added
[WARNING] [32mVERBOSE[0m Callback method :getCurrentPosition in Class com.unity3d.player.VideoPlayer added
[WARNING] [32mVERBOSE[0m Callback method :start in Class com.unity3d.player.VideoPlayer added
[WARNING] [32mVERBOSE[0m Callback method :finish in Class com.unity3d.player.VideoPlayer added
[WARNING] [32mVERBOSE[0m Callback method :surfaceChanged in Class com.unity3d.player.VideoPlayer added
[WARNING] [32mVERBOSE[0m Callback method :canPause in Class com.unity3d.player.VideoPlayer added
[WARNING] [32mVERBOSE[0m Callback method :onPause in Class com.unity3d.player.VideoPlayer added
[WARNING] [32mVERBOSE[0m Callback method :surfaceCreated in Class com.unity3d.player.VideoPlayer added
[WARNING] [32mVERBOSE[0m Callback method :canSeekForward in Class com.unity3d.player.VideoPlayer added
[WARNING] [32mVERBOSE[0m Callback method :onCreate in Class com.unity3d.player.VideoPlayer added
[WARNING] [32mVERBOSE[0m Callback method :onSensorChanged in Class com.unity3d.player.VideoPlayer added
[WARNING] [32mVERBOSE[0m Callback method :seekTo in Class com.unity3d.player.VideoPlayer added
[WARNING] [32mVERBOSE[0m Callback method :onDestroy in Class com.unity3d.player.VideoPlayer added
[WARNING] [32mVERBOSE[0m Callback method :onVideoSizeChanged in Class com.unity3d.player.VideoPlayer added
[WARNING] [32mVERBOSE[0m Callback method :onAccuracyChanged in Class com.unity3d.player.VideoPlayer added
[WARNING] [32mVERBOSE[0m Callback method :onResume in Class com.unity3d.player.VideoPlayer added
[WARNING] [32mVERBOSE[0m Callback method :onCompletion in Class com.unity3d.player.VideoPlayer added
[WARNING] [32mVERBOSE[0m Callback method :onReceive in Class com.urbanairship.CoreReceiver added
[WARNING] [32mVERBOSE[0m Callback method :onWindowFocusChanged in Class com.unity3d.player.UnityPlayerNativeActivity added
[WARNING] [32mVERBOSE[0m Callback method :onConfigurationChanged in Class com.unity3d.player.UnityPlayerNativeActivity added
[WARNING] [32mVERBOSE[0m Callback method :onPause in Class com.unity3d.player.UnityPlayerNativeActivity added
[WARNING] [32mVERBOSE[0m Callback method :onCreate in Class com.unity3d.player.UnityPlayerNativeActivity added
[WARNING] [32mVERBOSE[0m Callback method :onDestroy in Class com.unity3d.player.UnityPlayerNativeActivity added
[WARNING] [32mVERBOSE[0m Callback method :onResume in Class com.unity3d.player.UnityPlayerNativeActivity added
0 ICC links found and 0 cg edges added due to ICC links
dynamic conflated call graph: 190 methods; 190 nodes; 246 edges.
[WARNING] [32mVERBOSE[0m Callback method :<init> in Class com.prime31.P31VideoPlayerActivity
[WARNING] [32mVERBOSE[0m Callback method :canPause in Class com.prime31.P31VideoPlayerActivity
[WARNING] [32mVERBOSE[0m Callback method :canSeekBackward in Class com.prime31.P31VideoPlayerActivity
[WARNING] [32mVERBOSE[0m Callback method :canSeekForward in Class com.prime31.P31VideoPlayerActivity
[WARNING] [32mVERBOSE[0m Callback method :getBufferPercentage in Class com.prime31.P31VideoPlayerActivity
[WARNING] [32mVERBOSE[0m Callback method :getCurrentPosition in Class com.prime31.P31VideoPlayerActivity
[WARNING] [32mVERBOSE[0m Callback method :getDuration in Class com.prime31.P31VideoPlayerActivity
[WARNING] [32mVERBOSE[0m Callback method :isPlaying in Class com.prime31.P31VideoPlayerActivity
[WARNING] [32mVERBOSE[0m Callback method :onBufferingUpdate in Class com.prime31.P31VideoPlayerActivity
[WARNING] [32mVERBOSE[0m Callback method :onCompletion in Class com.prime31.P31VideoPlayerActivity
[WARNING] [32mVERBOSE[0m Callback method :onConfigurationChanged in Class com.prime31.P31VideoPlayerActivity
[WARNING] [32mVERBOSE[0m Callback method :onCreate in Class com.prime31.P31VideoPlayerActivity
[WARNING] [32mVERBOSE[0m Callback method :onDestroy in Class com.prime31.P31VideoPlayerActivity
[WARNING] [32mVERBOSE[0m Callback method :onPause in Class com.prime31.P31VideoPlayerActivity
[WARNING] [32mVERBOSE[0m Callback method :onPrepared in Class com.prime31.P31VideoPlayerActivity
[WARNING] [32mVERBOSE[0m Callback method :onRetainNonConfigurationInstance in Class com.prime31.P31VideoPlayerActivity
[WARNING] [32mVERBOSE[0m Callback method :onStop in Class com.prime31.P31VideoPlayerActivity
[WARNING] [32mVERBOSE[0m Callback method :onTouchEvent in Class com.prime31.P31VideoPlayerActivity
[WARNING] [32mVERBOSE[0m Callback method :onVideoSizeChanged in Class com.prime31.P31VideoPlayerActivity
[WARNING] [32mVERBOSE[0m Callback method :pause in Class com.prime31.P31VideoPlayerActivity
[WARNING] [32mVERBOSE[0m Callback method :seekTo in Class com.prime31.P31VideoPlayerActivity
[WARNING] [32mVERBOSE[0m Callback method :start in Class com.prime31.P31VideoPlayerActivity
[WARNING] [32mVERBOSE[0m Callback method :surfaceChanged in Class com.prime31.P31VideoPlayerActivity
[WARNING] [32mVERBOSE[0m Callback method :surfaceCreated in Class com.prime31.P31VideoPlayerActivity
[WARNING] [32mVERBOSE[0m Callback method :surfaceDestroyed in Class com.prime31.P31VideoPlayerActivity
[WARNING] [32mVERBOSE[0m Hierarchy.virtualDispatch called with non-concrete receiver class: com.unity3d.player.e, subsig: void surfaceChanged(android.view.SurfaceHolder,int,int,int)
[WARNING] [32mVERBOSE[0m Callback method :surfaceChanged in Class com.unity3d.player.e
[WARNING] [32mVERBOSE[0m Hierarchy.virtualDispatch called with non-concrete receiver class: com.unity3d.player.e, subsig: void surfaceDestroyed(android.view.SurfaceHolder)
[WARNING] [32mVERBOSE[0m Callback method :surfaceDestroyed in Class com.unity3d.player.e
[WARNING] [32mVERBOSE[0m Callback method :<init> in Class com.unity3d.player.VideoPlayer
[WARNING] [32mVERBOSE[0m Callback method :canPause in Class com.unity3d.player.VideoPlayer
[WARNING] [32mVERBOSE[0m Callback method :canSeekBackward in Class com.unity3d.player.VideoPlayer
[WARNING] [32mVERBOSE[0m Callback method :canSeekForward in Class com.unity3d.player.VideoPlayer
[WARNING] [32mVERBOSE[0m Callback method :finish in Class com.unity3d.player.VideoPlayer
[WARNING] [32mVERBOSE[0m Callback method :getBufferPercentage in Class com.unity3d.player.VideoPlayer
[WARNING] [32mVERBOSE[0m Callback method :getCurrentPosition in Class com.unity3d.player.VideoPlayer
[WARNING] [32mVERBOSE[0m Callback method :getDuration in Class com.unity3d.player.VideoPlayer
[WARNING] [32mVERBOSE[0m Callback method :isPlaying in Class com.unity3d.player.VideoPlayer
[WARNING] [32mVERBOSE[0m Callback method :onAccuracyChanged in Class com.unity3d.player.VideoPlayer
[WARNING] [32mVERBOSE[0m Callback method :onBufferingUpdate in Class com.unity3d.player.VideoPlayer
[WARNING] [32mVERBOSE[0m Callback method :onCompletion in Class com.unity3d.player.VideoPlayer
[WARNING] [32mVERBOSE[0m Callback method :onConfigurationChanged in Class com.unity3d.player.VideoPlayer
[WARNING] [32mVERBOSE[0m Callback method :onCreate in Class com.unity3d.player.VideoPlayer
[WARNING] [32mVERBOSE[0m Callback method :onDestroy in Class com.unity3d.player.VideoPlayer
[WARNING] [32mVERBOSE[0m Callback method :onKeyDown in Class com.unity3d.player.VideoPlayer
[WARNING] [32mVERBOSE[0m Callback method :onPause in Class com.unity3d.player.VideoPlayer
[WARNING] [32mVERBOSE[0m Callback method :onPrepared in Class com.unity3d.player.VideoPlayer
[WARNING] [32mVERBOSE[0m Callback method :onResume in Class com.unity3d.player.VideoPlayer
[WARNING] [32mVERBOSE[0m Callback method :onSensorChanged in Class com.unity3d.player.VideoPlayer
[WARNING] [32mVERBOSE[0m Callback method :onTouchEvent in Class com.unity3d.player.VideoPlayer
[WARNING] [32mVERBOSE[0m Callback method :onVideoSizeChanged in Class com.unity3d.player.VideoPlayer
[WARNING] [32mVERBOSE[0m Callback method :onWindowFocusChanged in Class com.unity3d.player.VideoPlayer
[WARNING] [32mVERBOSE[0m Callback method :pause in Class com.unity3d.player.VideoPlayer
[WARNING] [32mVERBOSE[0m Callback method :seekTo in Class com.unity3d.player.VideoPlayer
[WARNING] [32mVERBOSE[0m Callback method :start in Class com.unity3d.player.VideoPlayer
[WARNING] [32mVERBOSE[0m Callback method :surfaceChanged in Class com.unity3d.player.VideoPlayer
[WARNING] [32mVERBOSE[0m Callback method :surfaceCreated in Class com.unity3d.player.VideoPlayer
[WARNING] [32mVERBOSE[0m Callback method :surfaceDestroyed in Class com.unity3d.player.VideoPlayer
Result for benign-app-6091-2F03D2F0C823DA4924A4B528779E9CC2F1B2123687069F731DC58F543176D5F8.apkcom.blokwise.cartl