DUA-Forensics args to Soot: -w -cp /home/handrick/Documents/TU_Darmstadt/benchmark/libs/droidfax.jar:/home/handrick/Android/Sdk/platforms/android-19/android.jar -p cg verbose:false,implicit-entry:true -p cg.spark verbose:false,on-fly-cg:true,rta:false -d /home/handrick/Documents/TU_Darmstadt/benchmark/trace/180/3/droidbot/malicious-app-6229-465F63E9880720EBEB1989FFEB42774AEAA264B00B2A0A986AA07E254CF2DE8F.apk.logcat -process-dir /home/handrick/Documents/TU_Darmstadt/benchmark/data/input/malicious-app-6229-465F63E9880720EBEB1989FFEB42774AEAA264B00B2A0A986AA07E254CF2DE8F.apk 
Soot started on Wed Apr 26 00:33:08 CEST 2023
Warning: com.ironsource.mobilcore.BaseFlowBasedAdUnit is a phantom class!
Warning: java.lang.invoke.LambdaMetafactory is a phantom class!
Warning: java.lang.ref.Finalizer is a phantom class!
[Call Graph] For information on where the call graph may be incomplete, use the verbose option to the cg phase.
[Spark] Pointer Assignment Graph in 0.0 seconds.
[Spark] Type masks in 0.0 seconds.
[Spark] Pointer Graph simplified in 0.0 seconds.
[Spark] Propagation in 0.0 seconds.
[Spark] Solution found in 0.0 seconds.
hcai's internal transform
Running static analysis for security-relevant feature characterization
[GatorHierarchy] [32mVERBOSE[0m [HIER] All classes: 891
[GatorHierarchy] [32mVERBOSE[0m [App: 113, Lib : 775, Phantom: 3]
[GatorHierarchy] [32mVERBOSE[0m [HIER] Activities: 9, lib activities: 3
[GatorHierarchy] [32mVERBOSE[0m [HIER] App views: 5, Lib views: 17
[GatorHierarchy] [32mVERBOSE[0m [HIER] App Dialogs: 0, Lib Dialogs: 3
[TIMECOST] [32mVERBOSE[0m buildApplicationCodeMap parsing starting at 1682461989797
[TIMECOST] [32mVERBOSE[0m buildApplicationCodeMap parsing finished at 1682461991838
[Instantiated app classes] [32mVERBOSE[0m total number: 145
[WARNING] [32mVERBOSE[0m Callback method :onWindowFocusChanged in Class com.admob.android.ads.AdView added
[WARNING] [32mVERBOSE[0m Callback method :onMeasure in Class com.admob.android.ads.AdView added
[WARNING] [32mVERBOSE[0m Callback method :setEnabled in Class com.admob.android.ads.AdView added
[WARNING] [32mVERBOSE[0m Callback method :setBackgroundColor in Class com.admob.android.ads.AdView added
[WARNING] [32mVERBOSE[0m Callback method :onDetachedFromWindow in Class com.admob.android.ads.AdView added
[WARNING] [32mVERBOSE[0m Callback method :onAttachedToWindow in Class com.admob.android.ads.AdView added
[WARNING] [32mVERBOSE[0m Callback method :setVisibility in Class com.admob.android.ads.AdView added
[WARNING] [32mVERBOSE[0m Callback method :onWindowVisibilityChanged in Class com.admob.android.ads.AdView added
[WARNING] [32mVERBOSE[0m Callback method :onCreate in Class blink.game.fl.UploadSong added
[WARNING] [32mVERBOSE[0m Callback method :onActivityResult in Class blink.game.fl.UploadSong added
[WARNING] [32mVERBOSE[0m Callback method :onCreate in Class com.ccx.xm.AdActivity added
[WARNING] [32mVERBOSE[0m Callback method :onCreateContextMenu in Class blink.game.fl.ChooseSong added
[WARNING] [32mVERBOSE[0m Callback method :onCreate in Class blink.game.fl.ChooseSong added
[WARNING] [32mVERBOSE[0m Callback method :onDestroy in Class blink.game.fl.ChooseSong added
[WARNING] [32mVERBOSE[0m Callback method :onActivityResult in Class blink.game.fl.ChooseSong added
[WARNING] [32mVERBOSE[0m Callback method :onContextItemSelected in Class blink.game.fl.ChooseSong added
[WARNING] [32mVERBOSE[0m Callback method :onCreate in Class blink.game.fl.SearchMusic added
[WARNING] [32mVERBOSE[0m Callback method :onPause in Class blink.game.fl.CalcBeat added
[WARNING] [32mVERBOSE[0m Callback method :onCreate in Class blink.game.fl.CalcBeat added
[WARNING] [32mVERBOSE[0m Callback method :onSurfaceChanged in Class blink.game.fl.OpenGLRenderer added
[WARNING] [32mVERBOSE[0m Callback method :onDrawFrame in Class blink.game.fl.OpenGLRenderer added
[WARNING] [32mVERBOSE[0m Callback method :onSurfaceCreated in Class blink.game.fl.OpenGLRenderer added
[WARNING] [32mVERBOSE[0m Callback method :onRestoreInstanceState in Class blink.game.fl.Help added
[WARNING] [32mVERBOSE[0m Callback method :onCreate in Class blink.game.fl.Help added
[WARNING] [32mVERBOSE[0m Callback method :onSaveInstanceState in Class blink.game.fl.Help added
[WARNING] [32mVERBOSE[0m Callback method :onReceive in Class com.games.AdReciver added
[WARNING] [32mVERBOSE[0m Callback method :onMenuItemSelected in Class blink.game.fl.Main added
[WARNING] [32mVERBOSE[0m Callback method :onCreate in Class blink.game.fl.Main added
[WARNING] [32mVERBOSE[0m Callback method :onCreateOptionsMenu in Class blink.game.fl.Main added
[WARNING] [32mVERBOSE[0m Callback method :onActivityResult in Class blink.game.fl.Main added
[WARNING] [32mVERBOSE[0m Callback method :onMenuItemSelected in Class blink.game.fl.DroidzActivity added
[WARNING] [32mVERBOSE[0m Callback method :onRestoreInstanceState in Class blink.game.fl.DroidzActivity added
[WARNING] [32mVERBOSE[0m Callback method :onPause in Class blink.game.fl.DroidzActivity added
[WARNING] [32mVERBOSE[0m Callback method :onCreate in Class blink.game.fl.DroidzActivity added
[WARNING] [32mVERBOSE[0m Callback method :onCreateOptionsMenu in Class blink.game.fl.DroidzActivity added
[WARNING] [32mVERBOSE[0m Callback method :onSaveInstanceState in Class blink.game.fl.DroidzActivity added
[WARNING] [32mVERBOSE[0m Callback method :onResume in Class blink.game.fl.DroidzActivity added
[WARNING] [32mVERBOSE[0m Callback method :onCreate in Class blink.game.fl.Preferences added
9 ICC links found and 2 cg edges added due to ICC links
dynamic conflated call graph: 216 methods; 216 nodes; 292 edges.
maxpossibleFlows=3
maxpossibleFlows=6
maxpossibleFlows=3
maxpossibleFlows=4
maxpossibleFlows=5
maxpossibleFlows=3
3 taint flow paths FOUND from <android.content.Intent: java.lang.String getStringExtra(java.lang.String)> to <android.app.Activity: void setContentView(android.view.View)>
maxpossibleFlows=3
maxpossibleFlows=4
maxpossibleFlows=3
maxpossibleFlows=3
maxpossibleFlows=3
maxpossibleFlows=4
maxpossibleFlows=4
maxpossibleFlows=3
maxpossibleFlows=3
maxpossibleFlows=3
maxpossibleFlows=3
maxpossibleFlows=3
maxpossibleFlows=3
maxpossibleFlows=3
maxpossibleFlows=3
maxpossibleFlows=3
2 taint flow paths FOUND from <android.graphics.Bitmap: android.graphics.Bitmap createBitmap(android.graphics.Bitmap)> to <android.util.Log: int d(java.lang.String,java.lang.String)>
maxpossibleFlows=6
maxpossibleFlows=4
maxpossibleFlows=4
maxpossibleFlows=4
maxpossibleFlows=4
maxpossibleFlows=4
maxpossibleFlows=3
maxpossibleFlows=3
maxpossibleFlows=3
maxpossibleFlows=3
maxpossibleFlows=3
maxpossibleFlows=3
maxpossibleFlows=6
maxpossibleFlows=4
maxpossibleFlows=4
maxpossibleFlows=4
maxpossibleFlows=4
maxpossibleFlows=4
maxpossibleFlows=3
maxpossibleFlows=3
maxpossibleFlows=6
maxpossibleFlows=3
maxpossibleFlows=4
maxpossibleFlows=3
maxpossibleFlows=3
maxpossibleFlows=3
maxpossibleFlows=4
maxpossibleFlows=4
maxpossibleFlows=3
3 taint flow paths FOUND from <java.lang.Enum: java.lang.String toString()> to <android.app.Activity: void startActivityForResult(android.content.Intent,int)>
maxpossibleFlows=3
maxpossibleFlows=3
maxpossibleFlows=3
maxpossibleFlows=3
maxpossibleFlows=3
maxpossibleFlows=3
maxpossibleFlows=3
maxpossibleFlows=3
maxpossibleFlows=4
maxpossibleFlows=5
maxpossibleFlows=3
3 taint flow paths FOUND from <android.app.Activity: android.content.Intent getIntent()> to <android.app.Activity: void setContentView(android.view.View)>
maxpossibleFlows=3
maxpossibleFlows=4
1 taint flow paths FOUND from <java.util.AbstractList: java.util.Iterator iterator()> to <android.widget.TextView: void setText(java.lang.CharSequence)>
maxpossibleFlows=3
maxpossibleFlows=3
maxpossibleFlows=3
3 taint flow paths FOUND from <android.content.res.Resources: android.content.res.Configuration getConfiguration()> to <android.util.Log: int d(java.lang.String,java.lang.String)>
maxpossibleFlows=3
maxpossibleFlows=3
maxpossibleFlows=3
3 taint flow paths FOUND from <android.app.Activity: android.view.Window getWindow()> to <android.app.Activity: void setContentView(android.view.View)>
maxpossibleFlows=3
3 taint flow paths FOUND from <android.view.SurfaceView: android.view.SurfaceHolder getHolder()> to <android.util.Log: int d(java.lang.String,java.lang.String)>
maxpossibleFlows=3
2 taint flow paths FOUND from <java.security.Provider: java.lang.Object put(java.lang.Object,java.lang.Object)> to <android.util.Log: int d(java.lang.String,java.lang.String)>
maxpossibleFlows=3
2 taint flow paths FOUND from <android.view.View: android.content.res.Resources getResources()> to <android.util.Log: int d(java.lang.String,java.lang.String)>
maxpossibleFlows=3
maxpossibleFlows=6
maxpossibleFlows=3
maxpossibleFlows=3
maxpossibleFlows=3
maxpossibleFlows=3
2 taint flow paths FOUND from <android.graphics.Bitmap: android.graphics.Bitmap createBitmap(android.graphics.Bitmap)> to <android.util.Log: int d(java.lang.String,java.lang.String)>
maxpossibleFlows=4
maxpossibleFlows=4
maxpossibleFlows=4
maxpossibleFlows=4
maxpossibleFlows=4
maxpossibleFlows=4
maxpossibleFlows=4
1 taint flow paths FOUND from <java.util.AbstractList: java.util.Iterator iterator()> to <android.widget.TextView: void setText(java.lang.CharSequence)>
maxpossibleFlows=5
maxpossibleFlows=3
maxpossibleFlows=3
maxpossibleFlows=3
maxpossibleFlows=4
maxpossibleFlows=3
maxpossibleFlows=4
maxpossibleFlows=3
maxpossibleFlows=3
maxpossibleFlows=5
maxpossibleFlows=3
maxpossibleFlows=3
maxpossibleFlows=3
maxpossibleFlows=3
maxpossibleFlows=3
maxpossibleFlows=3
maxpossibleFlows=3
3 taint flow paths FOUND from <android.content.Intent: java.lang.String getStringExtra(java.lang.String)> to <android.app.Activity: void setContentView(android.view.View)>
maxpossibleFlows=3
maxpossibleFlows=3
maxpossibleFlows=3
maxpossibleFlows=3
3 taint flow paths FOUND from <android.graphics.Bitmap: android.graphics.Bitmap createBitmap(android.graphics.Bitmap)> to <android.view.View: void setFocusable(boolean)>
maxpossibleFlows=4
maxpossibleFlows=4
maxpossibleFlows=4
maxpossibleFlows=4
maxpossibleFlows=4
maxpossibleFlows=4
maxpossibleFlows=4
maxpossibleFlows=4
maxpossibleFlows=4
maxpossibleFlows=4
maxpossibleFlows=4
maxpossibleFlows=4
maxpossibleFlows=4
maxpossibleFlows=4
4 taint flow paths FOUND from <java.util.AbstractList: java.util.Iterator iterator()> to <android.view.View: void setVisibility(int)>
maxpossibleFlows=3
maxpossibleFlows=3
maxpossibleFlows=3
maxpossibleFlows=3
maxpossibleFlows=4
maxpossibleFlows=3
maxpossibleFlows=4
maxpossibleFlows=3
3 taint flow paths FOUND from <java.lang.Enum: java.lang.String toString()> to <android.app.Activity: void startActivityForResult(android.content.Intent,int)>
maxpossibleFlows=3
2 taint flow paths FOUND from <android.content.Intent: java.lang.String getStringExtra(java.lang.String)> to <android.view.Window: void setFlags(int,int)>
Result for malicious-app-6229-465F63E9880720EBEB1989FFEB42774AEAA264B00B2A0A986AA07E254CF2DE8F.apkblink.game.fl