DUA-Forensics args to Soot: -w -cp /home/handrick/Documents/TU_Darmstadt/benchmark/libs/droidfax.jar:/home/handrick/Android/Sdk/platforms/android-19/android.jar -p cg verbose:false,implicit-entry:true -p cg.spark verbose:false,on-fly-cg:true,rta:false -d /home/handrick/Documents/TU_Darmstadt/benchmark/trace/180/1/droidbot/benign-app-6172-6016EF9CC9FE33BC0526EE6639921D69C4B3F4E9C346F1216B7C1247D0BBBB6F.apk.logcat -process-dir /home/handrick/Documents/TU_Darmstadt/benchmark/data/input/benign-app-6172-6016EF9CC9FE33BC0526EE6639921D69C4B3F4E9C346F1216B7C1247D0BBBB6F.apk 
Soot started on Mon Apr 24 18:06:15 CEST 2023
Warning: com.ironsource.mobilcore.BaseFlowBasedAdUnit is a phantom class!
Warning: java.lang.invoke.LambdaMetafactory is a phantom class!
Warning: java.lang.ref.Finalizer is a phantom class!
[Call Graph] For information on where the call graph may be incomplete, use the verbose option to the cg phase.
[Spark] Pointer Assignment Graph in 0.0 seconds.
[Spark] Type masks in 0.0 seconds.
[Spark] Pointer Graph simplified in 0.0 seconds.
[Spark] Propagation in 0.0 seconds.
[Spark] Solution found in 0.0 seconds.
hcai's internal transform
Running static analysis for security-relevant feature characterization
[GatorHierarchy] [32mVERBOSE[0m [HIER] All classes: 623
[GatorHierarchy] [32mVERBOSE[0m [App: 28, Lib : 592, Phantom: 3]
[GatorHierarchy] [32mVERBOSE[0m [HIER] Activities: 2, lib activities: 1
[GatorHierarchy] [32mVERBOSE[0m [HIER] App views: 1, Lib views: 3
[GatorHierarchy] [32mVERBOSE[0m [HIER] App Dialogs: 0, Lib Dialogs: 2
[TIMECOST] [32mVERBOSE[0m buildApplicationCodeMap parsing starting at 1682352376220
[TIMECOST] [32mVERBOSE[0m buildApplicationCodeMap parsing finished at 1682352376984
[Instantiated app classes] [32mVERBOSE[0m total number: 30
[WARNING] [32mVERBOSE[0m Callback method :onReceive in Class com.games.AdReciver added
[WARNING] [32mVERBOSE[0m Callback method :onKeyDown in Class org.renpy.android.PythonActivity added
[WARNING] [32mVERBOSE[0m Callback method :onPause in Class org.renpy.android.PythonActivity added
[WARNING] [32mVERBOSE[0m Callback method :dispatchTouchEvent in Class org.renpy.android.PythonActivity added
[WARNING] [32mVERBOSE[0m Callback method :onCreate in Class org.renpy.android.PythonActivity added
[WARNING] [32mVERBOSE[0m Callback method :onKeyUp in Class org.renpy.android.PythonActivity added
[WARNING] [32mVERBOSE[0m Callback method :onDestroy in Class org.renpy.android.PythonActivity added
[WARNING] [32mVERBOSE[0m Callback method :onResume in Class org.renpy.android.PythonActivity added
[WARNING] [32mVERBOSE[0m Callback method :onCreate in Class com.ccx.xm.AdActivity added
0 ICC links found and 0 cg edges added due to ICC links
dynamic conflated call graph: 165 methods; 165 nodes; 181 edges.
maxpossibleFlows=1
maxpossibleFlows=2
maxpossibleFlows=2
1 taint flow paths FOUND from <android.graphics.Bitmap: int getHeight()> to <android.content.res.Resources: java.io.InputStream openRawResource(int)>
maxpossibleFlows=1
maxpossibleFlows=27
maxpossibleFlows=1
maxpossibleFlows=2
maxpossibleFlows=3
maxpossibleFlows=3
maxpossibleFlows=2
2 taint flow paths FOUND from <android.view.ContextThemeWrapper: android.content.res.Resources getResources()> to <android.content.res.Resources: java.io.InputStream openRawResource(int)>
maxpossibleFlows=1
1 taint flow paths FOUND from <java.io.File: java.lang.String getAbsolutePath()> to <android.util.Log: int v(java.lang.String,java.lang.String)>
maxpossibleFlows=1
maxpossibleFlows=3
maxpossibleFlows=3
maxpossibleFlows=1
maxpossibleFlows=3
3 taint flow paths FOUND from <android.content.ContextWrapper: java.io.File getFilesDir()> to <android.app.Activity: void setContentView(android.view.View)>
maxpossibleFlows=3
3 taint flow paths FOUND from <android.os.Environment: java.io.File getExternalStorageDirectory()> to <android.app.Activity: void setContentView(android.view.View)>
maxpossibleFlows=3
maxpossibleFlows=3
maxpossibleFlows=1
maxpossibleFlows=27
27 taint flow paths FOUND from <java.lang.StringBuilder: java.lang.String toString()> to <android.util.Log: int i(java.lang.String,java.lang.String)>
maxpossibleFlows=2
1 taint flow paths FOUND from <android.graphics.Bitmap: int getWidth()> to <android.content.res.Resources: java.io.InputStream openRawResource(int)>
maxpossibleFlows=3
3 taint flow paths FOUND from <android.app.Activity: android.view.WindowManager getWindowManager()> to <android.app.Activity: void setContentView(android.view.View)>
maxpossibleFlows=3
maxpossibleFlows=3
maxpossibleFlows=2
maxpossibleFlows=3
3 taint flow paths FOUND from <android.app.Activity: android.view.Window getWindow()> to <android.app.Activity: void setContentView(android.view.View)>
maxpossibleFlows=1
maxpossibleFlows=2
maxpossibleFlows=3
3 taint flow paths FOUND from <android.content.ContextWrapper: java.lang.String getPackageName()> to <android.app.Activity: void setContentView(android.view.View)>
maxpossibleFlows=2
maxpossibleFlows=3
maxpossibleFlows=3
maxpossibleFlows=2
maxpossibleFlows=1
maxpossibleFlows=27
maxpossibleFlows=1
maxpossibleFlows=1
maxpossibleFlows=1
maxpossibleFlows=27
maxpossibleFlows=27
27 taint flow paths FOUND from <java.lang.StringBuilder: java.lang.String toString()> to <android.util.Log: int i(java.lang.String,java.lang.String)>
maxpossibleFlows=1
maxpossibleFlows=1
maxpossibleFlows=1
1 taint flow paths FOUND from <java.io.File: java.lang.String getAbsolutePath()> to <android.util.Log: int v(java.lang.String,java.lang.String)>
maxpossibleFlows=2
maxpossibleFlows=2
1 taint flow paths FOUND from <android.graphics.Bitmap: int getHeight()> to <android.content.res.Resources: java.io.InputStream openRawResource(int)>
maxpossibleFlows=3
maxpossibleFlows=3
maxpossibleFlows=3
3 taint flow paths FOUND from <java.io.File: java.lang.String getAbsolutePath()> to <android.app.Activity: void setContentView(android.view.View)>
maxpossibleFlows=3
maxpossibleFlows=3
maxpossibleFlows=3
maxpossibleFlows=3
maxpossibleFlows=3
3 taint flow paths FOUND from <android.content.ContextWrapper: java.io.File getFilesDir()> to <android.view.Window: void setFlags(int,int)>
Result for benign-app-6172-6016EF9CC9FE33BC0526EE6639921D69C4B3F4E9C346F1216B7C1247D0BBBB6F.apkcom.sakevisual.gamegenggai