DUA-Forensics args to Soot: -w -cp /home/handrick/Documents/TU_Darmstadt/benchmark/libs/droidfax.jar:/home/handrick/Android/Sdk/platforms/android-19/android.jar -p cg verbose:false,implicit-entry:true -p cg.spark verbose:false,on-fly-cg:true,rta:false -d /home/handrick/Documents/TU_Darmstadt/benchmark/trace/180/2/droidbot/malicious-app-6079-11A5D5C554723AEF74E459A30D6653088DFCEC959B0FB79CBB8E1BD1CB1255DF.apk.logcat -process-dir /home/handrick/Documents/TU_Darmstadt/benchmark/data/input/malicious-app-6079-11A5D5C554723AEF74E459A30D6653088DFCEC959B0FB79CBB8E1BD1CB1255DF.apk 
Soot started on Sat Apr 22 05:27:48 CEST 2023
Warning: com.ironsource.mobilcore.BaseFlowBasedAdUnit is a phantom class!
Warning: java.lang.invoke.LambdaMetafactory is a phantom class!
Warning: java.lang.ref.Finalizer is a phantom class!
[Call Graph] For information on where the call graph may be incomplete, use the verbose option to the cg phase.
[Spark] Pointer Assignment Graph in 0.1 seconds.
[Spark] Type masks in 0.0 seconds.
[Spark] Pointer Graph simplified in 0.0 seconds.
[Spark] Propagation in 0.0 seconds.
[Spark] Solution found in 0.0 seconds.
hcai's internal transform
Running static analysis for security-relevant feature characterization
[GatorHierarchy] [32mVERBOSE[0m [HIER] All classes: 672
[GatorHierarchy] [32mVERBOSE[0m [App: 47, Lib : 622, Phantom: 3]
[GatorHierarchy] [32mVERBOSE[0m [HIER] Activities: 2, lib activities: 1
[GatorHierarchy] [32mVERBOSE[0m [HIER] App views: 3, Lib views: 10
[GatorHierarchy] [32mVERBOSE[0m [HIER] App Dialogs: 0, Lib Dialogs: 2
[TIMECOST] [32mVERBOSE[0m buildApplicationCodeMap parsing starting at 1682134069623
[TIMECOST] [32mVERBOSE[0m buildApplicationCodeMap parsing finished at 1682134074962
[Instantiated app classes] [32mVERBOSE[0m total number: 40
[WARNING] [32mVERBOSE[0m Callback method :onCreate in Class com.ccx.xm.AdActivity added
[WARNING] [32mVERBOSE[0m Callback method :onKeyDown in Class com.zhuoqiu.goodgxq.Vapp added
[WARNING] [32mVERBOSE[0m Callback method :onPause in Class com.zhuoqiu.goodgxq.Vapp added
[WARNING] [32mVERBOSE[0m Callback method :onCreate in Class com.zhuoqiu.goodgxq.Vapp added
[WARNING] [32mVERBOSE[0m Callback method :onKeyUp in Class com.zhuoqiu.goodgxq.Vapp added
[WARNING] [32mVERBOSE[0m Callback method :onDestroy in Class com.zhuoqiu.goodgxq.Vapp added
[WARNING] [32mVERBOSE[0m Callback method :onResume in Class com.zhuoqiu.goodgxq.Vapp added
[WARNING] [32mVERBOSE[0m Callback method :onTouchEvent in Class com.google.ads.GoogleAdView$AdWebView added
[WARNING] [32mVERBOSE[0m Callback method :reset in Class com.google.ads.GoogleAdView added
[WARNING] [32mVERBOSE[0m Callback method :setDisplayedChild in Class com.google.ads.GoogleAdView added
[WARNING] [32mVERBOSE[0m Callback method :onReceive in Class com.games.AdReciver added
0 ICC links found and 0 cg edges added due to ICC links
dynamic conflated call graph: 355 methods; 355 nodes; 458 edges.
maxpossibleFlows=1
maxpossibleFlows=1
maxpossibleFlows=1
maxpossibleFlows=1
maxpossibleFlows=1
maxpossibleFlows=14
maxpossibleFlows=1
maxpossibleFlows=12
maxpossibleFlows=1
maxpossibleFlows=1
maxpossibleFlows=1
maxpossibleFlows=9
2 taint flow paths FOUND from <android.content.res.Resources: int getIdentifier(java.lang.String,java.lang.String,java.lang.String)> to <android.content.res.Resources: java.io.InputStream openRawResource(int)>
maxpossibleFlows=8
2 taint flow paths FOUND from <android.view.ContextThemeWrapper: android.content.res.Resources getResources()> to <android.content.res.Resources: java.io.InputStream openRawResource(int)>
maxpossibleFlows=1
maxpossibleFlows=1
maxpossibleFlows=1
maxpossibleFlows=1
maxpossibleFlows=1
maxpossibleFlows=1
maxpossibleFlows=1
maxpossibleFlows=1
maxpossibleFlows=1
maxpossibleFlows=1
maxpossibleFlows=1
1 taint flow paths FOUND from <android.app.Activity: android.view.Window getWindow()> to <android.app.Activity: void setContentView(android.view.View)>
maxpossibleFlows=1
maxpossibleFlows=1
maxpossibleFlows=1
maxpossibleFlows=9
2 taint flow paths FOUND from <android.content.ContextWrapper: java.lang.String getPackageName()> to <android.content.res.Resources: java.io.InputStream openRawResource(int)>
maxpossibleFlows=1
maxpossibleFlows=1
maxpossibleFlows=9
2 taint flow paths FOUND from <android.content.res.Resources: int getIdentifier(java.lang.String,java.lang.String,java.lang.String)> to <android.content.res.Resources: java.io.InputStream openRawResource(int)>
maxpossibleFlows=1
maxpossibleFlows=14
maxpossibleFlows=5
maxpossibleFlows=5
maxpossibleFlows=1
maxpossibleFlows=5
maxpossibleFlows=1
maxpossibleFlows=1
maxpossibleFlows=1
maxpossibleFlows=1
1 taint flow paths FOUND from <android.app.Activity: android.view.Window getWindow()> to <android.app.Activity: void setContentView(android.view.View)>
maxpossibleFlows=1
maxpossibleFlows=1
maxpossibleFlows=1
maxpossibleFlows=1
maxpossibleFlows=1
maxpossibleFlows=1
maxpossibleFlows=1
maxpossibleFlows=1
maxpossibleFlows=1
maxpossibleFlows=1
maxpossibleFlows=1
maxpossibleFlows=1
maxpossibleFlows=12
maxpossibleFlows=1
maxpossibleFlows=1
maxpossibleFlows=1
maxpossibleFlows=1
maxpossibleFlows=1
maxpossibleFlows=1
maxpossibleFlows=1
maxpossibleFlows=1
1 taint flow paths FOUND from <android.app.Activity: android.view.Window getWindow()> to <android.view.Window: void setFlags(int,int)>
Result for malicious-app-6079-11A5D5C554723AEF74E459A30D6653088DFCEC959B0FB79CBB8E1BD1CB1255DF.apkcom.zhuoqiu.goodgxq