DUA-Forensics args to Soot: -w -cp /home/handrick/Documents/TU_Darmstadt/benchmark/libs/droidfax.jar:/home/handrick/Android/Sdk/platforms/android-19/android.jar -p cg verbose:false,implicit-entry:true -p cg.spark verbose:false,on-fly-cg:true,rta:false -d /home/handrick/Documents/TU_Darmstadt/benchmark/trace/180/1/droidbot/benign-app-6006-3BD645D7728E8D37881F7B540F7A75E9CBEA1BCE24837727BAC2F7AC7A326D05.apk.logcat -process-dir /home/handrick/Documents/TU_Darmstadt/benchmark/data/input/benign-app-6006-3BD645D7728E8D37881F7B540F7A75E9CBEA1BCE24837727BAC2F7AC7A326D05.apk 
Soot started on Thu Apr 20 14:59:54 CEST 2023
Warning: com.ironsource.mobilcore.BaseFlowBasedAdUnit is a phantom class!
Warning: java.lang.invoke.LambdaMetafactory is a phantom class!
Warning: java.lang.ref.Finalizer is a phantom class!
Warning: com.adwhirl.AdWhirlLayout is a phantom class!
Warning: com.flurry.android.FlurryAgent is a phantom class!
Warning: com.google.ads.AdView is a phantom class!
Warning: com.google.android.gcm.GCMBaseIntentService is a phantom class!
Warning: com.google.android.gcm.GCMRegistrar is a phantom class!
Warning: com.heyzap.sdk.ads.InterstitialOverlay is a phantom class!
No main class given. Inferred 'com.shephertz.app42.paas.sdk.android.email.EmailResponseBuilder' as main class.
[Call Graph] For information on where the call graph may be incomplete, use the verbose option to the cg phase.
[Spark] Pointer Assignment Graph in 0.5 seconds.
[Spark] Type masks in 0.0 seconds.
[Spark] Pointer Graph simplified in 0.0 seconds.
[Spark] Propagation in 0.2 seconds.
[Spark] Solution found in 0.2 seconds.
hcai's internal transform
Running static analysis for method/class coverage characterization
0 ICC links found and 0 cg edges added due to ICC links
dynamic conflated call graph: 94 methods; 94 nodes; 115 edges.
feature-vector-key = benign-app-6006-3BD645D7728E8D37881F7B540F7A75E9CBEA1BCE24837727BAC2F7AC7A326D05.apk
Result for benign-app-6006-3BD645D7728E8D37881F7B540F7A75E9CBEA1BCE24837727BAC2F7AC7A326D05.apkcom.zrtc.Ws