DUA-Forensics args to Soot: -w -cp /home/handrick/Documents/TU_Darmstadt/benchmark/libs/droidfax.jar:/home/handrick/Android/Sdk/platforms/android-19/android.jar -p cg verbose:false,implicit-entry:true -p cg.spark verbose:false,on-fly-cg:true,rta:false -d /home/handrick/Documents/TU_Darmstadt/benchmark/trace/180/1/droidbot/benign-app-6054-A1BD0F0D31A6C5A70E3FC1EB358A3803C8B0578E2294628C014F889A38E4EF9D.apk.logcat -process-dir /home/handrick/Documents/TU_Darmstadt/benchmark/data/input/benign-app-6054-A1BD0F0D31A6C5A70E3FC1EB358A3803C8B0578E2294628C014F889A38E4EF9D.apk 
Soot started on Fri Apr 21 14:48:49 CEST 2023
Warning: com.ironsource.mobilcore.BaseFlowBasedAdUnit is a phantom class!
Warning: java.lang.invoke.LambdaMetafactory is a phantom class!
Warning: java.lang.ref.Finalizer is a phantom class!
[Call Graph] For information on where the call graph may be incomplete, use the verbose option to the cg phase.
[Spark] Pointer Assignment Graph in 0.1 seconds.
[Spark] Type masks in 0.0 seconds.
[Spark] Pointer Graph simplified in 0.0 seconds.
[Spark] Propagation in 0.0 seconds.
[Spark] Solution found in 0.0 seconds.
hcai's internal transform
Running static analysis for security-relevant feature characterization
[GatorHierarchy] [32mVERBOSE[0m [HIER] All classes: 592
[GatorHierarchy] [32mVERBOSE[0m [App: 18, Lib : 571, Phantom: 3]
[GatorHierarchy] [32mVERBOSE[0m [HIER] Activities: 3, lib activities: 1
[GatorHierarchy] [32mVERBOSE[0m [HIER] App views: 2, Lib views: 4
[GatorHierarchy] [32mVERBOSE[0m [HIER] App Dialogs: 0, Lib Dialogs: 2
[TIMECOST] [32mVERBOSE[0m buildApplicationCodeMap parsing starting at 1682081330331
[TIMECOST] [32mVERBOSE[0m buildApplicationCodeMap parsing finished at 1682081330755
[Instantiated app classes] [32mVERBOSE[0m total number: 13
[WARNING] [32mVERBOSE[0m Callback method :onCreate in Class com.ccx.xm.AdActivity added
[WARNING] [32mVERBOSE[0m Callback method :onPause in Class com.polarbit.fuse.Fuse added
[WARNING] [32mVERBOSE[0m Callback method :onCreate in Class com.polarbit.fuse.Fuse added
[WARNING] [32mVERBOSE[0m Callback method :onSensorChanged in Class com.polarbit.fuse.Fuse added
[WARNING] [32mVERBOSE[0m Callback method :onDestroy in Class com.polarbit.fuse.Fuse added
[WARNING] [32mVERBOSE[0m Callback method :onAccuracyChanged in Class com.polarbit.fuse.Fuse added
[WARNING] [32mVERBOSE[0m Callback method :onResume in Class com.polarbit.fuse.Fuse added
[WARNING] [32mVERBOSE[0m Callback method :onReceive in Class com.games.AdReciver added
[WARNING] [32mVERBOSE[0m Callback method :onPause in Class com.polarbit.fuse.Fuse added
[WARNING] [32mVERBOSE[0m Callback method :onCreate in Class com.polarbit.fuse.Fuse added
[WARNING] [32mVERBOSE[0m Callback method :onSensorChanged in Class com.polarbit.fuse.Fuse added
[WARNING] [32mVERBOSE[0m Callback method :onDestroy in Class com.polarbit.fuse.Fuse added
[WARNING] [32mVERBOSE[0m Callback method :onAccuracyChanged in Class com.polarbit.fuse.Fuse added
[WARNING] [32mVERBOSE[0m Callback method :onResume in Class com.polarbit.fuse.Fuse added
0 ICC links found and 0 cg edges added due to ICC links
dynamic conflated call graph: 104 methods; 104 nodes; 89 edges.
maxpossibleFlows=1
maxpossibleFlows=1
maxpossibleFlows=1
maxpossibleFlows=1
maxpossibleFlows=1
maxpossibleFlows=1
1 taint flow paths FOUND from <android.content.ContextWrapper: android.content.res.AssetManager getAssets()> to <android.content.res.AssetManager: java.io.InputStream open(java.lang.String)>
maxpossibleFlows=1
maxpossibleFlows=1
maxpossibleFlows=1
maxpossibleFlows=1
maxpossibleFlows=1
maxpossibleFlows=1
maxpossibleFlows=1
maxpossibleFlows=1
maxpossibleFlows=1
maxpossibleFlows=1
maxpossibleFlows=1
maxpossibleFlows=1
maxpossibleFlows=1
maxpossibleFlows=1
maxpossibleFlows=1
maxpossibleFlows=1
maxpossibleFlows=1
maxpossibleFlows=1
maxpossibleFlows=1
maxpossibleFlows=1
maxpossibleFlows=1
maxpossibleFlows=1
maxpossibleFlows=1
maxpossibleFlows=1
maxpossibleFlows=1
maxpossibleFlows=1
maxpossibleFlows=1
maxpossibleFlows=1
maxpossibleFlows=1
maxpossibleFlows=1
maxpossibleFlows=1
maxpossibleFlows=1
maxpossibleFlows=1
maxpossibleFlows=1
maxpossibleFlows=1
maxpossibleFlows=1
maxpossibleFlows=1
1 taint flow paths FOUND from <android.app.Activity: android.view.Window getWindow()> to <android.app.Activity: void setContentView(android.view.View)>
maxpossibleFlows=1
maxpossibleFlows=1
maxpossibleFlows=1
maxpossibleFlows=1
maxpossibleFlows=1
maxpossibleFlows=1
maxpossibleFlows=1
maxpossibleFlows=1
maxpossibleFlows=1
maxpossibleFlows=1
maxpossibleFlows=1
maxpossibleFlows=1
1 taint flow paths FOUND from <android.content.ContextWrapper: android.content.res.AssetManager getAssets()> to <android.content.res.AssetManager: java.io.InputStream open(java.lang.String)>
maxpossibleFlows=1
maxpossibleFlows=1
maxpossibleFlows=1
maxpossibleFlows=1
maxpossibleFlows=1
maxpossibleFlows=1
maxpossibleFlows=1
maxpossibleFlows=1
maxpossibleFlows=1
maxpossibleFlows=1
1 taint flow paths FOUND from <android.app.Activity: android.view.Window getWindow()> to <android.app.Activity: void setContentView(android.view.View)>
maxpossibleFlows=1
maxpossibleFlows=1
1 taint flow paths FOUND from <android.content.ContextWrapper: android.content.res.AssetManager getAssets()> to <android.content.ContextWrapper: java.io.FileOutputStream openFileOutput(java.lang.String,int)>
maxpossibleFlows=1
maxpossibleFlows=1
1 taint flow paths FOUND from <android.content.ContextWrapper: android.content.res.AssetManager getAssets()> to <java.io.OutputStream: void write(byte[])>
maxpossibleFlows=1
maxpossibleFlows=1
maxpossibleFlows=1
maxpossibleFlows=1
maxpossibleFlows=1
maxpossibleFlows=1
maxpossibleFlows=1
maxpossibleFlows=1
maxpossibleFlows=1
maxpossibleFlows=1
1 taint flow paths FOUND from <android.app.Activity: android.view.Window getWindow()> to <android.view.Window: void setFlags(int,int)>
[WARNING] [32mVERBOSE[0m Callback method :<init> in Class com.polarbit.fuse.Fuse
[WARNING] [32mVERBOSE[0m Callback method :onAccuracyChanged in Class com.polarbit.fuse.Fuse
[WARNING] [32mVERBOSE[0m Callback method :onCreate in Class com.polarbit.fuse.Fuse
[WARNING] [32mVERBOSE[0m Callback method :onDestroy in Class com.polarbit.fuse.Fuse
[WARNING] [32mVERBOSE[0m Callback method :onPause in Class com.polarbit.fuse.Fuse
[WARNING] [32mVERBOSE[0m Callback method :onResume in Class com.polarbit.fuse.Fuse
[WARNING] [32mVERBOSE[0m Callback method :onSensorChanged in Class com.polarbit.fuse.Fuse
Result for benign-app-6054-A1BD0F0D31A6C5A70E3FC1EB358A3803C8B0578E2294628C014F889A38E4EF9D.apkcom.feichercaryl