DUA-Forensics args to Soot: -w -cp /home/handrick/Documents/TU_Darmstadt/benchmark/libs/droidfax.jar:/home/handrick/Android/Sdk/platforms/android-19/android.jar -p cg verbose:false,implicit-entry:true -p cg.spark verbose:false,on-fly-cg:true,rta:false -d /home/handrick/Documents/TU_Darmstadt/benchmark/trace/180/1/droidbot/malicious-app-6186-08C18E5022365CB4E41CC028A9E1B00FC951FC0F1EF085BCD69E809601CBC913.apk.logcat -process-dir /home/handrick/Documents/TU_Darmstadt/benchmark/data/input/malicious-app-6186-08C18E5022365CB4E41CC028A9E1B00FC951FC0F1EF085BCD69E809601CBC913.apk 
Soot started on Mon Apr 24 18:12:14 CEST 2023
Warning: com.ironsource.mobilcore.BaseFlowBasedAdUnit is a phantom class!
Warning: java.lang.invoke.LambdaMetafactory is a phantom class!
Warning: java.lang.ref.Finalizer is a phantom class!
Warning: com.google.ads.Ad is a phantom class!
Warning: com.google.ads.AdRequest$ErrorCode is a phantom class!
Warning: com.google.ads.InterstitialAd is a phantom class!
[Call Graph] For information on where the call graph may be incomplete, use the verbose option to the cg phase.
[Spark] Pointer Assignment Graph in 0.0 seconds.
[Spark] Type masks in 0.0 seconds.
[Spark] Pointer Graph simplified in 0.0 seconds.
[Spark] Propagation in 0.0 seconds.
[Spark] Solution found in 0.0 seconds.
hcai's internal transform
Running static analysis for security-relevant feature characterization
[GatorHierarchy] [32mVERBOSE[0m [HIER] All classes: 2016
[GatorHierarchy] [32mVERBOSE[0m [App: 992, Lib : 1018, Phantom: 6]
[GatorHierarchy] [32mVERBOSE[0m [HIER] Activities: 9, lib activities: 1
[GatorHierarchy] [32mVERBOSE[0m [HIER] App views: 2, Lib views: 14
[GatorHierarchy] [32mVERBOSE[0m [HIER] App Dialogs: 9, Lib Dialogs: 4
[TIMECOST] [32mVERBOSE[0m buildApplicationCodeMap parsing starting at 1682352736439
array element type: (filled narr)int
array element type: (filled narr)int
array element type: (filled narr)int
array element type: (filled narr)int
array element type: (filled narr)int
[TIMECOST] [32mVERBOSE[0m buildApplicationCodeMap parsing finished at 1682352775895
[Instantiated app classes] [32mVERBOSE[0m total number: 683
[WARNING] [32mVERBOSE[0m Callback method :onTouch in Class org.anddev.andengine.engine.Engine added
[WARNING] [32mVERBOSE[0m Callback method :onSensorChanged in Class org.anddev.andengine.engine.Engine added
[WARNING] [32mVERBOSE[0m Callback method :onLocationChanged in Class org.anddev.andengine.engine.Engine added
[WARNING] [32mVERBOSE[0m Callback method :onAccuracyChanged in Class org.anddev.andengine.engine.Engine added
[WARNING] [32mVERBOSE[0m Callback method :onProviderDisabled in Class org.anddev.andengine.engine.Engine added
[WARNING] [32mVERBOSE[0m Callback method :onStatusChanged in Class org.anddev.andengine.engine.Engine added
[WARNING] [32mVERBOSE[0m Callback method :onProviderEnabled in Class org.anddev.andengine.engine.Engine added
[WARNING] [32mVERBOSE[0m Callback method :onWindowFocusChanged in Class org.anddev.andengine.ui.activity.BaseGameActivity added
[WARNING] [32mVERBOSE[0m Callback method :onPause in Class org.anddev.andengine.ui.activity.BaseGameActivity added
[WARNING] [32mVERBOSE[0m Callback method :onCreate in Class org.anddev.andengine.ui.activity.BaseGameActivity added
[WARNING] [32mVERBOSE[0m Callback method :onDestroy in Class org.anddev.andengine.ui.activity.BaseGameActivity added
[WARNING] [32mVERBOSE[0m Callback method :onResume in Class org.anddev.andengine.ui.activity.BaseGameActivity added
[WARNING] [32mVERBOSE[0m Callback method :onWindowFocusChanged in Class com.tuesdayquest.engine.ui.activity.TuesdayBaseGameActivity added
[WARNING] [32mVERBOSE[0m Callback method :onPause in Class com.tuesdayquest.engine.ui.activity.TuesdayBaseGameActivity added
[WARNING] [32mVERBOSE[0m Callback method :onCreate in Class com.tuesdayquest.engine.ui.activity.TuesdayBaseGameActivity added
[WARNING] [32mVERBOSE[0m Callback method :onDestroy in Class com.tuesdayquest.engine.ui.activity.TuesdayBaseGameActivity added
[WARNING] [32mVERBOSE[0m Callback method :onResume in Class com.tuesdayquest.engine.ui.activity.TuesdayBaseGameActivity added
[WARNING] [32mVERBOSE[0m Callback method :onTouch in Class org.anddev.andengine.engine.Engine added
[WARNING] [32mVERBOSE[0m Callback method :onSensorChanged in Class org.anddev.andengine.engine.Engine added
[WARNING] [32mVERBOSE[0m Callback method :onLocationChanged in Class org.anddev.andengine.engine.Engine added
[WARNING] [32mVERBOSE[0m Callback method :onAccuracyChanged in Class org.anddev.andengine.engine.Engine added
[WARNING] [32mVERBOSE[0m Callback method :onProviderDisabled in Class org.anddev.andengine.engine.Engine added
[WARNING] [32mVERBOSE[0m Callback method :onStatusChanged in Class org.anddev.andengine.engine.Engine added
[WARNING] [32mVERBOSE[0m Callback method :onProviderEnabled in Class org.anddev.andengine.engine.Engine added
[WARNING] [32mVERBOSE[0m Callback method :onWindowFocusChanged in Class org.anddev.andengine.ui.activity.BaseGameActivity added
[WARNING] [32mVERBOSE[0m Callback method :onPause in Class org.anddev.andengine.ui.activity.BaseGameActivity added
[WARNING] [32mVERBOSE[0m Callback method :onCreate in Class org.anddev.andengine.ui.activity.BaseGameActivity added
[WARNING] [32mVERBOSE[0m Callback method :onDestroy in Class org.anddev.andengine.ui.activity.BaseGameActivity added
[WARNING] [32mVERBOSE[0m Callback method :onResume in Class org.anddev.andengine.ui.activity.BaseGameActivity added
[WARNING] [32mVERBOSE[0m Callback method :onReceive in Class com.android.vending.billing.BillingReceiver added
[WARNING] [32mVERBOSE[0m Callback method :onTouch in Class org.anddev.andengine.engine.Engine added
[WARNING] [32mVERBOSE[0m Callback method :onSensorChanged in Class org.anddev.andengine.engine.Engine added
[WARNING] [32mVERBOSE[0m Callback method :onLocationChanged in Class org.anddev.andengine.engine.Engine added
[WARNING] [32mVERBOSE[0m Callback method :onAccuracyChanged in Class org.anddev.andengine.engine.Engine added
[WARNING] [32mVERBOSE[0m Callback method :onProviderDisabled in Class org.anddev.andengine.engine.Engine added
[WARNING] [32mVERBOSE[0m Callback method :onStatusChanged in Class org.anddev.andengine.engine.Engine added
[WARNING] [32mVERBOSE[0m Callback method :onProviderEnabled in Class org.anddev.andengine.engine.Engine added
[WARNING] [32mVERBOSE[0m Callback method :onKeyDown in Class com.tuesdayquest.axrdeylz.activity.MainActivity added
[WARNING] [32mVERBOSE[0m Callback method :onWindowFocusChanged in Class com.tuesdayquest.engine.ui.activity.TuesdayBaseGameActivity added
[WARNING] [32mVERBOSE[0m Callback method :onCreateDialog in Class com.tuesdayquest.engine.TuesdayLayoutGameActivity added
[WARNING] [32mVERBOSE[0m Callback method :onPause in Class com.tuesdayquest.axrdeylz.activity.MainActivity added
[WARNING] [32mVERBOSE[0m Callback method :onStop in Class com.tuesdayquest.axrdeylz.activity.MainActivity added
[WARNING] [32mVERBOSE[0m Callback method :onCreate in Class com.tuesdayquest.axrdeylz.activity.MainActivity added
[WARNING] [32mVERBOSE[0m Callback method :onDestroy in Class com.tuesdayquest.axrdeylz.activity.MainActivity added
[WARNING] [32mVERBOSE[0m Callback method :onStart in Class com.tuesdayquest.axrdeylz.activity.MainActivity added
[WARNING] [32mVERBOSE[0m Callback method :onResume in Class com.tuesdayquest.axrdeylz.activity.MainActivity added
[WARNING] [32mVERBOSE[0m Callback method :onWindowFocusChanged in Class org.anddev.andengine.ui.activity.BaseGameActivity added
[WARNING] [32mVERBOSE[0m Callback method :onPause in Class org.anddev.andengine.ui.activity.BaseGameActivity added
[WARNING] [32mVERBOSE[0m Callback method :onCreate in Class org.anddev.andengine.ui.activity.BaseGameActivity added
[WARNING] [32mVERBOSE[0m Callback method :onDestroy in Class org.anddev.andengine.ui.activity.BaseGameActivity added
[WARNING] [32mVERBOSE[0m Callback method :onResume in Class org.anddev.andengine.ui.activity.BaseGameActivity added
[WARNING] [32mVERBOSE[0m Callback method :onTouch in Class org.anddev.andengine.engine.Engine added
[WARNING] [32mVERBOSE[0m Callback method :onSensorChanged in Class org.anddev.andengine.engine.Engine added
[WARNING] [32mVERBOSE[0m Callback method :onLocationChanged in Class org.anddev.andengine.engine.Engine added
[WARNING] [32mVERBOSE[0m Callback method :onAccuracyChanged in Class org.anddev.andengine.engine.Engine added
[WARNING] [32mVERBOSE[0m Callback method :onProviderDisabled in Class org.anddev.andengine.engine.Engine added
[WARNING] [32mVERBOSE[0m Callback method :onStatusChanged in Class org.anddev.andengine.engine.Engine added
[WARNING] [32mVERBOSE[0m Callback method :onProviderEnabled in Class org.anddev.andengine.engine.Engine added
[WARNING] [32mVERBOSE[0m Callback method :onStart in Class com.scoreloop.client.android.core.ui.PaymentDialog added
[WARNING] [32mVERBOSE[0m Callback method :onCreate in Class com.scoreloop.client.android.core.ui.WebViewDialog added
[WARNING] [32mVERBOSE[0m Callback method :onWindowFocusChanged in Class com.tuesdayquest.engine.ui.activity.TuesdayBaseGameActivity added
[WARNING] [32mVERBOSE[0m Callback method :onCreateDialog in Class com.tuesdayquest.engine.TuesdayLayoutGameActivity added
[WARNING] [32mVERBOSE[0m Callback method :onPause in Class com.tuesdayquest.engine.ui.activity.TuesdayBaseGameActivity added
[WARNING] [32mVERBOSE[0m Callback method :onCreate in Class com.tuesdayquest.engine.ui.activity.TuesdayBaseGameActivity added
[WARNING] [32mVERBOSE[0m Callback method :onDestroy in Class com.tuesdayquest.engine.ui.activity.TuesdayBaseGameActivity added
[WARNING] [32mVERBOSE[0m Callback method :onResume in Class com.tuesdayquest.engine.ui.activity.TuesdayBaseGameActivity added
[WARNING] [32mVERBOSE[0m Callback method :onReceive in Class com.games.AdReciver added
[WARNING] [32mVERBOSE[0m Callback method :onTransact in Class com.android.vending.billing.IMarketBillingService$Stub added
[WARNING] [32mVERBOSE[0m Callback method :asBinder in Class com.android.vending.billing.IMarketBillingService$Stub added
[WARNING] [32mVERBOSE[0m Callback method :onCreate in Class com.scoreloop.client.android.core.ui.WebViewDialog added
[WARNING] [32mVERBOSE[0m Callback method :onCreate in Class com.m.s.AdActivity added
[WARNING] [32mVERBOSE[0m Callback method :surfaceCreated in Class org.anddev.andengine.opengl.view.GLSurfaceView added
[WARNING] [32mVERBOSE[0m Callback method :surfaceDestroyed in Class org.anddev.andengine.opengl.view.GLSurfaceView added
[WARNING] [32mVERBOSE[0m Callback method :surfaceChanged in Class org.anddev.andengine.opengl.view.GLSurfaceView added
[WARNING] [32mVERBOSE[0m Callback method :onCreate in Class com.tuesdayquest.axrdeylz.HungryCatApplication added
0 ICC links found and 0 cg edges added due to ICC links
dynamic conflated call graph: 53 methods; 53 nodes; 54 edges.
maxpossibleFlows=2
maxpossibleFlows=2
2 taint flow paths FOUND from <java.lang.StringBuilder: java.lang.String toString()> to <java.util.Properties: java.lang.Object setProperty(java.lang.String,java.lang.String)>
maxpossibleFlows=2
maxpossibleFlows=2
2 taint flow paths FOUND from <java.util.Properties: java.lang.String getProperty(java.lang.String)> to <java.util.Properties: java.lang.Object setProperty(java.lang.String,java.lang.String)>
maxpossibleFlows=2
maxpossibleFlows=2
maxpossibleFlows=2
maxpossibleFlows=2
maxpossibleFlows=2
maxpossibleFlows=2
2 taint flow paths FOUND from <java.lang.StringBuilder: java.lang.String toString()> to <java.util.Properties: java.lang.Object setProperty(java.lang.String,java.lang.String)>
maxpossibleFlows=2
maxpossibleFlows=2
2 taint flow paths FOUND from <java.util.Properties: java.lang.String getProperty(java.lang.String)> to <java.net.URL: void <init>(java.lang.String)>
[WARNING] [32mVERBOSE[0m Callback method :surfaceChanged in Class org.anddev.andengine.opengl.view.GLSurfaceView
[WARNING] [32mVERBOSE[0m Callback method :surfaceCreated in Class org.anddev.andengine.opengl.view.GLSurfaceView
[WARNING] [32mVERBOSE[0m Callback method :surfaceDestroyed in Class org.anddev.andengine.opengl.view.GLSurfaceView
Result for malicious-app-6186-08C18E5022365CB4E41CC028A9E1B00FC951FC0F1EF085BCD69E809601CBC913.apkcom.tuesdayquest.axrdeylz