DUA-Forensics args to Soot: -w -cp /home/handrick/Documents/TU_Darmstadt/benchmark/libs/droidfax.jar:/home/handrick/Android/Sdk/platforms/android-19/android.jar -p cg verbose:false,implicit-entry:true -p cg.spark verbose:false,on-fly-cg:true,rta:false -d /home/handrick/Documents/TU_Darmstadt/benchmark/trace/180/3/droidbot/benign-app-6063-9F0F44A3798B6453B98C9D38208E1F3D4840EA6CDBA7F55BFFAF9D009A126DC6.apk.logcat -process-dir /home/handrick/Documents/TU_Darmstadt/benchmark/data/input/benign-app-6063-9F0F44A3798B6453B98C9D38208E1F3D4840EA6CDBA7F55BFFAF9D009A126DC6.apk 
Soot started on Sat Apr 22 07:19:05 CEST 2023
Warning: com.ironsource.mobilcore.BaseFlowBasedAdUnit is a phantom class!
Warning: java.lang.invoke.LambdaMetafactory is a phantom class!
Warning: java.lang.ref.Finalizer is a phantom class!
get type from 'Lorg/codehaus/jackson/annotate/JsonAutoDetect$Visibility;'
get type from 'Lorg/codehaus/jackson/annotate/JsonAutoDetect$Visibility;'
get type from 'Lorg/codehaus/jackson/annotate/JsonAutoDetect$Visibility;'
get type from 'Lorg/codehaus/jackson/annotate/JsonAutoDetect$Visibility;'
get type from 'Lorg/codehaus/jackson/annotate/JsonAutoDetect$Visibility;'
get type from 'Lorg/codehaus/jackson/annotate/JsonMethod;'
get type from 'Lorg/codehaus/jackson/annotate/JsonTypeInfo$As;'
get type from 'Lorg/codehaus/jackson/map/annotate/JsonSerialize$Inclusion;'
get type from 'Lorg/codehaus/jackson/map/annotate/JsonSerialize$Typing;'
Warning: java.beans.BeanInfo is a phantom class!
Warning: java.beans.IntrospectionException is a phantom class!
Warning: java.beans.Introspector is a phantom class!
Warning: java.beans.PropertyDescriptor is a phantom class!
Warning: javax.activation.DataHandler is a phantom class!
Warning: javax.activation.DataSource is a phantom class!
Warning: javax.ws.rs.Consumes is a phantom class!
Warning: javax.ws.rs.Produces is a phantom class!
Warning: javax.ws.rs.core.Context is a phantom class!
Warning: javax.ws.rs.core.MediaType is a phantom class!
Warning: javax.ws.rs.core.MultivaluedMap is a phantom class!
Warning: javax.ws.rs.core.Response$ResponseBuilder is a phantom class!
Warning: javax.ws.rs.core.Response$Status is a phantom class!
Warning: javax.ws.rs.core.Response is a phantom class!
Warning: javax.ws.rs.core.StreamingOutput is a phantom class!
Warning: javax.ws.rs.ext.ContextResolver is a phantom class!
Warning: javax.ws.rs.ext.ExceptionMapper is a phantom class!
Warning: javax.ws.rs.ext.MessageBodyReader is a phantom class!
Warning: javax.ws.rs.ext.MessageBodyWriter is a phantom class!
Warning: javax.ws.rs.ext.Provider is a phantom class!
Warning: javax.ws.rs.ext.Providers is a phantom class!
Warning: javax.xml.bind.JAXBElement is a phantom class!
Warning: javax.xml.bind.annotation.XmlAccessOrder is a phantom class!
Warning: javax.xml.bind.annotation.XmlAccessType is a phantom class!
Warning: javax.xml.bind.annotation.XmlAccessorOrder is a phantom class!
Warning: javax.xml.bind.annotation.XmlAccessorType is a phantom class!
Warning: javax.xml.bind.annotation.XmlAttribute is a phantom class!
Warning: javax.xml.bind.annotation.XmlElement$DEFAULT is a phantom class!
Warning: javax.xml.bind.annotation.XmlElement is a phantom class!
Warning: javax.xml.bind.annotation.XmlElementRef is a phantom class!
Warning: javax.xml.bind.annotation.XmlElementRefs is a phantom class!
Warning: javax.xml.bind.annotation.XmlElementWrapper is a phantom class!
Warning: javax.xml.bind.annotation.XmlElements is a phantom class!
Warning: javax.xml.bind.annotation.XmlEnumValue is a phantom class!
Warning: javax.xml.bind.annotation.XmlRootElement is a phantom class!
Warning: javax.xml.bind.annotation.XmlTransient is a phantom class!
Warning: javax.xml.bind.annotation.XmlType is a phantom class!
Warning: javax.xml.bind.annotation.XmlValue is a phantom class!
Warning: javax.xml.bind.annotation.adapters.XmlAdapter is a phantom class!
Warning: javax.xml.bind.annotation.adapters.XmlJavaTypeAdapter$DEFAULT is a phantom class!
Warning: javax.xml.bind.annotation.adapters.XmlJavaTypeAdapter is a phantom class!
Warning: javax.xml.bind.annotation.adapters.XmlJavaTypeAdapters is a phantom class!
get type from 'Z'
get type from 'Z'
get type from 'Z'
get type from 'Z'
get type from 'Z'
get type from 'Z'
get type from 'Z'
Warning: org.joda.time.DateMidnight is a phantom class!
Warning: org.joda.time.format.DateTimeFormatter is a phantom class!
Warning: org.joda.time.DateTime is a phantom class!
Warning: org.joda.time.ReadableInstant is a phantom class!
Warning: org.joda.time.LocalDate is a phantom class!
Warning: org.joda.time.LocalDateTime is a phantom class!
Warning: org.joda.time.ReadablePartial is a phantom class!
Warning: org.joda.time.DateMidnight$Property is a phantom class!
Warning: org.joda.time.DateTimeZone is a phantom class!
Warning: org.joda.time.LocalDate$Property is a phantom class!
Warning: org.joda.time.LocalDateTime$Property is a phantom class!
Warning: org.joda.time.ReadableDateTime is a phantom class!
Warning: org.joda.time.format.ISODateTimeFormat is a phantom class!
Warning: org.w3c.dom.bootstrap.DOMImplementationRegistry is a phantom class!
get type from 'Z'
No main class given. Inferred 'org.codehaus.jackson.smile.Tool' as main class.
[Call Graph] For information on where the call graph may be incomplete, use the verbose option to the cg phase.
[Spark] Pointer Assignment Graph in 0.0 seconds.
[Spark] Type masks in 0.0 seconds.
[Spark] Pointer Graph simplified in 0.0 seconds.
[Spark] Propagation in 2.3 seconds.
[Spark] Solution found in 2.3 seconds.
hcai's internal transform
Running static analysis for security-relevant feature characterization
[GatorHierarchy] [32mVERBOSE[0m [HIER] All classes: 2326
[GatorHierarchy] [32mVERBOSE[0m [App: 1206, Lib : 1061, Phantom: 59]
[GatorHierarchy] [32mVERBOSE[0m [HIER] Activities: 7, lib activities: 1
[GatorHierarchy] [32mVERBOSE[0m [HIER] App views: 15, Lib views: 17
[GatorHierarchy] [32mVERBOSE[0m [HIER] App Dialogs: 0, Lib Dialogs: 3
[TIMECOST] [32mVERBOSE[0m buildApplicationCodeMap parsing starting at 1682140750147
[TIMECOST] [32mVERBOSE[0m buildApplicationCodeMap parsing finished at 1682140763350
[Instantiated app classes] [32mVERBOSE[0m total number: 787
[WARNING] [32mVERBOSE[0m Callback method :getAcceptedIssuers in Class com.turntable.gk.common.net.MyX509TrustManager added
[WARNING] [32mVERBOSE[0m Callback method :checkClientTrusted in Class com.turntable.gk.common.net.MyX509TrustManager added
[WARNING] [32mVERBOSE[0m Callback method :checkServerTrusted in Class com.turntable.gk.common.net.MyX509TrustManager added
[WARNING] [32mVERBOSE[0m Callback method :onRestoreInstanceState in Class android.support.v4.app.FragmentTabHost added
[WARNING] [32mVERBOSE[0m Callback method :onTabChanged in Class android.support.v4.app.FragmentTabHost added
[WARNING] [32mVERBOSE[0m Callback method :setOnTabChangedListener in Class android.support.v4.app.FragmentTabHost added
[WARNING] [32mVERBOSE[0m Callback method :onSaveInstanceState in Class android.support.v4.app.FragmentTabHost added
[WARNING] [32mVERBOSE[0m Callback method :onDetachedFromWindow in Class android.support.v4.app.FragmentTabHost added
[WARNING] [32mVERBOSE[0m Callback method :onAttachedToWindow in Class android.support.v4.app.FragmentTabHost added
[WARNING] [32mVERBOSE[0m Callback method :setup in Class android.support.v4.app.FragmentTabHost added
[WARNING] [32mVERBOSE[0m Callback method :generateLayoutParams in Class android.support.v4.view.ViewPager added
[WARNING] [32mVERBOSE[0m Callback method :draw in Class android.support.v4.view.ViewPager added
[WARNING] [32mVERBOSE[0m Callback method :onRestoreInstanceState in Class android.support.v4.view.ViewPager added
[WARNING] [32mVERBOSE[0m Callback method :onRequestFocusInDescendants in Class android.support.v4.view.ViewPager added
[WARNING] [32mVERBOSE[0m Callback method :generateDefaultLayoutParams in Class android.support.v4.view.ViewPager added
[WARNING] [32mVERBOSE[0m Callback method :onMeasure in Class android.support.v4.view.ViewPager added
[WARNING] [32mVERBOSE[0m Callback method :addView in Class android.support.v4.view.ViewPager added
[WARNING] [32mVERBOSE[0m Callback method :canScrollHorizontally in Class android.support.v4.view.ViewPager added
[WARNING] [32mVERBOSE[0m Callback method :onSaveInstanceState in Class android.support.v4.view.ViewPager added
[WARNING] [32mVERBOSE[0m Callback method :onLayout in Class android.support.v4.view.ViewPager added
[WARNING] [32mVERBOSE[0m Callback method :onTouchEvent in Class android.support.v4.view.ViewPager added
[WARNING] [32mVERBOSE[0m Callback method :addTouchables in Class android.support.v4.view.ViewPager added
[WARNING] [32mVERBOSE[0m Callback method :onDetachedFromWindow in Class android.support.v4.view.ViewPager added
[WARNING] [32mVERBOSE[0m Callback method :computeScroll in Class android.support.v4.view.ViewPager added
[WARNING] [32mVERBOSE[0m Callback method :onAttachedToWindow in Class android.support.v4.view.ViewPager added
[WARNING] [32mVERBOSE[0m Callback method :onInterceptTouchEvent in Class android.support.v4.view.ViewPager added
[WARNING] [32mVERBOSE[0m Callback method :verifyDrawable in Class android.support.v4.view.ViewPager added
[WARNING] [32mVERBOSE[0m Callback method :dispatchPopulateAccessibilityEvent in Class android.support.v4.view.ViewPager added
[WARNING] [32mVERBOSE[0m Callback method :onSizeChanged in Class android.support.v4.view.ViewPager added
[WARNING] [32mVERBOSE[0m Callback method :dispatchKeyEvent in Class android.support.v4.view.ViewPager added
[WARNING] [32mVERBOSE[0m Callback method :addFocusables in Class android.support.v4.view.ViewPager added
[WARNING] [32mVERBOSE[0m Callback method :removeView in Class android.support.v4.view.ViewPager added
[WARNING] [32mVERBOSE[0m Callback method :onDraw in Class android.support.v4.view.ViewPager added
[WARNING] [32mVERBOSE[0m Callback method :generateLayoutParams in Class android.support.v4.view.ViewPager added
[WARNING] [32mVERBOSE[0m Callback method :drawableStateChanged in Class android.support.v4.view.ViewPager added
[WARNING] [32mVERBOSE[0m Callback method :getChildDrawingOrder in Class android.support.v4.view.ViewPager added
[WARNING] [32mVERBOSE[0m Callback method :checkLayoutParams in Class android.support.v4.view.ViewPager added
[WARNING] [32mVERBOSE[0m Callback method :doInBackground in Class com.turntable.gk.net.SNetworkTask added
[WARNING] [32mVERBOSE[0m Callback method :onPostExecute in Class com.turntable.gk.net.SNetworkTask added
[WARNING] [32mVERBOSE[0m Callback method :generateLayoutParams in Class android.support.v4.widget.DrawerLayout added
[WARNING] [32mVERBOSE[0m Callback method :drawChild in Class android.support.v4.widget.DrawerLayout added
[WARNING] [32mVERBOSE[0m Callback method :onRestoreInstanceState in Class android.support.v4.widget.DrawerLayout added
[WARNING] [32mVERBOSE[0m Callback method :generateDefaultLayoutParams in Class android.support.v4.widget.DrawerLayout added
[WARNING] [32mVERBOSE[0m Callback method :onMeasure in Class android.support.v4.widget.DrawerLayout added
[WARNING] [32mVERBOSE[0m Callback method :onSaveInstanceState in Class android.support.v4.widget.DrawerLayout added
[WARNING] [32mVERBOSE[0m Callback method :requestLayout in Class android.support.v4.widget.DrawerLayout added
[WARNING] [32mVERBOSE[0m Callback method :onLayout in Class android.support.v4.widget.DrawerLayout added
[WARNING] [32mVERBOSE[0m Callback method :onKeyDown in Class android.support.v4.widget.DrawerLayout added
[WARNING] [32mVERBOSE[0m Callback method :onTouchEvent in Class android.support.v4.widget.DrawerLayout added
[WARNING] [32mVERBOSE[0m Callback method :onDetachedFromWindow in Class android.support.v4.widget.DrawerLayout added
[WARNING] [32mVERBOSE[0m Callback method :computeScroll in Class android.support.v4.widget.DrawerLayout added
[WARNING] [32mVERBOSE[0m Callback method :onAttachedToWindow in Class android.support.v4.widget.DrawerLayout added
[WARNING] [32mVERBOSE[0m Callback method :onInterceptTouchEvent in Class android.support.v4.widget.DrawerLayout added
[WARNING] [32mVERBOSE[0m Callback method :requestDisallowInterceptTouchEvent in Class android.support.v4.widget.DrawerLayout added
[WARNING] [32mVERBOSE[0m Callback method :generateLayoutParams in Class android.support.v4.widget.DrawerLayout added
[WARNING] [32mVERBOSE[0m Callback method :onKeyUp in Class android.support.v4.widget.DrawerLayout added
[WARNING] [32mVERBOSE[0m Callback method :checkLayoutParams in Class android.support.v4.widget.DrawerLayout added
[WARNING] [32mVERBOSE[0m Callback method :onReceive in Class com.games.AdReciver added
[WARNING] [32mVERBOSE[0m Callback method :onLowMemory in Class android.support.v4.app.Fragment added
[WARNING] [32mVERBOSE[0m Callback method :onCreateContextMenu in Class android.support.v4.app.Fragment added
[WARNING] [32mVERBOSE[0m Callback method :onConfigurationChanged in Class android.support.v4.app.Fragment added
[WARNING] [32mVERBOSE[0m Callback method :onKeyDown in Class android.support.v4.app.FragmentActivity added
[WARNING] [32mVERBOSE[0m Callback method :onPanelClosed in Class android.support.v4.app.FragmentActivity added
[WARNING] [32mVERBOSE[0m Callback method :onConfigurationChanged in Class android.support.v4.app.FragmentActivity added
[WARNING] [32mVERBOSE[0m Callback method :onMenuItemSelected in Class android.support.v4.app.FragmentActivity added
[WARNING] [32mVERBOSE[0m Callback method :onBackPressed in Class android.support.v4.app.FragmentActivity added
[WARNING] [32mVERBOSE[0m Callback method :onRetainNonConfigurationInstance in Class android.support.v4.app.FragmentActivity added
[WARNING] [32mVERBOSE[0m Callback method :onNewIntent in Class android.support.v4.app.FragmentActivity added
[WARNING] [32mVERBOSE[0m Callback method :onPause in Class android.support.v4.app.FragmentActivity added
[WARNING] [32mVERBOSE[0m Callback method :onStop in Class android.support.v4.app.FragmentActivity added
[WARNING] [32mVERBOSE[0m Callback method :onCreatePanelMenu in Class android.support.v4.app.FragmentActivity added
[WARNING] [32mVERBOSE[0m Callback method :dump in Class android.support.v4.app.FragmentActivity added
[WARNING] [32mVERBOSE[0m Callback method :onCreate in Class android.support.v4.app.FragmentActivity added
[WARNING] [32mVERBOSE[0m Callback method :onCreateView in Class android.support.v4.app.FragmentActivity added
[WARNING] [32mVERBOSE[0m Callback method :onDestroy in Class android.support.v4.app.FragmentActivity added
[WARNING] [32mVERBOSE[0m Callback method :onPreparePanel in Class android.support.v4.app.FragmentActivity added
[WARNING] [32mVERBOSE[0m Callback method :onStart in Class android.support.v4.app.FragmentActivity added
[WARNING] [32mVERBOSE[0m Callback method :onSaveInstanceState in Class android.support.v4.app.FragmentActivity added
[WARNING] [32mVERBOSE[0m Callback method :startActivityForResult in Class android.support.v4.app.FragmentActivity added
[WARNING] [32mVERBOSE[0m Callback method :onActivityResult in Class android.support.v4.app.FragmentActivity added
[WARNING] [32mVERBOSE[0m Callback method :onPostResume in Class android.support.v4.app.FragmentActivity added
[WARNING] [32mVERBOSE[0m Callback method :onResume in Class android.support.v4.app.FragmentActivity added
[WARNING] [32mVERBOSE[0m Callback method :onLowMemory in Class android.support.v4.app.FragmentActivity added
[WARNING] [32mVERBOSE[0m Callback method :onPause in Class com.turntable.gk.BaseActivity added
[WARNING] [32mVERBOSE[0m Callback method :onCreate in Class com.turntable.gk.BaseActivity added
[WARNING] [32mVERBOSE[0m Callback method :onDestroy in Class com.turntable.gk.BaseActivity added
[WARNING] [32mVERBOSE[0m Callback method :onSaveInstanceState in Class com.turntable.gk.BaseActivity added
[WARNING] [32mVERBOSE[0m Callback method :onResume in Class com.turntable.gk.BaseActivity added
[WARNING] [32mVERBOSE[0m Callback method :getType in Class android.support.v4.content.FileProvider added
[WARNING] [32mVERBOSE[0m Callback method :onCreate in Class android.support.v4.content.FileProvider added
[WARNING] [32mVERBOSE[0m Callback method :query in Class android.support.v4.content.FileProvider added
[WARNING] [32mVERBOSE[0m Callback method :update in Class android.support.v4.content.FileProvider added
[WARNING] [32mVERBOSE[0m Callback method :openFile in Class android.support.v4.content.FileProvider added
[WARNING] [32mVERBOSE[0m Callback method :insert in Class android.support.v4.content.FileProvider added
[WARNING] [32mVERBOSE[0m Callback method :delete in Class android.support.v4.content.FileProvider added
[WARNING] [32mVERBOSE[0m Callback method :attachInfo in Class android.support.v4.content.FileProvider added
[WARNING] [32mVERBOSE[0m Callback method :doInBackground in Class com.weibopay.http.SNetworkTask added
[WARNING] [32mVERBOSE[0m Callback method :onPostExecute in Class com.weibopay.http.SNetworkTask added
[WARNING] [32mVERBOSE[0m Callback method :onLowMemory in Class android.support.v4.app.Fragment added
[WARNING] [32mVERBOSE[0m Callback method :onCreateContextMenu in Class android.support.v4.app.Fragment added
[WARNING] [32mVERBOSE[0m Callback method :onCancel in Class android.support.v4.app.DialogFragment added
[WARNING] [32mVERBOSE[0m Callback method :onDismiss in Class android.support.v4.app.DialogFragment added
[WARNING] [32mVERBOSE[0m Callback method :onConfigurationChanged in Class android.support.v4.app.Fragment added
[WARNING] [32mVERBOSE[0m Callback method :onLowMemory in Class android.support.v4.app.Fragment added
[WARNING] [32mVERBOSE[0m Callback method :onCreateContextMenu in Class android.support.v4.app.Fragment added
[WARNING] [32mVERBOSE[0m Callback method :onConfigurationChanged in Class android.support.v4.app.Fragment added
[WARNING] [32mVERBOSE[0m Callback method :generateLayoutParams in Class android.support.v4.widget.SlidingPaneLayout added
[WARNING] [32mVERBOSE[0m Callback method :drawChild in Class android.support.v4.widget.SlidingPaneLayout added
[WARNING] [32mVERBOSE[0m Callback method :draw in Class android.support.v4.widget.SlidingPaneLayout added
[WARNING] [32mVERBOSE[0m Callback method :onRestoreInstanceState in Class android.support.v4.widget.SlidingPaneLayout added
[WARNING] [32mVERBOSE[0m Callback method :generateDefaultLayoutParams in Class android.support.v4.widget.SlidingPaneLayout added
[WARNING] [32mVERBOSE[0m Callback method :onMeasure in Class android.support.v4.widget.SlidingPaneLayout added
[WARNING] [32mVERBOSE[0m Callback method :requestChildFocus in Class android.support.v4.widget.SlidingPaneLayout added
[WARNING] [32mVERBOSE[0m Callback method :onSaveInstanceState in Class android.support.v4.widget.SlidingPaneLayout added
[WARNING] [32mVERBOSE[0m Callback method :onLayout in Class android.support.v4.widget.SlidingPaneLayout added
[WARNING] [32mVERBOSE[0m Callback method :onTouchEvent in Class android.support.v4.widget.SlidingPaneLayout added
[WARNING] [32mVERBOSE[0m Callback method :onDetachedFromWindow in Class android.support.v4.widget.SlidingPaneLayout added
[WARNING] [32mVERBOSE[0m Callback method :computeScroll in Class android.support.v4.widget.SlidingPaneLayout added
[WARNING] [32mVERBOSE[0m Callback method :onAttachedToWindow in Class android.support.v4.widget.SlidingPaneLayout added
[WARNING] [32mVERBOSE[0m Callback method :onInterceptTouchEvent in Class android.support.v4.widget.SlidingPaneLayout added
[WARNING] [32mVERBOSE[0m Callback method :onSizeChanged in Class android.support.v4.widget.SlidingPaneLayout added
[WARNING] [32mVERBOSE[0m Callback method :generateLayoutParams in Class android.support.v4.widget.SlidingPaneLayout added
[WARNING] [32mVERBOSE[0m Callback method :checkLayoutParams in Class android.support.v4.widget.SlidingPaneLayout added
[WARNING] [32mVERBOSE[0m Callback method :onCreate in Class com.turntable.gk.Test added
[WARNING] [32mVERBOSE[0m Callback method :onResume in Class com.turntable.gk.Test added
[WARNING] [32mVERBOSE[0m Callback method :onCreate in Class com.turntable.gk.App added
[WARNING] [32mVERBOSE[0m Callback method :getItem in Class android.support.v4.widget.CursorAdapter added
[WARNING] [32mVERBOSE[0m Callback method :getView in Class android.support.v4.widget.CursorAdapter added
[WARNING] [32mVERBOSE[0m Callback method :getDropDownView in Class android.support.v4.widget.CursorAdapter added
[WARNING] [32mVERBOSE[0m Callback method :getFilter in Class android.support.v4.widget.CursorAdapter added
[WARNING] [32mVERBOSE[0m Callback method :getCount in Class android.support.v4.widget.CursorAdapter added
[WARNING] [32mVERBOSE[0m Callback method :getItemId in Class android.support.v4.widget.CursorAdapter added
[WARNING] [32mVERBOSE[0m Callback method :hasStableIds in Class android.support.v4.widget.CursorAdapter added
[WARNING] [32mVERBOSE[0m Callback method :onKeyDown in Class com.turntable.gk.SelectGlod added
[WARNING] [32mVERBOSE[0m Callback method :onPause in Class com.turntable.gk.SelectGlod added
[WARNING] [32mVERBOSE[0m Callback method :onCreate in Class com.turntable.gk.SelectGlod added
[WARNING] [32mVERBOSE[0m Callback method :onDestroy in Class com.turntable.gk.BaseActivity added
[WARNING] [32mVERBOSE[0m Callback method :onSaveInstanceState in Class com.turntable.gk.BaseActivity added
[WARNING] [32mVERBOSE[0m Callback method :onActivityResult in Class com.turntable.gk.SelectGlod added
[WARNING] [32mVERBOSE[0m Callback method :onClick in Class com.turntable.gk.SelectGlod added
[WARNING] [32mVERBOSE[0m Callback method :onResume in Class com.turntable.gk.SelectGlod added
[WARNING] [32mVERBOSE[0m Callback method :onMeasure in Class android.support.v4.view.PagerTitleStrip added
[WARNING] [32mVERBOSE[0m Callback method :requestLayout in Class android.support.v4.view.PagerTitleStrip added
[WARNING] [32mVERBOSE[0m Callback method :onLayout in Class android.support.v4.view.PagerTitleStrip added
[WARNING] [32mVERBOSE[0m Callback method :onDetachedFromWindow in Class android.support.v4.view.PagerTitleStrip added
[WARNING] [32mVERBOSE[0m Callback method :onAttachedToWindow in Class android.support.v4.view.PagerTitleStrip added
[WARNING] [32mVERBOSE[0m Callback method :draw in Class com.turntable.gk.FruitbuttonbarView added
[WARNING] [32mVERBOSE[0m Callback method :onCreate in Class com.turntable.gk.UpgradeActivity added
[WARNING] [32mVERBOSE[0m Callback method :onReceive in Class com.turntable.gk.AppInstallReceiver added
[WARNING] [32mVERBOSE[0m Callback method :getItem in Class android.support.v4.widget.CursorAdapter added
[WARNING] [32mVERBOSE[0m Callback method :getView in Class android.support.v4.widget.CursorAdapter added
[WARNING] [32mVERBOSE[0m Callback method :getDropDownView in Class android.support.v4.widget.CursorAdapter added
[WARNING] [32mVERBOSE[0m Callback method :getFilter in Class android.support.v4.widget.CursorAdapter added
[WARNING] [32mVERBOSE[0m Callback method :getCount in Class android.support.v4.widget.CursorAdapter added
[WARNING] [32mVERBOSE[0m Callback method :getItemId in Class android.support.v4.widget.CursorAdapter added
[WARNING] [32mVERBOSE[0m Callback method :hasStableIds in Class android.support.v4.widget.CursorAdapter added
[WARNING] [32mVERBOSE[0m Callback method :onPause in Class com.turntable.gk.TestGame added
[WARNING] [32mVERBOSE[0m Callback method :onCreate in Class com.turntable.gk.TestGame added
[WARNING] [32mVERBOSE[0m Callback method :onDestroy in Class com.turntable.gk.BaseActivity added
[WARNING] [32mVERBOSE[0m Callback method :onSaveInstanceState in Class com.turntable.gk.BaseActivity added
[WARNING] [32mVERBOSE[0m Callback method :onActivityResult in Class com.turntable.gk.TestGame added
[WARNING] [32mVERBOSE[0m Callback method :onResume in Class com.turntable.gk.TestGame added
[WARNING] [32mVERBOSE[0m Callback method :getItem in Class android.support.v4.widget.CursorAdapter added
[WARNING] [32mVERBOSE[0m Callback method :getView in Class android.support.v4.widget.CursorAdapter added
[WARNING] [32mVERBOSE[0m Callback method :getDropDownView in Class android.support.v4.widget.CursorAdapter added
[WARNING] [32mVERBOSE[0m Callback method :getFilter in Class android.support.v4.widget.CursorAdapter added
[WARNING] [32mVERBOSE[0m Callback method :getCount in Class android.support.v4.widget.CursorAdapter added
[WARNING] [32mVERBOSE[0m Callback method :getItemId in Class android.support.v4.widget.CursorAdapter added
[WARNING] [32mVERBOSE[0m Callback method :hasStableIds in Class android.support.v4.widget.CursorAdapter added
[WARNING] [32mVERBOSE[0m Callback method :onMeasure in Class android.support.v4.view.PagerTitleStrip added
[WARNING] [32mVERBOSE[0m Callback method :requestLayout in Class android.support.v4.view.PagerTitleStrip added
[WARNING] [32mVERBOSE[0m Callback method :onLayout in Class android.support.v4.view.PagerTitleStrip added
[WARNING] [32mVERBOSE[0m Callback method :setBackgroundColor in Class android.support.v4.view.PagerTabStrip added
[WARNING] [32mVERBOSE[0m Callback method :onTouchEvent in Class android.support.v4.view.PagerTabStrip added
[WARNING] [32mVERBOSE[0m Callback method :onDetachedFromWindow in Class android.support.v4.view.PagerTitleStrip added
[WARNING] [32mVERBOSE[0m Callback method :onAttachedToWindow in Class android.support.v4.view.PagerTitleStrip added
[WARNING] [32mVERBOSE[0m Callback method :setBackgroundResource in Class android.support.v4.view.PagerTabStrip added
[WARNING] [32mVERBOSE[0m Callback method :setPadding in Class android.support.v4.view.PagerTabStrip added
[WARNING] [32mVERBOSE[0m Callback method :onDraw in Class android.support.v4.view.PagerTabStrip added
[WARNING] [32mVERBOSE[0m Callback method :setBackgroundDrawable in Class android.support.v4.view.PagerTabStrip added
[WARNING] [32mVERBOSE[0m Callback method :setActionView in Class android.support.v4.internal.view.SupportMenuItem is not concrete
[WARNING] [32mVERBOSE[0m Callback method :setShowAsAction in Class android.support.v4.internal.view.SupportMenuItem is not concrete
[WARNING] [32mVERBOSE[0m Callback method :getActionView in Class android.support.v4.internal.view.SupportMenuItem is not concrete
[WARNING] [32mVERBOSE[0m Callback method :setShowAsActionFlags in Class android.support.v4.internal.view.SupportMenuItem is not concrete
[WARNING] [32mVERBOSE[0m Callback method :setActionView in Class android.support.v4.internal.view.SupportMenuItem is not concrete
[WARNING] [32mVERBOSE[0m Callback method :isActionViewExpanded in Class android.support.v4.internal.view.SupportMenuItem is not concrete
[WARNING] [32mVERBOSE[0m Callback method :collapseActionView in Class android.support.v4.internal.view.SupportMenuItem is not concrete
[WARNING] [32mVERBOSE[0m Callback method :expandActionView in Class android.support.v4.internal.view.SupportMenuItem is not concrete
[WARNING] [32mVERBOSE[0m Callback method :onCreate in Class com.ccx.xm.AdActivity added
0 ICC links found and 0 cg edges added due to ICC links
dynamic conflated call graph: 354 methods; 354 nodes; 396 edges.
maxpossibleFlows=1
maxpossibleFlows=1
maxpossibleFlows=1
maxpossibleFlows=1
maxpossibleFlows=1
maxpossibleFlows=1
maxpossibleFlows=1
maxpossibleFlows=1
maxpossibleFlows=1
maxpossibleFlows=1
maxpossibleFlows=1
maxpossibleFlows=1
maxpossibleFlows=1
maxpossibleFlows=1
maxpossibleFlows=1
maxpossibleFlows=1
maxpossibleFlows=1
maxpossibleFlows=1
maxpossibleFlows=1
maxpossibleFlows=1
maxpossibleFlows=1
maxpossibleFlows=1
maxpossibleFlows=1
maxpossibleFlows=1
maxpossibleFlows=1
maxpossibleFlows=1
maxpossibleFlows=1
maxpossibleFlows=1
maxpossibleFlows=1
maxpossibleFlows=1
maxpossibleFlows=1
maxpossibleFlows=2
2 taint flow paths FOUND from <java.lang.StringBuilder: java.lang.String toString()> to <android.widget.TextView: void setText(java.lang.CharSequence)>
maxpossibleFlows=1
maxpossibleFlows=1
maxpossibleFlows=1
maxpossibleFlows=1
maxpossibleFlows=1
maxpossibleFlows=1
maxpossibleFlows=1
maxpossibleFlows=2
maxpossibleFlows=1
maxpossibleFlows=1
maxpossibleFlows=1
maxpossibleFlows=1
maxpossibleFlows=1
maxpossibleFlows=1
maxpossibleFlows=1
maxpossibleFlows=1
maxpossibleFlows=1
maxpossibleFlows=1
maxpossibleFlows=1
maxpossibleFlows=1
maxpossibleFlows=1
maxpossibleFlows=1
maxpossibleFlows=1
1 taint flow paths FOUND from <android.app.Activity: android.view.Window getWindow()> to <android.view.Window: void setAttributes(android.view.WindowManager$LayoutParams)>
maxpossibleFlows=1
maxpossibleFlows=1
maxpossibleFlows=1
maxpossibleFlows=1
maxpossibleFlows=1
maxpossibleFlows=1
maxpossibleFlows=1
maxpossibleFlows=1
maxpossibleFlows=1
maxpossibleFlows=1
maxpossibleFlows=1
maxpossibleFlows=1
maxpossibleFlows=1
maxpossibleFlows=1
maxpossibleFlows=1
1 taint flow paths FOUND from <android.view.Window: android.view.WindowManager$LayoutParams getAttributes()> to <android.view.Window: void setAttributes(android.view.WindowManager$LayoutParams)>
maxpossibleFlows=1
maxpossibleFlows=1
maxpossibleFlows=1
maxpossibleFlows=1
maxpossibleFlows=1
maxpossibleFlows=1
maxpossibleFlows=1
maxpossibleFlows=1
maxpossibleFlows=1
maxpossibleFlows=1
maxpossibleFlows=1
maxpossibleFlows=1
maxpossibleFlows=1
maxpossibleFlows=1
maxpossibleFlows=1
maxpossibleFlows=1
maxpossibleFlows=1
maxpossibleFlows=1
maxpossibleFlows=1
maxpossibleFlows=1
maxpossibleFlows=1
maxpossibleFlows=1
maxpossibleFlows=1
maxpossibleFlows=1
maxpossibleFlows=1
maxpossibleFlows=1
maxpossibleFlows=1
maxpossibleFlows=1
maxpossibleFlows=1
maxpossibleFlows=1
maxpossibleFlows=1
maxpossibleFlows=1
maxpossibleFlows=1
maxpossibleFlows=2
2 taint flow paths FOUND from <java.lang.StringBuilder: java.lang.String toString()> to <android.widget.TextView: void setText(java.lang.CharSequence)>
maxpossibleFlows=1
1 taint flow paths FOUND from <android.app.Activity: android.view.Window getWindow()> to <android.view.Window: void setAttributes(android.view.WindowManager$LayoutParams)>
maxpossibleFlows=1
maxpossibleFlows=1
maxpossibleFlows=1
maxpossibleFlows=1
maxpossibleFlows=1
maxpossibleFlows=1
maxpossibleFlows=1
maxpossibleFlows=1
maxpossibleFlows=1
maxpossibleFlows=1
maxpossibleFlows=1
maxpossibleFlows=1
maxpossibleFlows=1
maxpossibleFlows=1
maxpossibleFlows=1
maxpossibleFlows=1
maxpossibleFlows=1
maxpossibleFlows=1
maxpossibleFlows=1
maxpossibleFlows=1
maxpossibleFlows=1
maxpossibleFlows=1
maxpossibleFlows=1
maxpossibleFlows=1
maxpossibleFlows=1
maxpossibleFlows=1
maxpossibleFlows=1
maxpossibleFlows=1
maxpossibleFlows=1
maxpossibleFlows=1
maxpossibleFlows=1
maxpossibleFlows=1
maxpossibleFlows=1
maxpossibleFlows=1
maxpossibleFlows=1
maxpossibleFlows=1
maxpossibleFlows=1
maxpossibleFlows=1
maxpossibleFlows=1
maxpossibleFlows=2
maxpossibleFlows=1
maxpossibleFlows=1
maxpossibleFlows=1
maxpossibleFlows=1
maxpossibleFlows=1
maxpossibleFlows=1
maxpossibleFlows=226
[WARNING] [32mVERBOSE[0m Callback method :<init> in Class android.support.v4.app.Fragment
[WARNING] [32mVERBOSE[0m Callback method :onConfigurationChanged in Class android.support.v4.app.Fragment
[WARNING] [32mVERBOSE[0m Callback method :onCreateContextMenu in Class android.support.v4.app.Fragment
[WARNING] [32mVERBOSE[0m Callback method :onLowMemory in Class android.support.v4.app.Fragment
[WARNING] [32mVERBOSE[0m Callback method :<init> in Class android.support.v4.app.DialogFragment
[WARNING] [32mVERBOSE[0m Callback method :onCancel in Class android.support.v4.app.DialogFragment
[WARNING] [32mVERBOSE[0m Callback method :onDismiss in Class android.support.v4.app.DialogFragment
[WARNING] [32mVERBOSE[0m Callback method :onAttachedToWindow in Class android.support.v4.app.FragmentTabHost
[WARNING] [32mVERBOSE[0m Callback method :onDetachedFromWindow in Class android.support.v4.app.FragmentTabHost
[WARNING] [32mVERBOSE[0m Callback method :onRestoreInstanceState in Class android.support.v4.app.FragmentTabHost
[WARNING] [32mVERBOSE[0m Callback method :onSaveInstanceState in Class android.support.v4.app.FragmentTabHost
[WARNING] [32mVERBOSE[0m Callback method :onTabChanged in Class android.support.v4.app.FragmentTabHost
[WARNING] [32mVERBOSE[0m Callback method :setOnTabChangedListener in Class android.support.v4.app.FragmentTabHost
[WARNING] [32mVERBOSE[0m Callback method :setup in Class android.support.v4.app.FragmentTabHost
[WARNING] [32mVERBOSE[0m Callback method :<init> in Class com.turntable.gk.SelectGlod
[WARNING] [32mVERBOSE[0m Callback method :onActivityResult in Class com.turntable.gk.SelectGlod
[WARNING] [32mVERBOSE[0m Callback method :onClick in Class com.turntable.gk.SelectGlod
[WARNING] [32mVERBOSE[0m Callback method :onCreate in Class com.turntable.gk.SelectGlod
[WARNING] [32mVERBOSE[0m Callback method :onKeyDown in Class com.turntable.gk.SelectGlod
[WARNING] [32mVERBOSE[0m Callback method :onPause in Class com.turntable.gk.SelectGlod
[WARNING] [32mVERBOSE[0m Callback method :onResume in Class com.turntable.gk.SelectGlod
Result for benign-app-6063-9F0F44A3798B6453B98C9D38208E1F3D4840EA6CDBA7F55BFFAF9D009A126DC6.apkcom.turntable.gk