DUA-Forensics args to Soot: -w -cp /home/handrick/Documents/TU_Darmstadt/benchmark/libs/droidfax.jar:/home/handrick/Android/Sdk/platforms/android-19/android.jar -p cg verbose:false,implicit-entry:true -p cg.spark verbose:false,on-fly-cg:true,rta:false -d /home/handrick/Documents/TU_Darmstadt/benchmark/trace/180/2/droidbot/malicious-app-6215-7720A0EE25D9C6B995578E6E808B1A13C811796EEF56DB46B84A1484B829967B.apk.logcat -process-dir /home/handrick/Documents/TU_Darmstadt/benchmark/data/input/malicious-app-6215-7720A0EE25D9C6B995578E6E808B1A13C811796EEF56DB46B84A1484B829967B.apk 
Soot started on Tue Apr 25 20:11:47 CEST 2023
Warning: com.ironsource.mobilcore.BaseFlowBasedAdUnit is a phantom class!
Warning: java.lang.invoke.LambdaMetafactory is a phantom class!
Warning: java.lang.ref.Finalizer is a phantom class!
Warning: com.google.ads.AdView is a phantom class!
Warning: com.google.ads.Ad is a phantom class!
Warning: com.google.ads.AdRequest$ErrorCode is a phantom class!
[Call Graph] For information on where the call graph may be incomplete, use the verbose option to the cg phase.
[Spark] Pointer Assignment Graph in 0.0 seconds.
[Spark] Type masks in 0.0 seconds.
[Spark] Pointer Graph simplified in 0.0 seconds.
[Spark] Propagation in 0.0 seconds.
[Spark] Solution found in 0.0 seconds.
hcai's internal transform
Running static analysis for method/class coverage characterization
0 ICC links found and 0 cg edges added due to ICC links
dynamic conflated call graph: 417 methods; 417 nodes; 560 edges.
feature-vector-key = malicious-app-6215-7720A0EE25D9C6B995578E6E808B1A13C811796EEF56DB46B84A1484B829967B.apk
Result for malicious-app-6215-7720A0EE25D9C6B995578E6E808B1A13C811796EEF56DB46B84A1484B829967B.apkcom.RunnerGames.game.Jewelsyb