DUA-Forensics args to Soot: -w -cp /home/handrick/Documents/TU_Darmstadt/benchmark/libs/droidfax.jar:/home/handrick/Android/Sdk/platforms/android-19/android.jar -p cg verbose:false,implicit-entry:true -p cg.spark verbose:false,on-fly-cg:true,rta:false -d /home/handrick/Documents/TU_Darmstadt/benchmark/trace/180/2/droidbot/malicious-app-6078-D7495DB11F58C3932D94297369AA8CD0612D68DA038931C622BD686CCA23E49F.apk.logcat -process-dir /home/handrick/Documents/TU_Darmstadt/benchmark/data/input/malicious-app-6078-D7495DB11F58C3932D94297369AA8CD0612D68DA038931C622BD686CCA23E49F.apk 
Soot started on Sat Apr 22 05:29:09 CEST 2023
Warning: com.ironsource.mobilcore.BaseFlowBasedAdUnit is a phantom class!
Warning: java.lang.invoke.LambdaMetafactory is a phantom class!
Warning: java.lang.ref.Finalizer is a phantom class!
Warning: cn.domob.android.ads.DomobAdManager$ErrorCode is a phantom class!
Warning: cn.domob.android.ads.DomobInterstitialAd is a phantom class!
Warning: cn.domob.android.ads.DomobInterstitialAdListener is a phantom class!
No main class given. Inferred 'com.sina.weibo.sdk.utils.MD5' as main class.
[Call Graph] For information on where the call graph may be incomplete, use the verbose option to the cg phase.
[Spark] Pointer Assignment Graph in 0.3 seconds.
[Spark] Type masks in 0.0 seconds.
[Spark] Pointer Graph simplified in 0.0 seconds.
[Spark] Propagation in 0.0 seconds.
[Spark] Solution found in 0.0 seconds.
hcai's internal transform
Running static analysis for method/class coverage characterization
0 ICC links found and 0 cg edges added due to ICC links
dynamic conflated call graph: 321 methods; 321 nodes; 379 edges.
feature-vector-key = malicious-app-6078-D7495DB11F58C3932D94297369AA8CD0612D68DA038931C622BD686CCA23E49F.apk
Result for malicious-app-6078-D7495DB11F58C3932D94297369AA8CD0612D68DA038931C622BD686CCA23E49F.apkcom.coboqo.fishncz