DUA-Forensics args to Soot: -w -cp /home/handrick/Documents/TU_Darmstadt/benchmark/libs/droidfax.jar:/home/handrick/Android/Sdk/platforms/android-19/android.jar -p cg verbose:false,implicit-entry:true -p cg.spark verbose:false,on-fly-cg:true,rta:false -d /home/handrick/Documents/TU_Darmstadt/benchmark/trace/180/2/droidbot/benign-app-6108-A6593C8D4080E46EFC9005794356FC3065A14B190777391AE1A4E1184BA1815D.apk.logcat -process-dir /home/handrick/Documents/TU_Darmstadt/benchmark/data/input/benign-app-6108-A6593C8D4080E46EFC9005794356FC3065A14B190777391AE1A4E1184BA1815D.apk 
Soot started on Sun Apr 23 03:01:08 CEST 2023
Warning: com.ironsource.mobilcore.BaseFlowBasedAdUnit is a phantom class!
Warning: java.lang.invoke.LambdaMetafactory is a phantom class!
Warning: java.lang.ref.Finalizer is a phantom class!
Warning: com.google.ads.am is a phantom class!
Warning: com.google.ads.AdView is a phantom class!
Warning: com.google.ads.ai is a phantom class!
Warning: com.google.ads.as is a phantom class!
[Call Graph] For information on where the call graph may be incomplete, use the verbose option to the cg phase.
[Spark] Pointer Assignment Graph in 0.1 seconds.
[Spark] Type masks in 0.0 seconds.
[Spark] Pointer Graph simplified in 0.0 seconds.
[Spark] Propagation in 0.0 seconds.
[Spark] Solution found in 0.0 seconds.
hcai's internal transform
Running static analysis for method/class coverage characterization
0 ICC links found and 0 cg edges added due to ICC links
dynamic conflated call graph: 92 methods; 92 nodes; 105 edges.
feature-vector-key = benign-app-6108-A6593C8D4080E46EFC9005794356FC3065A14B190777391AE1A4E1184BA1815D.apk
Result for benign-app-6108-A6593C8D4080E46EFC9005794356FC3065A14B190777391AE1A4E1184BA1815D.apkcn.huayigame.star