DUA-Forensics args to Soot: -w -cp /home/handrick/Documents/TU_Darmstadt/benchmark/libs/droidfax.jar:/home/handrick/Android/Sdk/platforms/android-19/android.jar -p cg verbose:false,implicit-entry:true -p cg.spark verbose:false,on-fly-cg:true,rta:false -d /home/handrick/Documents/TU_Darmstadt/benchmark/trace/180/1/droidbot/benign-app-6236-294DCE5968A3D4270EA5B837885C86C7F4974E51823FDD947249035A7EC86B5D.apk.logcat -process-dir /home/handrick/Documents/TU_Darmstadt/benchmark/data/input/benign-app-6236-294DCE5968A3D4270EA5B837885C86C7F4974E51823FDD947249035A7EC86B5D.apk 
Soot started on Tue Apr 25 17:33:01 CEST 2023
Warning: com.ironsource.mobilcore.BaseFlowBasedAdUnit is a phantom class!
Warning: java.lang.invoke.LambdaMetafactory is a phantom class!
Warning: java.lang.ref.Finalizer is a phantom class!
[Call Graph] For information on where the call graph may be incomplete, use the verbose option to the cg phase.
[Spark] Pointer Assignment Graph in 0.0 seconds.
[Spark] Type masks in 0.0 seconds.
[Spark] Pointer Graph simplified in 0.0 seconds.
[Spark] Propagation in 0.0 seconds.
[Spark] Solution found in 0.0 seconds.
hcai's internal transform
Running static analysis for security-relevant feature characterization
[GatorHierarchy] [32mVERBOSE[0m [HIER] All classes: 811
[GatorHierarchy] [32mVERBOSE[0m [App: 108, Lib : 700, Phantom: 3]
[GatorHierarchy] [32mVERBOSE[0m [HIER] Activities: 3, lib activities: 1
[GatorHierarchy] [32mVERBOSE[0m [HIER] App views: 2, Lib views: 10
[GatorHierarchy] [32mVERBOSE[0m [HIER] App Dialogs: 0, Lib Dialogs: 4
[TIMECOST] [32mVERBOSE[0m buildApplicationCodeMap parsing starting at 1682436782614
array element type: (filled narr)int
array element type: (filled narr)int
array element type: (filled narr)int
array element type: (filled narr)int
array element type: (filled narr)int
array element type: (filled narr)int
array element type: (filled narr)int
array element type: (filled narr)int
array element type: (filled narr)int
array element type: (filled narr)int
array element type: (filled narr)int
array element type: (filled narr)int
array element type: (filled narr)int
array element type: (filled narr)int
array element type: (filled narr)int
array element type: (filled narr)int
array element type: (filled narr)int
second round from stmt: $u5#125 = $u5#123[$u8#124]
array element type: (filled narr)int
array element type: (filled narr)int
array element type: (filled narr)int
second round from stmt: $u0#19 = $u0#17[$u1#18]
array element type: (filled narr)int
array element type: (filled narr)int
array element type: (filled narr)int
array element type: (filled narr)int
array element type: (filled narr)int
array element type: (filled narr)int
array element type: (filled narr)int
[TIMECOST] [32mVERBOSE[0m buildApplicationCodeMap parsing finished at 1682436789981
[Instantiated app classes] [32mVERBOSE[0m total number: 114
[WARNING] [32mVERBOSE[0m Callback method :onTransact in Class net.chobin.android.a.i added
[WARNING] [32mVERBOSE[0m Callback method :surfaceCreated in Class net.chobin.android.psdxybw.app.k added
[WARNING] [32mVERBOSE[0m Callback method :onKeyDown in Class net.chobin.android.psdxybw.app.k added
[WARNING] [32mVERBOSE[0m Callback method :onTouchEvent in Class net.chobin.android.psdxybw.app.k added
[WARNING] [32mVERBOSE[0m Callback method :surfaceDestroyed in Class net.chobin.android.psdxybw.app.k added
[WARNING] [32mVERBOSE[0m Callback method :surfaceChanged in Class net.chobin.android.psdxybw.app.k added
[WARNING] [32mVERBOSE[0m Callback method :onKeyUp in Class net.chobin.android.psdxybw.app.k added
[WARNING] [32mVERBOSE[0m Callback method :onCreate in Class com.mode.sdk.AdActivity added
[WARNING] [32mVERBOSE[0m Callback method :onCreateDialog in Class net.chobin.android.psdxybw.app.a added
[WARNING] [32mVERBOSE[0m Callback method :onRestoreInstanceState in Class net.chobin.android.psdxybw.app.a added
[WARNING] [32mVERBOSE[0m Callback method :onPause in Class net.chobin.android.psdxybw.app.a added
[WARNING] [32mVERBOSE[0m Callback method :onStop in Class net.chobin.android.psdxybw.app.a added
[WARNING] [32mVERBOSE[0m Callback method :onCreate in Class net.chobin.android.psdxybw.app.a added
[WARNING] [32mVERBOSE[0m Callback method :dispatchKeyEvent in Class net.chobin.android.psdxybw.app.a added
[WARNING] [32mVERBOSE[0m Callback method :onDestroy in Class net.chobin.android.psdxybw.app.a added
[WARNING] [32mVERBOSE[0m Callback method :onStart in Class net.chobin.android.psdxybw.app.a added
[WARNING] [32mVERBOSE[0m Callback method :onRestart in Class net.chobin.android.psdxybw.app.a added
[WARNING] [32mVERBOSE[0m Callback method :onResume in Class net.chobin.android.psdxybw.app.a added
[WARNING] [32mVERBOSE[0m Callback method :onReceive in Class com.games.AdReciver added
[WARNING] [32mVERBOSE[0m Callback method :onTransact in Class net.chobin.android.a.f added
[WARNING] [32mVERBOSE[0m Callback method :asBinder in Class net.chobin.android.a.f added
[WARNING] [32mVERBOSE[0m Callback method :onReceive in Class net.chobin.android.psdxybw.app.AppBroadcastReceiver added
[WARNING] [32mVERBOSE[0m Callback method :onCreateDialog in Class net.chobin.android.psdxybw.app.a added
[WARNING] [32mVERBOSE[0m Callback method :onRestoreInstanceState in Class net.chobin.android.psdxybw.app.a added
[WARNING] [32mVERBOSE[0m Callback method :onPause in Class net.chobin.android.psdxybw.app.a added
[WARNING] [32mVERBOSE[0m Callback method :onStop in Class net.chobin.android.psdxybw.app.a added
[WARNING] [32mVERBOSE[0m Callback method :onCreate in Class net.chobin.android.psdxybw.app.a added
[WARNING] [32mVERBOSE[0m Callback method :dispatchKeyEvent in Class net.chobin.android.psdxybw.app.a added
[WARNING] [32mVERBOSE[0m Callback method :onDestroy in Class net.chobin.android.psdxybw.app.a added
[WARNING] [32mVERBOSE[0m Callback method :onStart in Class net.chobin.android.psdxybw.app.a added
[WARNING] [32mVERBOSE[0m Callback method :onRestart in Class net.chobin.android.psdxybw.app.a added
[WARNING] [32mVERBOSE[0m Callback method :onResume in Class net.chobin.android.psdxybw.app.a added
0 ICC links found and 0 cg edges added due to ICC links
dynamic conflated call graph: 641 methods; 641 nodes; 1258 edges.
maxpossibleFlows=1
maxpossibleFlows=1
maxpossibleFlows=1
maxpossibleFlows=1
maxpossibleFlows=707
706 taint flow paths FOUND from <android.graphics.Bitmap: int getHeight()> to <android.graphics.Paint: void setStyle(android.graphics.Paint$Style)>
maxpossibleFlows=1
maxpossibleFlows=1
maxpossibleFlows=1
maxpossibleFlows=1
maxpossibleFlows=1
maxpossibleFlows=1
maxpossibleFlows=1
maxpossibleFlows=1
maxpossibleFlows=1
maxpossibleFlows=1
maxpossibleFlows=14
maxpossibleFlows=1
maxpossibleFlows=1
maxpossibleFlows=1
maxpossibleFlows=1
maxpossibleFlows=1
maxpossibleFlows=2
2 taint flow paths FOUND from <android.net.Uri: android.net.Uri parse(java.lang.String)> to <android.media.MediaPlayer: void setDataSource(android.content.Context,android.net.Uri)>
maxpossibleFlows=1
maxpossibleFlows=1
maxpossibleFlows=1
maxpossibleFlows=1
maxpossibleFlows=1
maxpossibleFlows=1
maxpossibleFlows=2
2 taint flow paths FOUND from <java.lang.StringBuilder: java.lang.String toString()> to <android.media.MediaPlayer: void setDataSource(android.content.Context,android.net.Uri)>
maxpossibleFlows=707
706 taint flow paths FOUND from <android.graphics.Bitmap: int getWidth()> to <android.graphics.Paint: void setStyle(android.graphics.Paint$Style)>
maxpossibleFlows=1
maxpossibleFlows=1
maxpossibleFlows=1
maxpossibleFlows=1
maxpossibleFlows=1
maxpossibleFlows=1
maxpossibleFlows=19
8 taint flow paths FOUND from <android.content.res.Resources: android.content.res.AssetManager getAssets()> to <android.content.res.AssetManager: java.io.InputStream open(java.lang.String)>
maxpossibleFlows=1
1 taint flow paths FOUND from <android.app.Activity: int getRequestedOrientation()> to <android.app.Activity: void setRequestedOrientation(int)>
maxpossibleFlows=1
maxpossibleFlows=1
maxpossibleFlows=2
maxpossibleFlows=1
maxpossibleFlows=1
maxpossibleFlows=1
maxpossibleFlows=1
maxpossibleFlows=2
maxpossibleFlows=1
maxpossibleFlows=2
maxpossibleFlows=1
maxpossibleFlows=1
maxpossibleFlows=1
maxpossibleFlows=1
maxpossibleFlows=1
maxpossibleFlows=1
maxpossibleFlows=1
maxpossibleFlows=19
8 taint flow paths FOUND from <android.content.ContextWrapper: android.content.res.Resources getResources()> to <android.content.res.AssetManager: java.io.InputStream open(java.lang.String)>
maxpossibleFlows=1
maxpossibleFlows=1
maxpossibleFlows=1
maxpossibleFlows=1
maxpossibleFlows=1
maxpossibleFlows=1
maxpossibleFlows=1
maxpossibleFlows=1
maxpossibleFlows=1
maxpossibleFlows=1
maxpossibleFlows=2
2 taint flow paths FOUND from <android.content.ContextWrapper: java.lang.String getPackageName()> to <android.media.MediaPlayer: void setDataSource(android.content.Context,android.net.Uri)>
maxpossibleFlows=1
maxpossibleFlows=707
706 taint flow paths FOUND from <android.graphics.Bitmap: int getHeight()> to <android.graphics.Paint: void setStyle(android.graphics.Paint$Style)>
maxpossibleFlows=1
maxpossibleFlows=1
maxpossibleFlows=1
maxpossibleFlows=1
maxpossibleFlows=2
2 taint flow paths FOUND from <android.net.Uri: android.net.Uri parse(java.lang.String)> to <android.media.MediaPlayer: void setDataSource(android.content.Context,android.net.Uri)>
maxpossibleFlows=1
maxpossibleFlows=1
maxpossibleFlows=1
maxpossibleFlows=1
maxpossibleFlows=1
maxpossibleFlows=1
maxpossibleFlows=1
maxpossibleFlows=1
maxpossibleFlows=1
maxpossibleFlows=1
maxpossibleFlows=1
maxpossibleFlows=1
maxpossibleFlows=1
maxpossibleFlows=2
maxpossibleFlows=1
maxpossibleFlows=1
maxpossibleFlows=2
maxpossibleFlows=2
maxpossibleFlows=1
maxpossibleFlows=1
maxpossibleFlows=2
maxpossibleFlows=1
maxpossibleFlows=1
maxpossibleFlows=1
1 taint flow paths FOUND from <java.lang.StringBuilder: java.lang.String toString()> to <java.io.OutputStream: void write(byte[])>
maxpossibleFlows=1
maxpossibleFlows=1
maxpossibleFlows=1
maxpossibleFlows=1
maxpossibleFlows=2
maxpossibleFlows=1
maxpossibleFlows=1
maxpossibleFlows=1
maxpossibleFlows=1
1 taint flow paths FOUND from <android.app.Activity: int getRequestedOrientation()> to <android.app.Activity: void setRequestedOrientation(int)>
maxpossibleFlows=1
maxpossibleFlows=1
maxpossibleFlows=1
maxpossibleFlows=14
maxpossibleFlows=1
maxpossibleFlows=1
maxpossibleFlows=1
maxpossibleFlows=19
8 taint flow paths FOUND from <java.lang.StringBuilder: java.lang.String toString()> to <android.content.res.AssetManager: java.io.InputStream open(java.lang.String)>
[WARNING] [32mVERBOSE[0m Hierarchy.virtualDispatch called with non-concrete receiver class: net.chobin.android.psdxybw.app.k, subsig: boolean onKeyDown(int,android.view.KeyEvent)
[WARNING] [32mVERBOSE[0m Callback method :onKeyDown in Class net.chobin.android.psdxybw.app.k
[WARNING] [32mVERBOSE[0m Hierarchy.virtualDispatch called with non-concrete receiver class: net.chobin.android.psdxybw.app.k, subsig: boolean onKeyUp(int,android.view.KeyEvent)
[WARNING] [32mVERBOSE[0m Callback method :onKeyUp in Class net.chobin.android.psdxybw.app.k
[WARNING] [32mVERBOSE[0m Hierarchy.virtualDispatch called with non-concrete receiver class: net.chobin.android.psdxybw.app.k, subsig: boolean onTouchEvent(android.view.MotionEvent)
[WARNING] [32mVERBOSE[0m Callback method :onTouchEvent in Class net.chobin.android.psdxybw.app.k
[WARNING] [32mVERBOSE[0m Hierarchy.virtualDispatch called with non-concrete receiver class: net.chobin.android.psdxybw.app.k, subsig: void surfaceChanged(android.view.SurfaceHolder,int,int,int)
[WARNING] [32mVERBOSE[0m Callback method :surfaceChanged in Class net.chobin.android.psdxybw.app.k
[WARNING] [32mVERBOSE[0m Hierarchy.virtualDispatch called with non-concrete receiver class: net.chobin.android.psdxybw.app.k, subsig: void surfaceCreated(android.view.SurfaceHolder)
[WARNING] [32mVERBOSE[0m Callback method :surfaceCreated in Class net.chobin.android.psdxybw.app.k
[WARNING] [32mVERBOSE[0m Hierarchy.virtualDispatch called with non-concrete receiver class: net.chobin.android.psdxybw.app.k, subsig: void surfaceDestroyed(android.view.SurfaceHolder)
[WARNING] [32mVERBOSE[0m Callback method :surfaceDestroyed in Class net.chobin.android.psdxybw.app.k
Result for benign-app-6236-294DCE5968A3D4270EA5B837885C86C7F4974E51823FDD947249035A7EC86B5D.apknet.chobin.android.psdxybw